--------------- Clean Started: 03/26/2019 15:33:43 Project: CE218135_BLE_Proximity01, Configuration: ARM GCC 5.4-2016-q2-update Debug ---------------
Deleting file ".\CortexM0p\ARM_GCC_541\Debug\startup_psoc63_cm0plus.o"
Deleting file ".\CortexM0p\ARM_GCC_541\Debug\main_cm0p.o"
Deleting file ".\CortexM0p\ARM_GCC_541\Debug\system_psoc63_cm0plus.o"
Deleting file ".\CortexM0p\ARM_GCC_541\Debug\cy_ipc_config.o"
Deleting file ".\CortexM0p\ARM_GCC_541\Debug\cyfitter_sysint_cfg.o"
Deleting file ".\CortexM0p\ARM_GCC_541\Debug\cyfitter_cfg.o"
Deleting file ".\CortexM0p\ARM_GCC_541\Debug\cymetadata.o"
Deleting file ".\CortexM0p\ARM_GCC_541\Debug\MCWDT_PDL.o"
Deleting file ".\CortexM0p\ARM_GCC_541\Debug\BLE.o"
Deleting file ".\CortexM0p\ARM_GCC_541\Debug\BLE_config.o"
Deleting file ".\CortexM0p\ARM_GCC_541\Debug\BLE_custom_config.o"
Deleting file ".\CortexM0p\ARM_GCC_541\Debug\CapSense_Control.o"
Deleting file ".\CortexM0p\ARM_GCC_541\Debug\CapSense_Processing.o"
Deleting file ".\CortexM0p\ARM_GCC_541\Debug\CapSense_Structure.o"
Deleting file ".\CortexM0p\ARM_GCC_541\Debug\CapSense_Tuner.o"
Deleting file ".\CortexM0p\ARM_GCC_541\Debug\CapSense_Filter.o"
Deleting file ".\CortexM0p\ARM_GCC_541\Debug\CapSense_Sensing.o"
Deleting file ".\CortexM0p\ARM_GCC_541\Debug\CapSense_INT.o"
Deleting file ".\CortexM0p\ARM_GCC_541\Debug\CapSense_SensingCSD_LL.o"
Deleting file ".\CortexM0p\ARM_GCC_541\Debug\CY_EINK_SPIM.o"
Deleting file ".\CortexM0p\ARM_GCC_541\Debug\CY_EINK_Timer.o"
Deleting file ".\CortexM0p\ARM_GCC_541\Debug\cy_sysint.o"
Deleting file ".\CortexM0p\ARM_GCC_541\Debug\cy_ipc_drv.o"
Deleting file ".\CortexM0p\ARM_GCC_541\Debug\cy_ipc_sema.o"
Deleting file ".\CortexM0p\ARM_GCC_541\Debug\cy_ipc_pipe.o"
Deleting file ".\CortexM0p\ARM_GCC_541\Debug\cy_sysclk.o"
Deleting file ".\CortexM0p\ARM_GCC_541\Debug\cy_wdt.o"
Deleting file ".\CortexM0p\ARM_GCC_541\Debug\cy_mcwdt.o"
Deleting file ".\CortexM0p\ARM_GCC_541\Debug\cy_tcpwm_counter.o"
Deleting file ".\CortexM0p\ARM_GCC_541\Debug\cy_tcpwm_pwm.o"
Deleting file ".\CortexM0p\ARM_GCC_541\Debug\cy_tcpwm_quaddec.o"
Deleting file ".\CortexM0p\ARM_GCC_541\Debug\cy_scb_common.o"
Deleting file ".\CortexM0p\ARM_GCC_541\Debug\cy_scb_i2c.o"
Deleting file ".\CortexM0p\ARM_GCC_541\Debug\cy_scb_ezi2c.o"
Deleting file ".\CortexM0p\ARM_GCC_541\Debug\cy_scb_spi.o"
Deleting file ".\CortexM0p\ARM_GCC_541\Debug\cy_scb_uart.o"
Deleting file ".\CortexM0p\ARM_GCC_541\Debug\cy_efuse.o"
Deleting file ".\CortexM0p\ARM_GCC_541\Debug\cy_flash.o"
Deleting file ".\CortexM0p\ARM_GCC_541\Debug\cy_gpio.o"
Deleting file ".\CortexM0p\ARM_GCC_541\Debug\cy_sysanalog.o"
Deleting file ".\CortexM0p\ARM_GCC_541\Debug\cy_syspm.o"
Deleting file ".\CortexM0p\ARM_GCC_541\Debug\cy_syslib.o"
Deleting file ".\CortexM0p\ARM_GCC_541\Debug\cy_syslib_gcc.o"
Deleting file ".\CortexM0p\ARM_GCC_541\Debug\cy_trigmux.o"
Deleting file ".\CortexM0p\ARM_GCC_541\Debug\cy_systick.o"
Deleting file ".\CortexM0p\ARM_GCC_541\Debug\cy_profile.o"
Deleting file ".\CortexM0p\ARM_GCC_541\Debug\cy_prot.o"
Deleting file ".\CortexM0p\ARM_GCC_541\Debug\cy_lvd.o"
Deleting file ".\CortexM0p\ARM_GCC_541\Debug\cy_ble.o"
Deleting file ".\CortexM0p\ARM_GCC_541\Debug\cy_ble_hal_int.o"
Deleting file ".\CortexM0p\ARM_GCC_541\Debug\cy_ble_hal_pvt.o"
Deleting file ".\CortexM0p\ARM_GCC_541\Debug\cy_ble_gap.o"
Deleting file ".\CortexM0p\ARM_GCC_541\Debug\cy_ble_gatt.o"
Deleting file ".\CortexM0p\ARM_GCC_541\Debug\cy_ble_event_handler.o"
Deleting file ".\CortexM0p\ARM_GCC_541\Debug\cy_ble_ancs.o"
Deleting file ".\CortexM0p\ARM_GCC_541\Debug\cy_ble_ans.o"
Deleting file ".\CortexM0p\ARM_GCC_541\Debug\cy_ble_aios.o"
Deleting file ".\CortexM0p\ARM_GCC_541\Debug\cy_ble_bas.o"
Deleting file ".\CortexM0p\ARM_GCC_541\Debug\cy_ble_bcs.o"
Deleting file ".\CortexM0p\ARM_GCC_541\Debug\cy_ble_bls.o"
Deleting file ".\CortexM0p\ARM_GCC_541\Debug\cy_ble_bms.o"
Deleting file ".\CortexM0p\ARM_GCC_541\Debug\cy_ble_bts.o"
Deleting file ".\CortexM0p\ARM_GCC_541\Debug\cy_ble_cgms.o"
Deleting file ".\CortexM0p\ARM_GCC_541\Debug\cy_ble_cps.o"
Deleting file ".\CortexM0p\ARM_GCC_541\Debug\cy_ble_cscs.o"
Deleting file ".\CortexM0p\ARM_GCC_541\Debug\cy_ble_cts.o"
Deleting file ".\CortexM0p\ARM_GCC_541\Debug\cy_ble_custom.o"
Deleting file ".\CortexM0p\ARM_GCC_541\Debug\cy_ble_dis.o"
Deleting file ".\CortexM0p\ARM_GCC_541\Debug\cy_ble_ess.o"
Deleting file ".\CortexM0p\ARM_GCC_541\Debug\cy_ble_gls.o"
Deleting file ".\CortexM0p\ARM_GCC_541\Debug\cy_ble_hids.o"
Deleting file ".\CortexM0p\ARM_GCC_541\Debug\cy_ble_hps.o"
Deleting file ".\CortexM0p\ARM_GCC_541\Debug\cy_ble_hrs.o"
Deleting file ".\CortexM0p\ARM_GCC_541\Debug\cy_ble_hts.o"
Deleting file ".\CortexM0p\ARM_GCC_541\Debug\cy_ble_ias.o"
Deleting file ".\CortexM0p\ARM_GCC_541\Debug\cy_ble_ips.o"
Deleting file ".\CortexM0p\ARM_GCC_541\Debug\cy_ble_lls.o"
Deleting file ".\CortexM0p\ARM_GCC_541\Debug\cy_ble_lns.o"
Deleting file ".\CortexM0p\ARM_GCC_541\Debug\cy_ble_ndcs.o"
Deleting file ".\CortexM0p\ARM_GCC_541\Debug\cy_ble_plxs.o"
Deleting file ".\CortexM0p\ARM_GCC_541\Debug\cy_ble_pass.o"
Deleting file ".\CortexM0p\ARM_GCC_541\Debug\cy_ble_rscs.o"
Deleting file ".\CortexM0p\ARM_GCC_541\Debug\cy_ble_rtus.o"
Deleting file ".\CortexM0p\ARM_GCC_541\Debug\cy_ble_scps.o"
Deleting file ".\CortexM0p\ARM_GCC_541\Debug\cy_ble_tps.o"
Deleting file ".\CortexM0p\ARM_GCC_541\Debug\cy_ble_uds.o"
Deleting file ".\CortexM0p\ARM_GCC_541\Debug\cy_ble_wpts.o"
Deleting file ".\CortexM0p\ARM_GCC_541\Debug\cy_ble_wss.o"
Deleting file ".\CortexM0p\ARM_GCC_541\Debug\cy_ble_clk.o"
Deleting file ".\CortexM0p\ARM_GCC_541\Debug\EZI2C.o"
Deleting file ".\CortexM0p\ARM_GCC_541\Debug\CE218135_BLE_Proximity01.hex"
Deleting file ".\CortexM0p\ARM_GCC_541\Debug\CE218135_BLE_Proximity01.elf"
Deleting file ".\CortexM0p\ARM_GCC_541\Debug\CE218135_BLE_Proximity01.map"
Deleting file ".\CE218135_BLE_Proximity01.cycdx"
Deleting file ".\CE218135_BLE_Proximity01.svd"
Deleting file ".\CE218135_BLE_Proximity01.rpt"
Deleting file ".\CE218135_BLE_Proximity01_timing.html"
Deleting file ".\CortexM0p\ARM_GCC_541\Debug\.deps\SOURCE_C__ARM_GCC_GENERIC.P"
Deleting file ".\CortexM4\ARM_GCC_541\Debug\startup_psoc63_cm4.o"
Deleting file ".\CortexM4\ARM_GCC_541\Debug\main_cm4.o"
Deleting file ".\CortexM4\ARM_GCC_541\Debug\ble_application.o"
Deleting file ".\CortexM4\ARM_GCC_541\Debug\display.o"
Deleting file ".\CortexM4\ARM_GCC_541\Debug\led.o"
Deleting file ".\CortexM4\ARM_GCC_541\Debug\low_power.o"
Deleting file ".\CortexM4\ARM_GCC_541\Debug\screen_contents.o"
Deleting file ".\CortexM4\ARM_GCC_541\Debug\proximity.o"
Deleting file ".\CortexM4\ARM_GCC_541\Debug\system_psoc63_cm4.o"
Deleting file ".\CortexM4\ARM_GCC_541\Debug\cy_eink_library.o"
Deleting file ".\CortexM4\ARM_GCC_541\Debug\cy_eink_fonts.o"
Deleting file ".\CortexM4\ARM_GCC_541\Debug\pervasive_eink_hardware_driver.o"
Deleting file ".\CortexM4\ARM_GCC_541\Debug\cy_eink_psoc_interface.o"
Deleting file ".\CortexM4\ARM_GCC_541\Debug\cy_ipc_config.o"
Deleting file ".\CortexM4\ARM_GCC_541\Debug\cyfitter_sysint_cfg.o"
Deleting file ".\CortexM4\ARM_GCC_541\Debug\cymetadata.o"
Deleting file ".\CortexM4\ARM_GCC_541\Debug\MCWDT_PDL.o"
Deleting file ".\CortexM4\ARM_GCC_541\Debug\BLE.o"
Deleting file ".\CortexM4\ARM_GCC_541\Debug\BLE_config.o"
Deleting file ".\CortexM4\ARM_GCC_541\Debug\BLE_custom_config.o"
Deleting file ".\CortexM4\ARM_GCC_541\Debug\CapSense_Control.o"
Deleting file ".\CortexM4\ARM_GCC_541\Debug\CapSense_Processing.o"
Deleting file ".\CortexM4\ARM_GCC_541\Debug\CapSense_Structure.o"
Deleting file ".\CortexM4\ARM_GCC_541\Debug\CapSense_Tuner.o"
Deleting file ".\CortexM4\ARM_GCC_541\Debug\CapSense_Filter.o"
Deleting file ".\CortexM4\ARM_GCC_541\Debug\CapSense_Sensing.o"
Deleting file ".\CortexM4\ARM_GCC_541\Debug\CapSense_INT.o"
Deleting file ".\CortexM4\ARM_GCC_541\Debug\CapSense_SensingCSD_LL.o"
Deleting file ".\CortexM4\ARM_GCC_541\Debug\CY_EINK_SPIM.o"
Deleting file ".\CortexM4\ARM_GCC_541\Debug\CY_EINK_Timer.o"
Deleting file ".\CortexM4\ARM_GCC_541\Debug\cy_sysint.o"
Deleting file ".\CortexM4\ARM_GCC_541\Debug\cy_ipc_drv.o"
Deleting file ".\CortexM4\ARM_GCC_541\Debug\cy_ipc_sema.o"
Deleting file ".\CortexM4\ARM_GCC_541\Debug\cy_ipc_pipe.o"
Deleting file ".\CortexM4\ARM_GCC_541\Debug\cy_sysclk.o"
Deleting file ".\CortexM4\ARM_GCC_541\Debug\cy_wdt.o"
Deleting file ".\CortexM4\ARM_GCC_541\Debug\cy_mcwdt.o"
Deleting file ".\CortexM4\ARM_GCC_541\Debug\cy_tcpwm_counter.o"
Deleting file ".\CortexM4\ARM_GCC_541\Debug\cy_tcpwm_pwm.o"
Deleting file ".\CortexM4\ARM_GCC_541\Debug\cy_tcpwm_quaddec.o"
Deleting file ".\CortexM4\ARM_GCC_541\Debug\cy_scb_common.o"
Deleting file ".\CortexM4\ARM_GCC_541\Debug\cy_scb_i2c.o"
Deleting file ".\CortexM4\ARM_GCC_541\Debug\cy_scb_ezi2c.o"
Deleting file ".\CortexM4\ARM_GCC_541\Debug\cy_scb_spi.o"
Deleting file ".\CortexM4\ARM_GCC_541\Debug\cy_scb_uart.o"
Deleting file ".\CortexM4\ARM_GCC_541\Debug\cy_efuse.o"
Deleting file ".\CortexM4\ARM_GCC_541\Debug\cy_flash.o"
Deleting file ".\CortexM4\ARM_GCC_541\Debug\cy_gpio.o"
Deleting file ".\CortexM4\ARM_GCC_541\Debug\cy_sysanalog.o"
Deleting file ".\CortexM4\ARM_GCC_541\Debug\cy_syspm.o"
Deleting file ".\CortexM4\ARM_GCC_541\Debug\cy_syslib.o"
Deleting file ".\CortexM4\ARM_GCC_541\Debug\cy_syslib_gcc.o"
Deleting file ".\CortexM4\ARM_GCC_541\Debug\cy_trigmux.o"
Deleting file ".\CortexM4\ARM_GCC_541\Debug\cy_systick.o"
Deleting file ".\CortexM4\ARM_GCC_541\Debug\cy_profile.o"
Deleting file ".\CortexM4\ARM_GCC_541\Debug\cy_prot.o"
Deleting file ".\CortexM4\ARM_GCC_541\Debug\cy_lvd.o"
Deleting file ".\CortexM4\ARM_GCC_541\Debug\cy_ble.o"
Deleting file ".\CortexM4\ARM_GCC_541\Debug\cy_ble_hal_int.o"
Deleting file ".\CortexM4\ARM_GCC_541\Debug\cy_ble_hal_pvt.o"
Deleting file ".\CortexM4\ARM_GCC_541\Debug\cy_ble_gap.o"
Deleting file ".\CortexM4\ARM_GCC_541\Debug\cy_ble_gatt.o"
Deleting file ".\CortexM4\ARM_GCC_541\Debug\cy_ble_event_handler.o"
Deleting file ".\CortexM4\ARM_GCC_541\Debug\cy_ble_ancs.o"
Deleting file ".\CortexM4\ARM_GCC_541\Debug\cy_ble_ans.o"
Deleting file ".\CortexM4\ARM_GCC_541\Debug\cy_ble_aios.o"
Deleting file ".\CortexM4\ARM_GCC_541\Debug\cy_ble_bas.o"
Deleting file ".\CortexM4\ARM_GCC_541\Debug\cy_ble_bcs.o"
Deleting file ".\CortexM4\ARM_GCC_541\Debug\cy_ble_bls.o"
Deleting file ".\CortexM4\ARM_GCC_541\Debug\cy_ble_bms.o"
Deleting file ".\CortexM4\ARM_GCC_541\Debug\cy_ble_bts.o"
Deleting file ".\CortexM4\ARM_GCC_541\Debug\cy_ble_cgms.o"
Deleting file ".\CortexM4\ARM_GCC_541\Debug\cy_ble_cps.o"
Deleting file ".\CortexM4\ARM_GCC_541\Debug\cy_ble_cscs.o"
Deleting file ".\CortexM4\ARM_GCC_541\Debug\cy_ble_cts.o"
Deleting file ".\CortexM4\ARM_GCC_541\Debug\cy_ble_custom.o"
Deleting file ".\CortexM4\ARM_GCC_541\Debug\cy_ble_dis.o"
Deleting file ".\CortexM4\ARM_GCC_541\Debug\cy_ble_ess.o"
Deleting file ".\CortexM4\ARM_GCC_541\Debug\cy_ble_gls.o"
Deleting file ".\CortexM4\ARM_GCC_541\Debug\cy_ble_hids.o"
Deleting file ".\CortexM4\ARM_GCC_541\Debug\cy_ble_hps.o"
Deleting file ".\CortexM4\ARM_GCC_541\Debug\cy_ble_hrs.o"
Deleting file ".\CortexM4\ARM_GCC_541\Debug\cy_ble_hts.o"
Deleting file ".\CortexM4\ARM_GCC_541\Debug\cy_ble_ias.o"
Deleting file ".\CortexM4\ARM_GCC_541\Debug\cy_ble_ips.o"
Deleting file ".\CortexM4\ARM_GCC_541\Debug\cy_ble_lls.o"
Deleting file ".\CortexM4\ARM_GCC_541\Debug\cy_ble_lns.o"
Deleting file ".\CortexM4\ARM_GCC_541\Debug\cy_ble_ndcs.o"
Deleting file ".\CortexM4\ARM_GCC_541\Debug\cy_ble_plxs.o"
Deleting file ".\CortexM4\ARM_GCC_541\Debug\cy_ble_pass.o"
Deleting file ".\CortexM4\ARM_GCC_541\Debug\cy_ble_rscs.o"
Deleting file ".\CortexM4\ARM_GCC_541\Debug\cy_ble_rtus.o"
Deleting file ".\CortexM4\ARM_GCC_541\Debug\cy_ble_scps.o"
Deleting file ".\CortexM4\ARM_GCC_541\Debug\cy_ble_tps.o"
Deleting file ".\CortexM4\ARM_GCC_541\Debug\cy_ble_uds.o"
Deleting file ".\CortexM4\ARM_GCC_541\Debug\cy_ble_wpts.o"
Deleting file ".\CortexM4\ARM_GCC_541\Debug\cy_ble_wss.o"
Deleting file ".\CortexM4\ARM_GCC_541\Debug\cy_ble_clk.o"
Deleting file ".\CortexM4\ARM_GCC_541\Debug\EZI2C.o"
Deleting file ".\CortexM4\ARM_GCC_541\Debug\CE218135_BLE_Proximity01.hex"
Deleting file ".\CortexM4\ARM_GCC_541\Debug\CE218135_BLE_Proximity01.elf"
Deleting file ".\CortexM4\ARM_GCC_541\Debug\CE218135_BLE_Proximity01.map"
Deleting file ".\CortexM4\ARM_GCC_541\Debug\.deps\SOURCE_C__ARM_GCC_GENERIC.P"
--------------- Clean Succeeded: 03/26/2019 15:33:44 ---------------
