ARM GAS  C:\Users\User\AppData\Local\Temp\cc06JdLO.s 			page 1


   1              		.syntax unified
   2              		.cpu cortex-m4
   3              		.eabi_attribute 27, 1
   4              		.fpu fpv4-sp-d16
   5              		.eabi_attribute 20, 1
   6              		.eabi_attribute 21, 1
   7              		.eabi_attribute 23, 3
   8              		.eabi_attribute 24, 1
   9              		.eabi_attribute 25, 1
  10              		.eabi_attribute 26, 1
  11              		.eabi_attribute 30, 1
  12              		.eabi_attribute 34, 1
  13              		.eabi_attribute 18, 4
  14              		.thumb
  15              		.syntax unified
  16              		.file	"cyfitter_sysint_cfg.c"
  17              		.text
  18              	.Ltext0:
  19              		.cfi_sections	.debug_frame
  20              		.global	CapSense_ISR_cfg
  21              		.global	CY_EINK_SPIM_SCB_IRQ_cfg
  22              		.global	Uart_Printf_SCB_IRQ_cfg
  23              		.global	isr_MCWDT_cfg
  24              		.global	isr_gpio_cfg
  25              		.section	.rodata
  26              		.align	2
  27              		.type	CapSense_ISR_cfg, %object
  28              		.size	CapSense_ISR_cfg, 8
  29              	CapSense_ISR_cfg:
  30 0000 3100     		.short	49
  31 0002 0000     		.space	2
  32 0004 07000000 		.word	7
  33              		.type	CY_EINK_SPIM_SCB_IRQ_cfg, %object
  34              		.size	CY_EINK_SPIM_SCB_IRQ_cfg, 8
  35              	CY_EINK_SPIM_SCB_IRQ_cfg:
  36 0008 2F00     		.short	47
  37 000a 0000     		.space	2
  38 000c 07000000 		.word	7
  39              		.type	Uart_Printf_SCB_IRQ_cfg, %object
  40              		.size	Uart_Printf_SCB_IRQ_cfg, 8
  41              	Uart_Printf_SCB_IRQ_cfg:
  42 0010 2E00     		.short	46
  43 0012 0000     		.space	2
  44 0014 07000000 		.word	7
  45              		.type	isr_MCWDT_cfg, %object
  46              		.size	isr_MCWDT_cfg, 8
  47              	isr_MCWDT_cfg:
  48 0018 1300     		.short	19
  49 001a 0000     		.space	2
  50 001c 05000000 		.word	5
  51              		.type	isr_gpio_cfg, %object
  52              		.size	isr_gpio_cfg, 8
  53              	isr_gpio_cfg:
  54 0020 0000     		.short	0
  55 0022 0000     		.space	2
  56 0024 04000000 		.word	4
  57              		.text
ARM GAS  C:\Users\User\AppData\Local\Temp\cc06JdLO.s 			page 2


  58              	.Letext0:
  59              		.file 1 "Generated_Source\\PSoC6\\pdl\\devices/psoc6/psoc63/include/cy8c6347bzi_bld53.h"
  60              		.file 2 "d:\\cypress creator\\psoc creator\\4.2\\psoc creator\\import\\gnu\\arm\\5.4.1\\arm-none-e
  61              		.file 3 "d:\\cypress creator\\psoc creator\\4.2\\psoc creator\\import\\gnu\\arm\\5.4.1\\arm-none-e
  62              		.file 4 "Generated_Source\\PSoC6\\pdl\\drivers/peripheral/sysint/cy_sysint.h"
  63              		.file 5 "Generated_Source\\PSoC6\\pdl\\cmsis/include/core_cm4.h"
  64              		.file 6 "Generated_Source\\PSoC6\\cyfitter_sysint_cfg.c"
  65              		.section	.debug_info,"",%progbits
  66              	.Ldebug_info0:
  67 0000 12050000 		.4byte	0x512
  68 0004 0400     		.2byte	0x4
  69 0006 00000000 		.4byte	.Ldebug_abbrev0
  70 000a 04       		.byte	0x4
  71 000b 01       		.uleb128 0x1
  72 000c 9A090000 		.4byte	.LASF186
  73 0010 0C       		.byte	0xc
  74 0011 D70D0000 		.4byte	.LASF187
  75 0015 8C0E0000 		.4byte	.LASF188
  76 0019 00000000 		.4byte	.Ldebug_line0
  77 001d 02       		.uleb128 0x2
  78 001e 02       		.byte	0x2
  79 001f DE030000 		.4byte	0x3de
  80 0023 01       		.byte	0x1
  81 0024 24       		.byte	0x24
  82 0025 DE030000 		.4byte	0x3de
  83 0029 03       		.uleb128 0x3
  84 002a 54020000 		.4byte	.LASF0
  85 002e 71       		.sleb128 -15
  86 002f 03       		.uleb128 0x3
  87 0030 B60C0000 		.4byte	.LASF1
  88 0034 72       		.sleb128 -14
  89 0035 03       		.uleb128 0x3
  90 0036 200F0000 		.4byte	.LASF2
  91 003a 73       		.sleb128 -13
  92 003b 03       		.uleb128 0x3
  93 003c BF0A0000 		.4byte	.LASF3
  94 0040 74       		.sleb128 -12
  95 0041 03       		.uleb128 0x3
  96 0042 1A050000 		.4byte	.LASF4
  97 0046 75       		.sleb128 -11
  98 0047 03       		.uleb128 0x3
  99 0048 460D0000 		.4byte	.LASF5
 100 004c 76       		.sleb128 -10
 101 004d 03       		.uleb128 0x3
 102 004e BF060000 		.4byte	.LASF6
 103 0052 7B       		.sleb128 -5
 104 0053 03       		.uleb128 0x3
 105 0054 4B0F0000 		.4byte	.LASF7
 106 0058 7C       		.sleb128 -4
 107 0059 03       		.uleb128 0x3
 108 005a 550E0000 		.4byte	.LASF8
 109 005e 7E       		.sleb128 -2
 110 005f 03       		.uleb128 0x3
 111 0060 C8070000 		.4byte	.LASF9
 112 0064 7F       		.sleb128 -1
 113 0065 04       		.uleb128 0x4
 114 0066 CD010000 		.4byte	.LASF10
ARM GAS  C:\Users\User\AppData\Local\Temp\cc06JdLO.s 			page 3


 115 006a 00       		.byte	0
 116 006b 04       		.uleb128 0x4
 117 006c 040F0000 		.4byte	.LASF11
 118 0070 01       		.byte	0x1
 119 0071 04       		.uleb128 0x4
 120 0072 28000000 		.4byte	.LASF12
 121 0076 02       		.byte	0x2
 122 0077 04       		.uleb128 0x4
 123 0078 210E0000 		.4byte	.LASF13
 124 007c 03       		.byte	0x3
 125 007d 04       		.uleb128 0x4
 126 007e 47100000 		.4byte	.LASF14
 127 0082 04       		.byte	0x4
 128 0083 04       		.uleb128 0x4
 129 0084 9F050000 		.4byte	.LASF15
 130 0088 05       		.byte	0x5
 131 0089 04       		.uleb128 0x4
 132 008a 65070000 		.4byte	.LASF16
 133 008e 06       		.byte	0x6
 134 008f 04       		.uleb128 0x4
 135 0090 61090000 		.4byte	.LASF17
 136 0094 07       		.byte	0x7
 137 0095 04       		.uleb128 0x4
 138 0096 E7110000 		.4byte	.LASF18
 139 009a 08       		.byte	0x8
 140 009b 04       		.uleb128 0x4
 141 009c 09020000 		.4byte	.LASF19
 142 00a0 09       		.byte	0x9
 143 00a1 04       		.uleb128 0x4
 144 00a2 F70B0000 		.4byte	.LASF20
 145 00a6 0A       		.byte	0xa
 146 00a7 04       		.uleb128 0x4
 147 00a8 A20A0000 		.4byte	.LASF21
 148 00ac 0B       		.byte	0xb
 149 00ad 04       		.uleb128 0x4
 150 00ae 74100000 		.4byte	.LASF22
 151 00b2 0C       		.byte	0xc
 152 00b3 04       		.uleb128 0x4
 153 00b4 ED050000 		.4byte	.LASF23
 154 00b8 0D       		.byte	0xd
 155 00b9 04       		.uleb128 0x4
 156 00ba AB070000 		.4byte	.LASF24
 157 00be 0E       		.byte	0xe
 158 00bf 04       		.uleb128 0x4
 159 00c0 4D040000 		.4byte	.LASF25
 160 00c4 0F       		.byte	0xf
 161 00c5 04       		.uleb128 0x4
 162 00c6 E1100000 		.4byte	.LASF26
 163 00ca 10       		.byte	0x10
 164 00cb 04       		.uleb128 0x4
 165 00cc 32030000 		.4byte	.LASF27
 166 00d0 11       		.byte	0x11
 167 00d1 04       		.uleb128 0x4
 168 00d2 87000000 		.4byte	.LASF28
 169 00d6 12       		.byte	0x12
 170 00d7 04       		.uleb128 0x4
 171 00d8 66040000 		.4byte	.LASF29
ARM GAS  C:\Users\User\AppData\Local\Temp\cc06JdLO.s 			page 4


 172 00dc 13       		.byte	0x13
 173 00dd 04       		.uleb128 0x4
 174 00de 54060000 		.4byte	.LASF30
 175 00e2 14       		.byte	0x14
 176 00e3 04       		.uleb128 0x4
 177 00e4 30110000 		.4byte	.LASF31
 178 00e8 15       		.byte	0x15
 179 00e9 04       		.uleb128 0x4
 180 00ea 73000000 		.4byte	.LASF32
 181 00ee 16       		.byte	0x16
 182 00ef 04       		.uleb128 0x4
 183 00f0 54050000 		.4byte	.LASF33
 184 00f4 17       		.byte	0x17
 185 00f5 04       		.uleb128 0x4
 186 00f6 CF000000 		.4byte	.LASF34
 187 00fa 18       		.byte	0x18
 188 00fb 04       		.uleb128 0x4
 189 00fc 700F0000 		.4byte	.LASF35
 190 0100 19       		.byte	0x19
 191 0101 04       		.uleb128 0x4
 192 0102 F8060000 		.4byte	.LASF36
 193 0106 1A       		.byte	0x1a
 194 0107 04       		.uleb128 0x4
 195 0108 E3080000 		.4byte	.LASF37
 196 010c 1B       		.byte	0x1b
 197 010d 04       		.uleb128 0x4
 198 010e C00B0000 		.4byte	.LASF38
 199 0112 1C       		.byte	0x1c
 200 0113 04       		.uleb128 0x4
 201 0114 29010000 		.4byte	.LASF39
 202 0118 1D       		.byte	0x1d
 203 0119 04       		.uleb128 0x4
 204 011a 9D030000 		.4byte	.LASF40
 205 011e 1E       		.byte	0x1e
 206 011f 04       		.uleb128 0x4
 207 0120 BB050000 		.4byte	.LASF41
 208 0124 1F       		.byte	0x1f
 209 0125 04       		.uleb128 0x4
 210 0126 560D0000 		.4byte	.LASF42
 211 012a 20       		.byte	0x20
 212 012b 04       		.uleb128 0x4
 213 012c C10F0000 		.4byte	.LASF43
 214 0130 21       		.byte	0x21
 215 0131 04       		.uleb128 0x4
 216 0132 03120000 		.4byte	.LASF44
 217 0136 22       		.byte	0x22
 218 0137 04       		.uleb128 0x4
 219 0138 4B110000 		.4byte	.LASF45
 220 013c 23       		.byte	0x23
 221 013d 04       		.uleb128 0x4
 222 013e 45010000 		.4byte	.LASF46
 223 0142 24       		.byte	0x24
 224 0143 04       		.uleb128 0x4
 225 0144 D5030000 		.4byte	.LASF47
 226 0148 25       		.byte	0x25
 227 0149 04       		.uleb128 0x4
 228 014a 35120000 		.4byte	.LASF48
ARM GAS  C:\Users\User\AppData\Local\Temp\cc06JdLO.s 			page 5


 229 014e 26       		.byte	0x26
 230 014f 04       		.uleb128 0x4
 231 0150 8E0D0000 		.4byte	.LASF49
 232 0154 27       		.byte	0x27
 233 0155 04       		.uleb128 0x4
 234 0156 F90F0000 		.4byte	.LASF50
 235 015a 28       		.byte	0x28
 236 015b 04       		.uleb128 0x4
 237 015c FA000000 		.4byte	.LASF51
 238 0160 29       		.byte	0x29
 239 0161 04       		.uleb128 0x4
 240 0162 28050000 		.4byte	.LASF52
 241 0166 2A       		.byte	0x2a
 242 0167 04       		.uleb128 0x4
 243 0168 6D050000 		.4byte	.LASF53
 244 016c 2B       		.byte	0x2b
 245 016d 04       		.uleb128 0x4
 246 016e 610E0000 		.4byte	.LASF54
 247 0172 2C       		.byte	0x2c
 248 0173 04       		.uleb128 0x4
 249 0174 4C090000 		.4byte	.LASF55
 250 0178 2D       		.byte	0x2d
 251 0179 04       		.uleb128 0x4
 252 017a 44000000 		.4byte	.LASF56
 253 017e 2E       		.byte	0x2e
 254 017f 04       		.uleb128 0x4
 255 0180 EF0E0000 		.4byte	.LASF57
 256 0184 2F       		.byte	0x2f
 257 0185 04       		.uleb128 0x4
 258 0186 E0040000 		.4byte	.LASF58
 259 018a 30       		.byte	0x30
 260 018b 04       		.uleb128 0x4
 261 018c 5D0F0000 		.4byte	.LASF59
 262 0190 31       		.byte	0x31
 263 0191 04       		.uleb128 0x4
 264 0192 C5100000 		.4byte	.LASF60
 265 0196 32       		.byte	0x32
 266 0197 04       		.uleb128 0x4
 267 0198 9C000000 		.4byte	.LASF61
 268 019c 33       		.byte	0x33
 269 019d 04       		.uleb128 0x4
 270 019e FF020000 		.4byte	.LASF62
 271 01a2 34       		.byte	0x34
 272 01a3 04       		.uleb128 0x4
 273 01a4 860A0000 		.4byte	.LASF63
 274 01a8 35       		.byte	0x35
 275 01a9 04       		.uleb128 0x4
 276 01aa 31040000 		.4byte	.LASF64
 277 01ae 36       		.byte	0x36
 278 01af 04       		.uleb128 0x4
 279 01b0 2F0F0000 		.4byte	.LASF65
 280 01b4 37       		.byte	0x37
 281 01b5 04       		.uleb128 0x4
 282 01b6 A4040000 		.4byte	.LASF66
 283 01ba 38       		.byte	0x38
 284 01bb 04       		.uleb128 0x4
 285 01bc 84110000 		.4byte	.LASF67
ARM GAS  C:\Users\User\AppData\Local\Temp\cc06JdLO.s 			page 6


 286 01c0 39       		.byte	0x39
 287 01c1 04       		.uleb128 0x4
 288 01c2 80080000 		.4byte	.LASF68
 289 01c6 3A       		.byte	0x3a
 290 01c7 04       		.uleb128 0x4
 291 01c8 570B0000 		.4byte	.LASF69
 292 01cc 3B       		.byte	0x3b
 293 01cd 04       		.uleb128 0x4
 294 01ce AC080000 		.4byte	.LASF70
 295 01d2 3C       		.byte	0x3c
 296 01d3 04       		.uleb128 0x4
 297 01d4 890B0000 		.4byte	.LASF71
 298 01d8 3D       		.byte	0x3d
 299 01d9 04       		.uleb128 0x4
 300 01da 040E0000 		.4byte	.LASF72
 301 01de 3E       		.byte	0x3e
 302 01df 04       		.uleb128 0x4
 303 01e0 7D090000 		.4byte	.LASF73
 304 01e4 3F       		.byte	0x3f
 305 01e5 04       		.uleb128 0x4
 306 01e6 82050000 		.4byte	.LASF74
 307 01ea 40       		.byte	0x40
 308 01eb 04       		.uleb128 0x4
 309 01ec 48070000 		.4byte	.LASF75
 310 01f0 41       		.byte	0x41
 311 01f1 04       		.uleb128 0x4
 312 01f2 240B0000 		.4byte	.LASF76
 313 01f6 42       		.byte	0x42
 314 01f7 04       		.uleb128 0x4
 315 01f8 720D0000 		.4byte	.LASF77
 316 01fc 43       		.byte	0x43
 317 01fd 04       		.uleb128 0x4
 318 01fe DD0F0000 		.4byte	.LASF78
 319 0202 44       		.byte	0x44
 320 0203 04       		.uleb128 0x4
 321 0204 800C0000 		.4byte	.LASF79
 322 0208 45       		.byte	0x45
 323 0209 04       		.uleb128 0x4
 324 020a 14070000 		.4byte	.LASF80
 325 020e 46       		.byte	0x46
 326 020f 04       		.uleb128 0x4
 327 0210 FF080000 		.4byte	.LASF81
 328 0214 47       		.byte	0x47
 329 0215 04       		.uleb128 0x4
 330 0216 68110000 		.4byte	.LASF82
 331 021a 48       		.byte	0x48
 332 021b 04       		.uleb128 0x4
 333 021c B9030000 		.4byte	.LASF83
 334 0220 49       		.byte	0x49
 335 0221 04       		.uleb128 0x4
 336 0222 F2030000 		.4byte	.LASF84
 337 0226 4A       		.byte	0x4a
 338 0227 04       		.uleb128 0x4
 339 0228 E3020000 		.4byte	.LASF85
 340 022c 4B       		.byte	0x4b
 341 022d 04       		.uleb128 0x4
 342 022e 13110000 		.4byte	.LASF86
ARM GAS  C:\Users\User\AppData\Local\Temp\cc06JdLO.s 			page 7


 343 0232 4C       		.byte	0x4c
 344 0233 04       		.uleb128 0x4
 345 0234 CA0C0000 		.4byte	.LASF87
 346 0238 4D       		.byte	0x4d
 347 0239 04       		.uleb128 0x4
 348 023a A8100000 		.4byte	.LASF88
 349 023e 4E       		.byte	0x4e
 350 023f 04       		.uleb128 0x4
 351 0240 25060000 		.4byte	.LASF89
 352 0244 4F       		.byte	0x4f
 353 0245 04       		.uleb128 0x4
 354 0246 D5070000 		.4byte	.LASF90
 355 024a 50       		.byte	0x50
 356 024b 04       		.uleb128 0x4
 357 024c 4D0A0000 		.4byte	.LASF91
 358 0250 51       		.byte	0x51
 359 0251 04       		.uleb128 0x4
 360 0252 A1060000 		.4byte	.LASF92
 361 0256 52       		.byte	0x52
 362 0257 04       		.uleb128 0x4
 363 0258 42080000 		.4byte	.LASF93
 364 025c 53       		.byte	0x53
 365 025d 04       		.uleb128 0x4
 366 025e 93020000 		.4byte	.LASF94
 367 0262 54       		.byte	0x54
 368 0263 04       		.uleb128 0x4
 369 0264 30070000 		.4byte	.LASF95
 370 0268 55       		.byte	0x55
 371 0269 04       		.uleb128 0x4
 372 026a C7110000 		.4byte	.LASF96
 373 026e 56       		.byte	0x56
 374 026f 04       		.uleb128 0x4
 375 0270 E9010000 		.4byte	.LASF97
 376 0274 57       		.byte	0x57
 377 0275 04       		.uleb128 0x4
 378 0276 450C0000 		.4byte	.LASF98
 379 027a 58       		.byte	0x58
 380 027b 04       		.uleb128 0x4
 381 027c C0040000 		.4byte	.LASF99
 382 0280 59       		.byte	0x59
 383 0281 04       		.uleb128 0x4
 384 0282 F9100000 		.4byte	.LASF100
 385 0286 5A       		.byte	0x5a
 386 0287 04       		.uleb128 0x4
 387 0288 70060000 		.4byte	.LASF101
 388 028c 5B       		.byte	0x5b
 389 028d 04       		.uleb128 0x4
 390 028e 0D080000 		.4byte	.LASF102
 391 0292 5C       		.byte	0x5c
 392 0293 04       		.uleb128 0x4
 393 0294 D50A0000 		.4byte	.LASF103
 394 0298 5D       		.byte	0x5d
 395 0299 04       		.uleb128 0x4
 396 029a 59000000 		.4byte	.LASF104
 397 029e 5E       		.byte	0x5e
 398 029f 04       		.uleb128 0x4
 399 02a0 C9020000 		.4byte	.LASF105
ARM GAS  C:\Users\User\AppData\Local\Temp\cc06JdLO.s 			page 8


 400 02a4 5F       		.byte	0x5f
 401 02a5 04       		.uleb128 0x4
 402 02a6 F5040000 		.4byte	.LASF106
 403 02aa 60       		.byte	0x60
 404 02ab 04       		.uleb128 0x4
 405 02ac 9C0C0000 		.4byte	.LASF107
 406 02b0 61       		.byte	0x61
 407 02b1 04       		.uleb128 0x4
 408 02b2 60030000 		.4byte	.LASF108
 409 02b6 62       		.byte	0x62
 410 02b7 04       		.uleb128 0x4
 411 02b8 0A0B0000 		.4byte	.LASF109
 412 02bc 63       		.byte	0x63
 413 02bd 04       		.uleb128 0x4
 414 02be 2C0D0000 		.4byte	.LASF110
 415 02c2 64       		.byte	0x64
 416 02c3 04       		.uleb128 0x4
 417 02c4 A70F0000 		.4byte	.LASF111
 418 02c8 65       		.byte	0x65
 419 02c9 04       		.uleb128 0x4
 420 02ca AD110000 		.4byte	.LASF112
 421 02ce 66       		.byte	0x66
 422 02cf 04       		.uleb128 0x4
 423 02d0 DE060000 		.4byte	.LASF113
 424 02d4 67       		.byte	0x67
 425 02d5 04       		.uleb128 0x4
 426 02d6 C9080000 		.4byte	.LASF114
 427 02da 68       		.byte	0x68
 428 02db 04       		.uleb128 0x4
 429 02dc A60B0000 		.4byte	.LASF115
 430 02e0 69       		.byte	0x69
 431 02e1 04       		.uleb128 0x4
 432 02e2 0F010000 		.4byte	.LASF116
 433 02e6 6A       		.byte	0x6a
 434 02e7 04       		.uleb128 0x4
 435 02e8 83030000 		.4byte	.LASF117
 436 02ec 6B       		.byte	0x6b
 437 02ed 04       		.uleb128 0x4
 438 02ee A5010000 		.4byte	.LASF118
 439 02f2 6C       		.byte	0x6c
 440 02f3 04       		.uleb128 0x4
 441 02f4 16040000 		.4byte	.LASF119
 442 02f8 6D       		.byte	0x6d
 443 02f9 04       		.uleb128 0x4
 444 02fa 0A060000 		.4byte	.LASF120
 445 02fe 6E       		.byte	0x6e
 446 02ff 04       		.uleb128 0x4
 447 0300 27080000 		.4byte	.LASF121
 448 0304 6F       		.byte	0x6f
 449 0305 04       		.uleb128 0x4
 450 0306 2C100000 		.4byte	.LASF122
 451 030a 70       		.byte	0x70
 452 030b 04       		.uleb128 0x4
 453 030c 0D000000 		.4byte	.LASF123
 454 0310 71       		.byte	0x71
 455 0311 04       		.uleb128 0x4
 456 0312 5F020000 		.4byte	.LASF124
ARM GAS  C:\Users\User\AppData\Local\Temp\cc06JdLO.s 			page 9


 457 0316 72       		.byte	0x72
 458 0317 04       		.uleb128 0x4
 459 0318 31090000 		.4byte	.LASF125
 460 031c 73       		.byte	0x73
 461 031d 04       		.uleb128 0x4
 462 031e 650C0000 		.4byte	.LASF126
 463 0322 74       		.byte	0x74
 464 0323 04       		.uleb128 0x4
 465 0324 D40E0000 		.4byte	.LASF127
 466 0328 75       		.byte	0x75
 467 0329 04       		.uleb128 0x4
 468 032a EF0A0000 		.4byte	.LASF128
 469 032e 76       		.byte	0x76
 470 032f 04       		.uleb128 0x4
 471 0330 080D0000 		.4byte	.LASF129
 472 0334 77       		.byte	0x77
 473 0335 04       		.uleb128 0x4
 474 0336 8C0F0000 		.4byte	.LASF130
 475 033a 78       		.byte	0x78
 476 033b 04       		.uleb128 0x4
 477 033c F2070000 		.4byte	.LASF131
 478 0340 79       		.byte	0x79
 479 0341 04       		.uleb128 0x4
 480 0342 62010000 		.4byte	.LASF132
 481 0346 7A       		.byte	0x7a
 482 0347 04       		.uleb128 0x4
 483 0348 E4000000 		.4byte	.LASF133
 484 034c 7B       		.byte	0x7b
 485 034d 04       		.uleb128 0x4
 486 034e D7050000 		.4byte	.LASF134
 487 0352 7C       		.byte	0x7c
 488 0353 04       		.uleb128 0x4
 489 0354 95070000 		.4byte	.LASF135
 490 0358 7D       		.byte	0x7d
 491 0359 04       		.uleb128 0x4
 492 035a 16100000 		.4byte	.LASF136
 493 035e 7E       		.byte	0x7e
 494 035f 04       		.uleb128 0x4
 495 0360 1F120000 		.4byte	.LASF137
 496 0364 7F       		.byte	0x7f
 497 0365 04       		.uleb128 0x4
 498 0366 3E020000 		.4byte	.LASF138
 499 036a 80       		.byte	0x80
 500 036b 04       		.uleb128 0x4
 501 036c 1B090000 		.4byte	.LASF139
 502 0370 81       		.byte	0x81
 503 0371 04       		.uleb128 0x4
 504 0372 140C0000 		.4byte	.LASF140
 505 0376 82       		.byte	0x82
 506 0377 04       		.uleb128 0x4
 507 0378 760E0000 		.4byte	.LASF141
 508 037c 83       		.byte	0x83
 509 037d 04       		.uleb128 0x4
 510 037e 69080000 		.4byte	.LASF142
 511 0382 84       		.byte	0x84
 512 0383 04       		.uleb128 0x4
 513 0384 400B0000 		.4byte	.LASF143
ARM GAS  C:\Users\User\AppData\Local\Temp\cc06JdLO.s 			page 10


 514 0388 85       		.byte	0x85
 515 0389 04       		.uleb128 0x4
 516 038a B8000000 		.4byte	.LASF144
 517 038e 86       		.byte	0x86
 518 038f 04       		.uleb128 0x4
 519 0390 1B030000 		.4byte	.LASF145
 520 0394 87       		.byte	0x87
 521 0395 04       		.uleb128 0x4
 522 0396 3D050000 		.4byte	.LASF146
 523 039a 88       		.byte	0x88
 524 039b 04       		.uleb128 0x4
 525 039c E70C0000 		.4byte	.LASF147
 526 03a0 89       		.byte	0x89
 527 03a1 04       		.uleb128 0x4
 528 03a2 3D0E0000 		.4byte	.LASF148
 529 03a6 8A       		.byte	0x8a
 530 03a7 04       		.uleb128 0x4
 531 03a8 89040000 		.4byte	.LASF149
 532 03ac 8B       		.byte	0x8b
 533 03ad 04       		.uleb128 0x4
 534 03ae AB0D0000 		.4byte	.LASF150
 535 03b2 8C       		.byte	0x8c
 536 03b3 04       		.uleb128 0x4
 537 03b4 91100000 		.4byte	.LASF151
 538 03b8 8D       		.byte	0x8d
 539 03b9 04       		.uleb128 0x4
 540 03ba 81070000 		.4byte	.LASF152
 541 03be 8E       		.byte	0x8e
 542 03bf 04       		.uleb128 0x4
 543 03c0 6A0A0000 		.4byte	.LASF153
 544 03c4 8F       		.byte	0x8f
 545 03c5 04       		.uleb128 0x4
 546 03c6 8A060000 		.4byte	.LASF154
 547 03ca 90       		.byte	0x90
 548 03cb 04       		.uleb128 0x4
 549 03cc 8F010000 		.4byte	.LASF155
 550 03d0 91       		.byte	0x91
 551 03d1 04       		.uleb128 0x4
 552 03d2 25020000 		.4byte	.LASF156
 553 03d6 92       		.byte	0x92
 554 03d7 04       		.uleb128 0x4
 555 03d8 2A0C0000 		.4byte	.LASF157
 556 03dc F0       		.byte	0xf0
 557 03dd 00       		.byte	0
 558 03de 05       		.uleb128 0x5
 559 03df 02       		.byte	0x2
 560 03e0 05       		.byte	0x5
 561 03e1 3B0C0000 		.4byte	.LASF158
 562 03e5 06       		.uleb128 0x6
 563 03e6 FE0C0000 		.4byte	.LASF162
 564 03ea 01       		.byte	0x1
 565 03eb F4       		.byte	0xf4
 566 03ec 1D000000 		.4byte	0x1d
 567 03f0 05       		.uleb128 0x5
 568 03f1 01       		.byte	0x1
 569 03f2 06       		.byte	0x6
 570 03f3 BD020000 		.4byte	.LASF159
ARM GAS  C:\Users\User\AppData\Local\Temp\cc06JdLO.s 			page 11


 571 03f7 05       		.uleb128 0x5
 572 03f8 01       		.byte	0x1
 573 03f9 08       		.byte	0x8
 574 03fa 7B0B0000 		.4byte	.LASF160
 575 03fe 05       		.uleb128 0x5
 576 03ff 02       		.byte	0x2
 577 0400 07       		.byte	0x7
 578 0401 CB060000 		.4byte	.LASF161
 579 0405 06       		.uleb128 0x6
 580 0406 CA0E0000 		.4byte	.LASF163
 581 040a 02       		.byte	0x2
 582 040b 3F       		.byte	0x3f
 583 040c 10040000 		.4byte	0x410
 584 0410 05       		.uleb128 0x5
 585 0411 04       		.byte	0x4
 586 0412 05       		.byte	0x5
 587 0413 7A030000 		.4byte	.LASF164
 588 0417 06       		.uleb128 0x6
 589 0418 0F050000 		.4byte	.LASF165
 590 041c 02       		.byte	0x2
 591 041d 41       		.byte	0x41
 592 041e 22040000 		.4byte	0x422
 593 0422 05       		.uleb128 0x5
 594 0423 04       		.byte	0x4
 595 0424 07       		.byte	0x7
 596 0425 42060000 		.4byte	.LASF166
 597 0429 05       		.uleb128 0x5
 598 042a 08       		.byte	0x8
 599 042b 05       		.byte	0x5
 600 042c AF020000 		.4byte	.LASF167
 601 0430 05       		.uleb128 0x5
 602 0431 08       		.byte	0x8
 603 0432 07       		.byte	0x7
 604 0433 78010000 		.4byte	.LASF168
 605 0437 07       		.uleb128 0x7
 606 0438 04       		.byte	0x4
 607 0439 05       		.byte	0x5
 608 043a 696E7400 		.ascii	"int\000"
 609 043e 05       		.uleb128 0x5
 610 043f 04       		.byte	0x4
 611 0440 07       		.byte	0x7
 612 0441 C0010000 		.4byte	.LASF169
 613 0445 06       		.uleb128 0x6
 614 0446 730B0000 		.4byte	.LASF170
 615 044a 03       		.byte	0x3
 616 044b 2C       		.byte	0x2c
 617 044c 05040000 		.4byte	0x405
 618 0450 06       		.uleb128 0x6
 619 0451 230D0000 		.4byte	.LASF171
 620 0455 03       		.byte	0x3
 621 0456 30       		.byte	0x30
 622 0457 17040000 		.4byte	0x417
 623 045b 05       		.uleb128 0x5
 624 045c 04       		.byte	0x4
 625 045d 07       		.byte	0x7
 626 045e 60080000 		.4byte	.LASF172
 627 0462 05       		.uleb128 0x5
ARM GAS  C:\Users\User\AppData\Local\Temp\cc06JdLO.s 			page 12


 628 0463 08       		.byte	0x8
 629 0464 04       		.byte	0x4
 630 0465 C60D0000 		.4byte	.LASF173
 631 0469 05       		.uleb128 0x5
 632 046a 01       		.byte	0x1
 633 046b 08       		.byte	0x8
 634 046c D20D0000 		.4byte	.LASF174
 635 0470 05       		.uleb128 0x5
 636 0471 04       		.byte	0x4
 637 0472 04       		.byte	0x4
 638 0473 800A0000 		.4byte	.LASF175
 639 0477 05       		.uleb128 0x5
 640 0478 08       		.byte	0x8
 641 0479 04       		.byte	0x4
 642 047a 82040000 		.4byte	.LASF176
 643 047e 08       		.uleb128 0x8
 644 047f 08       		.byte	0x8
 645 0480 04       		.byte	0x4
 646 0481 EB       		.byte	0xeb
 647 0482 9F040000 		.4byte	0x49f
 648 0486 09       		.uleb128 0x9
 649 0487 0E040000 		.4byte	.LASF177
 650 048b 04       		.byte	0x4
 651 048c EC       		.byte	0xec
 652 048d E5030000 		.4byte	0x3e5
 653 0491 00       		.byte	0
 654 0492 09       		.uleb128 0x9
 655 0493 A0110000 		.4byte	.LASF178
 656 0497 04       		.byte	0x4
 657 0498 F0       		.byte	0xf0
 658 0499 50040000 		.4byte	0x450
 659 049d 04       		.byte	0x4
 660 049e 00       		.byte	0
 661 049f 06       		.uleb128 0x6
 662 04a0 9C080000 		.4byte	.LASF179
 663 04a4 04       		.byte	0x4
 664 04a5 F1       		.byte	0xf1
 665 04a6 7E040000 		.4byte	0x47e
 666 04aa 0A       		.uleb128 0xa
 667 04ab DC0B0000 		.4byte	.LASF180
 668 04af 05       		.byte	0x5
 669 04b0 EA07     		.2byte	0x7ea
 670 04b2 B6040000 		.4byte	0x4b6
 671 04b6 0B       		.uleb128 0xb
 672 04b7 45040000 		.4byte	0x445
 673 04bb 0C       		.uleb128 0xc
 674 04bc 00000000 		.4byte	.LASF181
 675 04c0 06       		.byte	0x6
 676 04c1 18       		.byte	0x18
 677 04c2 CC040000 		.4byte	0x4cc
 678 04c6 05       		.uleb128 0x5
 679 04c7 03       		.byte	0x3
 680 04c8 00000000 		.4byte	isr_gpio_cfg
 681 04cc 0D       		.uleb128 0xd
 682 04cd 9F040000 		.4byte	0x49f
 683 04d1 0C       		.uleb128 0xc
 684 04d2 E90B0000 		.4byte	.LASF182
ARM GAS  C:\Users\User\AppData\Local\Temp\cc06JdLO.s 			page 13


 685 04d6 06       		.byte	0x6
 686 04d7 1E       		.byte	0x1e
 687 04d8 CC040000 		.4byte	0x4cc
 688 04dc 05       		.uleb128 0x5
 689 04dd 03       		.byte	0x3
 690 04de 00000000 		.4byte	isr_MCWDT_cfg
 691 04e2 0C       		.uleb128 0xc
 692 04e3 48030000 		.4byte	.LASF183
 693 04e7 06       		.byte	0x6
 694 04e8 24       		.byte	0x24
 695 04e9 CC040000 		.4byte	0x4cc
 696 04ed 05       		.uleb128 0x5
 697 04ee 03       		.byte	0x3
 698 04ef 00000000 		.4byte	Uart_Printf_SCB_IRQ_cfg
 699 04f3 0C       		.uleb128 0xc
 700 04f4 7A020000 		.4byte	.LASF184
 701 04f8 06       		.byte	0x6
 702 04f9 2A       		.byte	0x2a
 703 04fa CC040000 		.4byte	0x4cc
 704 04fe 05       		.uleb128 0x5
 705 04ff 03       		.byte	0x3
 706 0500 00000000 		.4byte	CY_EINK_SPIM_SCB_IRQ_cfg
 707 0504 0C       		.uleb128 0xc
 708 0505 63100000 		.4byte	.LASF185
 709 0509 06       		.byte	0x6
 710 050a 30       		.byte	0x30
 711 050b CC040000 		.4byte	0x4cc
 712 050f 05       		.uleb128 0x5
 713 0510 03       		.byte	0x3
 714 0511 00000000 		.4byte	CapSense_ISR_cfg
 715 0515 00       		.byte	0
 716              		.section	.debug_abbrev,"",%progbits
 717              	.Ldebug_abbrev0:
 718 0000 01       		.uleb128 0x1
 719 0001 11       		.uleb128 0x11
 720 0002 01       		.byte	0x1
 721 0003 25       		.uleb128 0x25
 722 0004 0E       		.uleb128 0xe
 723 0005 13       		.uleb128 0x13
 724 0006 0B       		.uleb128 0xb
 725 0007 03       		.uleb128 0x3
 726 0008 0E       		.uleb128 0xe
 727 0009 1B       		.uleb128 0x1b
 728 000a 0E       		.uleb128 0xe
 729 000b 10       		.uleb128 0x10
 730 000c 17       		.uleb128 0x17
 731 000d 00       		.byte	0
 732 000e 00       		.byte	0
 733 000f 02       		.uleb128 0x2
 734 0010 04       		.uleb128 0x4
 735 0011 01       		.byte	0x1
 736 0012 0B       		.uleb128 0xb
 737 0013 0B       		.uleb128 0xb
 738 0014 49       		.uleb128 0x49
 739 0015 13       		.uleb128 0x13
 740 0016 3A       		.uleb128 0x3a
 741 0017 0B       		.uleb128 0xb
ARM GAS  C:\Users\User\AppData\Local\Temp\cc06JdLO.s 			page 14


 742 0018 3B       		.uleb128 0x3b
 743 0019 0B       		.uleb128 0xb
 744 001a 01       		.uleb128 0x1
 745 001b 13       		.uleb128 0x13
 746 001c 00       		.byte	0
 747 001d 00       		.byte	0
 748 001e 03       		.uleb128 0x3
 749 001f 28       		.uleb128 0x28
 750 0020 00       		.byte	0
 751 0021 03       		.uleb128 0x3
 752 0022 0E       		.uleb128 0xe
 753 0023 1C       		.uleb128 0x1c
 754 0024 0D       		.uleb128 0xd
 755 0025 00       		.byte	0
 756 0026 00       		.byte	0
 757 0027 04       		.uleb128 0x4
 758 0028 28       		.uleb128 0x28
 759 0029 00       		.byte	0
 760 002a 03       		.uleb128 0x3
 761 002b 0E       		.uleb128 0xe
 762 002c 1C       		.uleb128 0x1c
 763 002d 0B       		.uleb128 0xb
 764 002e 00       		.byte	0
 765 002f 00       		.byte	0
 766 0030 05       		.uleb128 0x5
 767 0031 24       		.uleb128 0x24
 768 0032 00       		.byte	0
 769 0033 0B       		.uleb128 0xb
 770 0034 0B       		.uleb128 0xb
 771 0035 3E       		.uleb128 0x3e
 772 0036 0B       		.uleb128 0xb
 773 0037 03       		.uleb128 0x3
 774 0038 0E       		.uleb128 0xe
 775 0039 00       		.byte	0
 776 003a 00       		.byte	0
 777 003b 06       		.uleb128 0x6
 778 003c 16       		.uleb128 0x16
 779 003d 00       		.byte	0
 780 003e 03       		.uleb128 0x3
 781 003f 0E       		.uleb128 0xe
 782 0040 3A       		.uleb128 0x3a
 783 0041 0B       		.uleb128 0xb
 784 0042 3B       		.uleb128 0x3b
 785 0043 0B       		.uleb128 0xb
 786 0044 49       		.uleb128 0x49
 787 0045 13       		.uleb128 0x13
 788 0046 00       		.byte	0
 789 0047 00       		.byte	0
 790 0048 07       		.uleb128 0x7
 791 0049 24       		.uleb128 0x24
 792 004a 00       		.byte	0
 793 004b 0B       		.uleb128 0xb
 794 004c 0B       		.uleb128 0xb
 795 004d 3E       		.uleb128 0x3e
 796 004e 0B       		.uleb128 0xb
 797 004f 03       		.uleb128 0x3
 798 0050 08       		.uleb128 0x8
ARM GAS  C:\Users\User\AppData\Local\Temp\cc06JdLO.s 			page 15


 799 0051 00       		.byte	0
 800 0052 00       		.byte	0
 801 0053 08       		.uleb128 0x8
 802 0054 13       		.uleb128 0x13
 803 0055 01       		.byte	0x1
 804 0056 0B       		.uleb128 0xb
 805 0057 0B       		.uleb128 0xb
 806 0058 3A       		.uleb128 0x3a
 807 0059 0B       		.uleb128 0xb
 808 005a 3B       		.uleb128 0x3b
 809 005b 0B       		.uleb128 0xb
 810 005c 01       		.uleb128 0x1
 811 005d 13       		.uleb128 0x13
 812 005e 00       		.byte	0
 813 005f 00       		.byte	0
 814 0060 09       		.uleb128 0x9
 815 0061 0D       		.uleb128 0xd
 816 0062 00       		.byte	0
 817 0063 03       		.uleb128 0x3
 818 0064 0E       		.uleb128 0xe
 819 0065 3A       		.uleb128 0x3a
 820 0066 0B       		.uleb128 0xb
 821 0067 3B       		.uleb128 0x3b
 822 0068 0B       		.uleb128 0xb
 823 0069 49       		.uleb128 0x49
 824 006a 13       		.uleb128 0x13
 825 006b 38       		.uleb128 0x38
 826 006c 0B       		.uleb128 0xb
 827 006d 00       		.byte	0
 828 006e 00       		.byte	0
 829 006f 0A       		.uleb128 0xa
 830 0070 34       		.uleb128 0x34
 831 0071 00       		.byte	0
 832 0072 03       		.uleb128 0x3
 833 0073 0E       		.uleb128 0xe
 834 0074 3A       		.uleb128 0x3a
 835 0075 0B       		.uleb128 0xb
 836 0076 3B       		.uleb128 0x3b
 837 0077 05       		.uleb128 0x5
 838 0078 49       		.uleb128 0x49
 839 0079 13       		.uleb128 0x13
 840 007a 3F       		.uleb128 0x3f
 841 007b 19       		.uleb128 0x19
 842 007c 3C       		.uleb128 0x3c
 843 007d 19       		.uleb128 0x19
 844 007e 00       		.byte	0
 845 007f 00       		.byte	0
 846 0080 0B       		.uleb128 0xb
 847 0081 35       		.uleb128 0x35
 848 0082 00       		.byte	0
 849 0083 49       		.uleb128 0x49
 850 0084 13       		.uleb128 0x13
 851 0085 00       		.byte	0
 852 0086 00       		.byte	0
 853 0087 0C       		.uleb128 0xc
 854 0088 34       		.uleb128 0x34
 855 0089 00       		.byte	0
ARM GAS  C:\Users\User\AppData\Local\Temp\cc06JdLO.s 			page 16


 856 008a 03       		.uleb128 0x3
 857 008b 0E       		.uleb128 0xe
 858 008c 3A       		.uleb128 0x3a
 859 008d 0B       		.uleb128 0xb
 860 008e 3B       		.uleb128 0x3b
 861 008f 0B       		.uleb128 0xb
 862 0090 49       		.uleb128 0x49
 863 0091 13       		.uleb128 0x13
 864 0092 3F       		.uleb128 0x3f
 865 0093 19       		.uleb128 0x19
 866 0094 02       		.uleb128 0x2
 867 0095 18       		.uleb128 0x18
 868 0096 00       		.byte	0
 869 0097 00       		.byte	0
 870 0098 0D       		.uleb128 0xd
 871 0099 26       		.uleb128 0x26
 872 009a 00       		.byte	0
 873 009b 49       		.uleb128 0x49
 874 009c 13       		.uleb128 0x13
 875 009d 00       		.byte	0
 876 009e 00       		.byte	0
 877 009f 00       		.byte	0
 878              		.section	.debug_aranges,"",%progbits
 879 0000 14000000 		.4byte	0x14
 880 0004 0200     		.2byte	0x2
 881 0006 00000000 		.4byte	.Ldebug_info0
 882 000a 04       		.byte	0x4
 883 000b 00       		.byte	0
 884 000c 0000     		.2byte	0
 885 000e 0000     		.2byte	0
 886 0010 00000000 		.4byte	0
 887 0014 00000000 		.4byte	0
 888              		.section	.debug_line,"",%progbits
 889              	.Ldebug_line0:
 890 0000 F8010000 		.section	.debug_str,"MS",%progbits,1
 890      0200F201 
 890      00000201 
 890      FB0E0D00 
 890      01010101 
 891              	.LASF181:
 892 0000 6973725F 		.ascii	"isr_gpio_cfg\000"
 892      6770696F 
 892      5F636667 
 892      00
 893              	.LASF123:
 894 000d 74637077 		.ascii	"tcpwm_1_interrupts_15_IRQn\000"
 894      6D5F315F 
 894      696E7465 
 894      72727570 
 894      74735F31 
 895              	.LASF12:
 896 0028 696F7373 		.ascii	"ioss_interrupts_gpio_2_IRQn\000"
 896      5F696E74 
 896      65727275 
 896      7074735F 
 896      6770696F 
 897              	.LASF56:
ARM GAS  C:\Users\User\AppData\Local\Temp\cc06JdLO.s 			page 17


 898 0044 7363625F 		.ascii	"scb_5_interrupt_IRQn\000"
 898      355F696E 
 898      74657272 
 898      7570745F 
 898      4952516E 
 899              	.LASF104:
 900 0059 74637077 		.ascii	"tcpwm_0_interrupts_4_IRQn\000"
 900      6D5F305F 
 900      696E7465 
 900      72727570 
 900      74735F34 
 901              	.LASF32:
 902 0073 73727373 		.ascii	"srss_interrupt_IRQn\000"
 902      5F696E74 
 902      65727275 
 902      70745F49 
 902      52516E00 
 903              	.LASF28:
 904 0087 7363625F 		.ascii	"scb_8_interrupt_IRQn\000"
 904      385F696E 
 904      74657272 
 904      7570745F 
 904      4952516E 
 905              	.LASF61:
 906 009c 63707573 		.ascii	"cpuss_interrupts_dw0_1_IRQn\000"
 906      735F696E 
 906      74657272 
 906      75707473 
 906      5F647730 
 907              	.LASF144:
 908 00b8 7564625F 		.ascii	"udb_interrupts_12_IRQn\000"
 908      696E7465 
 908      72727570 
 908      74735F31 
 908      325F4952 
 909              	.LASF34:
 910 00cf 626C6573 		.ascii	"bless_interrupt_IRQn\000"
 910      735F696E 
 910      74657272 
 910      7570745F 
 910      4952516E 
 911              	.LASF133:
 912 00e4 7564625F 		.ascii	"udb_interrupts_1_IRQn\000"
 912      696E7465 
 912      72727570 
 912      74735F31 
 912      5F495251 
 913              	.LASF51:
 914 00fa 7363625F 		.ascii	"scb_0_interrupt_IRQn\000"
 914      305F696E 
 914      74657272 
 914      7570745F 
 914      4952516E 
 915              	.LASF116:
 916 010f 74637077 		.ascii	"tcpwm_1_interrupts_8_IRQn\000"
 916      6D5F315F 
 916      696E7465 
ARM GAS  C:\Users\User\AppData\Local\Temp\cc06JdLO.s 			page 18


 916      72727570 
 916      74735F38 
 917              	.LASF39:
 918 0129 63707573 		.ascii	"cpuss_interrupts_ipc_4_IRQn\000"
 918      735F696E 
 918      74657272 
 918      75707473 
 918      5F697063 
 919              	.LASF46:
 920 0145 63707573 		.ascii	"cpuss_interrupts_ipc_11_IRQn\000"
 920      735F696E 
 920      74657272 
 920      75707473 
 920      5F697063 
 921              	.LASF132:
 922 0162 7564625F 		.ascii	"udb_interrupts_0_IRQn\000"
 922      696E7465 
 922      72727570 
 922      74735F30 
 922      5F495251 
 923              	.LASF168:
 924 0178 6C6F6E67 		.ascii	"long long unsigned int\000"
 924      206C6F6E 
 924      6720756E 
 924      7369676E 
 924      65642069 
 925              	.LASF155:
 926 018f 7573625F 		.ascii	"usb_interrupt_lo_IRQn\000"
 926      696E7465 
 926      72727570 
 926      745F6C6F 
 926      5F495251 
 927              	.LASF118:
 928 01a5 74637077 		.ascii	"tcpwm_1_interrupts_10_IRQn\000"
 928      6D5F315F 
 928      696E7465 
 928      72727570 
 928      74735F31 
 929              	.LASF169:
 930 01c0 756E7369 		.ascii	"unsigned int\000"
 930      676E6564 
 930      20696E74 
 930      00
 931              	.LASF10:
 932 01cd 696F7373 		.ascii	"ioss_interrupts_gpio_0_IRQn\000"
 932      5F696E74 
 932      65727275 
 932      7074735F 
 932      6770696F 
 933              	.LASF97:
 934 01e9 63707573 		.ascii	"cpuss_interrupts_cm0_cti_1_IRQn\000"
 934      735F696E 
 934      74657272 
 934      75707473 
 934      5F636D30 
 935              	.LASF19:
 936 0209 696F7373 		.ascii	"ioss_interrupts_gpio_9_IRQn\000"
ARM GAS  C:\Users\User\AppData\Local\Temp\cc06JdLO.s 			page 19


 936      5F696E74 
 936      65727275 
 936      7074735F 
 936      6770696F 
 937              	.LASF156:
 938 0225 70617373 		.ascii	"pass_interrupt_dacs_IRQn\000"
 938      5F696E74 
 938      65727275 
 938      70745F64 
 938      6163735F 
 939              	.LASF138:
 940 023e 7564625F 		.ascii	"udb_interrupts_6_IRQn\000"
 940      696E7465 
 940      72727570 
 940      74735F36 
 940      5F495251 
 941              	.LASF0:
 942 0254 52657365 		.ascii	"Reset_IRQn\000"
 942      745F4952 
 942      516E00
 943              	.LASF124:
 944 025f 74637077 		.ascii	"tcpwm_1_interrupts_16_IRQn\000"
 944      6D5F315F 
 944      696E7465 
 944      72727570 
 944      74735F31 
 945              	.LASF184:
 946 027a 43595F45 		.ascii	"CY_EINK_SPIM_SCB_IRQ_cfg\000"
 946      494E4B5F 
 946      5350494D 
 946      5F534342 
 946      5F495251 
 947              	.LASF94:
 948 0293 63707573 		.ascii	"cpuss_interrupt_crypto_IRQn\000"
 948      735F696E 
 948      74657272 
 948      7570745F 
 948      63727970 
 949              	.LASF167:
 950 02af 6C6F6E67 		.ascii	"long long int\000"
 950      206C6F6E 
 950      6720696E 
 950      7400
 951              	.LASF159:
 952 02bd 7369676E 		.ascii	"signed char\000"
 952      65642063 
 952      68617200 
 953              	.LASF105:
 954 02c9 74637077 		.ascii	"tcpwm_0_interrupts_5_IRQn\000"
 954      6D5F305F 
 954      696E7465 
 954      72727570 
 954      74735F35 
 955              	.LASF85:
 956 02e3 63707573 		.ascii	"cpuss_interrupts_dw1_9_IRQn\000"
 956      735F696E 
 956      74657272 
ARM GAS  C:\Users\User\AppData\Local\Temp\cc06JdLO.s 			page 20


 956      75707473 
 956      5F647731 
 957              	.LASF62:
 958 02ff 63707573 		.ascii	"cpuss_interrupts_dw0_2_IRQn\000"
 958      735F696E 
 958      74657272 
 958      75707473 
 958      5F647730 
 959              	.LASF145:
 960 031b 7564625F 		.ascii	"udb_interrupts_13_IRQn\000"
 960      696E7465 
 960      72727570 
 960      74735F31 
 960      335F4952 
 961              	.LASF27:
 962 0332 6C70636F 		.ascii	"lpcomp_interrupt_IRQn\000"
 962      6D705F69 
 962      6E746572 
 962      72757074 
 962      5F495251 
 963              	.LASF183:
 964 0348 55617274 		.ascii	"Uart_Printf_SCB_IRQ_cfg\000"
 964      5F507269 
 964      6E74665F 
 964      5343425F 
 964      4952515F 
 965              	.LASF108:
 966 0360 74637077 		.ascii	"tcpwm_1_interrupts_0_IRQn\000"
 966      6D5F315F 
 966      696E7465 
 966      72727570 
 966      74735F30 
 967              	.LASF164:
 968 037a 6C6F6E67 		.ascii	"long int\000"
 968      20696E74 
 968      00
 969              	.LASF117:
 970 0383 74637077 		.ascii	"tcpwm_1_interrupts_9_IRQn\000"
 970      6D5F315F 
 970      696E7465 
 970      72727570 
 970      74735F39 
 971              	.LASF40:
 972 039d 63707573 		.ascii	"cpuss_interrupts_ipc_5_IRQn\000"
 972      735F696E 
 972      74657272 
 972      75707473 
 972      5F697063 
 973              	.LASF83:
 974 03b9 63707573 		.ascii	"cpuss_interrupts_dw1_7_IRQn\000"
 974      735F696E 
 974      74657272 
 974      75707473 
 974      5F647731 
 975              	.LASF47:
 976 03d5 63707573 		.ascii	"cpuss_interrupts_ipc_12_IRQn\000"
 976      735F696E 
ARM GAS  C:\Users\User\AppData\Local\Temp\cc06JdLO.s 			page 21


 976      74657272 
 976      75707473 
 976      5F697063 
 977              	.LASF84:
 978 03f2 63707573 		.ascii	"cpuss_interrupts_dw1_8_IRQn\000"
 978      735F696E 
 978      74657272 
 978      75707473 
 978      5F647731 
 979              	.LASF177:
 980 040e 696E7472 		.ascii	"intrSrc\000"
 980      53726300 
 981              	.LASF119:
 982 0416 74637077 		.ascii	"tcpwm_1_interrupts_11_IRQn\000"
 982      6D5F315F 
 982      696E7465 
 982      72727570 
 982      74735F31 
 983              	.LASF64:
 984 0431 63707573 		.ascii	"cpuss_interrupts_dw0_4_IRQn\000"
 984      735F696E 
 984      74657272 
 984      75707473 
 984      5F647730 
 985              	.LASF25:
 986 044d 696F7373 		.ascii	"ioss_interrupt_gpio_IRQn\000"
 986      5F696E74 
 986      65727275 
 986      70745F67 
 986      70696F5F 
 987              	.LASF29:
 988 0466 73727373 		.ascii	"srss_interrupt_mcwdt_0_IRQn\000"
 988      5F696E74 
 988      65727275 
 988      70745F6D 
 988      63776474 
 989              	.LASF176:
 990 0482 646F7562 		.ascii	"double\000"
 990      6C6500
 991              	.LASF149:
 992 0489 61756469 		.ascii	"audioss_interrupt_i2s_IRQn\000"
 992      6F73735F 
 992      696E7465 
 992      72727570 
 992      745F6932 
 993              	.LASF66:
 994 04a4 63707573 		.ascii	"cpuss_interrupts_dw0_6_IRQn\000"
 994      735F696E 
 994      74657272 
 994      75707473 
 994      5F647730 
 995              	.LASF99:
 996 04c0 63707573 		.ascii	"cpuss_interrupts_cm4_cti_1_IRQn\000"
 996      735F696E 
 996      74657272 
 996      75707473 
 996      5F636D34 
ARM GAS  C:\Users\User\AppData\Local\Temp\cc06JdLO.s 			page 22


 997              	.LASF58:
 998 04e0 7363625F 		.ascii	"scb_7_interrupt_IRQn\000"
 998      375F696E 
 998      74657272 
 998      7570745F 
 998      4952516E 
 999              	.LASF106:
 1000 04f5 74637077 		.ascii	"tcpwm_0_interrupts_6_IRQn\000"
 1000      6D5F305F 
 1000      696E7465 
 1000      72727570 
 1000      74735F36 
 1001              	.LASF165:
 1002 050f 5F5F7569 		.ascii	"__uint32_t\000"
 1002      6E743332 
 1002      5F7400
 1003              	.LASF4:
 1004 051a 42757346 		.ascii	"BusFault_IRQn\000"
 1004      61756C74 
 1004      5F495251 
 1004      6E00
 1005              	.LASF52:
 1006 0528 7363625F 		.ascii	"scb_1_interrupt_IRQn\000"
 1006      315F696E 
 1006      74657272 
 1006      7570745F 
 1006      4952516E 
 1007              	.LASF146:
 1008 053d 7564625F 		.ascii	"udb_interrupts_14_IRQn\000"
 1008      696E7465 
 1008      72727570 
 1008      74735F31 
 1008      345F4952 
 1009              	.LASF33:
 1010 0554 70617373 		.ascii	"pass_interrupt_ctbs_IRQn\000"
 1010      5F696E74 
 1010      65727275 
 1010      70745F63 
 1010      7462735F 
 1011              	.LASF53:
 1012 056d 7363625F 		.ascii	"scb_2_interrupt_IRQn\000"
 1012      325F696E 
 1012      74657272 
 1012      7570745F 
 1012      4952516E 
 1013              	.LASF74:
 1014 0582 63707573 		.ascii	"cpuss_interrupts_dw0_14_IRQn\000"
 1014      735F696E 
 1014      74657272 
 1014      75707473 
 1014      5F647730 
 1015              	.LASF15:
 1016 059f 696F7373 		.ascii	"ioss_interrupts_gpio_5_IRQn\000"
 1016      5F696E74 
 1016      65727275 
 1016      7074735F 
 1016      6770696F 
ARM GAS  C:\Users\User\AppData\Local\Temp\cc06JdLO.s 			page 23


 1017              	.LASF41:
 1018 05bb 63707573 		.ascii	"cpuss_interrupts_ipc_6_IRQn\000"
 1018      735F696E 
 1018      74657272 
 1018      75707473 
 1018      5F697063 
 1019              	.LASF134:
 1020 05d7 7564625F 		.ascii	"udb_interrupts_2_IRQn\000"
 1020      696E7465 
 1020      72727570 
 1020      74735F32 
 1020      5F495251 
 1021              	.LASF23:
 1022 05ed 696F7373 		.ascii	"ioss_interrupts_gpio_13_IRQn\000"
 1022      5F696E74 
 1022      65727275 
 1022      7074735F 
 1022      6770696F 
 1023              	.LASF120:
 1024 060a 74637077 		.ascii	"tcpwm_1_interrupts_12_IRQn\000"
 1024      6D5F315F 
 1024      696E7465 
 1024      72727570 
 1024      74735F31 
 1025              	.LASF89:
 1026 0625 63707573 		.ascii	"cpuss_interrupts_dw1_13_IRQn\000"
 1026      735F696E 
 1026      74657272 
 1026      75707473 
 1026      5F647731 
 1027              	.LASF166:
 1028 0642 6C6F6E67 		.ascii	"long unsigned int\000"
 1028      20756E73 
 1028      69676E65 
 1028      6420696E 
 1028      7400
 1029              	.LASF30:
 1030 0654 73727373 		.ascii	"srss_interrupt_mcwdt_1_IRQn\000"
 1030      5F696E74 
 1030      65727275 
 1030      70745F6D 
 1030      63776474 
 1031              	.LASF101:
 1032 0670 74637077 		.ascii	"tcpwm_0_interrupts_1_IRQn\000"
 1032      6D5F305F 
 1032      696E7465 
 1032      72727570 
 1032      74735F31 
 1033              	.LASF154:
 1034 068a 7573625F 		.ascii	"usb_interrupt_med_IRQn\000"
 1034      696E7465 
 1034      72727570 
 1034      745F6D65 
 1034      645F4952 
 1035              	.LASF92:
 1036 06a1 63707573 		.ascii	"cpuss_interrupts_fault_0_IRQn\000"
 1036      735F696E 
ARM GAS  C:\Users\User\AppData\Local\Temp\cc06JdLO.s 			page 24


 1036      74657272 
 1036      75707473 
 1036      5F666175 
 1037              	.LASF6:
 1038 06bf 53564361 		.ascii	"SVCall_IRQn\000"
 1038      6C6C5F49 
 1038      52516E00 
 1039              	.LASF161:
 1040 06cb 73686F72 		.ascii	"short unsigned int\000"
 1040      7420756E 
 1040      7369676E 
 1040      65642069 
 1040      6E7400
 1041              	.LASF113:
 1042 06de 74637077 		.ascii	"tcpwm_1_interrupts_5_IRQn\000"
 1042      6D5F315F 
 1042      696E7465 
 1042      72727570 
 1042      74735F35 
 1043              	.LASF36:
 1044 06f8 63707573 		.ascii	"cpuss_interrupts_ipc_1_IRQn\000"
 1044      735F696E 
 1044      74657272 
 1044      75707473 
 1044      5F697063 
 1045              	.LASF80:
 1046 0714 63707573 		.ascii	"cpuss_interrupts_dw1_4_IRQn\000"
 1046      735F696E 
 1046      74657272 
 1046      75707473 
 1046      5F647731 
 1047              	.LASF95:
 1048 0730 63707573 		.ascii	"cpuss_interrupt_fm_IRQn\000"
 1048      735F696E 
 1048      74657272 
 1048      7570745F 
 1048      666D5F49 
 1049              	.LASF75:
 1050 0748 63707573 		.ascii	"cpuss_interrupts_dw0_15_IRQn\000"
 1050      735F696E 
 1050      74657272 
 1050      75707473 
 1050      5F647730 
 1051              	.LASF16:
 1052 0765 696F7373 		.ascii	"ioss_interrupts_gpio_6_IRQn\000"
 1052      5F696E74 
 1052      65727275 
 1052      7074735F 
 1052      6770696F 
 1053              	.LASF152:
 1054 0781 736D6966 		.ascii	"smif_interrupt_IRQn\000"
 1054      5F696E74 
 1054      65727275 
 1054      70745F49 
 1054      52516E00 
 1055              	.LASF135:
 1056 0795 7564625F 		.ascii	"udb_interrupts_3_IRQn\000"
ARM GAS  C:\Users\User\AppData\Local\Temp\cc06JdLO.s 			page 25


 1056      696E7465 
 1056      72727570 
 1056      74735F33 
 1056      5F495251 
 1057              	.LASF24:
 1058 07ab 696F7373 		.ascii	"ioss_interrupts_gpio_14_IRQn\000"
 1058      5F696E74 
 1058      65727275 
 1058      7074735F 
 1058      6770696F 
 1059              	.LASF9:
 1060 07c8 53797354 		.ascii	"SysTick_IRQn\000"
 1060      69636B5F 
 1060      4952516E 
 1060      00
 1061              	.LASF90:
 1062 07d5 63707573 		.ascii	"cpuss_interrupts_dw1_14_IRQn\000"
 1062      735F696E 
 1062      74657272 
 1062      75707473 
 1062      5F647731 
 1063              	.LASF131:
 1064 07f2 74637077 		.ascii	"tcpwm_1_interrupts_23_IRQn\000"
 1064      6D5F315F 
 1064      696E7465 
 1064      72727570 
 1064      74735F32 
 1065              	.LASF102:
 1066 080d 74637077 		.ascii	"tcpwm_0_interrupts_2_IRQn\000"
 1066      6D5F305F 
 1066      696E7465 
 1066      72727570 
 1066      74735F32 
 1067              	.LASF121:
 1068 0827 74637077 		.ascii	"tcpwm_1_interrupts_13_IRQn\000"
 1068      6D5F315F 
 1068      696E7465 
 1068      72727570 
 1068      74735F31 
 1069              	.LASF93:
 1070 0842 63707573 		.ascii	"cpuss_interrupts_fault_1_IRQn\000"
 1070      735F696E 
 1070      74657272 
 1070      75707473 
 1070      5F666175 
 1071              	.LASF172:
 1072 0860 73697A65 		.ascii	"sizetype\000"
 1072      74797065 
 1072      00
 1073              	.LASF142:
 1074 0869 7564625F 		.ascii	"udb_interrupts_10_IRQn\000"
 1074      696E7465 
 1074      72727570 
 1074      74735F31 
 1074      305F4952 
 1075              	.LASF68:
 1076 0880 63707573 		.ascii	"cpuss_interrupts_dw0_8_IRQn\000"
ARM GAS  C:\Users\User\AppData\Local\Temp\cc06JdLO.s 			page 26


 1076      735F696E 
 1076      74657272 
 1076      75707473 
 1076      5F647730 
 1077              	.LASF179:
 1078 089c 63795F73 		.ascii	"cy_stc_sysint_t\000"
 1078      74635F73 
 1078      7973696E 
 1078      745F7400 
 1079              	.LASF70:
 1080 08ac 63707573 		.ascii	"cpuss_interrupts_dw0_10_IRQn\000"
 1080      735F696E 
 1080      74657272 
 1080      75707473 
 1080      5F647730 
 1081              	.LASF114:
 1082 08c9 74637077 		.ascii	"tcpwm_1_interrupts_6_IRQn\000"
 1082      6D5F315F 
 1082      696E7465 
 1082      72727570 
 1082      74735F36 
 1083              	.LASF37:
 1084 08e3 63707573 		.ascii	"cpuss_interrupts_ipc_2_IRQn\000"
 1084      735F696E 
 1084      74657272 
 1084      75707473 
 1084      5F697063 
 1085              	.LASF81:
 1086 08ff 63707573 		.ascii	"cpuss_interrupts_dw1_5_IRQn\000"
 1086      735F696E 
 1086      74657272 
 1086      75707473 
 1086      5F647731 
 1087              	.LASF139:
 1088 091b 7564625F 		.ascii	"udb_interrupts_7_IRQn\000"
 1088      696E7465 
 1088      72727570 
 1088      74735F37 
 1088      5F495251 
 1089              	.LASF125:
 1090 0931 74637077 		.ascii	"tcpwm_1_interrupts_17_IRQn\000"
 1090      6D5F315F 
 1090      696E7465 
 1090      72727570 
 1090      74735F31 
 1091              	.LASF55:
 1092 094c 7363625F 		.ascii	"scb_4_interrupt_IRQn\000"
 1092      345F696E 
 1092      74657272 
 1092      7570745F 
 1092      4952516E 
 1093              	.LASF17:
 1094 0961 696F7373 		.ascii	"ioss_interrupts_gpio_7_IRQn\000"
 1094      5F696E74 
 1094      65727275 
 1094      7074735F 
 1094      6770696F 
ARM GAS  C:\Users\User\AppData\Local\Temp\cc06JdLO.s 			page 27


 1095              	.LASF73:
 1096 097d 63707573 		.ascii	"cpuss_interrupts_dw0_13_IRQn\000"
 1096      735F696E 
 1096      74657272 
 1096      75707473 
 1096      5F647730 
 1097              	.LASF186:
 1098 099a 474E5520 		.ascii	"GNU C11 5.4.1 20160609 (release) [ARM/embedded-5-br"
 1098      43313120 
 1098      352E342E 
 1098      31203230 
 1098      31363036 
 1099 09cd 616E6368 		.ascii	"anch revision 237715] -mcpu=cortex-m4 -mfloat-abi=s"
 1099      20726576 
 1099      6973696F 
 1099      6E203233 
 1099      37373135 
 1100 0a00 6F667466 		.ascii	"oftfp -mfpu=fpv4-sp-d16 -mthumb -g -Og -ffunction-s"
 1100      70202D6D 
 1100      6670753D 
 1100      66707634 
 1100      2D73702D 
 1101 0a33 65637469 		.ascii	"ections -ffat-lto-objects\000"
 1101      6F6E7320 
 1101      2D666661 
 1101      742D6C74 
 1101      6F2D6F62 
 1102              	.LASF91:
 1103 0a4d 63707573 		.ascii	"cpuss_interrupts_dw1_15_IRQn\000"
 1103      735F696E 
 1103      74657272 
 1103      75707473 
 1103      5F647731 
 1104              	.LASF153:
 1105 0a6a 7573625F 		.ascii	"usb_interrupt_hi_IRQn\000"
 1105      696E7465 
 1105      72727570 
 1105      745F6869 
 1105      5F495251 
 1106              	.LASF175:
 1107 0a80 666C6F61 		.ascii	"float\000"
 1107      7400
 1108              	.LASF63:
 1109 0a86 63707573 		.ascii	"cpuss_interrupts_dw0_3_IRQn\000"
 1109      735F696E 
 1109      74657272 
 1109      75707473 
 1109      5F647730 
 1110              	.LASF21:
 1111 0aa2 696F7373 		.ascii	"ioss_interrupts_gpio_11_IRQn\000"
 1111      5F696E74 
 1111      65727275 
 1111      7074735F 
 1111      6770696F 
 1112              	.LASF3:
 1113 0abf 4D656D6F 		.ascii	"MemoryManagement_IRQn\000"
 1113      72794D61 
ARM GAS  C:\Users\User\AppData\Local\Temp\cc06JdLO.s 			page 28


 1113      6E616765 
 1113      6D656E74 
 1113      5F495251 
 1114              	.LASF103:
 1115 0ad5 74637077 		.ascii	"tcpwm_0_interrupts_3_IRQn\000"
 1115      6D5F305F 
 1115      696E7465 
 1115      72727570 
 1115      74735F33 
 1116              	.LASF128:
 1117 0aef 74637077 		.ascii	"tcpwm_1_interrupts_20_IRQn\000"
 1117      6D5F315F 
 1117      696E7465 
 1117      72727570 
 1117      74735F32 
 1118              	.LASF109:
 1119 0b0a 74637077 		.ascii	"tcpwm_1_interrupts_1_IRQn\000"
 1119      6D5F315F 
 1119      696E7465 
 1119      72727570 
 1119      74735F31 
 1120              	.LASF76:
 1121 0b24 63707573 		.ascii	"cpuss_interrupts_dw1_0_IRQn\000"
 1121      735F696E 
 1121      74657272 
 1121      75707473 
 1121      5F647731 
 1122              	.LASF143:
 1123 0b40 7564625F 		.ascii	"udb_interrupts_11_IRQn\000"
 1123      696E7465 
 1123      72727570 
 1123      74735F31 
 1123      315F4952 
 1124              	.LASF69:
 1125 0b57 63707573 		.ascii	"cpuss_interrupts_dw0_9_IRQn\000"
 1125      735F696E 
 1125      74657272 
 1125      75707473 
 1125      5F647730 
 1126              	.LASF170:
 1127 0b73 696E7433 		.ascii	"int32_t\000"
 1127      325F7400 
 1128              	.LASF160:
 1129 0b7b 756E7369 		.ascii	"unsigned char\000"
 1129      676E6564 
 1129      20636861 
 1129      7200
 1130              	.LASF71:
 1131 0b89 63707573 		.ascii	"cpuss_interrupts_dw0_11_IRQn\000"
 1131      735F696E 
 1131      74657272 
 1131      75707473 
 1131      5F647730 
 1132              	.LASF115:
 1133 0ba6 74637077 		.ascii	"tcpwm_1_interrupts_7_IRQn\000"
 1133      6D5F315F 
 1133      696E7465 
ARM GAS  C:\Users\User\AppData\Local\Temp\cc06JdLO.s 			page 29


 1133      72727570 
 1133      74735F37 
 1134              	.LASF38:
 1135 0bc0 63707573 		.ascii	"cpuss_interrupts_ipc_3_IRQn\000"
 1135      735F696E 
 1135      74657272 
 1135      75707473 
 1135      5F697063 
 1136              	.LASF180:
 1137 0bdc 49544D5F 		.ascii	"ITM_RxBuffer\000"
 1137      52784275 
 1137      66666572 
 1137      00
 1138              	.LASF182:
 1139 0be9 6973725F 		.ascii	"isr_MCWDT_cfg\000"
 1139      4D435744 
 1139      545F6366 
 1139      6700
 1140              	.LASF20:
 1141 0bf7 696F7373 		.ascii	"ioss_interrupts_gpio_10_IRQn\000"
 1141      5F696E74 
 1141      65727275 
 1141      7074735F 
 1141      6770696F 
 1142              	.LASF140:
 1143 0c14 7564625F 		.ascii	"udb_interrupts_8_IRQn\000"
 1143      696E7465 
 1143      72727570 
 1143      74735F38 
 1143      5F495251 
 1144              	.LASF157:
 1145 0c2a 756E636F 		.ascii	"unconnected_IRQn\000"
 1145      6E6E6563 
 1145      7465645F 
 1145      4952516E 
 1145      00
 1146              	.LASF158:
 1147 0c3b 73686F72 		.ascii	"short int\000"
 1147      7420696E 
 1147      7400
 1148              	.LASF98:
 1149 0c45 63707573 		.ascii	"cpuss_interrupts_cm4_cti_0_IRQn\000"
 1149      735F696E 
 1149      74657272 
 1149      75707473 
 1149      5F636D34 
 1150              	.LASF126:
 1151 0c65 74637077 		.ascii	"tcpwm_1_interrupts_18_IRQn\000"
 1151      6D5F315F 
 1151      696E7465 
 1151      72727570 
 1151      74735F31 
 1152              	.LASF79:
 1153 0c80 63707573 		.ascii	"cpuss_interrupts_dw1_3_IRQn\000"
 1153      735F696E 
 1153      74657272 
 1153      75707473 
ARM GAS  C:\Users\User\AppData\Local\Temp\cc06JdLO.s 			page 30


 1153      5F647731 
 1154              	.LASF107:
 1155 0c9c 74637077 		.ascii	"tcpwm_0_interrupts_7_IRQn\000"
 1155      6D5F305F 
 1155      696E7465 
 1155      72727570 
 1155      74735F37 
 1156              	.LASF1:
 1157 0cb6 4E6F6E4D 		.ascii	"NonMaskableInt_IRQn\000"
 1157      61736B61 
 1157      626C6549 
 1157      6E745F49 
 1157      52516E00 
 1158              	.LASF87:
 1159 0cca 63707573 		.ascii	"cpuss_interrupts_dw1_11_IRQn\000"
 1159      735F696E 
 1159      74657272 
 1159      75707473 
 1159      5F647731 
 1160              	.LASF147:
 1161 0ce7 7564625F 		.ascii	"udb_interrupts_15_IRQn\000"
 1161      696E7465 
 1161      72727570 
 1161      74735F31 
 1161      355F4952 
 1162              	.LASF162:
 1163 0cfe 4952516E 		.ascii	"IRQn_Type\000"
 1163      5F547970 
 1163      6500
 1164              	.LASF129:
 1165 0d08 74637077 		.ascii	"tcpwm_1_interrupts_21_IRQn\000"
 1165      6D5F315F 
 1165      696E7465 
 1165      72727570 
 1165      74735F32 
 1166              	.LASF171:
 1167 0d23 75696E74 		.ascii	"uint32_t\000"
 1167      33325F74 
 1167      00
 1168              	.LASF110:
 1169 0d2c 74637077 		.ascii	"tcpwm_1_interrupts_2_IRQn\000"
 1169      6D5F315F 
 1169      696E7465 
 1169      72727570 
 1169      74735F32 
 1170              	.LASF5:
 1171 0d46 55736167 		.ascii	"UsageFault_IRQn\000"
 1171      65466175 
 1171      6C745F49 
 1171      52516E00 
 1172              	.LASF42:
 1173 0d56 63707573 		.ascii	"cpuss_interrupts_ipc_7_IRQn\000"
 1173      735F696E 
 1173      74657272 
 1173      75707473 
 1173      5F697063 
 1174              	.LASF77:
ARM GAS  C:\Users\User\AppData\Local\Temp\cc06JdLO.s 			page 31


 1175 0d72 63707573 		.ascii	"cpuss_interrupts_dw1_1_IRQn\000"
 1175      735F696E 
 1175      74657272 
 1175      75707473 
 1175      5F647731 
 1176              	.LASF49:
 1177 0d8e 63707573 		.ascii	"cpuss_interrupts_ipc_14_IRQn\000"
 1177      735F696E 
 1177      74657272 
 1177      75707473 
 1177      5F697063 
 1178              	.LASF150:
 1179 0dab 61756469 		.ascii	"audioss_interrupt_pdm_IRQn\000"
 1179      6F73735F 
 1179      696E7465 
 1179      72727570 
 1179      745F7064 
 1180              	.LASF173:
 1181 0dc6 6C6F6E67 		.ascii	"long double\000"
 1181      20646F75 
 1181      626C6500 
 1182              	.LASF174:
 1183 0dd2 63686172 		.ascii	"char\000"
 1183      00
 1184              	.LASF187:
 1185 0dd7 47656E65 		.ascii	"Generated_Source\\PSoC6\\cyfitter_sysint_cfg.c\000"
 1185      72617465 
 1185      645F536F 
 1185      75726365 
 1185      5C50536F 
 1186              	.LASF72:
 1187 0e04 63707573 		.ascii	"cpuss_interrupts_dw0_12_IRQn\000"
 1187      735F696E 
 1187      74657272 
 1187      75707473 
 1187      5F647730 
 1188              	.LASF13:
 1189 0e21 696F7373 		.ascii	"ioss_interrupts_gpio_3_IRQn\000"
 1189      5F696E74 
 1189      65727275 
 1189      7074735F 
 1189      6770696F 
 1190              	.LASF148:
 1191 0e3d 70617373 		.ascii	"pass_interrupt_sar_IRQn\000"
 1191      5F696E74 
 1191      65727275 
 1191      70745F73 
 1191      61725F49 
 1192              	.LASF8:
 1193 0e55 50656E64 		.ascii	"PendSV_IRQn\000"
 1193      53565F49 
 1193      52516E00 
 1194              	.LASF54:
 1195 0e61 7363625F 		.ascii	"scb_3_interrupt_IRQn\000"
 1195      335F696E 
 1195      74657272 
 1195      7570745F 
ARM GAS  C:\Users\User\AppData\Local\Temp\cc06JdLO.s 			page 32


 1195      4952516E 
 1196              	.LASF141:
 1197 0e76 7564625F 		.ascii	"udb_interrupts_9_IRQn\000"
 1197      696E7465 
 1197      72727570 
 1197      74735F39 
 1197      5F495251 
 1198              	.LASF188:
 1199 0e8c 433A5C55 		.ascii	"C:\\Users\\User\\Desktop\\SmartBottle_v0p1\\SmartBo"
 1199      73657273 
 1199      5C557365 
 1199      725C4465 
 1199      736B746F 
 1200 0eba 74746C65 		.ascii	"ttle_v0p1.cydsn\000"
 1200      5F763070 
 1200      312E6379 
 1200      64736E00 
 1201              	.LASF163:
 1202 0eca 5F5F696E 		.ascii	"__int32_t\000"
 1202      7433325F 
 1202      7400
 1203              	.LASF127:
 1204 0ed4 74637077 		.ascii	"tcpwm_1_interrupts_19_IRQn\000"
 1204      6D5F315F 
 1204      696E7465 
 1204      72727570 
 1204      74735F31 
 1205              	.LASF57:
 1206 0eef 7363625F 		.ascii	"scb_6_interrupt_IRQn\000"
 1206      365F696E 
 1206      74657272 
 1206      7570745F 
 1206      4952516E 
 1207              	.LASF11:
 1208 0f04 696F7373 		.ascii	"ioss_interrupts_gpio_1_IRQn\000"
 1208      5F696E74 
 1208      65727275 
 1208      7074735F 
 1208      6770696F 
 1209              	.LASF2:
 1210 0f20 48617264 		.ascii	"HardFault_IRQn\000"
 1210      4661756C 
 1210      745F4952 
 1210      516E00
 1211              	.LASF65:
 1212 0f2f 63707573 		.ascii	"cpuss_interrupts_dw0_5_IRQn\000"
 1212      735F696E 
 1212      74657272 
 1212      75707473 
 1212      5F647730 
 1213              	.LASF7:
 1214 0f4b 44656275 		.ascii	"DebugMonitor_IRQn\000"
 1214      674D6F6E 
 1214      69746F72 
 1214      5F495251 
 1214      6E00
 1215              	.LASF59:
ARM GAS  C:\Users\User\AppData\Local\Temp\cc06JdLO.s 			page 33


 1216 0f5d 6373645F 		.ascii	"csd_interrupt_IRQn\000"
 1216      696E7465 
 1216      72727570 
 1216      745F4952 
 1216      516E00
 1217              	.LASF35:
 1218 0f70 63707573 		.ascii	"cpuss_interrupts_ipc_0_IRQn\000"
 1218      735F696E 
 1218      74657272 
 1218      75707473 
 1218      5F697063 
 1219              	.LASF130:
 1220 0f8c 74637077 		.ascii	"tcpwm_1_interrupts_22_IRQn\000"
 1220      6D5F315F 
 1220      696E7465 
 1220      72727570 
 1220      74735F32 
 1221              	.LASF111:
 1222 0fa7 74637077 		.ascii	"tcpwm_1_interrupts_3_IRQn\000"
 1222      6D5F315F 
 1222      696E7465 
 1222      72727570 
 1222      74735F33 
 1223              	.LASF43:
 1224 0fc1 63707573 		.ascii	"cpuss_interrupts_ipc_8_IRQn\000"
 1224      735F696E 
 1224      74657272 
 1224      75707473 
 1224      5F697063 
 1225              	.LASF78:
 1226 0fdd 63707573 		.ascii	"cpuss_interrupts_dw1_2_IRQn\000"
 1226      735F696E 
 1226      74657272 
 1226      75707473 
 1226      5F647731 
 1227              	.LASF50:
 1228 0ff9 63707573 		.ascii	"cpuss_interrupts_ipc_15_IRQn\000"
 1228      735F696E 
 1228      74657272 
 1228      75707473 
 1228      5F697063 
 1229              	.LASF136:
 1230 1016 7564625F 		.ascii	"udb_interrupts_4_IRQn\000"
 1230      696E7465 
 1230      72727570 
 1230      74735F34 
 1230      5F495251 
 1231              	.LASF122:
 1232 102c 74637077 		.ascii	"tcpwm_1_interrupts_14_IRQn\000"
 1232      6D5F315F 
 1232      696E7465 
 1232      72727570 
 1232      74735F31 
 1233              	.LASF14:
 1234 1047 696F7373 		.ascii	"ioss_interrupts_gpio_4_IRQn\000"
 1234      5F696E74 
 1234      65727275 
ARM GAS  C:\Users\User\AppData\Local\Temp\cc06JdLO.s 			page 34


 1234      7074735F 
 1234      6770696F 
 1235              	.LASF185:
 1236 1063 43617053 		.ascii	"CapSense_ISR_cfg\000"
 1236      656E7365 
 1236      5F495352 
 1236      5F636667 
 1236      00
 1237              	.LASF22:
 1238 1074 696F7373 		.ascii	"ioss_interrupts_gpio_12_IRQn\000"
 1238      5F696E74 
 1238      65727275 
 1238      7074735F 
 1238      6770696F 
 1239              	.LASF151:
 1240 1091 70726F66 		.ascii	"profile_interrupt_IRQn\000"
 1240      696C655F 
 1240      696E7465 
 1240      72727570 
 1240      745F4952 
 1241              	.LASF88:
 1242 10a8 63707573 		.ascii	"cpuss_interrupts_dw1_12_IRQn\000"
 1242      735F696E 
 1242      74657272 
 1242      75707473 
 1242      5F647731 
 1243              	.LASF60:
 1244 10c5 63707573 		.ascii	"cpuss_interrupts_dw0_0_IRQn\000"
 1244      735F696E 
 1244      74657272 
 1244      75707473 
 1244      5F647730 
 1245              	.LASF26:
 1246 10e1 696F7373 		.ascii	"ioss_interrupt_vdd_IRQn\000"
 1246      5F696E74 
 1246      65727275 
 1246      70745F76 
 1246      64645F49 
 1247              	.LASF100:
 1248 10f9 74637077 		.ascii	"tcpwm_0_interrupts_0_IRQn\000"
 1248      6D5F305F 
 1248      696E7465 
 1248      72727570 
 1248      74735F30 
 1249              	.LASF86:
 1250 1113 63707573 		.ascii	"cpuss_interrupts_dw1_10_IRQn\000"
 1250      735F696E 
 1250      74657272 
 1250      75707473 
 1250      5F647731 
 1251              	.LASF31:
 1252 1130 73727373 		.ascii	"srss_interrupt_backup_IRQn\000"
 1252      5F696E74 
 1252      65727275 
 1252      70745F62 
 1252      61636B75 
 1253              	.LASF45:
ARM GAS  C:\Users\User\AppData\Local\Temp\cc06JdLO.s 			page 35


 1254 114b 63707573 		.ascii	"cpuss_interrupts_ipc_10_IRQn\000"
 1254      735F696E 
 1254      74657272 
 1254      75707473 
 1254      5F697063 
 1255              	.LASF82:
 1256 1168 63707573 		.ascii	"cpuss_interrupts_dw1_6_IRQn\000"
 1256      735F696E 
 1256      74657272 
 1256      75707473 
 1256      5F647731 
 1257              	.LASF67:
 1258 1184 63707573 		.ascii	"cpuss_interrupts_dw0_7_IRQn\000"
 1258      735F696E 
 1258      74657272 
 1258      75707473 
 1258      5F647730 
 1259              	.LASF178:
 1260 11a0 696E7472 		.ascii	"intrPriority\000"
 1260      5072696F 
 1260      72697479 
 1260      00
 1261              	.LASF112:
 1262 11ad 74637077 		.ascii	"tcpwm_1_interrupts_4_IRQn\000"
 1262      6D5F315F 
 1262      696E7465 
 1262      72727570 
 1262      74735F34 
 1263              	.LASF96:
 1264 11c7 63707573 		.ascii	"cpuss_interrupts_cm0_cti_0_IRQn\000"
 1264      735F696E 
 1264      74657272 
 1264      75707473 
 1264      5F636D30 
 1265              	.LASF18:
 1266 11e7 696F7373 		.ascii	"ioss_interrupts_gpio_8_IRQn\000"
 1266      5F696E74 
 1266      65727275 
 1266      7074735F 
 1266      6770696F 
 1267              	.LASF44:
 1268 1203 63707573 		.ascii	"cpuss_interrupts_ipc_9_IRQn\000"
 1268      735F696E 
 1268      74657272 
 1268      75707473 
 1268      5F697063 
 1269              	.LASF137:
 1270 121f 7564625F 		.ascii	"udb_interrupts_5_IRQn\000"
 1270      696E7465 
 1270      72727570 
 1270      74735F35 
 1270      5F495251 
 1271              	.LASF48:
 1272 1235 63707573 		.ascii	"cpuss_interrupts_ipc_13_IRQn\000"
 1272      735F696E 
 1272      74657272 
 1272      75707473 
ARM GAS  C:\Users\User\AppData\Local\Temp\cc06JdLO.s 			page 36


 1272      5F697063 
 1273              		.ident	"GCC: (GNU Tools for ARM Embedded Processors) 5.4.1 20160609 (release) [ARM/embedded-5-bran
