ARM GAS  C:\Users\User\AppData\Local\Temp\ccJMl1cb.s 			page 1


   1              		.syntax unified
   2              		.cpu cortex-m0plus
   3              		.fpu softvfp
   4              		.eabi_attribute 20, 1
   5              		.eabi_attribute 21, 1
   6              		.eabi_attribute 23, 3
   7              		.eabi_attribute 24, 1
   8              		.eabi_attribute 25, 1
   9              		.eabi_attribute 26, 1
  10              		.eabi_attribute 30, 1
  11              		.eabi_attribute 34, 0
  12              		.eabi_attribute 18, 4
  13              		.thumb
  14              		.syntax unified
  15              		.file	"main_cm0p.c"
  16              		.text
  17              	.Ltext0:
  18              		.cfi_sections	.debug_frame
  19              		.section	.text.main,"ax",%progbits
  20              		.align	2
  21              		.global	main
  22              		.code	16
  23              		.thumb_func
  24              		.type	main, %function
  25              	main:
  26              	.LFB532:
  27              		.file 1 "main_cm0p.c"
   1:main_cm0p.c   **** /******************************************************************************
   2:main_cm0p.c   **** * File Name: main_cm0p.c
   3:main_cm0p.c   **** *
   4:main_cm0p.c   **** * Version: 1.00
   5:main_cm0p.c   **** *
   6:main_cm0p.c   **** * Description: This file contains the Cortex-M0+ BLE controller code
   7:main_cm0p.c   **** *
   8:main_cm0p.c   **** * Related Document: CE218135_BLE_Proximity.pdf
   9:main_cm0p.c   **** *
  10:main_cm0p.c   **** * Hardware Dependency: CY8CKIT-062-BLE PSoC 6 BLE Pioneer Kit
  11:main_cm0p.c   **** *
  12:main_cm0p.c   **** ******************************************************************************
  13:main_cm0p.c   **** * Copyright (2017), Cypress Semiconductor Corporation.
  14:main_cm0p.c   **** ******************************************************************************
  15:main_cm0p.c   **** * This software, including source code, documentation and related materials
  16:main_cm0p.c   **** * ("Software") is owned by Cypress Semiconductor Corporation (Cypress) and is
  17:main_cm0p.c   **** * protected by and subject to worldwide patent protection (United States and 
  18:main_cm0p.c   **** * foreign), United States copyright laws and international treaty provisions. 
  19:main_cm0p.c   **** * Cypress hereby grants to licensee a personal, non-exclusive, non-transferable
  20:main_cm0p.c   **** * license to copy, use, modify, create derivative works of, and compile the 
  21:main_cm0p.c   **** * Cypress source code and derivative works for the sole purpose of creating 
  22:main_cm0p.c   **** * custom software in support of licensee product, such licensee product to be
  23:main_cm0p.c   **** * used only in conjunction with Cypress's integrated circuit as specified in the
  24:main_cm0p.c   **** * applicable agreement. Any reproduction, modification, translation, compilation,
  25:main_cm0p.c   **** * or representation of this Software except as specified above is prohibited 
  26:main_cm0p.c   **** * without the express written permission of Cypress.
  27:main_cm0p.c   **** * 
  28:main_cm0p.c   **** * Disclaimer: THIS SOFTWARE IS PROVIDED AS-IS, WITH NO WARRANTY OF ANY KIND, 
  29:main_cm0p.c   **** * EXPRESS OR IMPLIED, INCLUDING, BUT NOT LIMITED TO, NONINFRINGEMENT, IMPLIED 
  30:main_cm0p.c   **** * WARRANTIES OF MERCHANTABILITY AND FITNESS FOR A PARTICULAR PURPOSE.
ARM GAS  C:\Users\User\AppData\Local\Temp\ccJMl1cb.s 			page 2


  31:main_cm0p.c   **** * Cypress reserves the right to make changes to the Software without notice. 
  32:main_cm0p.c   **** * Cypress does not assume any liability arising out of the application or use
  33:main_cm0p.c   **** * of Software or any product or circuit described in the Software. Cypress does
  34:main_cm0p.c   **** * not authorize its products for use as critical components in any products 
  35:main_cm0p.c   **** * where a malfunction or failure may reasonably be expected to result in 
  36:main_cm0p.c   **** * significant injury or death ("ACTIVE Risk Product"). By including Cypress's 
  37:main_cm0p.c   **** * product in a ACTIVE Risk Product, the manufacturer of such system or application
  38:main_cm0p.c   **** * assumes all risk of such use and in doing so indemnifies Cypress against all
  39:main_cm0p.c   **** * liability. Use of this Software may be limited by and subject to the applicable
  40:main_cm0p.c   **** * Cypress software license agreement.
  41:main_cm0p.c   **** *****************************************************************************/
  42:main_cm0p.c   **** /******************************************************************************
  43:main_cm0p.c   **** * Cortex-M0+ handles the controller portion of BLE. For the host functions, 
  44:main_cm0p.c   **** * see main_cm4.c
  45:main_cm0p.c   **** *******************************************************************************/
  46:main_cm0p.c   **** 
  47:main_cm0p.c   **** /* Header file includes */
  48:main_cm0p.c   **** #include <project.h>
  49:main_cm0p.c   **** 
  50:main_cm0p.c   **** /*******************************************************************************
  51:main_cm0p.c   **** * Function Name: main
  52:main_cm0p.c   **** ********************************************************************************
  53:main_cm0p.c   **** * Summary:
  54:main_cm0p.c   **** *  System entrance point. This function enables the Cortex-M4 and continuously 
  55:main_cm0p.c   **** *  processes BLE controller events
  56:main_cm0p.c   **** *
  57:main_cm0p.c   **** * Parameters:
  58:main_cm0p.c   **** *  void
  59:main_cm0p.c   **** *
  60:main_cm0p.c   **** * Return:
  61:main_cm0p.c   **** *  int
  62:main_cm0p.c   **** *
  63:main_cm0p.c   **** *******************************************************************************/
  64:main_cm0p.c   **** int main(void)
  65:main_cm0p.c   **** {
  28              		.loc 1 65 0
  29              		.cfi_startproc
  30              		@ Volatile: function does not return.
  31              		@ args = 0, pretend = 0, frame = 0
  32              		@ frame_needed = 0, uses_anonymous_args = 0
  33 0000 10B5     		push	{r4, lr}
  34              		.cfi_def_cfa_offset 8
  35              		.cfi_offset 4, -8
  36              		.cfi_offset 14, -4
  37              	.LBB4:
  38              	.LBB5:
  39              		.file 2 "Generated_Source\\PSoC6\\pdl\\cmsis/include/cmsis_gcc.h"
   1:Generated_Source\PSoC6\pdl\cmsis/include/cmsis_gcc.h **** /**************************************************************************//**
   2:Generated_Source\PSoC6\pdl\cmsis/include/cmsis_gcc.h ****  * @file     cmsis_gcc.h
   3:Generated_Source\PSoC6\pdl\cmsis/include/cmsis_gcc.h ****  * @brief    CMSIS compiler GCC header file
   4:Generated_Source\PSoC6\pdl\cmsis/include/cmsis_gcc.h ****  * @version  V5.0.1
   5:Generated_Source\PSoC6\pdl\cmsis/include/cmsis_gcc.h ****  * @date     02. February 2017
   6:Generated_Source\PSoC6\pdl\cmsis/include/cmsis_gcc.h ****  ******************************************************************************/
   7:Generated_Source\PSoC6\pdl\cmsis/include/cmsis_gcc.h **** /*
   8:Generated_Source\PSoC6\pdl\cmsis/include/cmsis_gcc.h ****  * Copyright (c) 2009-2017 ARM Limited. All rights reserved.
   9:Generated_Source\PSoC6\pdl\cmsis/include/cmsis_gcc.h ****  *
  10:Generated_Source\PSoC6\pdl\cmsis/include/cmsis_gcc.h ****  * SPDX-License-Identifier: Apache-2.0
ARM GAS  C:\Users\User\AppData\Local\Temp\ccJMl1cb.s 			page 3


  11:Generated_Source\PSoC6\pdl\cmsis/include/cmsis_gcc.h ****  *
  12:Generated_Source\PSoC6\pdl\cmsis/include/cmsis_gcc.h ****  * Licensed under the Apache License, Version 2.0 (the License); you may
  13:Generated_Source\PSoC6\pdl\cmsis/include/cmsis_gcc.h ****  * not use this file except in compliance with the License.
  14:Generated_Source\PSoC6\pdl\cmsis/include/cmsis_gcc.h ****  * You may obtain a copy of the License at
  15:Generated_Source\PSoC6\pdl\cmsis/include/cmsis_gcc.h ****  *
  16:Generated_Source\PSoC6\pdl\cmsis/include/cmsis_gcc.h ****  * www.apache.org/licenses/LICENSE-2.0
  17:Generated_Source\PSoC6\pdl\cmsis/include/cmsis_gcc.h ****  *
  18:Generated_Source\PSoC6\pdl\cmsis/include/cmsis_gcc.h ****  * Unless required by applicable law or agreed to in writing, software
  19:Generated_Source\PSoC6\pdl\cmsis/include/cmsis_gcc.h ****  * distributed under the License is distributed on an AS IS BASIS, WITHOUT
  20:Generated_Source\PSoC6\pdl\cmsis/include/cmsis_gcc.h ****  * WARRANTIES OR CONDITIONS OF ANY KIND, either express or implied.
  21:Generated_Source\PSoC6\pdl\cmsis/include/cmsis_gcc.h ****  * See the License for the specific language governing permissions and
  22:Generated_Source\PSoC6\pdl\cmsis/include/cmsis_gcc.h ****  * limitations under the License.
  23:Generated_Source\PSoC6\pdl\cmsis/include/cmsis_gcc.h ****  */
  24:Generated_Source\PSoC6\pdl\cmsis/include/cmsis_gcc.h **** 
  25:Generated_Source\PSoC6\pdl\cmsis/include/cmsis_gcc.h **** #ifndef __CMSIS_GCC_H
  26:Generated_Source\PSoC6\pdl\cmsis/include/cmsis_gcc.h **** #define __CMSIS_GCC_H
  27:Generated_Source\PSoC6\pdl\cmsis/include/cmsis_gcc.h **** 
  28:Generated_Source\PSoC6\pdl\cmsis/include/cmsis_gcc.h **** /* ignore some GCC warnings */
  29:Generated_Source\PSoC6\pdl\cmsis/include/cmsis_gcc.h **** #pragma GCC diagnostic push
  30:Generated_Source\PSoC6\pdl\cmsis/include/cmsis_gcc.h **** #pragma GCC diagnostic ignored "-Wsign-conversion"
  31:Generated_Source\PSoC6\pdl\cmsis/include/cmsis_gcc.h **** #pragma GCC diagnostic ignored "-Wconversion"
  32:Generated_Source\PSoC6\pdl\cmsis/include/cmsis_gcc.h **** #pragma GCC diagnostic ignored "-Wunused-parameter"
  33:Generated_Source\PSoC6\pdl\cmsis/include/cmsis_gcc.h **** 
  34:Generated_Source\PSoC6\pdl\cmsis/include/cmsis_gcc.h **** /* CMSIS compiler specific defines */
  35:Generated_Source\PSoC6\pdl\cmsis/include/cmsis_gcc.h **** #ifndef   __ASM
  36:Generated_Source\PSoC6\pdl\cmsis/include/cmsis_gcc.h ****   #define __ASM                     __asm
  37:Generated_Source\PSoC6\pdl\cmsis/include/cmsis_gcc.h **** #endif
  38:Generated_Source\PSoC6\pdl\cmsis/include/cmsis_gcc.h **** #ifndef   __INLINE
  39:Generated_Source\PSoC6\pdl\cmsis/include/cmsis_gcc.h ****   #define __INLINE                  inline
  40:Generated_Source\PSoC6\pdl\cmsis/include/cmsis_gcc.h **** #endif
  41:Generated_Source\PSoC6\pdl\cmsis/include/cmsis_gcc.h **** #ifndef   __STATIC_INLINE
  42:Generated_Source\PSoC6\pdl\cmsis/include/cmsis_gcc.h ****   #define __STATIC_INLINE           static inline
  43:Generated_Source\PSoC6\pdl\cmsis/include/cmsis_gcc.h **** #endif
  44:Generated_Source\PSoC6\pdl\cmsis/include/cmsis_gcc.h **** #ifndef   __NO_RETURN
  45:Generated_Source\PSoC6\pdl\cmsis/include/cmsis_gcc.h ****   #define __NO_RETURN               __attribute__((noreturn))
  46:Generated_Source\PSoC6\pdl\cmsis/include/cmsis_gcc.h **** #endif
  47:Generated_Source\PSoC6\pdl\cmsis/include/cmsis_gcc.h **** #ifndef   __USED
  48:Generated_Source\PSoC6\pdl\cmsis/include/cmsis_gcc.h ****   #define __USED                    __attribute__((used))
  49:Generated_Source\PSoC6\pdl\cmsis/include/cmsis_gcc.h **** #endif
  50:Generated_Source\PSoC6\pdl\cmsis/include/cmsis_gcc.h **** #ifndef   __WEAK
  51:Generated_Source\PSoC6\pdl\cmsis/include/cmsis_gcc.h ****   #define __WEAK                    __attribute__((weak))
  52:Generated_Source\PSoC6\pdl\cmsis/include/cmsis_gcc.h **** #endif
  53:Generated_Source\PSoC6\pdl\cmsis/include/cmsis_gcc.h **** #ifndef   __UNALIGNED_UINT32
  54:Generated_Source\PSoC6\pdl\cmsis/include/cmsis_gcc.h **** #pragma GCC diagnostic push
  55:Generated_Source\PSoC6\pdl\cmsis/include/cmsis_gcc.h **** #pragma GCC diagnostic ignored "-Wpacked"
  56:Generated_Source\PSoC6\pdl\cmsis/include/cmsis_gcc.h **** #pragma GCC diagnostic ignored "-Wattributes"
  57:Generated_Source\PSoC6\pdl\cmsis/include/cmsis_gcc.h ****   struct __attribute__((packed)) T_UINT32 { uint32_t v; };
  58:Generated_Source\PSoC6\pdl\cmsis/include/cmsis_gcc.h **** #pragma GCC diagnostic pop
  59:Generated_Source\PSoC6\pdl\cmsis/include/cmsis_gcc.h ****   #define __UNALIGNED_UINT32(x)     (((struct T_UINT32 *)(x))->v)
  60:Generated_Source\PSoC6\pdl\cmsis/include/cmsis_gcc.h **** #endif
  61:Generated_Source\PSoC6\pdl\cmsis/include/cmsis_gcc.h **** #ifndef   __ALIGNED
  62:Generated_Source\PSoC6\pdl\cmsis/include/cmsis_gcc.h ****   #define __ALIGNED(x)              __attribute__((aligned(x)))
  63:Generated_Source\PSoC6\pdl\cmsis/include/cmsis_gcc.h **** #endif
  64:Generated_Source\PSoC6\pdl\cmsis/include/cmsis_gcc.h **** #ifndef   __PACKED
  65:Generated_Source\PSoC6\pdl\cmsis/include/cmsis_gcc.h ****   #define __PACKED                  __attribute__((packed, aligned(1)))
  66:Generated_Source\PSoC6\pdl\cmsis/include/cmsis_gcc.h **** #endif
  67:Generated_Source\PSoC6\pdl\cmsis/include/cmsis_gcc.h **** #ifndef   __PACKED_STRUCT
ARM GAS  C:\Users\User\AppData\Local\Temp\ccJMl1cb.s 			page 4


  68:Generated_Source\PSoC6\pdl\cmsis/include/cmsis_gcc.h ****   #define __PACKED_STRUCT           struct __attribute__((packed, aligned(1)))
  69:Generated_Source\PSoC6\pdl\cmsis/include/cmsis_gcc.h **** #endif
  70:Generated_Source\PSoC6\pdl\cmsis/include/cmsis_gcc.h **** 
  71:Generated_Source\PSoC6\pdl\cmsis/include/cmsis_gcc.h **** 
  72:Generated_Source\PSoC6\pdl\cmsis/include/cmsis_gcc.h **** /* ###########################  Core Function Access  ########################### */
  73:Generated_Source\PSoC6\pdl\cmsis/include/cmsis_gcc.h **** /** \ingroup  CMSIS_Core_FunctionInterface
  74:Generated_Source\PSoC6\pdl\cmsis/include/cmsis_gcc.h ****     \defgroup CMSIS_Core_RegAccFunctions CMSIS Core Register Access Functions
  75:Generated_Source\PSoC6\pdl\cmsis/include/cmsis_gcc.h ****   @{
  76:Generated_Source\PSoC6\pdl\cmsis/include/cmsis_gcc.h ****  */
  77:Generated_Source\PSoC6\pdl\cmsis/include/cmsis_gcc.h **** 
  78:Generated_Source\PSoC6\pdl\cmsis/include/cmsis_gcc.h **** /**
  79:Generated_Source\PSoC6\pdl\cmsis/include/cmsis_gcc.h ****   \brief   Enable IRQ Interrupts
  80:Generated_Source\PSoC6\pdl\cmsis/include/cmsis_gcc.h ****   \details Enables IRQ interrupts by clearing the I-bit in the CPSR.
  81:Generated_Source\PSoC6\pdl\cmsis/include/cmsis_gcc.h ****            Can only be executed in Privileged modes.
  82:Generated_Source\PSoC6\pdl\cmsis/include/cmsis_gcc.h ****  */
  83:Generated_Source\PSoC6\pdl\cmsis/include/cmsis_gcc.h **** __attribute__((always_inline)) __STATIC_INLINE void __enable_irq(void)
  84:Generated_Source\PSoC6\pdl\cmsis/include/cmsis_gcc.h **** {
  85:Generated_Source\PSoC6\pdl\cmsis/include/cmsis_gcc.h ****   __ASM volatile ("cpsie i" : : : "memory");
  40              		.loc 2 85 0
  41              		.syntax divided
  42              	@ 85 "Generated_Source\PSoC6\pdl\cmsis/include/cmsis_gcc.h" 1
  43 0002 62B6     		cpsie i
  44              	@ 0 "" 2
  45              		.thumb
  46              		.syntax unified
  47              	.LBE5:
  48              	.LBE4:
  66:main_cm0p.c   ****     /* Enable global interrupts */
  67:main_cm0p.c   ****     __enable_irq();
  68:main_cm0p.c   ****     
  69:main_cm0p.c   ****     /* Start the Controller portion of BLE. Host runs on the CM4 */
  70:main_cm0p.c   ****     if(Cy_BLE_Start(NULL) == CY_BLE_SUCCESS)
  49              		.loc 1 70 0
  50 0004 0020     		movs	r0, #0
  51 0006 FFF7FEFF 		bl	Cy_BLE_Start
  52              	.LVL0:
  53 000a 0028     		cmp	r0, #0
  54 000c 03D1     		bne	.L2
  71:main_cm0p.c   ****     {
  72:main_cm0p.c   ****         /* Enable CM4 only if BLE Controller started successfully. 
  73:main_cm0p.c   ****            CY_CORTEX_M4_APPL_ADDR must be updated if CM4 memory layout 
  74:main_cm0p.c   ****            is changed. */
  75:main_cm0p.c   ****         Cy_SysEnableCM4(CY_CORTEX_M4_APPL_ADDR); 
  55              		.loc 1 75 0
  56 000e 0748     		ldr	r0, .L5
  57 0010 FFF7FEFF 		bl	Cy_SysEnableCM4
  58              	.LVL1:
  59 0014 03E0     		b	.L4
  60              	.L2:
  76:main_cm0p.c   ****     }
  77:main_cm0p.c   ****     else
  78:main_cm0p.c   ****     {
  79:main_cm0p.c   ****         /* Halt the CPU if the BLE initialization failed */
  80:main_cm0p.c   ****         CY_ASSERT(0u != 0u);
  61              		.loc 1 80 0 discriminator 1
  62 0016 5021     		movs	r1, #80
  63 0018 0548     		ldr	r0, .L5+4
ARM GAS  C:\Users\User\AppData\Local\Temp\ccJMl1cb.s 			page 5


  64 001a FFF7FEFF 		bl	Cy_SysLib_AssertFailed
  65              	.LVL2:
  66              	.L4:
  81:main_cm0p.c   ****     }
  82:main_cm0p.c   ****     
  83:main_cm0p.c   ****     for (;;)
  84:main_cm0p.c   ****     {
  85:main_cm0p.c   ****         /* Cy_Ble_ProcessEvents() allows the BLE stack to process pending events */
  86:main_cm0p.c   ****         Cy_BLE_ProcessEvents();
  67              		.loc 1 86 0 discriminator 1
  68 001e FFF7FEFF 		bl	Cy_BLE_ProcessEvents
  69              	.LVL3:
  87:main_cm0p.c   ****         
  88:main_cm0p.c   ****         /* Put CM0p to Deep-Sleep mode. The BLE Controller automatically wakes up 
  89:main_cm0p.c   ****            the CPU if processing is required */
  90:main_cm0p.c   ****         Cy_SysPm_DeepSleep(CY_SYSPM_WAIT_FOR_INTERRUPT);
  70              		.loc 1 90 0 discriminator 1
  71 0022 0020     		movs	r0, #0
  72 0024 FFF7FEFF 		bl	Cy_SysPm_DeepSleep
  73              	.LVL4:
  74 0028 F9E7     		b	.L4
  75              	.L6:
  76 002a C046     		.align	2
  77              	.L5:
  78 002c 00000810 		.word	268959744
  79 0030 00000000 		.word	.LC0
  80              		.cfi_endproc
  81              	.LFE532:
  82              		.size	main, .-main
  83              		.section	.rodata.str1.4,"aMS",%progbits,1
  84              		.align	2
  85              	.LC0:
  86 0000 6D61696E 		.ascii	"main_cm0p.c\000"
  86      5F636D30 
  86      702E6300 
  87              		.text
  88              	.Letext0:
  89              		.file 3 "d:\\cypress creator\\psoc creator\\4.2\\psoc creator\\import\\gnu\\arm\\5.4.1\\arm-none-e
  90              		.file 4 "d:\\cypress creator\\psoc creator\\4.2\\psoc creator\\import\\gnu\\arm\\5.4.1\\arm-none-e
  91              		.file 5 "Generated_Source\\PSoC6\\pdl\\drivers/peripheral/syslib/cy_syslib.h"
  92              		.file 6 "Generated_Source\\PSoC6\\pdl\\drivers/peripheral/tcpwm/cy_tcpwm_counter.h"
  93              		.file 7 "Generated_Source\\PSoC6\\pdl\\drivers/peripheral/scb/cy_scb_spi.h"
  94              		.file 8 "Generated_Source\\PSoC6\\pdl\\drivers/peripheral/scb/cy_scb_uart.h"
  95              		.file 9 "Generated_Source\\PSoC6\\pdl\\drivers/peripheral/syspm/cy_syspm.h"
  96              		.file 10 "Generated_Source\\PSoC6\\pdl\\middleware/ble/cy_ble_stack.h"
  97              		.file 11 "Generated_Source\\PSoC6/CY_EINK_SPIM.h"
  98              		.file 12 "Generated_Source\\PSoC6/CY_EINK_Timer.h"
  99              		.file 13 "Generated_Source\\PSoC6/Uart_Printf.h"
 100              		.file 14 "Generated_Source\\PSoC6/BLE.h"
 101              		.file 15 "./system_psoc63.h"
 102              		.section	.debug_info,"",%progbits
 103              	.Ldebug_info0:
 104 0000 63050000 		.4byte	0x563
 105 0004 0400     		.2byte	0x4
 106 0006 00000000 		.4byte	.Ldebug_abbrev0
 107 000a 04       		.byte	0x4
 108 000b 01       		.uleb128 0x1
ARM GAS  C:\Users\User\AppData\Local\Temp\ccJMl1cb.s 			page 6


 109 000c A1010000 		.4byte	.LASF101
 110 0010 0C       		.byte	0xc
 111 0011 FE070000 		.4byte	.LASF102
 112 0015 41050000 		.4byte	.LASF103
 113 0019 00000000 		.4byte	.Ldebug_ranges0+0
 114 001d 00000000 		.4byte	0
 115 0021 00000000 		.4byte	.Ldebug_line0
 116 0025 02       		.uleb128 0x2
 117 0026 02       		.byte	0x2
 118 0027 05       		.byte	0x5
 119 0028 5F010000 		.4byte	.LASF0
 120 002c 02       		.uleb128 0x2
 121 002d 01       		.byte	0x1
 122 002e 08       		.byte	0x8
 123 002f B4040000 		.4byte	.LASF1
 124 0033 02       		.uleb128 0x2
 125 0034 01       		.byte	0x1
 126 0035 06       		.byte	0x6
 127 0036 15050000 		.4byte	.LASF2
 128 003a 02       		.uleb128 0x2
 129 003b 02       		.byte	0x2
 130 003c 07       		.byte	0x7
 131 003d 3B060000 		.4byte	.LASF3
 132 0041 02       		.uleb128 0x2
 133 0042 04       		.byte	0x4
 134 0043 05       		.byte	0x5
 135 0044 04030000 		.4byte	.LASF4
 136 0048 03       		.uleb128 0x3
 137 0049 84020000 		.4byte	.LASF9
 138 004d 03       		.byte	0x3
 139 004e 41       		.byte	0x41
 140 004f 53000000 		.4byte	0x53
 141 0053 02       		.uleb128 0x2
 142 0054 04       		.byte	0x4
 143 0055 07       		.byte	0x7
 144 0056 CB060000 		.4byte	.LASF5
 145 005a 02       		.uleb128 0x2
 146 005b 08       		.byte	0x8
 147 005c 05       		.byte	0x5
 148 005d 34070000 		.4byte	.LASF6
 149 0061 02       		.uleb128 0x2
 150 0062 08       		.byte	0x8
 151 0063 07       		.byte	0x7
 152 0064 21050000 		.4byte	.LASF7
 153 0068 04       		.uleb128 0x4
 154 0069 04       		.byte	0x4
 155 006a 05       		.byte	0x5
 156 006b 696E7400 		.ascii	"int\000"
 157 006f 02       		.uleb128 0x2
 158 0070 04       		.byte	0x4
 159 0071 07       		.byte	0x7
 160 0072 7F050000 		.4byte	.LASF8
 161 0076 03       		.uleb128 0x3
 162 0077 38050000 		.4byte	.LASF10
 163 007b 04       		.byte	0x4
 164 007c 30       		.byte	0x30
 165 007d 48000000 		.4byte	0x48
ARM GAS  C:\Users\User\AppData\Local\Temp\ccJMl1cb.s 			page 7


 166 0081 02       		.uleb128 0x2
 167 0082 04       		.byte	0x4
 168 0083 07       		.byte	0x7
 169 0084 69010000 		.4byte	.LASF11
 170 0088 05       		.uleb128 0x5
 171 0089 76000000 		.4byte	0x76
 172 008d 02       		.uleb128 0x2
 173 008e 08       		.byte	0x8
 174 008f 04       		.byte	0x4
 175 0090 90040000 		.4byte	.LASF12
 176 0094 06       		.uleb128 0x6
 177 0095 4B040000 		.4byte	.LASF13
 178 0099 05       		.byte	0x5
 179 009a C401     		.2byte	0x1c4
 180 009c A0000000 		.4byte	0xa0
 181 00a0 02       		.uleb128 0x2
 182 00a1 01       		.byte	0x1
 183 00a2 08       		.byte	0x8
 184 00a3 2D060000 		.4byte	.LASF14
 185 00a7 02       		.uleb128 0x2
 186 00a8 04       		.byte	0x4
 187 00a9 04       		.byte	0x4
 188 00aa A6030000 		.4byte	.LASF15
 189 00ae 02       		.uleb128 0x2
 190 00af 08       		.byte	0x8
 191 00b0 04       		.byte	0x4
 192 00b1 DD060000 		.4byte	.LASF16
 193 00b5 07       		.uleb128 0x7
 194 00b6 01       		.byte	0x1
 195 00b7 2C000000 		.4byte	0x2c
 196 00bb 09       		.byte	0x9
 197 00bc CE03     		.2byte	0x3ce
 198 00be CF000000 		.4byte	0xcf
 199 00c2 08       		.uleb128 0x8
 200 00c3 BC070000 		.4byte	.LASF17
 201 00c7 00       		.byte	0
 202 00c8 08       		.uleb128 0x8
 203 00c9 0F060000 		.4byte	.LASF18
 204 00cd 01       		.byte	0x1
 205 00ce 00       		.byte	0
 206 00cf 09       		.uleb128 0x9
 207 00d0 04       		.byte	0x4
 208 00d1 02       		.uleb128 0x2
 209 00d2 01       		.byte	0x1
 210 00d3 02       		.byte	0x2
 211 00d4 7F060000 		.4byte	.LASF19
 212 00d8 0A       		.uleb128 0xa
 213 00d9 18070000 		.4byte	.LASF41
 214 00dd 4C       		.byte	0x4c
 215 00de 06       		.byte	0x6
 216 00df 2B       		.byte	0x2b
 217 00e0 C9010000 		.4byte	0x1c9
 218 00e4 0B       		.uleb128 0xb
 219 00e5 52040000 		.4byte	.LASF20
 220 00e9 06       		.byte	0x6
 221 00ea 2D       		.byte	0x2d
 222 00eb 76000000 		.4byte	0x76
ARM GAS  C:\Users\User\AppData\Local\Temp\ccJMl1cb.s 			page 8


 223 00ef 00       		.byte	0
 224 00f0 0B       		.uleb128 0xb
 225 00f1 66000000 		.4byte	.LASF21
 226 00f5 06       		.byte	0x6
 227 00f6 2F       		.byte	0x2f
 228 00f7 76000000 		.4byte	0x76
 229 00fb 04       		.byte	0x4
 230 00fc 0B       		.uleb128 0xb
 231 00fd 15040000 		.4byte	.LASF22
 232 0101 06       		.byte	0x6
 233 0102 30       		.byte	0x30
 234 0103 76000000 		.4byte	0x76
 235 0107 08       		.byte	0x8
 236 0108 0B       		.uleb128 0xb
 237 0109 85070000 		.4byte	.LASF23
 238 010d 06       		.byte	0x6
 239 010e 31       		.byte	0x31
 240 010f 76000000 		.4byte	0x76
 241 0113 0C       		.byte	0xc
 242 0114 0B       		.uleb128 0xb
 243 0115 70040000 		.4byte	.LASF24
 244 0119 06       		.byte	0x6
 245 011a 33       		.byte	0x33
 246 011b 76000000 		.4byte	0x76
 247 011f 10       		.byte	0x10
 248 0120 0B       		.uleb128 0xb
 249 0121 9A000000 		.4byte	.LASF25
 250 0125 06       		.byte	0x6
 251 0126 34       		.byte	0x34
 252 0127 76000000 		.4byte	0x76
 253 012b 14       		.byte	0x14
 254 012c 0B       		.uleb128 0xb
 255 012d A3000000 		.4byte	.LASF26
 256 0131 06       		.byte	0x6
 257 0132 35       		.byte	0x35
 258 0133 76000000 		.4byte	0x76
 259 0137 18       		.byte	0x18
 260 0138 0B       		.uleb128 0xb
 261 0139 A0050000 		.4byte	.LASF27
 262 013d 06       		.byte	0x6
 263 013e 36       		.byte	0x36
 264 013f D1000000 		.4byte	0xd1
 265 0143 1C       		.byte	0x1c
 266 0144 0B       		.uleb128 0xb
 267 0145 BA060000 		.4byte	.LASF28
 268 0149 06       		.byte	0x6
 269 014a 38       		.byte	0x38
 270 014b 76000000 		.4byte	0x76
 271 014f 20       		.byte	0x20
 272 0150 0B       		.uleb128 0xb
 273 0151 62080000 		.4byte	.LASF29
 274 0155 06       		.byte	0x6
 275 0156 39       		.byte	0x39
 276 0157 76000000 		.4byte	0x76
 277 015b 24       		.byte	0x24
 278 015c 0B       		.uleb128 0xb
 279 015d 8F020000 		.4byte	.LASF30
ARM GAS  C:\Users\User\AppData\Local\Temp\ccJMl1cb.s 			page 9


 280 0161 06       		.byte	0x6
 281 0162 3B       		.byte	0x3b
 282 0163 76000000 		.4byte	0x76
 283 0167 28       		.byte	0x28
 284 0168 0B       		.uleb128 0xb
 285 0169 E1030000 		.4byte	.LASF31
 286 016d 06       		.byte	0x6
 287 016e 3C       		.byte	0x3c
 288 016f 76000000 		.4byte	0x76
 289 0173 2C       		.byte	0x2c
 290 0174 0B       		.uleb128 0xb
 291 0175 45000000 		.4byte	.LASF32
 292 0179 06       		.byte	0x6
 293 017a 3E       		.byte	0x3e
 294 017b 76000000 		.4byte	0x76
 295 017f 30       		.byte	0x30
 296 0180 0B       		.uleb128 0xb
 297 0181 9C040000 		.4byte	.LASF33
 298 0185 06       		.byte	0x6
 299 0186 3F       		.byte	0x3f
 300 0187 76000000 		.4byte	0x76
 301 018b 34       		.byte	0x34
 302 018c 0B       		.uleb128 0xb
 303 018d 5B070000 		.4byte	.LASF34
 304 0191 06       		.byte	0x6
 305 0192 41       		.byte	0x41
 306 0193 76000000 		.4byte	0x76
 307 0197 38       		.byte	0x38
 308 0198 0B       		.uleb128 0xb
 309 0199 66070000 		.4byte	.LASF35
 310 019d 06       		.byte	0x6
 311 019e 42       		.byte	0x42
 312 019f 76000000 		.4byte	0x76
 313 01a3 3C       		.byte	0x3c
 314 01a4 0B       		.uleb128 0xb
 315 01a5 59040000 		.4byte	.LASF36
 316 01a9 06       		.byte	0x6
 317 01aa 44       		.byte	0x44
 318 01ab 76000000 		.4byte	0x76
 319 01af 40       		.byte	0x40
 320 01b0 0B       		.uleb128 0xb
 321 01b1 75000000 		.4byte	.LASF37
 322 01b5 06       		.byte	0x6
 323 01b6 45       		.byte	0x45
 324 01b7 76000000 		.4byte	0x76
 325 01bb 44       		.byte	0x44
 326 01bc 0B       		.uleb128 0xb
 327 01bd 27080000 		.4byte	.LASF38
 328 01c1 06       		.byte	0x6
 329 01c2 47       		.byte	0x47
 330 01c3 76000000 		.4byte	0x76
 331 01c7 48       		.byte	0x48
 332 01c8 00       		.byte	0
 333 01c9 03       		.uleb128 0x3
 334 01ca B2050000 		.4byte	.LASF39
 335 01ce 06       		.byte	0x6
 336 01cf 48       		.byte	0x48
ARM GAS  C:\Users\User\AppData\Local\Temp\ccJMl1cb.s 			page 10


 337 01d0 D8000000 		.4byte	0xd8
 338 01d4 0C       		.uleb128 0xc
 339 01d5 04       		.byte	0x4
 340 01d6 DA010000 		.4byte	0x1da
 341 01da 0D       		.uleb128 0xd
 342 01db E5010000 		.4byte	0x1e5
 343 01df 0E       		.uleb128 0xe
 344 01e0 76000000 		.4byte	0x76
 345 01e4 00       		.byte	0
 346 01e5 06       		.uleb128 0x6
 347 01e6 5B030000 		.4byte	.LASF40
 348 01ea 07       		.byte	0x7
 349 01eb BF01     		.2byte	0x1bf
 350 01ed D4010000 		.4byte	0x1d4
 351 01f1 0F       		.uleb128 0xf
 352 01f2 8A010000 		.4byte	.LASF42
 353 01f6 24       		.byte	0x24
 354 01f7 07       		.byte	0x7
 355 01f8 4102     		.2byte	0x241
 356 01fa 74020000 		.4byte	0x274
 357 01fe 10       		.uleb128 0x10
 358 01ff D0050000 		.4byte	.LASF43
 359 0203 07       		.byte	0x7
 360 0204 4402     		.2byte	0x244
 361 0206 88000000 		.4byte	0x88
 362 020a 00       		.byte	0
 363 020b 10       		.uleb128 0x10
 364 020c 27060000 		.4byte	.LASF44
 365 0210 07       		.byte	0x7
 366 0211 4602     		.2byte	0x246
 367 0213 CF000000 		.4byte	0xcf
 368 0217 04       		.byte	0x4
 369 0218 10       		.uleb128 0x10
 370 0219 BD020000 		.4byte	.LASF45
 371 021d 07       		.byte	0x7
 372 021e 4702     		.2byte	0x247
 373 0220 76000000 		.4byte	0x76
 374 0224 08       		.byte	0x8
 375 0225 10       		.uleb128 0x10
 376 0226 EB020000 		.4byte	.LASF46
 377 022a 07       		.byte	0x7
 378 022b 4802     		.2byte	0x248
 379 022d 88000000 		.4byte	0x88
 380 0231 0C       		.byte	0xc
 381 0232 10       		.uleb128 0x10
 382 0233 DB030000 		.4byte	.LASF47
 383 0237 07       		.byte	0x7
 384 0238 4A02     		.2byte	0x24a
 385 023a CF000000 		.4byte	0xcf
 386 023e 10       		.byte	0x10
 387 023f 10       		.uleb128 0x10
 388 0240 4C020000 		.4byte	.LASF48
 389 0244 07       		.byte	0x7
 390 0245 4B02     		.2byte	0x24b
 391 0247 76000000 		.4byte	0x76
 392 024b 14       		.byte	0x14
 393 024c 10       		.uleb128 0x10
ARM GAS  C:\Users\User\AppData\Local\Temp\ccJMl1cb.s 			page 11


 394 024d 52030000 		.4byte	.LASF49
 395 0251 07       		.byte	0x7
 396 0252 4C02     		.2byte	0x24c
 397 0254 88000000 		.4byte	0x88
 398 0258 18       		.byte	0x18
 399 0259 10       		.uleb128 0x10
 400 025a 32060000 		.4byte	.LASF50
 401 025e 07       		.byte	0x7
 402 025f 5202     		.2byte	0x252
 403 0261 E5010000 		.4byte	0x1e5
 404 0265 1C       		.byte	0x1c
 405 0266 10       		.uleb128 0x10
 406 0267 43040000 		.4byte	.LASF51
 407 026b 07       		.byte	0x7
 408 026c 5502     		.2byte	0x255
 409 026e 76000000 		.4byte	0x76
 410 0272 20       		.byte	0x20
 411 0273 00       		.byte	0
 412 0274 06       		.uleb128 0x6
 413 0275 33020000 		.4byte	.LASF52
 414 0279 07       		.byte	0x7
 415 027a 5802     		.2byte	0x258
 416 027c F1010000 		.4byte	0x1f1
 417 0280 06       		.uleb128 0x6
 418 0281 32010000 		.4byte	.LASF53
 419 0285 08       		.byte	0x8
 420 0286 AB01     		.2byte	0x1ab
 421 0288 D4010000 		.4byte	0x1d4
 422 028c 0F       		.uleb128 0xf
 423 028d 72010000 		.4byte	.LASF54
 424 0291 38       		.byte	0x38
 425 0292 08       		.byte	0x8
 426 0293 4702     		.2byte	0x247
 427 0295 50030000 		.4byte	0x350
 428 0299 10       		.uleb128 0x10
 429 029a 9C020000 		.4byte	.LASF55
 430 029e 08       		.byte	0x8
 431 029f 4A02     		.2byte	0x24a
 432 02a1 88000000 		.4byte	0x88
 433 02a5 00       		.byte	0
 434 02a6 10       		.uleb128 0x10
 435 02a7 AB040000 		.4byte	.LASF56
 436 02ab 08       		.byte	0x8
 437 02ac 4B02     		.2byte	0x24b
 438 02ae 88000000 		.4byte	0x88
 439 02b2 04       		.byte	0x4
 440 02b3 10       		.uleb128 0x10
 441 02b4 C2040000 		.4byte	.LASF57
 442 02b8 08       		.byte	0x8
 443 02b9 4D02     		.2byte	0x24d
 444 02bb CF000000 		.4byte	0xcf
 445 02bf 08       		.byte	0x8
 446 02c0 10       		.uleb128 0x10
 447 02c1 51010000 		.4byte	.LASF58
 448 02c5 08       		.byte	0x8
 449 02c6 4E02     		.2byte	0x24e
 450 02c8 76000000 		.4byte	0x76
ARM GAS  C:\Users\User\AppData\Local\Temp\ccJMl1cb.s 			page 12


 451 02cc 0C       		.byte	0xc
 452 02cd 10       		.uleb128 0x10
 453 02ce 98030000 		.4byte	.LASF59
 454 02d2 08       		.byte	0x8
 455 02d3 4F02     		.2byte	0x24f
 456 02d5 88000000 		.4byte	0x88
 457 02d9 10       		.byte	0x10
 458 02da 10       		.uleb128 0x10
 459 02db AE070000 		.4byte	.LASF60
 460 02df 08       		.byte	0x8
 461 02e0 5002     		.2byte	0x250
 462 02e2 88000000 		.4byte	0x88
 463 02e6 14       		.byte	0x14
 464 02e7 10       		.uleb128 0x10
 465 02e8 27060000 		.4byte	.LASF44
 466 02ec 08       		.byte	0x8
 467 02ed 5202     		.2byte	0x252
 468 02ef CF000000 		.4byte	0xcf
 469 02f3 18       		.byte	0x18
 470 02f4 10       		.uleb128 0x10
 471 02f5 BD020000 		.4byte	.LASF45
 472 02f9 08       		.byte	0x8
 473 02fa 5302     		.2byte	0x253
 474 02fc 76000000 		.4byte	0x76
 475 0300 1C       		.byte	0x1c
 476 0301 10       		.uleb128 0x10
 477 0302 EB020000 		.4byte	.LASF46
 478 0306 08       		.byte	0x8
 479 0307 5402     		.2byte	0x254
 480 0309 88000000 		.4byte	0x88
 481 030d 20       		.byte	0x20
 482 030e 10       		.uleb128 0x10
 483 030f DB030000 		.4byte	.LASF47
 484 0313 08       		.byte	0x8
 485 0314 5602     		.2byte	0x256
 486 0316 CF000000 		.4byte	0xcf
 487 031a 24       		.byte	0x24
 488 031b 10       		.uleb128 0x10
 489 031c 4C020000 		.4byte	.LASF48
 490 0320 08       		.byte	0x8
 491 0321 5702     		.2byte	0x257
 492 0323 76000000 		.4byte	0x76
 493 0327 28       		.byte	0x28
 494 0328 10       		.uleb128 0x10
 495 0329 74070000 		.4byte	.LASF61
 496 032d 08       		.byte	0x8
 497 032e 5802     		.2byte	0x258
 498 0330 88000000 		.4byte	0x88
 499 0334 2C       		.byte	0x2c
 500 0335 10       		.uleb128 0x10
 501 0336 32060000 		.4byte	.LASF50
 502 033a 08       		.byte	0x8
 503 033b 5D02     		.2byte	0x25d
 504 033d 80020000 		.4byte	0x280
 505 0341 30       		.byte	0x30
 506 0342 10       		.uleb128 0x10
 507 0343 43040000 		.4byte	.LASF51
ARM GAS  C:\Users\User\AppData\Local\Temp\ccJMl1cb.s 			page 13


 508 0347 08       		.byte	0x8
 509 0348 6002     		.2byte	0x260
 510 034a 76000000 		.4byte	0x76
 511 034e 34       		.byte	0x34
 512 034f 00       		.byte	0
 513 0350 06       		.uleb128 0x6
 514 0351 94070000 		.4byte	.LASF62
 515 0355 08       		.byte	0x8
 516 0356 6302     		.2byte	0x263
 517 0358 8C020000 		.4byte	0x28c
 518 035c 07       		.uleb128 0x7
 519 035d 04       		.byte	0x4
 520 035e 6F000000 		.4byte	0x6f
 521 0362 0A       		.byte	0xa
 522 0363 BF04     		.2byte	0x4bf
 523 0365 75040000 		.4byte	0x475
 524 0369 08       		.uleb128 0x8
 525 036a 81040000 		.4byte	.LASF63
 526 036e 00       		.byte	0
 527 036f 11       		.uleb128 0x11
 528 0370 F1030000 		.4byte	.LASF64
 529 0374 01001400 		.4byte	0x140001
 530 0378 11       		.uleb128 0x11
 531 0379 E1040000 		.4byte	.LASF65
 532 037d 01001600 		.4byte	0x160001
 533 0381 11       		.uleb128 0x11
 534 0382 79030000 		.4byte	.LASF66
 535 0386 02001600 		.4byte	0x160002
 536 038a 11       		.uleb128 0x11
 537 038b 00000000 		.4byte	.LASF67
 538 038f 03001600 		.4byte	0x160003
 539 0393 11       		.uleb128 0x11
 540 0394 5B060000 		.4byte	.LASF68
 541 0398 04001600 		.4byte	0x160004
 542 039c 11       		.uleb128 0x11
 543 039d 26000000 		.4byte	.LASF69
 544 03a1 05001600 		.4byte	0x160005
 545 03a5 11       		.uleb128 0x11
 546 03a6 9F060000 		.4byte	.LASF70
 547 03aa 06001600 		.4byte	0x160006
 548 03ae 11       		.uleb128 0x11
 549 03af 14010000 		.4byte	.LASF71
 550 03b3 07001600 		.4byte	0x160007
 551 03b7 11       		.uleb128 0x11
 552 03b8 AC000000 		.4byte	.LASF72
 553 03bc 08001600 		.4byte	0x160008
 554 03c0 11       		.uleb128 0x11
 555 03c1 0D030000 		.4byte	.LASF73
 556 03c5 09001600 		.4byte	0x160009
 557 03c9 11       		.uleb128 0x11
 558 03ca 84000000 		.4byte	.LASF74
 559 03ce 0A001600 		.4byte	0x16000a
 560 03d2 11       		.uleb128 0x11
 561 03d3 A5020000 		.4byte	.LASF75
 562 03d7 0B001600 		.4byte	0x16000b
 563 03db 11       		.uleb128 0x11
 564 03dc D8070000 		.4byte	.LASF76
ARM GAS  C:\Users\User\AppData\Local\Temp\ccJMl1cb.s 			page 14


 565 03e0 0C001600 		.4byte	0x16000c
 566 03e4 11       		.uleb128 0x11
 567 03e5 CF000000 		.4byte	.LASF77
 568 03e9 0D001600 		.4byte	0x16000d
 569 03ed 11       		.uleb128 0x11
 570 03ee 1D040000 		.4byte	.LASF78
 571 03f2 0E001600 		.4byte	0x16000e
 572 03f6 11       		.uleb128 0x11
 573 03f7 AC030000 		.4byte	.LASF79
 574 03fb 0F001600 		.4byte	0x16000f
 575 03ff 11       		.uleb128 0x11
 576 0400 C7020000 		.4byte	.LASF80
 577 0404 10001600 		.4byte	0x160010
 578 0408 11       		.uleb128 0x11
 579 0409 E4060000 		.4byte	.LASF81
 580 040d 11001600 		.4byte	0x160011
 581 0411 11       		.uleb128 0x11
 582 0412 2C030000 		.4byte	.LASF82
 583 0416 12001600 		.4byte	0x160012
 584 041a 11       		.uleb128 0x11
 585 041b 42070000 		.4byte	.LASF83
 586 041f 13001600 		.4byte	0x160013
 587 0423 11       		.uleb128 0x11
 588 0424 45080000 		.4byte	.LASF84
 589 0428 14001600 		.4byte	0x160014
 590 042c 11       		.uleb128 0x11
 591 042d D7050000 		.4byte	.LASF85
 592 0431 15001600 		.4byte	0x160015
 593 0435 11       		.uleb128 0x11
 594 0436 56020000 		.4byte	.LASF86
 595 043a 16001600 		.4byte	0x160016
 596 043e 11       		.uleb128 0x11
 597 043f F5050000 		.4byte	.LASF87
 598 0443 17001600 		.4byte	0x160017
 599 0447 11       		.uleb128 0x11
 600 0448 85060000 		.4byte	.LASF88
 601 044c 18001600 		.4byte	0x160018
 602 0450 11       		.uleb128 0x11
 603 0451 8A080000 		.4byte	.LASF89
 604 0455 19001600 		.4byte	0x160019
 605 0459 11       		.uleb128 0x11
 606 045a 0A080000 		.4byte	.LASF90
 607 045e FE001600 		.4byte	0x1600fe
 608 0462 11       		.uleb128 0x11
 609 0463 F9000000 		.4byte	.LASF91
 610 0467 FF001600 		.4byte	0x1600ff
 611 046b 11       		.uleb128 0x11
 612 046c AE080000 		.4byte	.LASF92
 613 0470 FFFF1600 		.4byte	0x16ffff
 614 0474 00       		.byte	0
 615 0475 12       		.uleb128 0x12
 616 0476 63040000 		.4byte	.LASF104
 617 047a 02       		.byte	0x2
 618 047b 53       		.byte	0x53
 619 047c 03       		.byte	0x3
 620 047d 13       		.uleb128 0x13
 621 047e 7F020000 		.4byte	.LASF105
ARM GAS  C:\Users\User\AppData\Local\Temp\ccJMl1cb.s 			page 15


 622 0482 01       		.byte	0x1
 623 0483 40       		.byte	0x40
 624 0484 68000000 		.4byte	0x68
 625 0488 00000000 		.4byte	.LFB532
 626 048c 34000000 		.4byte	.LFE532-.LFB532
 627 0490 01       		.uleb128 0x1
 628 0491 9C       		.byte	0x9c
 629 0492 05050000 		.4byte	0x505
 630 0496 14       		.uleb128 0x14
 631 0497 75040000 		.4byte	0x475
 632 049b 02000000 		.4byte	.LBB4
 633 049f 02000000 		.4byte	.LBE4-.LBB4
 634 04a3 01       		.byte	0x1
 635 04a4 43       		.byte	0x43
 636 04a5 15       		.uleb128 0x15
 637 04a6 0A000000 		.4byte	.LVL0
 638 04aa 2B050000 		.4byte	0x52b
 639 04ae B8040000 		.4byte	0x4b8
 640 04b2 16       		.uleb128 0x16
 641 04b3 01       		.uleb128 0x1
 642 04b4 50       		.byte	0x50
 643 04b5 01       		.uleb128 0x1
 644 04b6 30       		.byte	0x30
 645 04b7 00       		.byte	0
 646 04b8 15       		.uleb128 0x15
 647 04b9 14000000 		.4byte	.LVL1
 648 04bd 36050000 		.4byte	0x536
 649 04c1 CF040000 		.4byte	0x4cf
 650 04c5 16       		.uleb128 0x16
 651 04c6 01       		.uleb128 0x1
 652 04c7 50       		.byte	0x50
 653 04c8 05       		.uleb128 0x5
 654 04c9 0C       		.byte	0xc
 655 04ca 00000810 		.4byte	0x10080000
 656 04ce 00       		.byte	0
 657 04cf 15       		.uleb128 0x15
 658 04d0 1E000000 		.4byte	.LVL2
 659 04d4 42050000 		.4byte	0x542
 660 04d8 EC040000 		.4byte	0x4ec
 661 04dc 16       		.uleb128 0x16
 662 04dd 01       		.uleb128 0x1
 663 04de 50       		.byte	0x50
 664 04df 05       		.uleb128 0x5
 665 04e0 03       		.byte	0x3
 666 04e1 00000000 		.4byte	.LC0
 667 04e5 16       		.uleb128 0x16
 668 04e6 01       		.uleb128 0x1
 669 04e7 51       		.byte	0x51
 670 04e8 02       		.uleb128 0x2
 671 04e9 08       		.byte	0x8
 672 04ea 50       		.byte	0x50
 673 04eb 00       		.byte	0
 674 04ec 17       		.uleb128 0x17
 675 04ed 22000000 		.4byte	.LVL3
 676 04f1 4E050000 		.4byte	0x54e
 677 04f5 18       		.uleb128 0x18
 678 04f6 28000000 		.4byte	.LVL4
ARM GAS  C:\Users\User\AppData\Local\Temp\ccJMl1cb.s 			page 16


 679 04fa 5A050000 		.4byte	0x55a
 680 04fe 16       		.uleb128 0x16
 681 04ff 01       		.uleb128 0x1
 682 0500 50       		.byte	0x50
 683 0501 01       		.uleb128 0x1
 684 0502 30       		.byte	0x30
 685 0503 00       		.byte	0
 686 0504 00       		.byte	0
 687 0505 19       		.uleb128 0x19
 688 0506 00050000 		.4byte	.LASF93
 689 050a 0B       		.byte	0xb
 690 050b 5E       		.byte	0x5e
 691 050c 74020000 		.4byte	0x274
 692 0510 19       		.uleb128 0x19
 693 0511 51000000 		.4byte	.LASF94
 694 0515 0C       		.byte	0xc
 695 0516 1F       		.byte	0x1f
 696 0517 1B050000 		.4byte	0x51b
 697 051b 1A       		.uleb128 0x1a
 698 051c C9010000 		.4byte	0x1c9
 699 0520 19       		.uleb128 0x19
 700 0521 8C050000 		.4byte	.LASF95
 701 0525 0D       		.byte	0xd
 702 0526 87       		.byte	0x87
 703 0527 50030000 		.4byte	0x350
 704 052b 1B       		.uleb128 0x1b
 705 052c 4E060000 		.4byte	.LASF96
 706 0530 4E060000 		.4byte	.LASF96
 707 0534 0E       		.byte	0xe
 708 0535 24       		.byte	0x24
 709 0536 1C       		.uleb128 0x1c
 710 0537 F4020000 		.4byte	.LASF97
 711 053b F4020000 		.4byte	.LASF97
 712 053f 0F       		.byte	0xf
 713 0540 FE01     		.2byte	0x1fe
 714 0542 1C       		.uleb128 0x1c
 715 0543 73080000 		.4byte	.LASF98
 716 0547 73080000 		.4byte	.LASF98
 717 054b 05       		.byte	0x5
 718 054c 2A03     		.2byte	0x32a
 719 054e 1C       		.uleb128 0x1c
 720 054f CC040000 		.4byte	.LASF99
 721 0553 CC040000 		.4byte	.LASF99
 722 0557 0A       		.byte	0xa
 723 0558 B107     		.2byte	0x7b1
 724 055a 1C       		.uleb128 0x1c
 725 055b 32080000 		.4byte	.LASF100
 726 055f 32080000 		.4byte	.LASF100
 727 0563 09       		.byte	0x9
 728 0564 F004     		.2byte	0x4f0
 729 0566 00       		.byte	0
 730              		.section	.debug_abbrev,"",%progbits
 731              	.Ldebug_abbrev0:
 732 0000 01       		.uleb128 0x1
 733 0001 11       		.uleb128 0x11
 734 0002 01       		.byte	0x1
 735 0003 25       		.uleb128 0x25
ARM GAS  C:\Users\User\AppData\Local\Temp\ccJMl1cb.s 			page 17


 736 0004 0E       		.uleb128 0xe
 737 0005 13       		.uleb128 0x13
 738 0006 0B       		.uleb128 0xb
 739 0007 03       		.uleb128 0x3
 740 0008 0E       		.uleb128 0xe
 741 0009 1B       		.uleb128 0x1b
 742 000a 0E       		.uleb128 0xe
 743 000b 55       		.uleb128 0x55
 744 000c 17       		.uleb128 0x17
 745 000d 11       		.uleb128 0x11
 746 000e 01       		.uleb128 0x1
 747 000f 10       		.uleb128 0x10
 748 0010 17       		.uleb128 0x17
 749 0011 00       		.byte	0
 750 0012 00       		.byte	0
 751 0013 02       		.uleb128 0x2
 752 0014 24       		.uleb128 0x24
 753 0015 00       		.byte	0
 754 0016 0B       		.uleb128 0xb
 755 0017 0B       		.uleb128 0xb
 756 0018 3E       		.uleb128 0x3e
 757 0019 0B       		.uleb128 0xb
 758 001a 03       		.uleb128 0x3
 759 001b 0E       		.uleb128 0xe
 760 001c 00       		.byte	0
 761 001d 00       		.byte	0
 762 001e 03       		.uleb128 0x3
 763 001f 16       		.uleb128 0x16
 764 0020 00       		.byte	0
 765 0021 03       		.uleb128 0x3
 766 0022 0E       		.uleb128 0xe
 767 0023 3A       		.uleb128 0x3a
 768 0024 0B       		.uleb128 0xb
 769 0025 3B       		.uleb128 0x3b
 770 0026 0B       		.uleb128 0xb
 771 0027 49       		.uleb128 0x49
 772 0028 13       		.uleb128 0x13
 773 0029 00       		.byte	0
 774 002a 00       		.byte	0
 775 002b 04       		.uleb128 0x4
 776 002c 24       		.uleb128 0x24
 777 002d 00       		.byte	0
 778 002e 0B       		.uleb128 0xb
 779 002f 0B       		.uleb128 0xb
 780 0030 3E       		.uleb128 0x3e
 781 0031 0B       		.uleb128 0xb
 782 0032 03       		.uleb128 0x3
 783 0033 08       		.uleb128 0x8
 784 0034 00       		.byte	0
 785 0035 00       		.byte	0
 786 0036 05       		.uleb128 0x5
 787 0037 35       		.uleb128 0x35
 788 0038 00       		.byte	0
 789 0039 49       		.uleb128 0x49
 790 003a 13       		.uleb128 0x13
 791 003b 00       		.byte	0
 792 003c 00       		.byte	0
ARM GAS  C:\Users\User\AppData\Local\Temp\ccJMl1cb.s 			page 18


 793 003d 06       		.uleb128 0x6
 794 003e 16       		.uleb128 0x16
 795 003f 00       		.byte	0
 796 0040 03       		.uleb128 0x3
 797 0041 0E       		.uleb128 0xe
 798 0042 3A       		.uleb128 0x3a
 799 0043 0B       		.uleb128 0xb
 800 0044 3B       		.uleb128 0x3b
 801 0045 05       		.uleb128 0x5
 802 0046 49       		.uleb128 0x49
 803 0047 13       		.uleb128 0x13
 804 0048 00       		.byte	0
 805 0049 00       		.byte	0
 806 004a 07       		.uleb128 0x7
 807 004b 04       		.uleb128 0x4
 808 004c 01       		.byte	0x1
 809 004d 0B       		.uleb128 0xb
 810 004e 0B       		.uleb128 0xb
 811 004f 49       		.uleb128 0x49
 812 0050 13       		.uleb128 0x13
 813 0051 3A       		.uleb128 0x3a
 814 0052 0B       		.uleb128 0xb
 815 0053 3B       		.uleb128 0x3b
 816 0054 05       		.uleb128 0x5
 817 0055 01       		.uleb128 0x1
 818 0056 13       		.uleb128 0x13
 819 0057 00       		.byte	0
 820 0058 00       		.byte	0
 821 0059 08       		.uleb128 0x8
 822 005a 28       		.uleb128 0x28
 823 005b 00       		.byte	0
 824 005c 03       		.uleb128 0x3
 825 005d 0E       		.uleb128 0xe
 826 005e 1C       		.uleb128 0x1c
 827 005f 0B       		.uleb128 0xb
 828 0060 00       		.byte	0
 829 0061 00       		.byte	0
 830 0062 09       		.uleb128 0x9
 831 0063 0F       		.uleb128 0xf
 832 0064 00       		.byte	0
 833 0065 0B       		.uleb128 0xb
 834 0066 0B       		.uleb128 0xb
 835 0067 00       		.byte	0
 836 0068 00       		.byte	0
 837 0069 0A       		.uleb128 0xa
 838 006a 13       		.uleb128 0x13
 839 006b 01       		.byte	0x1
 840 006c 03       		.uleb128 0x3
 841 006d 0E       		.uleb128 0xe
 842 006e 0B       		.uleb128 0xb
 843 006f 0B       		.uleb128 0xb
 844 0070 3A       		.uleb128 0x3a
 845 0071 0B       		.uleb128 0xb
 846 0072 3B       		.uleb128 0x3b
 847 0073 0B       		.uleb128 0xb
 848 0074 01       		.uleb128 0x1
 849 0075 13       		.uleb128 0x13
ARM GAS  C:\Users\User\AppData\Local\Temp\ccJMl1cb.s 			page 19


 850 0076 00       		.byte	0
 851 0077 00       		.byte	0
 852 0078 0B       		.uleb128 0xb
 853 0079 0D       		.uleb128 0xd
 854 007a 00       		.byte	0
 855 007b 03       		.uleb128 0x3
 856 007c 0E       		.uleb128 0xe
 857 007d 3A       		.uleb128 0x3a
 858 007e 0B       		.uleb128 0xb
 859 007f 3B       		.uleb128 0x3b
 860 0080 0B       		.uleb128 0xb
 861 0081 49       		.uleb128 0x49
 862 0082 13       		.uleb128 0x13
 863 0083 38       		.uleb128 0x38
 864 0084 0B       		.uleb128 0xb
 865 0085 00       		.byte	0
 866 0086 00       		.byte	0
 867 0087 0C       		.uleb128 0xc
 868 0088 0F       		.uleb128 0xf
 869 0089 00       		.byte	0
 870 008a 0B       		.uleb128 0xb
 871 008b 0B       		.uleb128 0xb
 872 008c 49       		.uleb128 0x49
 873 008d 13       		.uleb128 0x13
 874 008e 00       		.byte	0
 875 008f 00       		.byte	0
 876 0090 0D       		.uleb128 0xd
 877 0091 15       		.uleb128 0x15
 878 0092 01       		.byte	0x1
 879 0093 27       		.uleb128 0x27
 880 0094 19       		.uleb128 0x19
 881 0095 01       		.uleb128 0x1
 882 0096 13       		.uleb128 0x13
 883 0097 00       		.byte	0
 884 0098 00       		.byte	0
 885 0099 0E       		.uleb128 0xe
 886 009a 05       		.uleb128 0x5
 887 009b 00       		.byte	0
 888 009c 49       		.uleb128 0x49
 889 009d 13       		.uleb128 0x13
 890 009e 00       		.byte	0
 891 009f 00       		.byte	0
 892 00a0 0F       		.uleb128 0xf
 893 00a1 13       		.uleb128 0x13
 894 00a2 01       		.byte	0x1
 895 00a3 03       		.uleb128 0x3
 896 00a4 0E       		.uleb128 0xe
 897 00a5 0B       		.uleb128 0xb
 898 00a6 0B       		.uleb128 0xb
 899 00a7 3A       		.uleb128 0x3a
 900 00a8 0B       		.uleb128 0xb
 901 00a9 3B       		.uleb128 0x3b
 902 00aa 05       		.uleb128 0x5
 903 00ab 01       		.uleb128 0x1
 904 00ac 13       		.uleb128 0x13
 905 00ad 00       		.byte	0
 906 00ae 00       		.byte	0
ARM GAS  C:\Users\User\AppData\Local\Temp\ccJMl1cb.s 			page 20


 907 00af 10       		.uleb128 0x10
 908 00b0 0D       		.uleb128 0xd
 909 00b1 00       		.byte	0
 910 00b2 03       		.uleb128 0x3
 911 00b3 0E       		.uleb128 0xe
 912 00b4 3A       		.uleb128 0x3a
 913 00b5 0B       		.uleb128 0xb
 914 00b6 3B       		.uleb128 0x3b
 915 00b7 05       		.uleb128 0x5
 916 00b8 49       		.uleb128 0x49
 917 00b9 13       		.uleb128 0x13
 918 00ba 38       		.uleb128 0x38
 919 00bb 0B       		.uleb128 0xb
 920 00bc 00       		.byte	0
 921 00bd 00       		.byte	0
 922 00be 11       		.uleb128 0x11
 923 00bf 28       		.uleb128 0x28
 924 00c0 00       		.byte	0
 925 00c1 03       		.uleb128 0x3
 926 00c2 0E       		.uleb128 0xe
 927 00c3 1C       		.uleb128 0x1c
 928 00c4 06       		.uleb128 0x6
 929 00c5 00       		.byte	0
 930 00c6 00       		.byte	0
 931 00c7 12       		.uleb128 0x12
 932 00c8 2E       		.uleb128 0x2e
 933 00c9 00       		.byte	0
 934 00ca 03       		.uleb128 0x3
 935 00cb 0E       		.uleb128 0xe
 936 00cc 3A       		.uleb128 0x3a
 937 00cd 0B       		.uleb128 0xb
 938 00ce 3B       		.uleb128 0x3b
 939 00cf 0B       		.uleb128 0xb
 940 00d0 27       		.uleb128 0x27
 941 00d1 19       		.uleb128 0x19
 942 00d2 20       		.uleb128 0x20
 943 00d3 0B       		.uleb128 0xb
 944 00d4 00       		.byte	0
 945 00d5 00       		.byte	0
 946 00d6 13       		.uleb128 0x13
 947 00d7 2E       		.uleb128 0x2e
 948 00d8 01       		.byte	0x1
 949 00d9 3F       		.uleb128 0x3f
 950 00da 19       		.uleb128 0x19
 951 00db 03       		.uleb128 0x3
 952 00dc 0E       		.uleb128 0xe
 953 00dd 3A       		.uleb128 0x3a
 954 00de 0B       		.uleb128 0xb
 955 00df 3B       		.uleb128 0x3b
 956 00e0 0B       		.uleb128 0xb
 957 00e1 27       		.uleb128 0x27
 958 00e2 19       		.uleb128 0x19
 959 00e3 49       		.uleb128 0x49
 960 00e4 13       		.uleb128 0x13
 961 00e5 8701     		.uleb128 0x87
 962 00e7 19       		.uleb128 0x19
 963 00e8 11       		.uleb128 0x11
ARM GAS  C:\Users\User\AppData\Local\Temp\ccJMl1cb.s 			page 21


 964 00e9 01       		.uleb128 0x1
 965 00ea 12       		.uleb128 0x12
 966 00eb 06       		.uleb128 0x6
 967 00ec 40       		.uleb128 0x40
 968 00ed 18       		.uleb128 0x18
 969 00ee 9742     		.uleb128 0x2117
 970 00f0 19       		.uleb128 0x19
 971 00f1 01       		.uleb128 0x1
 972 00f2 13       		.uleb128 0x13
 973 00f3 00       		.byte	0
 974 00f4 00       		.byte	0
 975 00f5 14       		.uleb128 0x14
 976 00f6 1D       		.uleb128 0x1d
 977 00f7 00       		.byte	0
 978 00f8 31       		.uleb128 0x31
 979 00f9 13       		.uleb128 0x13
 980 00fa 11       		.uleb128 0x11
 981 00fb 01       		.uleb128 0x1
 982 00fc 12       		.uleb128 0x12
 983 00fd 06       		.uleb128 0x6
 984 00fe 58       		.uleb128 0x58
 985 00ff 0B       		.uleb128 0xb
 986 0100 59       		.uleb128 0x59
 987 0101 0B       		.uleb128 0xb
 988 0102 00       		.byte	0
 989 0103 00       		.byte	0
 990 0104 15       		.uleb128 0x15
 991 0105 898201   		.uleb128 0x4109
 992 0108 01       		.byte	0x1
 993 0109 11       		.uleb128 0x11
 994 010a 01       		.uleb128 0x1
 995 010b 31       		.uleb128 0x31
 996 010c 13       		.uleb128 0x13
 997 010d 01       		.uleb128 0x1
 998 010e 13       		.uleb128 0x13
 999 010f 00       		.byte	0
 1000 0110 00       		.byte	0
 1001 0111 16       		.uleb128 0x16
 1002 0112 8A8201   		.uleb128 0x410a
 1003 0115 00       		.byte	0
 1004 0116 02       		.uleb128 0x2
 1005 0117 18       		.uleb128 0x18
 1006 0118 9142     		.uleb128 0x2111
 1007 011a 18       		.uleb128 0x18
 1008 011b 00       		.byte	0
 1009 011c 00       		.byte	0
 1010 011d 17       		.uleb128 0x17
 1011 011e 898201   		.uleb128 0x4109
 1012 0121 00       		.byte	0
 1013 0122 11       		.uleb128 0x11
 1014 0123 01       		.uleb128 0x1
 1015 0124 31       		.uleb128 0x31
 1016 0125 13       		.uleb128 0x13
 1017 0126 00       		.byte	0
 1018 0127 00       		.byte	0
 1019 0128 18       		.uleb128 0x18
 1020 0129 898201   		.uleb128 0x4109
ARM GAS  C:\Users\User\AppData\Local\Temp\ccJMl1cb.s 			page 22


 1021 012c 01       		.byte	0x1
 1022 012d 11       		.uleb128 0x11
 1023 012e 01       		.uleb128 0x1
 1024 012f 31       		.uleb128 0x31
 1025 0130 13       		.uleb128 0x13
 1026 0131 00       		.byte	0
 1027 0132 00       		.byte	0
 1028 0133 19       		.uleb128 0x19
 1029 0134 34       		.uleb128 0x34
 1030 0135 00       		.byte	0
 1031 0136 03       		.uleb128 0x3
 1032 0137 0E       		.uleb128 0xe
 1033 0138 3A       		.uleb128 0x3a
 1034 0139 0B       		.uleb128 0xb
 1035 013a 3B       		.uleb128 0x3b
 1036 013b 0B       		.uleb128 0xb
 1037 013c 49       		.uleb128 0x49
 1038 013d 13       		.uleb128 0x13
 1039 013e 3F       		.uleb128 0x3f
 1040 013f 19       		.uleb128 0x19
 1041 0140 3C       		.uleb128 0x3c
 1042 0141 19       		.uleb128 0x19
 1043 0142 00       		.byte	0
 1044 0143 00       		.byte	0
 1045 0144 1A       		.uleb128 0x1a
 1046 0145 26       		.uleb128 0x26
 1047 0146 00       		.byte	0
 1048 0147 49       		.uleb128 0x49
 1049 0148 13       		.uleb128 0x13
 1050 0149 00       		.byte	0
 1051 014a 00       		.byte	0
 1052 014b 1B       		.uleb128 0x1b
 1053 014c 2E       		.uleb128 0x2e
 1054 014d 00       		.byte	0
 1055 014e 3F       		.uleb128 0x3f
 1056 014f 19       		.uleb128 0x19
 1057 0150 3C       		.uleb128 0x3c
 1058 0151 19       		.uleb128 0x19
 1059 0152 6E       		.uleb128 0x6e
 1060 0153 0E       		.uleb128 0xe
 1061 0154 03       		.uleb128 0x3
 1062 0155 0E       		.uleb128 0xe
 1063 0156 3A       		.uleb128 0x3a
 1064 0157 0B       		.uleb128 0xb
 1065 0158 3B       		.uleb128 0x3b
 1066 0159 0B       		.uleb128 0xb
 1067 015a 00       		.byte	0
 1068 015b 00       		.byte	0
 1069 015c 1C       		.uleb128 0x1c
 1070 015d 2E       		.uleb128 0x2e
 1071 015e 00       		.byte	0
 1072 015f 3F       		.uleb128 0x3f
 1073 0160 19       		.uleb128 0x19
 1074 0161 3C       		.uleb128 0x3c
 1075 0162 19       		.uleb128 0x19
 1076 0163 6E       		.uleb128 0x6e
 1077 0164 0E       		.uleb128 0xe
ARM GAS  C:\Users\User\AppData\Local\Temp\ccJMl1cb.s 			page 23


 1078 0165 03       		.uleb128 0x3
 1079 0166 0E       		.uleb128 0xe
 1080 0167 3A       		.uleb128 0x3a
 1081 0168 0B       		.uleb128 0xb
 1082 0169 3B       		.uleb128 0x3b
 1083 016a 05       		.uleb128 0x5
 1084 016b 00       		.byte	0
 1085 016c 00       		.byte	0
 1086 016d 00       		.byte	0
 1087              		.section	.debug_aranges,"",%progbits
 1088 0000 1C000000 		.4byte	0x1c
 1089 0004 0200     		.2byte	0x2
 1090 0006 00000000 		.4byte	.Ldebug_info0
 1091 000a 04       		.byte	0x4
 1092 000b 00       		.byte	0
 1093 000c 0000     		.2byte	0
 1094 000e 0000     		.2byte	0
 1095 0010 00000000 		.4byte	.LFB532
 1096 0014 34000000 		.4byte	.LFE532-.LFB532
 1097 0018 00000000 		.4byte	0
 1098 001c 00000000 		.4byte	0
 1099              		.section	.debug_ranges,"",%progbits
 1100              	.Ldebug_ranges0:
 1101 0000 00000000 		.4byte	.LFB532
 1102 0004 34000000 		.4byte	.LFE532
 1103 0008 00000000 		.4byte	0
 1104 000c 00000000 		.4byte	0
 1105              		.section	.debug_line,"",%progbits
 1106              	.Ldebug_line0:
 1107 0000 39030000 		.section	.debug_str,"MS",%progbits,1
 1107      02000903 
 1107      00000201 
 1107      FB0E0D00 
 1107      01010101 
 1108              	.LASF67:
 1109 0000 43595F42 		.ascii	"CY_BLE_ERROR_MEMORY_ALLOCATION_FAILED\000"
 1109      4C455F45 
 1109      52524F52 
 1109      5F4D454D 
 1109      4F52595F 
 1110              	.LASF69:
 1111 0026 43595F42 		.ascii	"CY_BLE_ERROR_OOB_NOT_AVAILABLE\000"
 1111      4C455F45 
 1111      52524F52 
 1111      5F4F4F42 
 1111      5F4E4F54 
 1112              	.LASF32:
 1113 0045 72656C6F 		.ascii	"reloadInput\000"
 1113      6164496E 
 1113      70757400 
 1114              	.LASF94:
 1115 0051 43595F45 		.ascii	"CY_EINK_Timer_config\000"
 1115      494E4B5F 
 1115      54696D65 
 1115      725F636F 
 1115      6E666967 
 1116              	.LASF21:
ARM GAS  C:\Users\User\AppData\Local\Temp\ccJMl1cb.s 			page 24


 1117 0066 636C6F63 		.ascii	"clockPrescaler\000"
 1117      6B507265 
 1117      7363616C 
 1117      657200
 1118              	.LASF37:
 1119 0075 636F756E 		.ascii	"countInputMode\000"
 1119      74496E70 
 1119      75744D6F 
 1119      646500
 1120              	.LASF74:
 1121 0084 43595F42 		.ascii	"CY_BLE_ERROR_GAP_ROLE\000"
 1121      4C455F45 
 1121      52524F52 
 1121      5F474150 
 1121      5F524F4C 
 1122              	.LASF25:
 1123 009a 636F6D70 		.ascii	"compare0\000"
 1123      61726530 
 1123      00
 1124              	.LASF26:
 1125 00a3 636F6D70 		.ascii	"compare1\000"
 1125      61726531 
 1125      00
 1126              	.LASF72:
 1127 00ac 43595F42 		.ascii	"CY_BLE_ERROR_DEVICE_ALREADY_EXISTS\000"
 1127      4C455F45 
 1127      52524F52 
 1127      5F444556 
 1127      4943455F 
 1128              	.LASF77:
 1129 00cf 43595F42 		.ascii	"CY_BLE_ERROR_L2CAP_PSM_ALREADY_REGISTERED\000"
 1129      4C455F45 
 1129      52524F52 
 1129      5F4C3243 
 1129      41505F50 
 1130              	.LASF91:
 1131 00f9 43595F42 		.ascii	"CY_BLE_ERROR_INVALID_STATE\000"
 1131      4C455F45 
 1131      52524F52 
 1131      5F494E56 
 1131      414C4944 
 1132              	.LASF71:
 1133 0114 43595F42 		.ascii	"CY_BLE_ERROR_NO_DEVICE_ENTITY\000"
 1133      4C455F45 
 1133      52524F52 
 1133      5F4E4F5F 
 1133      44455649 
 1134              	.LASF53:
 1135 0132 63795F63 		.ascii	"cy_cb_scb_uart_handle_events_t\000"
 1135      625F7363 
 1135      625F7561 
 1135      72745F68 
 1135      616E646C 
 1136              	.LASF58:
 1137 0151 72785269 		.ascii	"rxRingBufSize\000"
 1137      6E674275 
 1137      6653697A 
ARM GAS  C:\Users\User\AppData\Local\Temp\ccJMl1cb.s 			page 25


 1137      6500
 1138              	.LASF0:
 1139 015f 73686F72 		.ascii	"short int\000"
 1139      7420696E 
 1139      7400
 1140              	.LASF11:
 1141 0169 73697A65 		.ascii	"sizetype\000"
 1141      74797065 
 1141      00
 1142              	.LASF54:
 1143 0172 63795F73 		.ascii	"cy_stc_scb_uart_context\000"
 1143      74635F73 
 1143      63625F75 
 1143      6172745F 
 1143      636F6E74 
 1144              	.LASF42:
 1145 018a 63795F73 		.ascii	"cy_stc_scb_spi_context\000"
 1145      74635F73 
 1145      63625F73 
 1145      70695F63 
 1145      6F6E7465 
 1146              	.LASF101:
 1147 01a1 474E5520 		.ascii	"GNU C11 5.4.1 20160609 (release) [ARM/embedded-5-br"
 1147      43313120 
 1147      352E342E 
 1147      31203230 
 1147      31363036 
 1148 01d4 616E6368 		.ascii	"anch revision 237715] -mcpu=cortex-m0plus -mthumb -"
 1148      20726576 
 1148      6973696F 
 1148      6E203233 
 1148      37373135 
 1149 0207 67202D4F 		.ascii	"g -Og -ffunction-sections -ffat-lto-objects\000"
 1149      67202D66 
 1149      66756E63 
 1149      74696F6E 
 1149      2D736563 
 1150              	.LASF52:
 1151 0233 63795F73 		.ascii	"cy_stc_scb_spi_context_t\000"
 1151      74635F73 
 1151      63625F73 
 1151      70695F63 
 1151      6F6E7465 
 1152              	.LASF48:
 1153 024c 74784275 		.ascii	"txBufSize\000"
 1153      6653697A 
 1153      6500
 1154              	.LASF86:
 1155 0256 43595F42 		.ascii	"CY_BLE_ERROR_GATT_DB_INVALID_ATTR_HANDLE\000"
 1155      4C455F45 
 1155      52524F52 
 1155      5F474154 
 1155      545F4442 
 1156              	.LASF105:
 1157 027f 6D61696E 		.ascii	"main\000"
 1157      00
 1158              	.LASF9:
ARM GAS  C:\Users\User\AppData\Local\Temp\ccJMl1cb.s 			page 26


 1159 0284 5F5F7569 		.ascii	"__uint32_t\000"
 1159      6E743332 
 1159      5F7400
 1160              	.LASF30:
 1161 028f 63617074 		.ascii	"captureInput\000"
 1161      75726549 
 1161      6E707574 
 1161      00
 1162              	.LASF55:
 1163 029c 74785374 		.ascii	"txStatus\000"
 1163      61747573 
 1163      00
 1164              	.LASF75:
 1165 02a5 43595F42 		.ascii	"CY_BLE_ERROR_SEC_FAILED\000"
 1165      4C455F45 
 1165      52524F52 
 1165      5F534543 
 1165      5F464149 
 1166              	.LASF45:
 1167 02bd 72784275 		.ascii	"rxBufSize\000"
 1167      6653697A 
 1167      6500
 1168              	.LASF80:
 1169 02c7 43595F42 		.ascii	"CY_BLE_ERROR_L2CAP_PSM_NOT_IN_RANGE\000"
 1169      4C455F45 
 1169      52524F52 
 1169      5F4C3243 
 1169      41505F50 
 1170              	.LASF46:
 1171 02eb 72784275 		.ascii	"rxBufIdx\000"
 1171      66496478 
 1171      00
 1172              	.LASF97:
 1173 02f4 43795F53 		.ascii	"Cy_SysEnableCM4\000"
 1173      7973456E 
 1173      61626C65 
 1173      434D3400 
 1174              	.LASF4:
 1175 0304 6C6F6E67 		.ascii	"long int\000"
 1175      20696E74 
 1175      00
 1176              	.LASF73:
 1177 030d 43595F42 		.ascii	"CY_BLE_ERROR_REPEATED_ATTEMPTS\000"
 1177      4C455F45 
 1177      52524F52 
 1177      5F524550 
 1177      45415445 
 1178              	.LASF82:
 1179 032c 43595F42 		.ascii	"CY_BLE_ERROR_FLASH_WRITE_NOT_PERMITED\000"
 1179      4C455F45 
 1179      52524F52 
 1179      5F464C41 
 1179      53485F57 
 1180              	.LASF49:
 1181 0352 74784275 		.ascii	"txBufIdx\000"
 1181      66496478 
 1181      00
ARM GAS  C:\Users\User\AppData\Local\Temp\ccJMl1cb.s 			page 27


 1182              	.LASF40:
 1183 035b 63795F63 		.ascii	"cy_cb_scb_spi_handle_events_t\000"
 1183      625F7363 
 1183      625F7370 
 1183      695F6861 
 1183      6E646C65 
 1184              	.LASF66:
 1185 0379 43595F42 		.ascii	"CY_BLE_ERROR_INVALID_OPERATION\000"
 1185      4C455F45 
 1185      52524F52 
 1185      5F494E56 
 1185      414C4944 
 1186              	.LASF59:
 1187 0398 72785269 		.ascii	"rxRingBufHead\000"
 1187      6E674275 
 1187      66486561 
 1187      6400
 1188              	.LASF15:
 1189 03a6 666C6F61 		.ascii	"float\000"
 1189      7400
 1190              	.LASF79:
 1191 03ac 43595F42 		.ascii	"CY_BLE_ERROR_L2CAP_CONNECTION_ENTITY_NOT_FOUND\000"
 1191      4C455F45 
 1191      52524F52 
 1191      5F4C3243 
 1191      41505F43 
 1192              	.LASF47:
 1193 03db 74784275 		.ascii	"txBuf\000"
 1193      6600
 1194              	.LASF31:
 1195 03e1 72656C6F 		.ascii	"reloadInputMode\000"
 1195      6164496E 
 1195      7075744D 
 1195      6F646500 
 1196              	.LASF64:
 1197 03f1 43595F42 		.ascii	"CY_BLE_INFO_FLASH_WRITE_IN_PROGRESS\000"
 1197      4C455F49 
 1197      4E464F5F 
 1197      464C4153 
 1197      485F5752 
 1198              	.LASF22:
 1199 0415 72756E4D 		.ascii	"runMode\000"
 1199      6F646500 
 1200              	.LASF78:
 1201 041d 43595F42 		.ascii	"CY_BLE_ERROR_L2CAP_PSM_NOT_REGISTERED\000"
 1201      4C455F45 
 1201      52524F52 
 1201      5F4C3243 
 1201      41505F50 
 1202              	.LASF51:
 1203 0443 696E6974 		.ascii	"initKey\000"
 1203      4B657900 
 1204              	.LASF13:
 1205 044b 63686172 		.ascii	"char_t\000"
 1205      5F7400
 1206              	.LASF20:
 1207 0452 70657269 		.ascii	"period\000"
ARM GAS  C:\Users\User\AppData\Local\Temp\ccJMl1cb.s 			page 28


 1207      6F6400
 1208              	.LASF36:
 1209 0459 73746F70 		.ascii	"stopInput\000"
 1209      496E7075 
 1209      7400
 1210              	.LASF104:
 1211 0463 5F5F656E 		.ascii	"__enable_irq\000"
 1211      61626C65 
 1211      5F697271 
 1211      00
 1212              	.LASF24:
 1213 0470 636F6D70 		.ascii	"compareOrCapture\000"
 1213      6172654F 
 1213      72436170 
 1213      74757265 
 1213      00
 1214              	.LASF63:
 1215 0481 43595F42 		.ascii	"CY_BLE_SUCCESS\000"
 1215      4C455F53 
 1215      55434345 
 1215      535300
 1216              	.LASF12:
 1217 0490 6C6F6E67 		.ascii	"long double\000"
 1217      20646F75 
 1217      626C6500 
 1218              	.LASF33:
 1219 049c 73746172 		.ascii	"startInputMode\000"
 1219      74496E70 
 1219      75744D6F 
 1219      646500
 1220              	.LASF56:
 1221 04ab 72785374 		.ascii	"rxStatus\000"
 1221      61747573 
 1221      00
 1222              	.LASF1:
 1223 04b4 756E7369 		.ascii	"unsigned char\000"
 1223      676E6564 
 1223      20636861 
 1223      7200
 1224              	.LASF57:
 1225 04c2 72785269 		.ascii	"rxRingBuf\000"
 1225      6E674275 
 1225      6600
 1226              	.LASF99:
 1227 04cc 43795F42 		.ascii	"Cy_BLE_ProcessEvents\000"
 1227      4C455F50 
 1227      726F6365 
 1227      73734576 
 1227      656E7473 
 1228              	.LASF65:
 1229 04e1 43595F42 		.ascii	"CY_BLE_ERROR_INVALID_PARAMETER\000"
 1229      4C455F45 
 1229      52524F52 
 1229      5F494E56 
 1229      414C4944 
 1230              	.LASF93:
 1231 0500 43595F45 		.ascii	"CY_EINK_SPIM_context\000"
ARM GAS  C:\Users\User\AppData\Local\Temp\ccJMl1cb.s 			page 29


 1231      494E4B5F 
 1231      5350494D 
 1231      5F636F6E 
 1231      74657874 
 1232              	.LASF2:
 1233 0515 7369676E 		.ascii	"signed char\000"
 1233      65642063 
 1233      68617200 
 1234              	.LASF7:
 1235 0521 6C6F6E67 		.ascii	"long long unsigned int\000"
 1235      206C6F6E 
 1235      6720756E 
 1235      7369676E 
 1235      65642069 
 1236              	.LASF10:
 1237 0538 75696E74 		.ascii	"uint32_t\000"
 1237      33325F74 
 1237      00
 1238              	.LASF103:
 1239 0541 433A5C55 		.ascii	"C:\\Users\\User\\Desktop\\SmartBottle_v0p1\\SmartBo"
 1239      73657273 
 1239      5C557365 
 1239      725C4465 
 1239      736B746F 
 1240 056f 74746C65 		.ascii	"ttle_v0p1.cydsn\000"
 1240      5F763070 
 1240      312E6379 
 1240      64736E00 
 1241              	.LASF8:
 1242 057f 756E7369 		.ascii	"unsigned int\000"
 1242      676E6564 
 1242      20696E74 
 1242      00
 1243              	.LASF95:
 1244 058c 55617274 		.ascii	"Uart_Printf_context\000"
 1244      5F507269 
 1244      6E74665F 
 1244      636F6E74 
 1244      65787400 
 1245              	.LASF27:
 1246 05a0 656E6162 		.ascii	"enableCompareSwap\000"
 1246      6C65436F 
 1246      6D706172 
 1246      65537761 
 1246      7000
 1247              	.LASF39:
 1248 05b2 63795F73 		.ascii	"cy_stc_tcpwm_counter_config_t\000"
 1248      74635F74 
 1248      6370776D 
 1248      5F636F75 
 1248      6E746572 
 1249              	.LASF43:
 1250 05d0 73746174 		.ascii	"status\000"
 1250      757300
 1251              	.LASF85:
 1252 05d7 43595F42 		.ascii	"CY_BLE_ERROR_HARDWARE_FAILURE\000"
 1252      4C455F45 
ARM GAS  C:\Users\User\AppData\Local\Temp\ccJMl1cb.s 			page 30


 1252      52524F52 
 1252      5F484152 
 1252      44574152 
 1253              	.LASF87:
 1254 05f5 43595F42 		.ascii	"CY_BLE_ERROR_NTF_DISABLED\000"
 1254      4C455F45 
 1254      52524F52 
 1254      5F4E5446 
 1254      5F444953 
 1255              	.LASF18:
 1256 060f 43595F53 		.ascii	"CY_SYSPM_WAIT_FOR_EVENT\000"
 1256      5953504D 
 1256      5F574149 
 1256      545F464F 
 1256      525F4556 
 1257              	.LASF44:
 1258 0627 72784275 		.ascii	"rxBuf\000"
 1258      6600
 1259              	.LASF14:
 1260 062d 63686172 		.ascii	"char\000"
 1260      00
 1261              	.LASF50:
 1262 0632 63624576 		.ascii	"cbEvents\000"
 1262      656E7473 
 1262      00
 1263              	.LASF3:
 1264 063b 73686F72 		.ascii	"short unsigned int\000"
 1264      7420756E 
 1264      7369676E 
 1264      65642069 
 1264      6E7400
 1265              	.LASF96:
 1266 064e 43795F42 		.ascii	"Cy_BLE_Start\000"
 1266      4C455F53 
 1266      74617274 
 1266      00
 1267              	.LASF68:
 1268 065b 43595F42 		.ascii	"CY_BLE_ERROR_INSUFFICIENT_RESOURCES\000"
 1268      4C455F45 
 1268      52524F52 
 1268      5F494E53 
 1268      55464649 
 1269              	.LASF19:
 1270 067f 5F426F6F 		.ascii	"_Bool\000"
 1270      6C00
 1271              	.LASF88:
 1272 0685 43595F42 		.ascii	"CY_BLE_ERROR_IND_DISABLED\000"
 1272      4C455F45 
 1272      52524F52 
 1272      5F494E44 
 1272      5F444953 
 1273              	.LASF70:
 1274 069f 43595F42 		.ascii	"CY_BLE_ERROR_NO_CONNECTION\000"
 1274      4C455F45 
 1274      52524F52 
 1274      5F4E4F5F 
 1274      434F4E4E 
ARM GAS  C:\Users\User\AppData\Local\Temp\ccJMl1cb.s 			page 31


 1275              	.LASF28:
 1276 06ba 696E7465 		.ascii	"interruptSources\000"
 1276      72727570 
 1276      74536F75 
 1276      72636573 
 1276      00
 1277              	.LASF5:
 1278 06cb 6C6F6E67 		.ascii	"long unsigned int\000"
 1278      20756E73 
 1278      69676E65 
 1278      6420696E 
 1278      7400
 1279              	.LASF16:
 1280 06dd 646F7562 		.ascii	"double\000"
 1280      6C6500
 1281              	.LASF81:
 1282 06e4 43595F42 		.ascii	"CY_BLE_ERROR_UNSUPPORTED_FEATURE_OR_PARAMETER_VALUE"
 1282      4C455F45 
 1282      52524F52 
 1282      5F554E53 
 1282      5550504F 
 1283 0717 00       		.ascii	"\000"
 1284              	.LASF41:
 1285 0718 63795F73 		.ascii	"cy_stc_tcpwm_counter_config\000"
 1285      74635F74 
 1285      6370776D 
 1285      5F636F75 
 1285      6E746572 
 1286              	.LASF6:
 1287 0734 6C6F6E67 		.ascii	"long long int\000"
 1287      206C6F6E 
 1287      6720696E 
 1287      7400
 1288              	.LASF83:
 1289 0742 43595F42 		.ascii	"CY_BLE_ERROR_FLASH_WRITE\000"
 1289      4C455F45 
 1289      52524F52 
 1289      5F464C41 
 1289      53485F57 
 1290              	.LASF34:
 1291 075b 73746172 		.ascii	"startInput\000"
 1291      74496E70 
 1291      757400
 1292              	.LASF35:
 1293 0766 73746F70 		.ascii	"stopInputMode\000"
 1293      496E7075 
 1293      744D6F64 
 1293      6500
 1294              	.LASF61:
 1295 0774 74784C65 		.ascii	"txLeftToTransmit\000"
 1295      6674546F 
 1295      5472616E 
 1295      736D6974 
 1295      00
 1296              	.LASF23:
 1297 0785 636F756E 		.ascii	"countDirection\000"
 1297      74446972 
ARM GAS  C:\Users\User\AppData\Local\Temp\ccJMl1cb.s 			page 32


 1297      65637469 
 1297      6F6E00
 1298              	.LASF62:
 1299 0794 63795F73 		.ascii	"cy_stc_scb_uart_context_t\000"
 1299      74635F73 
 1299      63625F75 
 1299      6172745F 
 1299      636F6E74 
 1300              	.LASF60:
 1301 07ae 72785269 		.ascii	"rxRingBufTail\000"
 1301      6E674275 
 1301      66546169 
 1301      6C00
 1302              	.LASF17:
 1303 07bc 43595F53 		.ascii	"CY_SYSPM_WAIT_FOR_INTERRUPT\000"
 1303      5953504D 
 1303      5F574149 
 1303      545F464F 
 1303      525F494E 
 1304              	.LASF76:
 1305 07d8 43595F42 		.ascii	"CY_BLE_ERROR_L2CAP_PSM_WRONG_ENCODING\000"
 1305      4C455F45 
 1305      52524F52 
 1305      5F4C3243 
 1305      41505F50 
 1306              	.LASF102:
 1307 07fe 6D61696E 		.ascii	"main_cm0p.c\000"
 1307      5F636D30 
 1307      702E6300 
 1308              	.LASF90:
 1309 080a 43595F42 		.ascii	"CY_BLE_ERROR_CONTROLLER_BUSY\000"
 1309      4C455F45 
 1309      52524F52 
 1309      5F434F4E 
 1309      54524F4C 
 1310              	.LASF38:
 1311 0827 636F756E 		.ascii	"countInput\000"
 1311      74496E70 
 1311      757400
 1312              	.LASF100:
 1313 0832 43795F53 		.ascii	"Cy_SysPm_DeepSleep\000"
 1313      7973506D 
 1313      5F446565 
 1313      70536C65 
 1313      657000
 1314              	.LASF84:
 1315 0845 43595F42 		.ascii	"CY_BLE_ERROR_MIC_AUTH_FAILED\000"
 1315      4C455F45 
 1315      52524F52 
 1315      5F4D4943 
 1315      5F415554 
 1316              	.LASF29:
 1317 0862 63617074 		.ascii	"captureInputMode\000"
 1317      75726549 
 1317      6E707574 
 1317      4D6F6465 
 1317      00
ARM GAS  C:\Users\User\AppData\Local\Temp\ccJMl1cb.s 			page 33


 1318              	.LASF98:
 1319 0873 43795F53 		.ascii	"Cy_SysLib_AssertFailed\000"
 1319      79734C69 
 1319      625F4173 
 1319      73657274 
 1319      4661696C 
 1320              	.LASF89:
 1321 088a 43595F42 		.ascii	"CY_BLE_ERROR_CHAR_IS_NOT_DISCOVERED\000"
 1321      4C455F45 
 1321      52524F52 
 1321      5F434841 
 1321      525F4953 
 1322              	.LASF92:
 1323 08ae 43595F42 		.ascii	"CY_BLE_ERROR_MAX\000"
 1323      4C455F45 
 1323      52524F52 
 1323      5F4D4158 
 1323      00
 1324              		.ident	"GCC: (GNU Tools for ARM Embedded Processors) 5.4.1 20160609 (release) [ARM/embedded-5-bran
