ARM GAS  C:\Users\User\AppData\Local\Temp\ccycsdYW.s 			page 1


   1              		.syntax unified
   2              		.cpu cortex-m4
   3              		.eabi_attribute 27, 1
   4              		.fpu fpv4-sp-d16
   5              		.eabi_attribute 20, 1
   6              		.eabi_attribute 21, 1
   7              		.eabi_attribute 23, 3
   8              		.eabi_attribute 24, 1
   9              		.eabi_attribute 25, 1
  10              		.eabi_attribute 26, 1
  11              		.eabi_attribute 30, 1
  12              		.eabi_attribute 34, 1
  13              		.eabi_attribute 18, 4
  14              		.thumb
  15              		.syntax unified
  16              		.file	"proximity.c"
  17              		.text
  18              	.Ltext0:
  19              		.cfi_sections	.debug_frame
  20              		.section	.text.GetProximityData,"ax",%progbits
  21              		.align	2
  22              		.global	GetProximityData
  23              		.thumb
  24              		.thumb_func
  25              		.type	GetProximityData, %function
  26              	GetProximityData:
  27              	.LFB632:
  28              		.file 1 "proximity.c"
   1:proximity.c   **** /******************************************************************************
   2:proximity.c   **** * File Name: proximity.c
   3:proximity.c   **** *
   4:proximity.c   **** * Version: 1.00
   5:proximity.c   **** *
   6:proximity.c   **** * Description: This file contains functions that handle the initialization and
   7:proximity.c   **** *              the scanning of the CapSense Proximity and the Buttons
   8:proximity.c   **** *
   9:proximity.c   **** * Related Document: CE218135_BLE_Proximity.pdf
  10:proximity.c   **** *
  11:proximity.c   **** * Hardware Dependency: CY8CKIT-062-BLE PSoC 6 BLE Pioneer Kit
  12:proximity.c   **** *                      CY8CKIT-028-EPD E-INK Display Shield
  13:proximity.c   **** *
  14:proximity.c   **** ******************************************************************************
  15:proximity.c   **** * Copyright (2017), Cypress Semiconductor Corporation.
  16:proximity.c   **** ******************************************************************************
  17:proximity.c   **** * This software, including source code, documentation and related materials
  18:proximity.c   **** * ("Software") is owned by Cypress Semiconductor Corporation (Cypress) and is
  19:proximity.c   **** * protected by and subject to worldwide patent protection (United States and 
  20:proximity.c   **** * foreign), United States copyright laws and international treaty provisions. 
  21:proximity.c   **** * Cypress hereby grants to licensee a personal, non-exclusive, non-transferable
  22:proximity.c   **** * license to copy, use, modify, create derivative works of, and compile the 
  23:proximity.c   **** * Cypress source code and derivative works for the sole purpose of creating 
  24:proximity.c   **** * custom software in support of licensee product, such licensee product to be
  25:proximity.c   **** * used only in conjunction with Cypress's integrated circuit as specified in the
  26:proximity.c   **** * applicable agreement. Any reproduction, modification, translation, compilation,
  27:proximity.c   **** * or representation of this Software except as specified above is prohibited 
  28:proximity.c   **** * without the express written permission of Cypress.
  29:proximity.c   **** * 
ARM GAS  C:\Users\User\AppData\Local\Temp\ccycsdYW.s 			page 2


  30:proximity.c   **** * Disclaimer: THIS SOFTWARE IS PROVIDED AS-IS, WITH NO WARRANTY OF ANY KIND, 
  31:proximity.c   **** * EXPRESS OR IMPLIED, INCLUDING, BUT NOT LIMITED TO, NONINFRINGEMENT, IMPLIED 
  32:proximity.c   **** * WARRANTIES OF MERCHANTABILITY AND FITNESS FOR A PARTICULAR PURPOSE.
  33:proximity.c   **** * Cypress reserves the right to make changes to the Software without notice. 
  34:proximity.c   **** * Cypress does not assume any liability arising out of the application or use
  35:proximity.c   **** * of Software or any product or circuit described in the Software. Cypress does
  36:proximity.c   **** * not authorize its products for use as critical components in any products 
  37:proximity.c   **** * where a malfunction or failure may reasonably be expected to result in 
  38:proximity.c   **** * significant injury or death ("ACTIVE Risk Product"). By including Cypress's 
  39:proximity.c   **** * product in a ACTIVE Risk Product, the manufacturer of such system or application
  40:proximity.c   **** * assumes all risk of such use and in doing so indemnifies Cypress against all
  41:proximity.c   **** * liability. Use of this Software may be limited by and subject to the applicable
  42:proximity.c   **** * Cypress software license agreement.
  43:proximity.c   **** *****************************************************************************/
  44:proximity.c   **** /*******************************************************************************
  45:proximity.c   **** * This file contains functions that handle the initialization and the scanning of 
  46:proximity.c   **** * the CapSense Proximity and the Buttons
  47:proximity.c   **** *******************************************************************************/
  48:proximity.c   **** 
  49:proximity.c   **** /* Header file includes */
  50:proximity.c   **** #include <project.h>
  51:proximity.c   **** #include "proximity.h"
  52:proximity.c   **** 
  53:proximity.c   **** /* Maximum value of CapSense proximity sensor data accepted by the CySmart app */
  54:proximity.c   **** #define PROX_MAX_VALUE  (uint16_t)(0x00FFu)
  55:proximity.c   **** extern uint32_t diffData[10];
  56:proximity.c   **** /*******************************************************************************
  57:proximity.c   **** * Function Name: proximity_data_t* proximity_data_t* GetProximityData(void)
  58:proximity.c   **** ********************************************************************************
  59:proximity.c   **** * Summary:
  60:proximity.c   **** *  Function that scans CapSense proximity sensor, processes information and then
  61:proximity.c   **** *  returns the data
  62:proximity.c   **** *
  63:proximity.c   **** * Parameters:
  64:proximity.c   **** *  None
  65:proximity.c   **** *
  66:proximity.c   **** * Return:
  67:proximity.c   **** *  proximity_data_t*  : address of the data-structure that stores proximity 
  68:proximity.c   **** *                       information
  69:proximity.c   **** *
  70:proximity.c   **** *******************************************************************************/
  71:proximity.c   **** proximity_data_t* GetProximityData(void)
  72:proximity.c   **** {
  29              		.loc 1 72 0
  30              		.cfi_startproc
  31              		@ args = 0, pretend = 0, frame = 0
  32              		@ frame_needed = 0, uses_anonymous_args = 0
  33 0000 08B5     		push	{r3, lr}
  34              		.cfi_def_cfa_offset 8
  35              		.cfi_offset 3, -8
  36              		.cfi_offset 14, -4
  73:proximity.c   ****     /* Structure that stores the current CapSense proximity information */
  74:proximity.c   ****     proximity_data_t  static currentProximityData = 
  75:proximity.c   ****     {    
  76:proximity.c   ****         /* Initialize the flag that track updates to proximity information */
  77:proximity.c   ****         .proximityDataUpdated = false,
  78:proximity.c   ****         /* Initialize the proximity information */
ARM GAS  C:\Users\User\AppData\Local\Temp\ccycsdYW.s 			page 3


  79:proximity.c   ****         .proximityData = 0u,
  80:proximity.c   ****     };
  81:proximity.c   ****         
  82:proximity.c   ****     /* Variables used to store the instantaneous proximity information */
  83:proximity.c   ****     uint8_t  static proximity  = 0u;
  84:proximity.c   **** 
  85:proximity.c   ****     /* Do this only when the CapSense isn't busy with a previous operation */
  86:proximity.c   ****     if (CapSense_IsBusy() == CapSense_NOT_BUSY)
  37              		.loc 1 86 0
  38 0002 FFF7FEFF 		bl	CapSense_IsBusy
  39              	.LVL0:
  40 0006 08BB     		cbnz	r0, .L2
  87:proximity.c   ****     {
  88:proximity.c   ****         /* Process data from the proximity widget */
  89:proximity.c   **** 		CapSense_ProcessAllWidgets();
  41              		.loc 1 89 0
  42 0008 FFF7FEFF 		bl	CapSense_ProcessAllWidgets
  43              	.LVL1:
  44              	.LBB2:
  90:proximity.c   ****         
  91:proximity.c   **** //        /* Check if the signal is greater than the finger threshold */
  92:proximity.c   **** //        if(CapSense_PROXIMITY0_SNS0_DIFF_VALUE > 
  93:proximity.c   **** //           CapSense_PROXIMITY0_FINGER_TH_VALUE)
  94:proximity.c   **** //        {
  95:proximity.c   **** //            /*If proximity value is not within the range, cap the value */
  96:proximity.c   **** //    		if((CapSense_PROXIMITY0_SNS0_DIFF_VALUE -
  97:proximity.c   **** //                CapSense_PROXIMITY0_FINGER_TH_VALUE) 
  98:proximity.c   **** //                <= PROX_MAX_VALUE)
  99:proximity.c   **** //    		{
 100:proximity.c   **** //                /* Store the proximity data */
 101:proximity.c   **** //    	         proximity =  (uint8_t)(CapSense_PROXIMITY0_SNS0_DIFF_VALUE - 
 102:proximity.c   **** //                                        CapSense_PROXIMITY0_FINGER_TH_VALUE);
 103:proximity.c   **** //    		}
 104:proximity.c   **** //            /* Store the maximum value otherwise */
 105:proximity.c   **** //            else
 106:proximity.c   **** //            {
 107:proximity.c   **** //                proximity = (uint8_t)PROX_MAX_VALUE;
 108:proximity.c   **** //            }
 109:proximity.c   **** //        }
 110:proximity.c   **** //        /* Clear the value if the signal is less than the finger threshold */
 111:proximity.c   **** //        else
 112:proximity.c   **** //        {
 113:proximity.c   **** //           proximity = 0u; 
 114:proximity.c   **** //        }
 115:proximity.c   ****         
 116:proximity.c   ****        for (int i = 0; i < 10; i++)
  45              		.loc 1 116 0
  46 000c 0023     		movs	r3, #0
  47 000e 19E0     		b	.L3
  48              	.LVL2:
  49              	.L7:
 117:proximity.c   ****         {
 118:proximity.c   ****          if (i == 9 && (diffData[i] > 4000)) proximity = (uint8_t)PROX_MAX_VALUE;
  50              		.loc 1 118 0
  51 0010 092B     		cmp	r3, #9
  52 0012 08D1     		bne	.L4
  53              		.loc 1 118 0 is_stmt 0 discriminator 1
ARM GAS  C:\Users\User\AppData\Local\Temp\ccycsdYW.s 			page 4


  54 0014 154A     		ldr	r2, .L11
  55 0016 52F82320 		ldr	r2, [r2, r3, lsl #2]
  56 001a B2F57A6F 		cmp	r2, #4000
  57 001e 02D9     		bls	.L4
  58              		.loc 1 118 0 discriminator 2
  59 0020 FF21     		movs	r1, #255
  60 0022 134A     		ldr	r2, .L11+4
  61 0024 1170     		strb	r1, [r2]
  62              	.L4:
 119:proximity.c   ****          if (diffData[i] > 4000)
  63              		.loc 1 119 0 is_stmt 1
  64 0026 114A     		ldr	r2, .L11
  65 0028 52F82320 		ldr	r2, [r2, r3, lsl #2]
  66 002c B2F57A6F 		cmp	r2, #4000
  67 0030 01D9     		bls	.L5
 116:proximity.c   ****         {
  68              		.loc 1 116 0
  69 0032 0133     		adds	r3, r3, #1
  70              	.LVL3:
  71 0034 06E0     		b	.L3
  72              	.L5:
 120:proximity.c   ****         continue;
 121:proximity.c   ****         else
 122:proximity.c   ****         {
 123:proximity.c   ****          proximity = i*25u; break;   
  73              		.loc 1 123 0
  74 0036 03EB8303 		add	r3, r3, r3, lsl #2
  75              	.LVL4:
  76 003a 03EB8303 		add	r3, r3, r3, lsl #2
  77 003e 0C4A     		ldr	r2, .L11+4
  78 0040 1370     		strb	r3, [r2]
  79 0042 01E0     		b	.L6
  80              	.L3:
  81              	.LVL5:
 116:proximity.c   ****         {
  82              		.loc 1 116 0 discriminator 1
  83 0044 092B     		cmp	r3, #9
  84 0046 E3DD     		ble	.L7
  85              	.LVL6:
  86              	.L6:
  87              	.LBE2:
 124:proximity.c   ****         }
 125:proximity.c   ****         } 
 126:proximity.c   ****         
 127:proximity.c   ****         
 128:proximity.c   ****         /*
 129:proximity.c   ****         for (int i = 0; i < 10; i++)
 130:proximity.c   ****         {
 131:proximity.c   ****             if (i == 9 && diffData[i] > 6000)
 132:proximity.c   ****           proximity = (uint8_t)PROX_MAX_VALUE; 
 133:proximity.c   ****          if (diffData[i] > 6000)
 134:proximity.c   ****         continue;
 135:proximity.c   ****         else
 136:proximity.c   ****         {
 137:proximity.c   ****            if (i == 0)
 138:proximity.c   ****            proximity = 0u; 
 139:proximity.c   ****            if (i == 1)
ARM GAS  C:\Users\User\AppData\Local\Temp\ccycsdYW.s 			page 5


 140:proximity.c   ****            proximity = 26u; 
 141:proximity.c   ****            if (i== 2)
 142:proximity.c   ****            proximity = 51u; 
 143:proximity.c   ****            if (i == 3)
 144:proximity.c   ****            proximity = 77u; 
 145:proximity.c   ****            if ( i == 4)
 146:proximity.c   ****            proximity = 102u; 
 147:proximity.c   ****            if (i == 5)
 148:proximity.c   ****            proximity = 128u; 
 149:proximity.c   ****            if ( i == 6)
 150:proximity.c   ****            proximity = 153u; 
 151:proximity.c   ****            if (i == 7)
 152:proximity.c   ****            proximity = 179u;
 153:proximity.c   ****            if ( i == 8)
 154:proximity.c   ****            proximity = 204u; 
 155:proximity.c   ****            if ( i == 9)
 156:proximity.c   ****            proximity = 230u; 
 157:proximity.c   ****         break;
 158:proximity.c   ****         }
 159:proximity.c   ****         }
 160:proximity.c   ****         */
 161:proximity.c   ****         
 162:proximity.c   ****         /* Start the next CapSense scan */
 163:proximity.c   ****         CapSense_ScanAllWidgets();
  88              		.loc 1 163 0
  89 0048 FFF7FEFF 		bl	CapSense_ScanAllWidgets
  90              	.LVL7:
  91              	.L2:
 164:proximity.c   ****     }
 165:proximity.c   ****                       
 166:proximity.c   ****     /* Check if the proximity data has changed */
 167:proximity.c   ****     if (proximity != currentProximityData.proximityData)
  92              		.loc 1 167 0
  93 004c 084B     		ldr	r3, .L11+4
  94 004e 5A79     		ldrb	r2, [r3, #5]	@ zero_extendqisi2
  95 0050 1B78     		ldrb	r3, [r3]	@ zero_extendqisi2
  96 0052 9A42     		cmp	r2, r3
  97 0054 04D0     		beq	.L8
 168:proximity.c   ****     {
 169:proximity.c   ****         /* Proximity proximity position */
 170:proximity.c   ****         currentProximityData.proximityData = proximity;
  98              		.loc 1 170 0
  99 0056 064A     		ldr	r2, .L11+4
 100 0058 5371     		strb	r3, [r2, #5]
 171:proximity.c   ****         /* Proximity data updated */
 172:proximity.c   ****         currentProximityData.proximityDataUpdated = true;
 101              		.loc 1 172 0
 102 005a 0123     		movs	r3, #1
 103 005c 1371     		strb	r3, [r2, #4]
 104 005e 02E0     		b	.L9
 105              	.L8:
 173:proximity.c   ****     }
 174:proximity.c   ****     else
 175:proximity.c   ****     {  
 176:proximity.c   ****        /* Proximity data not updated */
 177:proximity.c   ****        currentProximityData.proximityDataUpdated = false; 
 106              		.loc 1 177 0
ARM GAS  C:\Users\User\AppData\Local\Temp\ccycsdYW.s 			page 6


 107 0060 0022     		movs	r2, #0
 108 0062 034B     		ldr	r3, .L11+4
 109 0064 1A71     		strb	r2, [r3, #4]
 110              	.L9:
 178:proximity.c   ****     }
 179:proximity.c   ****         
 180:proximity.c   ****     /* return the proximity information */
 181:proximity.c   ****     return &currentProximityData;
 182:proximity.c   **** }
 111              		.loc 1 182 0
 112 0066 0348     		ldr	r0, .L11+8
 113 0068 08BD     		pop	{r3, pc}
 114              	.L12:
 115 006a 00BF     		.align	2
 116              	.L11:
 117 006c 00000000 		.word	diffData
 118 0070 00000000 		.word	.LANCHOR0
 119 0074 04000000 		.word	.LANCHOR0+4
 120              		.cfi_endproc
 121              	.LFE632:
 122              		.size	GetProximityData, .-GetProximityData
 123              		.section	.text.IsCapSenseReadyForLowPowerMode,"ax",%progbits
 124              		.align	2
 125              		.global	IsCapSenseReadyForLowPowerMode
 126              		.thumb
 127              		.thumb_func
 128              		.type	IsCapSenseReadyForLowPowerMode, %function
 129              	IsCapSenseReadyForLowPowerMode:
 130              	.LFB633:
 183:proximity.c   **** 
 184:proximity.c   **** /*******************************************************************************
 185:proximity.c   **** * Function Name: bool IsCapSenseReadyForLowPowerMode(void)
 186:proximity.c   **** ********************************************************************************
 187:proximity.c   **** *
 188:proximity.c   **** * Summary:
 189:proximity.c   **** *  Function to check if CapSense is ready to enter low power mode
 190:proximity.c   **** *
 191:proximity.c   **** * Parameters:
 192:proximity.c   **** *  None
 193:proximity.c   **** *
 194:proximity.c   **** * Return:
 195:proximity.c   **** *  bool     : true if ready to enter low power mode, false otherwise
 196:proximity.c   **** *
 197:proximity.c   **** * Side Effects:
 198:proximity.c   **** *  None
 199:proximity.c   **** *
 200:proximity.c   **** *******************************************************************************/
 201:proximity.c   **** bool  IsCapSenseReadyForLowPowerMode(void)
 202:proximity.c   **** {
 131              		.loc 1 202 0
 132              		.cfi_startproc
 133              		@ args = 0, pretend = 0, frame = 0
 134              		@ frame_needed = 0, uses_anonymous_args = 0
 135 0000 08B5     		push	{r3, lr}
 136              		.cfi_def_cfa_offset 8
 137              		.cfi_offset 3, -8
 138              		.cfi_offset 14, -4
ARM GAS  C:\Users\User\AppData\Local\Temp\ccycsdYW.s 			page 7


 203:proximity.c   ****     /* Variable that stores the return flag */
 204:proximity.c   ****     bool lowPowerModeReady;
 205:proximity.c   ****     
 206:proximity.c   ****     /* Don't enter low power mode if CapSense is busy with a scan */
 207:proximity.c   ****     if(CapSense_IsBusy() != CapSense_NOT_BUSY)
 139              		.loc 1 207 0
 140 0002 FFF7FEFF 		bl	CapSense_IsBusy
 141              	.LVL8:
 142 0006 08B1     		cbz	r0, .L15
 208:proximity.c   ****     {
 209:proximity.c   ****         lowPowerModeReady=false;
 143              		.loc 1 209 0
 144 0008 0020     		movs	r0, #0
 145 000a 08BD     		pop	{r3, pc}
 146              	.L15:
 210:proximity.c   ****     }
 211:proximity.c   ****     else
 212:proximity.c   ****     {
 213:proximity.c   ****         lowPowerModeReady=true;
 147              		.loc 1 213 0
 148 000c 0120     		movs	r0, #1
 149              	.LVL9:
 214:proximity.c   ****     }
 215:proximity.c   ****     
 216:proximity.c   ****     /* Return  the low power mode entry readiness */
 217:proximity.c   ****     return lowPowerModeReady;
 218:proximity.c   **** }
 150              		.loc 1 218 0
 151 000e 08BD     		pop	{r3, pc}
 152              		.cfi_endproc
 153              	.LFE633:
 154              		.size	IsCapSenseReadyForLowPowerMode, .-IsCapSenseReadyForLowPowerMode
 155              		.section	.text.InitCapSense,"ax",%progbits
 156              		.align	2
 157              		.global	InitCapSense
 158              		.thumb
 159              		.thumb_func
 160              		.type	InitCapSense, %function
 161              	InitCapSense:
 162              	.LFB634:
 219:proximity.c   **** 
 220:proximity.c   **** /*******************************************************************************
 221:proximity.c   **** * Function Name: void InitCapSense(void)
 222:proximity.c   **** ********************************************************************************
 223:proximity.c   **** * Summary:
 224:proximity.c   **** *  Initializes CapSense proximity sensing
 225:proximity.c   **** *
 226:proximity.c   **** * Parameters:
 227:proximity.c   **** *  void
 228:proximity.c   **** *
 229:proximity.c   **** * Return:
 230:proximity.c   **** *  void
 231:proximity.c   **** *
 232:proximity.c   **** *******************************************************************************/
 233:proximity.c   **** void InitCapSense(void)
 234:proximity.c   **** {
 163              		.loc 1 234 0
ARM GAS  C:\Users\User\AppData\Local\Temp\ccycsdYW.s 			page 8


 164              		.cfi_startproc
 165              		@ args = 0, pretend = 0, frame = 0
 166              		@ frame_needed = 0, uses_anonymous_args = 0
 167 0000 08B5     		push	{r3, lr}
 168              		.cfi_def_cfa_offset 8
 169              		.cfi_offset 3, -8
 170              		.cfi_offset 14, -4
 235:proximity.c   ****     /* Start the CapSense component and initialize the baselines */
 236:proximity.c   ****     CapSense_Start();
 171              		.loc 1 236 0
 172 0002 FFF7FEFF 		bl	CapSense_Start
 173              	.LVL10:
 174 0006 08BD     		pop	{r3, pc}
 175              		.cfi_endproc
 176              	.LFE634:
 177              		.size	InitCapSense, .-InitCapSense
 178              		.bss
 179              		.align	2
 180              		.set	.LANCHOR0,. + 0
 181              		.type	proximity.17818, %object
 182              		.size	proximity.17818, 1
 183              	proximity.17818:
 184 0000 00       		.space	1
 185 0001 000000   		.space	3
 186              		.type	currentProximityData.17817, %object
 187              		.size	currentProximityData.17817, 2
 188              	currentProximityData.17817:
 189 0004 0000     		.space	2
 190              		.text
 191              	.Letext0:
 192              		.file 2 "d:\\cypress creator\\psoc creator\\4.2\\psoc creator\\import\\gnu\\arm\\5.4.1\\arm-none-e
 193              		.file 3 "d:\\cypress creator\\psoc creator\\4.2\\psoc creator\\import\\gnu\\arm\\5.4.1\\arm-none-e
 194              		.file 4 "Generated_Source\\PSoC6\\pdl\\drivers/peripheral/tcpwm/cy_tcpwm_counter.h"
 195              		.file 5 "Generated_Source\\PSoC6\\pdl\\drivers/peripheral/scb/cy_scb_spi.h"
 196              		.file 6 "Generated_Source\\PSoC6\\pdl\\drivers/peripheral/scb/cy_scb_uart.h"
 197              		.file 7 "Generated_Source\\PSoC6\\pdl\\middleware/ble/cy_ble_stack_host_main.h"
 198              		.file 8 "Generated_Source\\PSoC6\\pdl\\middleware/ble/cy_ble_gap.h"
 199              		.file 9 "proximity.h"
 200              		.file 10 "Generated_Source\\PSoC6\\pdl\\cmsis/include/core_cm4.h"
 201              		.file 11 "Generated_Source\\PSoC6/CY_EINK_SPIM.h"
 202              		.file 12 "Generated_Source\\PSoC6/CY_EINK_Timer.h"
 203              		.file 13 "Generated_Source\\PSoC6/Uart_Printf.h"
 204              		.file 14 "Generated_Source\\PSoC6/CapSense_Sensing.h"
 205              		.file 15 "Generated_Source\\PSoC6/CapSense_Control.h"
 206              		.section	.debug_info,"",%progbits
 207              	.Ldebug_info0:
 208 0000 D2050000 		.4byte	0x5d2
 209 0004 0400     		.2byte	0x4
 210 0006 00000000 		.4byte	.Ldebug_abbrev0
 211 000a 04       		.byte	0x4
 212 000b 01       		.uleb128 0x1
 213 000c 51010000 		.4byte	.LASF103
 214 0010 0C       		.byte	0xc
 215 0011 A4050000 		.4byte	.LASF104
 216 0015 AF040000 		.4byte	.LASF105
 217 0019 00000000 		.4byte	.Ldebug_ranges0+0
 218 001d 00000000 		.4byte	0
ARM GAS  C:\Users\User\AppData\Local\Temp\ccycsdYW.s 			page 9


 219 0021 00000000 		.4byte	.Ldebug_line0
 220 0025 02       		.uleb128 0x2
 221 0026 02       		.byte	0x2
 222 0027 05       		.byte	0x5
 223 0028 D1000000 		.4byte	.LASF0
 224 002c 02       		.uleb128 0x2
 225 002d 01       		.byte	0x1
 226 002e 06       		.byte	0x6
 227 002f 7B040000 		.4byte	.LASF1
 228 0033 03       		.uleb128 0x3
 229 0034 B6030000 		.4byte	.LASF3
 230 0038 02       		.byte	0x2
 231 0039 1D       		.byte	0x1d
 232 003a 3E000000 		.4byte	0x3e
 233 003e 02       		.uleb128 0x2
 234 003f 01       		.byte	0x1
 235 0040 08       		.byte	0x8
 236 0041 2E040000 		.4byte	.LASF2
 237 0045 03       		.uleb128 0x3
 238 0046 04020000 		.4byte	.LASF4
 239 004a 02       		.byte	0x2
 240 004b 2B       		.byte	0x2b
 241 004c 50000000 		.4byte	0x50
 242 0050 02       		.uleb128 0x2
 243 0051 02       		.byte	0x2
 244 0052 07       		.byte	0x7
 245 0053 8B050000 		.4byte	.LASF5
 246 0057 03       		.uleb128 0x3
 247 0058 B5060000 		.4byte	.LASF6
 248 005c 02       		.byte	0x2
 249 005d 3F       		.byte	0x3f
 250 005e 62000000 		.4byte	0x62
 251 0062 02       		.uleb128 0x2
 252 0063 04       		.byte	0x4
 253 0064 05       		.byte	0x5
 254 0065 A5020000 		.4byte	.LASF7
 255 0069 03       		.uleb128 0x3
 256 006a 0F020000 		.4byte	.LASF8
 257 006e 02       		.byte	0x2
 258 006f 41       		.byte	0x41
 259 0070 74000000 		.4byte	0x74
 260 0074 02       		.uleb128 0x2
 261 0075 04       		.byte	0x4
 262 0076 07       		.byte	0x7
 263 0077 53060000 		.4byte	.LASF9
 264 007b 02       		.uleb128 0x2
 265 007c 08       		.byte	0x8
 266 007d 05       		.byte	0x5
 267 007e 54030000 		.4byte	.LASF10
 268 0082 02       		.uleb128 0x2
 269 0083 08       		.byte	0x8
 270 0084 07       		.byte	0x7
 271 0085 8F040000 		.4byte	.LASF11
 272 0089 04       		.uleb128 0x4
 273 008a 04       		.byte	0x4
 274 008b 05       		.byte	0x5
 275 008c 696E7400 		.ascii	"int\000"
ARM GAS  C:\Users\User\AppData\Local\Temp\ccycsdYW.s 			page 10


 276 0090 02       		.uleb128 0x2
 277 0091 04       		.byte	0x4
 278 0092 07       		.byte	0x7
 279 0093 ED040000 		.4byte	.LASF12
 280 0097 03       		.uleb128 0x3
 281 0098 C6020000 		.4byte	.LASF13
 282 009c 03       		.byte	0x3
 283 009d 18       		.byte	0x18
 284 009e 33000000 		.4byte	0x33
 285 00a2 03       		.uleb128 0x3
 286 00a3 FA040000 		.4byte	.LASF14
 287 00a7 03       		.byte	0x3
 288 00a8 24       		.byte	0x24
 289 00a9 45000000 		.4byte	0x45
 290 00ad 03       		.uleb128 0x3
 291 00ae 87040000 		.4byte	.LASF15
 292 00b2 03       		.byte	0x3
 293 00b3 2C       		.byte	0x2c
 294 00b4 57000000 		.4byte	0x57
 295 00b8 03       		.uleb128 0x3
 296 00b9 A6040000 		.4byte	.LASF16
 297 00bd 03       		.byte	0x3
 298 00be 30       		.byte	0x30
 299 00bf 69000000 		.4byte	0x69
 300 00c3 02       		.uleb128 0x2
 301 00c4 04       		.byte	0x4
 302 00c5 07       		.byte	0x7
 303 00c6 DB000000 		.4byte	.LASF17
 304 00ca 05       		.uleb128 0x5
 305 00cb B8000000 		.4byte	0xb8
 306 00cf 02       		.uleb128 0x2
 307 00d0 08       		.byte	0x8
 308 00d1 04       		.byte	0x4
 309 00d2 EE030000 		.4byte	.LASF18
 310 00d6 02       		.uleb128 0x2
 311 00d7 01       		.byte	0x1
 312 00d8 08       		.byte	0x8
 313 00d9 B0050000 		.4byte	.LASF19
 314 00dd 02       		.uleb128 0x2
 315 00de 04       		.byte	0x4
 316 00df 04       		.byte	0x4
 317 00e0 40030000 		.4byte	.LASF20
 318 00e4 02       		.uleb128 0x2
 319 00e5 08       		.byte	0x8
 320 00e6 04       		.byte	0x4
 321 00e7 65060000 		.4byte	.LASF21
 322 00eb 06       		.uleb128 0x6
 323 00ec 04       		.byte	0x4
 324 00ed 02       		.uleb128 0x2
 325 00ee 01       		.byte	0x1
 326 00ef 02       		.byte	0x2
 327 00f0 FB050000 		.4byte	.LASF22
 328 00f4 07       		.uleb128 0x7
 329 00f5 83060000 		.4byte	.LASF44
 330 00f9 4C       		.byte	0x4c
 331 00fa 04       		.byte	0x4
 332 00fb 2B       		.byte	0x2b
ARM GAS  C:\Users\User\AppData\Local\Temp\ccycsdYW.s 			page 11


 333 00fc E5010000 		.4byte	0x1e5
 334 0100 08       		.uleb128 0x8
 335 0101 AF030000 		.4byte	.LASF23
 336 0105 04       		.byte	0x4
 337 0106 2D       		.byte	0x2d
 338 0107 B8000000 		.4byte	0xb8
 339 010b 00       		.byte	0
 340 010c 08       		.uleb128 0x8
 341 010d 36000000 		.4byte	.LASF24
 342 0111 04       		.byte	0x4
 343 0112 2F       		.byte	0x2f
 344 0113 B8000000 		.4byte	0xb8
 345 0117 04       		.byte	0x4
 346 0118 08       		.uleb128 0x8
 347 0119 4C030000 		.4byte	.LASF25
 348 011d 04       		.byte	0x4
 349 011e 30       		.byte	0x30
 350 011f B8000000 		.4byte	0xb8
 351 0123 08       		.byte	0x8
 352 0124 08       		.uleb128 0x8
 353 0125 00070000 		.4byte	.LASF26
 354 0129 04       		.byte	0x4
 355 012a 31       		.byte	0x31
 356 012b B8000000 		.4byte	0xb8
 357 012f 0C       		.byte	0xc
 358 0130 08       		.uleb128 0x8
 359 0131 DD050000 		.4byte	.LASF27
 360 0135 04       		.byte	0x4
 361 0136 33       		.byte	0x33
 362 0137 B8000000 		.4byte	0xb8
 363 013b 10       		.byte	0x10
 364 013c 08       		.uleb128 0x8
 365 013d 54000000 		.4byte	.LASF28
 366 0141 04       		.byte	0x4
 367 0142 34       		.byte	0x34
 368 0143 B8000000 		.4byte	0xb8
 369 0147 14       		.byte	0x14
 370 0148 08       		.uleb128 0x8
 371 0149 5D000000 		.4byte	.LASF29
 372 014d 04       		.byte	0x4
 373 014e 35       		.byte	0x35
 374 014f B8000000 		.4byte	0xb8
 375 0153 18       		.byte	0x18
 376 0154 08       		.uleb128 0x8
 377 0155 17050000 		.4byte	.LASF30
 378 0159 04       		.byte	0x4
 379 015a 36       		.byte	0x36
 380 015b ED000000 		.4byte	0xed
 381 015f 1C       		.byte	0x1c
 382 0160 08       		.uleb128 0x8
 383 0161 23060000 		.4byte	.LASF31
 384 0165 04       		.byte	0x4
 385 0166 38       		.byte	0x38
 386 0167 B8000000 		.4byte	0xb8
 387 016b 20       		.byte	0x20
 388 016c 08       		.uleb128 0x8
 389 016d 12060000 		.4byte	.LASF32
ARM GAS  C:\Users\User\AppData\Local\Temp\ccycsdYW.s 			page 12


 390 0171 04       		.byte	0x4
 391 0172 39       		.byte	0x39
 392 0173 B8000000 		.4byte	0xb8
 393 0177 24       		.byte	0x24
 394 0178 08       		.uleb128 0x8
 395 0179 1A020000 		.4byte	.LASF33
 396 017d 04       		.byte	0x4
 397 017e 3B       		.byte	0x3b
 398 017f B8000000 		.4byte	0xb8
 399 0183 28       		.byte	0x28
 400 0184 08       		.uleb128 0x8
 401 0185 8C000000 		.4byte	.LASF34
 402 0189 04       		.byte	0x4
 403 018a 3C       		.byte	0x3c
 404 018b B8000000 		.4byte	0xb8
 405 018f 2C       		.byte	0x2c
 406 0190 08       		.uleb128 0x8
 407 0191 00000000 		.4byte	.LASF35
 408 0195 04       		.byte	0x4
 409 0196 3E       		.byte	0x3e
 410 0197 B8000000 		.4byte	0xb8
 411 019b 30       		.byte	0x30
 412 019c 08       		.uleb128 0x8
 413 019d 38010000 		.4byte	.LASF36
 414 01a1 04       		.byte	0x4
 415 01a2 3F       		.byte	0x3f
 416 01a3 B8000000 		.4byte	0xb8
 417 01a7 34       		.byte	0x34
 418 01a8 08       		.uleb128 0x8
 419 01a9 AA060000 		.4byte	.LASF37
 420 01ad 04       		.byte	0x4
 421 01ae 41       		.byte	0x41
 422 01af B8000000 		.4byte	0xb8
 423 01b3 38       		.byte	0x38
 424 01b4 08       		.uleb128 0x8
 425 01b5 BF060000 		.4byte	.LASF38
 426 01b9 04       		.byte	0x4
 427 01ba 42       		.byte	0x42
 428 01bb B8000000 		.4byte	0xb8
 429 01bf 3C       		.byte	0x3c
 430 01c0 08       		.uleb128 0x8
 431 01c1 C0030000 		.4byte	.LASF39
 432 01c5 04       		.byte	0x4
 433 01c6 44       		.byte	0x44
 434 01c7 B8000000 		.4byte	0xb8
 435 01cb 40       		.byte	0x40
 436 01cc 08       		.uleb128 0x8
 437 01cd 45000000 		.4byte	.LASF40
 438 01d1 04       		.byte	0x4
 439 01d2 45       		.byte	0x45
 440 01d3 B8000000 		.4byte	0xb8
 441 01d7 44       		.byte	0x44
 442 01d8 08       		.uleb128 0x8
 443 01d9 9F060000 		.4byte	.LASF41
 444 01dd 04       		.byte	0x4
 445 01de 47       		.byte	0x47
 446 01df B8000000 		.4byte	0xb8
ARM GAS  C:\Users\User\AppData\Local\Temp\ccycsdYW.s 			page 13


 447 01e3 48       		.byte	0x48
 448 01e4 00       		.byte	0
 449 01e5 03       		.uleb128 0x3
 450 01e6 2F050000 		.4byte	.LASF42
 451 01ea 04       		.byte	0x4
 452 01eb 48       		.byte	0x48
 453 01ec F4000000 		.4byte	0xf4
 454 01f0 09       		.uleb128 0x9
 455 01f1 04       		.byte	0x4
 456 01f2 F6010000 		.4byte	0x1f6
 457 01f6 0A       		.uleb128 0xa
 458 01f7 01020000 		.4byte	0x201
 459 01fb 0B       		.uleb128 0xb
 460 01fc B8000000 		.4byte	0xb8
 461 0200 00       		.byte	0
 462 0201 0C       		.uleb128 0xc
 463 0202 EC020000 		.4byte	.LASF43
 464 0206 05       		.byte	0x5
 465 0207 BF01     		.2byte	0x1bf
 466 0209 F0010000 		.4byte	0x1f0
 467 020d 0D       		.uleb128 0xd
 468 020e 6C060000 		.4byte	.LASF45
 469 0212 24       		.byte	0x24
 470 0213 05       		.byte	0x5
 471 0214 4102     		.2byte	0x241
 472 0216 90020000 		.4byte	0x290
 473 021a 0E       		.uleb128 0xe
 474 021b 84050000 		.4byte	.LASF46
 475 021f 05       		.byte	0x5
 476 0220 4402     		.2byte	0x244
 477 0222 CA000000 		.4byte	0xca
 478 0226 00       		.byte	0
 479 0227 0E       		.uleb128 0xe
 480 0228 9E050000 		.4byte	.LASF47
 481 022c 05       		.byte	0x5
 482 022d 4602     		.2byte	0x246
 483 022f EB000000 		.4byte	0xeb
 484 0233 04       		.byte	0x4
 485 0234 0E       		.uleb128 0xe
 486 0235 82000000 		.4byte	.LASF48
 487 0239 05       		.byte	0x5
 488 023a 4702     		.2byte	0x247
 489 023c B8000000 		.4byte	0xb8
 490 0240 08       		.byte	0x8
 491 0241 0E       		.uleb128 0xe
 492 0242 9C020000 		.4byte	.LASF49
 493 0246 05       		.byte	0x5
 494 0247 4802     		.2byte	0x248
 495 0249 CA000000 		.4byte	0xca
 496 024d 0C       		.byte	0xc
 497 024e 0E       		.uleb128 0xe
 498 024f 46030000 		.4byte	.LASF50
 499 0253 05       		.byte	0x5
 500 0254 4A02     		.2byte	0x24a
 501 0256 EB000000 		.4byte	0xeb
 502 025a 10       		.byte	0x10
 503 025b 0E       		.uleb128 0xe
ARM GAS  C:\Users\User\AppData\Local\Temp\ccycsdYW.s 			page 14


 504 025c 47010000 		.4byte	.LASF51
 505 0260 05       		.byte	0x5
 506 0261 4B02     		.2byte	0x24b
 507 0263 B8000000 		.4byte	0xb8
 508 0267 14       		.byte	0x14
 509 0268 0E       		.uleb128 0xe
 510 0269 A6030000 		.4byte	.LASF52
 511 026d 05       		.byte	0x5
 512 026e 4C02     		.2byte	0x24c
 513 0270 CA000000 		.4byte	0xca
 514 0274 18       		.byte	0x18
 515 0275 0E       		.uleb128 0xe
 516 0276 B5050000 		.4byte	.LASF53
 517 027a 05       		.byte	0x5
 518 027b 5202     		.2byte	0x252
 519 027d 01020000 		.4byte	0x201
 520 0281 1C       		.byte	0x1c
 521 0282 0E       		.uleb128 0xe
 522 0283 9E030000 		.4byte	.LASF54
 523 0287 05       		.byte	0x5
 524 0288 5502     		.2byte	0x255
 525 028a B8000000 		.4byte	0xb8
 526 028e 20       		.byte	0x20
 527 028f 00       		.byte	0
 528 0290 0C       		.uleb128 0xc
 529 0291 1F010000 		.4byte	.LASF55
 530 0295 05       		.byte	0x5
 531 0296 5802     		.2byte	0x258
 532 0298 0D020000 		.4byte	0x20d
 533 029c 0C       		.uleb128 0xc
 534 029d 9C000000 		.4byte	.LASF56
 535 02a1 06       		.byte	0x6
 536 02a2 AB01     		.2byte	0x1ab
 537 02a4 F0010000 		.4byte	0x1f0
 538 02a8 0D       		.uleb128 0xd
 539 02a9 AE020000 		.4byte	.LASF57
 540 02ad 38       		.byte	0x38
 541 02ae 06       		.byte	0x6
 542 02af 4702     		.2byte	0x247
 543 02b1 6C030000 		.4byte	0x36c
 544 02b5 0E       		.uleb128 0xe
 545 02b6 27020000 		.4byte	.LASF58
 546 02ba 06       		.byte	0x6
 547 02bb 4A02     		.2byte	0x24a
 548 02bd CA000000 		.4byte	0xca
 549 02c1 00       		.byte	0
 550 02c2 0E       		.uleb128 0xe
 551 02c3 25040000 		.4byte	.LASF59
 552 02c7 06       		.byte	0x6
 553 02c8 4B02     		.2byte	0x24b
 554 02ca CA000000 		.4byte	0xca
 555 02ce 04       		.byte	0x4
 556 02cf 0E       		.uleb128 0xe
 557 02d0 3C040000 		.4byte	.LASF60
 558 02d4 06       		.byte	0x6
 559 02d5 4D02     		.2byte	0x24d
 560 02d7 EB000000 		.4byte	0xeb
ARM GAS  C:\Users\User\AppData\Local\Temp\ccycsdYW.s 			page 15


 561 02db 08       		.byte	0x8
 562 02dc 0E       		.uleb128 0xe
 563 02dd DE020000 		.4byte	.LASF61
 564 02e1 06       		.byte	0x6
 565 02e2 4E02     		.2byte	0x24e
 566 02e4 B8000000 		.4byte	0xb8
 567 02e8 0C       		.byte	0xc
 568 02e9 0E       		.uleb128 0xe
 569 02ea 32030000 		.4byte	.LASF62
 570 02ee 06       		.byte	0x6
 571 02ef 4F02     		.2byte	0x24f
 572 02f1 CA000000 		.4byte	0xca
 573 02f5 10       		.byte	0x10
 574 02f6 0E       		.uleb128 0xe
 575 02f7 39070000 		.4byte	.LASF63
 576 02fb 06       		.byte	0x6
 577 02fc 5002     		.2byte	0x250
 578 02fe CA000000 		.4byte	0xca
 579 0302 14       		.byte	0x14
 580 0303 0E       		.uleb128 0xe
 581 0304 9E050000 		.4byte	.LASF47
 582 0308 06       		.byte	0x6
 583 0309 5202     		.2byte	0x252
 584 030b EB000000 		.4byte	0xeb
 585 030f 18       		.byte	0x18
 586 0310 0E       		.uleb128 0xe
 587 0311 82000000 		.4byte	.LASF48
 588 0315 06       		.byte	0x6
 589 0316 5302     		.2byte	0x253
 590 0318 B8000000 		.4byte	0xb8
 591 031c 1C       		.byte	0x1c
 592 031d 0E       		.uleb128 0xe
 593 031e 9C020000 		.4byte	.LASF49
 594 0322 06       		.byte	0x6
 595 0323 5402     		.2byte	0x254
 596 0325 CA000000 		.4byte	0xca
 597 0329 20       		.byte	0x20
 598 032a 0E       		.uleb128 0xe
 599 032b 46030000 		.4byte	.LASF50
 600 032f 06       		.byte	0x6
 601 0330 5602     		.2byte	0x256
 602 0332 EB000000 		.4byte	0xeb
 603 0336 24       		.byte	0x24
 604 0337 0E       		.uleb128 0xe
 605 0338 47010000 		.4byte	.LASF51
 606 033c 06       		.byte	0x6
 607 033d 5702     		.2byte	0x257
 608 033f B8000000 		.4byte	0xb8
 609 0343 28       		.byte	0x28
 610 0344 0E       		.uleb128 0xe
 611 0345 EF060000 		.4byte	.LASF64
 612 0349 06       		.byte	0x6
 613 034a 5802     		.2byte	0x258
 614 034c CA000000 		.4byte	0xca
 615 0350 2C       		.byte	0x2c
 616 0351 0E       		.uleb128 0xe
 617 0352 B5050000 		.4byte	.LASF53
ARM GAS  C:\Users\User\AppData\Local\Temp\ccycsdYW.s 			page 16


 618 0356 06       		.byte	0x6
 619 0357 5D02     		.2byte	0x25d
 620 0359 9C020000 		.4byte	0x29c
 621 035d 30       		.byte	0x30
 622 035e 0E       		.uleb128 0xe
 623 035f 9E030000 		.4byte	.LASF54
 624 0363 06       		.byte	0x6
 625 0364 6002     		.2byte	0x260
 626 0366 B8000000 		.4byte	0xb8
 627 036a 34       		.byte	0x34
 628 036b 00       		.byte	0
 629 036c 0C       		.uleb128 0xc
 630 036d 1F070000 		.4byte	.LASF65
 631 0371 06       		.byte	0x6
 632 0372 6302     		.2byte	0x263
 633 0374 A8020000 		.4byte	0x2a8
 634 0378 0F       		.uleb128 0xf
 635 0379 02       		.byte	0x2
 636 037a 07       		.byte	0x7
 637 037b 5B01     		.2byte	0x15b
 638 037d 9C030000 		.4byte	0x39c
 639 0381 0E       		.uleb128 0xe
 640 0382 29030000 		.4byte	.LASF66
 641 0386 07       		.byte	0x7
 642 0387 6501     		.2byte	0x165
 643 0389 97000000 		.4byte	0x97
 644 038d 00       		.byte	0
 645 038e 0E       		.uleb128 0xe
 646 038f 29050000 		.4byte	.LASF67
 647 0393 07       		.byte	0x7
 648 0394 6901     		.2byte	0x169
 649 0396 97000000 		.4byte	0x97
 650 039a 01       		.byte	0x1
 651 039b 00       		.byte	0
 652 039c 0C       		.uleb128 0xc
 653 039d 5E070000 		.4byte	.LASF68
 654 03a1 07       		.byte	0x7
 655 03a2 6B01     		.2byte	0x16b
 656 03a4 78030000 		.4byte	0x378
 657 03a8 10       		.uleb128 0x10
 658 03a9 01       		.byte	0x1
 659 03aa 3E000000 		.4byte	0x3e
 660 03ae 08       		.byte	0x8
 661 03af 7E       		.byte	0x7e
 662 03b0 CD030000 		.4byte	0x3cd
 663 03b4 11       		.uleb128 0x11
 664 03b5 CD060000 		.4byte	.LASF69
 665 03b9 00       		.byte	0
 666 03ba 11       		.uleb128 0x11
 667 03bb 34060000 		.4byte	.LASF70
 668 03bf 01       		.byte	0x1
 669 03c0 11       		.uleb128 0x11
 670 03c1 B1070000 		.4byte	.LASF71
 671 03c5 02       		.byte	0x2
 672 03c6 11       		.uleb128 0x11
 673 03c7 46040000 		.4byte	.LASF72
 674 03cb 03       		.byte	0x3
ARM GAS  C:\Users\User\AppData\Local\Temp\ccycsdYW.s 			page 17


 675 03cc 00       		.byte	0
 676 03cd 03       		.uleb128 0x3
 677 03ce BB000000 		.4byte	.LASF73
 678 03d2 08       		.byte	0x8
 679 03d3 83       		.byte	0x83
 680 03d4 A8030000 		.4byte	0x3a8
 681 03d8 10       		.uleb128 0x10
 682 03d9 01       		.byte	0x1
 683 03da 3E000000 		.4byte	0x3e
 684 03de 08       		.byte	0x8
 685 03df 87       		.byte	0x87
 686 03e0 15040000 		.4byte	0x415
 687 03e4 11       		.uleb128 0x11
 688 03e5 0A030000 		.4byte	.LASF74
 689 03e9 00       		.byte	0
 690 03ea 11       		.uleb128 0x11
 691 03eb 41020000 		.4byte	.LASF75
 692 03ef 01       		.byte	0x1
 693 03f0 11       		.uleb128 0x11
 694 03f1 66000000 		.4byte	.LASF76
 695 03f5 02       		.byte	0x2
 696 03f6 11       		.uleb128 0x11
 697 03f7 F5000000 		.4byte	.LASF77
 698 03fb 03       		.byte	0x3
 699 03fc 11       		.uleb128 0x11
 700 03fd 74030000 		.4byte	.LASF78
 701 0401 04       		.byte	0x4
 702 0402 11       		.uleb128 0x11
 703 0403 72020000 		.4byte	.LASF79
 704 0407 05       		.byte	0x5
 705 0408 11       		.uleb128 0x11
 706 0409 FA030000 		.4byte	.LASF80
 707 040d 06       		.byte	0x6
 708 040e 11       		.uleb128 0x11
 709 040f CA030000 		.4byte	.LASF81
 710 0413 07       		.byte	0x7
 711 0414 00       		.byte	0
 712 0415 03       		.uleb128 0x3
 713 0416 47070000 		.4byte	.LASF82
 714 041a 08       		.byte	0x8
 715 041b 90       		.byte	0x90
 716 041c D8030000 		.4byte	0x3d8
 717 0420 12       		.uleb128 0x12
 718 0421 02       		.byte	0x2
 719 0422 09       		.byte	0x9
 720 0423 3E       		.byte	0x3e
 721 0424 41040000 		.4byte	0x441
 722 0428 08       		.uleb128 0x8
 723 0429 21000000 		.4byte	.LASF83
 724 042d 09       		.byte	0x9
 725 042e 41       		.byte	0x41
 726 042f ED000000 		.4byte	0xed
 727 0433 00       		.byte	0
 728 0434 08       		.uleb128 0x8
 729 0435 CE070000 		.4byte	.LASF84
 730 0439 09       		.byte	0x9
 731 043a 43       		.byte	0x43
ARM GAS  C:\Users\User\AppData\Local\Temp\ccycsdYW.s 			page 18


 732 043b 97000000 		.4byte	0x97
 733 043f 01       		.byte	0x1
 734 0440 00       		.byte	0
 735 0441 03       		.uleb128 0x3
 736 0442 E4000000 		.4byte	.LASF85
 737 0446 09       		.byte	0x9
 738 0447 44       		.byte	0x44
 739 0448 20040000 		.4byte	0x420
 740 044c 13       		.uleb128 0x13
 741 044d 30020000 		.4byte	.LASF88
 742 0451 01       		.byte	0x1
 743 0452 47       		.byte	0x47
 744 0453 BE040000 		.4byte	0x4be
 745 0457 00000000 		.4byte	.LFB632
 746 045b 78000000 		.4byte	.LFE632-.LFB632
 747 045f 01       		.uleb128 0x1
 748 0460 9C       		.byte	0x9c
 749 0461 BE040000 		.4byte	0x4be
 750 0465 14       		.uleb128 0x14
 751 0466 BE050000 		.4byte	.LASF86
 752 046a 01       		.byte	0x1
 753 046b 4A       		.byte	0x4a
 754 046c 41040000 		.4byte	0x441
 755 0470 05       		.uleb128 0x5
 756 0471 03       		.byte	0x3
 757 0472 04000000 		.4byte	currentProximityData.17817
 758 0476 14       		.uleb128 0x14
 759 0477 D3050000 		.4byte	.LASF87
 760 047b 01       		.byte	0x1
 761 047c 53       		.byte	0x53
 762 047d 97000000 		.4byte	0x97
 763 0481 05       		.uleb128 0x5
 764 0482 03       		.byte	0x3
 765 0483 00000000 		.4byte	proximity.17818
 766 0487 15       		.uleb128 0x15
 767 0488 0C000000 		.4byte	.LBB2
 768 048c 3C000000 		.4byte	.LBE2-.LBB2
 769 0490 A2040000 		.4byte	0x4a2
 770 0494 16       		.uleb128 0x16
 771 0495 6900     		.ascii	"i\000"
 772 0497 01       		.byte	0x1
 773 0498 74       		.byte	0x74
 774 0499 89000000 		.4byte	0x89
 775 049d 00000000 		.4byte	.LLST0
 776 04a1 00       		.byte	0
 777 04a2 17       		.uleb128 0x17
 778 04a3 06000000 		.4byte	.LVL0
 779 04a7 A9050000 		.4byte	0x5a9
 780 04ab 17       		.uleb128 0x17
 781 04ac 0C000000 		.4byte	.LVL1
 782 04b0 B4050000 		.4byte	0x5b4
 783 04b4 17       		.uleb128 0x17
 784 04b5 4C000000 		.4byte	.LVL7
 785 04b9 BF050000 		.4byte	0x5bf
 786 04bd 00       		.byte	0
 787 04be 09       		.uleb128 0x9
 788 04bf 04       		.byte	0x4
ARM GAS  C:\Users\User\AppData\Local\Temp\ccycsdYW.s 			page 19


 789 04c0 41040000 		.4byte	0x441
 790 04c4 13       		.uleb128 0x13
 791 04c5 4D050000 		.4byte	.LASF89
 792 04c9 01       		.byte	0x1
 793 04ca C9       		.byte	0xc9
 794 04cb ED000000 		.4byte	0xed
 795 04cf 00000000 		.4byte	.LFB633
 796 04d3 10000000 		.4byte	.LFE633-.LFB633
 797 04d7 01       		.uleb128 0x1
 798 04d8 9C       		.byte	0x9c
 799 04d9 F4040000 		.4byte	0x4f4
 800 04dd 14       		.uleb128 0x14
 801 04de 9F070000 		.4byte	.LASF90
 802 04e2 01       		.byte	0x1
 803 04e3 CC       		.byte	0xcc
 804 04e4 ED000000 		.4byte	0xed
 805 04e8 01       		.uleb128 0x1
 806 04e9 50       		.byte	0x50
 807 04ea 17       		.uleb128 0x17
 808 04eb 06000000 		.4byte	.LVL8
 809 04ef A9050000 		.4byte	0x5a9
 810 04f3 00       		.byte	0
 811 04f4 18       		.uleb128 0x18
 812 04f5 EE050000 		.4byte	.LASF106
 813 04f9 01       		.byte	0x1
 814 04fa E9       		.byte	0xe9
 815 04fb 00000000 		.4byte	.LFB634
 816 04ff 08000000 		.4byte	.LFE634-.LFB634
 817 0503 01       		.uleb128 0x1
 818 0504 9C       		.byte	0x9c
 819 0505 13050000 		.4byte	0x513
 820 0509 17       		.uleb128 0x17
 821 050a 06000000 		.4byte	.LVL10
 822 050e CA050000 		.4byte	0x5ca
 823 0512 00       		.byte	0
 824 0513 19       		.uleb128 0x19
 825 0514 92070000 		.4byte	.LASF91
 826 0518 0A       		.byte	0xa
 827 0519 EA07     		.2byte	0x7ea
 828 051b 1F050000 		.4byte	0x51f
 829 051f 05       		.uleb128 0x5
 830 0520 AD000000 		.4byte	0xad
 831 0524 19       		.uleb128 0x19
 832 0525 CE020000 		.4byte	.LASF92
 833 0529 08       		.byte	0x8
 834 052a 2202     		.2byte	0x222
 835 052c CD030000 		.4byte	0x3cd
 836 0530 1A       		.uleb128 0x1a
 837 0531 9C030000 		.4byte	0x39c
 838 0535 40050000 		.4byte	0x540
 839 0539 1B       		.uleb128 0x1b
 840 053a C3000000 		.4byte	0xc3
 841 053e 00       		.byte	0
 842 053f 00       		.byte	0
 843 0540 19       		.uleb128 0x19
 844 0541 62030000 		.4byte	.LASF93
 845 0545 08       		.byte	0x8
ARM GAS  C:\Users\User\AppData\Local\Temp\ccycsdYW.s 			page 20


 846 0546 2C02     		.2byte	0x22c
 847 0548 30050000 		.4byte	0x530
 848 054c 1A       		.uleb128 0x1a
 849 054d 15040000 		.4byte	0x415
 850 0551 5C050000 		.4byte	0x55c
 851 0555 1B       		.uleb128 0x1b
 852 0556 C3000000 		.4byte	0xc3
 853 055a 00       		.byte	0
 854 055b 00       		.byte	0
 855 055c 19       		.uleb128 0x19
 856 055d 01060000 		.4byte	.LASF94
 857 0561 08       		.byte	0x8
 858 0562 2D02     		.2byte	0x22d
 859 0564 4C050000 		.4byte	0x54c
 860 0568 1C       		.uleb128 0x1c
 861 0569 66040000 		.4byte	.LASF95
 862 056d 0B       		.byte	0xb
 863 056e 5E       		.byte	0x5e
 864 056f 90020000 		.4byte	0x290
 865 0573 1C       		.uleb128 0x1c
 866 0574 0C000000 		.4byte	.LASF96
 867 0578 0C       		.byte	0xc
 868 0579 1F       		.byte	0x1f
 869 057a 7E050000 		.4byte	0x57e
 870 057e 1D       		.uleb128 0x1d
 871 057f E5010000 		.4byte	0x1e5
 872 0583 1C       		.uleb128 0x1c
 873 0584 03050000 		.4byte	.LASF97
 874 0588 0D       		.byte	0xd
 875 0589 87       		.byte	0x87
 876 058a 6C030000 		.4byte	0x36c
 877 058e 1A       		.uleb128 0x1a
 878 058f B8000000 		.4byte	0xb8
 879 0593 9E050000 		.4byte	0x59e
 880 0597 1B       		.uleb128 0x1b
 881 0598 C3000000 		.4byte	0xc3
 882 059c 09       		.byte	0x9
 883 059d 00       		.byte	0
 884 059e 1C       		.uleb128 0x1c
 885 059f E6060000 		.4byte	.LASF98
 886 05a3 01       		.byte	0x1
 887 05a4 37       		.byte	0x37
 888 05a5 8E050000 		.4byte	0x58e
 889 05a9 1E       		.uleb128 0x1e
 890 05aa 0F070000 		.4byte	.LASF99
 891 05ae 0F070000 		.4byte	.LASF99
 892 05b2 0E       		.byte	0xe
 893 05b3 56       		.byte	0x56
 894 05b4 1E       		.uleb128 0x1e
 895 05b5 77070000 		.4byte	.LASF100
 896 05b9 77070000 		.4byte	.LASF100
 897 05bd 0F       		.byte	0xf
 898 05be 3E       		.byte	0x3e
 899 05bf 1E       		.uleb128 0x1e
 900 05c0 6C050000 		.4byte	.LASF101
 901 05c4 6C050000 		.4byte	.LASF101
 902 05c8 0E       		.byte	0xe
ARM GAS  C:\Users\User\AppData\Local\Temp\ccycsdYW.s 			page 21


 903 05c9 55       		.byte	0x55
 904 05ca 1E       		.uleb128 0x1e
 905 05cb DC070000 		.4byte	.LASF102
 906 05cf DC070000 		.4byte	.LASF102
 907 05d3 0F       		.byte	0xf
 908 05d4 3A       		.byte	0x3a
 909 05d5 00       		.byte	0
 910              		.section	.debug_abbrev,"",%progbits
 911              	.Ldebug_abbrev0:
 912 0000 01       		.uleb128 0x1
 913 0001 11       		.uleb128 0x11
 914 0002 01       		.byte	0x1
 915 0003 25       		.uleb128 0x25
 916 0004 0E       		.uleb128 0xe
 917 0005 13       		.uleb128 0x13
 918 0006 0B       		.uleb128 0xb
 919 0007 03       		.uleb128 0x3
 920 0008 0E       		.uleb128 0xe
 921 0009 1B       		.uleb128 0x1b
 922 000a 0E       		.uleb128 0xe
 923 000b 55       		.uleb128 0x55
 924 000c 17       		.uleb128 0x17
 925 000d 11       		.uleb128 0x11
 926 000e 01       		.uleb128 0x1
 927 000f 10       		.uleb128 0x10
 928 0010 17       		.uleb128 0x17
 929 0011 00       		.byte	0
 930 0012 00       		.byte	0
 931 0013 02       		.uleb128 0x2
 932 0014 24       		.uleb128 0x24
 933 0015 00       		.byte	0
 934 0016 0B       		.uleb128 0xb
 935 0017 0B       		.uleb128 0xb
 936 0018 3E       		.uleb128 0x3e
 937 0019 0B       		.uleb128 0xb
 938 001a 03       		.uleb128 0x3
 939 001b 0E       		.uleb128 0xe
 940 001c 00       		.byte	0
 941 001d 00       		.byte	0
 942 001e 03       		.uleb128 0x3
 943 001f 16       		.uleb128 0x16
 944 0020 00       		.byte	0
 945 0021 03       		.uleb128 0x3
 946 0022 0E       		.uleb128 0xe
 947 0023 3A       		.uleb128 0x3a
 948 0024 0B       		.uleb128 0xb
 949 0025 3B       		.uleb128 0x3b
 950 0026 0B       		.uleb128 0xb
 951 0027 49       		.uleb128 0x49
 952 0028 13       		.uleb128 0x13
 953 0029 00       		.byte	0
 954 002a 00       		.byte	0
 955 002b 04       		.uleb128 0x4
 956 002c 24       		.uleb128 0x24
 957 002d 00       		.byte	0
 958 002e 0B       		.uleb128 0xb
 959 002f 0B       		.uleb128 0xb
ARM GAS  C:\Users\User\AppData\Local\Temp\ccycsdYW.s 			page 22


 960 0030 3E       		.uleb128 0x3e
 961 0031 0B       		.uleb128 0xb
 962 0032 03       		.uleb128 0x3
 963 0033 08       		.uleb128 0x8
 964 0034 00       		.byte	0
 965 0035 00       		.byte	0
 966 0036 05       		.uleb128 0x5
 967 0037 35       		.uleb128 0x35
 968 0038 00       		.byte	0
 969 0039 49       		.uleb128 0x49
 970 003a 13       		.uleb128 0x13
 971 003b 00       		.byte	0
 972 003c 00       		.byte	0
 973 003d 06       		.uleb128 0x6
 974 003e 0F       		.uleb128 0xf
 975 003f 00       		.byte	0
 976 0040 0B       		.uleb128 0xb
 977 0041 0B       		.uleb128 0xb
 978 0042 00       		.byte	0
 979 0043 00       		.byte	0
 980 0044 07       		.uleb128 0x7
 981 0045 13       		.uleb128 0x13
 982 0046 01       		.byte	0x1
 983 0047 03       		.uleb128 0x3
 984 0048 0E       		.uleb128 0xe
 985 0049 0B       		.uleb128 0xb
 986 004a 0B       		.uleb128 0xb
 987 004b 3A       		.uleb128 0x3a
 988 004c 0B       		.uleb128 0xb
 989 004d 3B       		.uleb128 0x3b
 990 004e 0B       		.uleb128 0xb
 991 004f 01       		.uleb128 0x1
 992 0050 13       		.uleb128 0x13
 993 0051 00       		.byte	0
 994 0052 00       		.byte	0
 995 0053 08       		.uleb128 0x8
 996 0054 0D       		.uleb128 0xd
 997 0055 00       		.byte	0
 998 0056 03       		.uleb128 0x3
 999 0057 0E       		.uleb128 0xe
 1000 0058 3A       		.uleb128 0x3a
 1001 0059 0B       		.uleb128 0xb
 1002 005a 3B       		.uleb128 0x3b
 1003 005b 0B       		.uleb128 0xb
 1004 005c 49       		.uleb128 0x49
 1005 005d 13       		.uleb128 0x13
 1006 005e 38       		.uleb128 0x38
 1007 005f 0B       		.uleb128 0xb
 1008 0060 00       		.byte	0
 1009 0061 00       		.byte	0
 1010 0062 09       		.uleb128 0x9
 1011 0063 0F       		.uleb128 0xf
 1012 0064 00       		.byte	0
 1013 0065 0B       		.uleb128 0xb
 1014 0066 0B       		.uleb128 0xb
 1015 0067 49       		.uleb128 0x49
 1016 0068 13       		.uleb128 0x13
ARM GAS  C:\Users\User\AppData\Local\Temp\ccycsdYW.s 			page 23


 1017 0069 00       		.byte	0
 1018 006a 00       		.byte	0
 1019 006b 0A       		.uleb128 0xa
 1020 006c 15       		.uleb128 0x15
 1021 006d 01       		.byte	0x1
 1022 006e 27       		.uleb128 0x27
 1023 006f 19       		.uleb128 0x19
 1024 0070 01       		.uleb128 0x1
 1025 0071 13       		.uleb128 0x13
 1026 0072 00       		.byte	0
 1027 0073 00       		.byte	0
 1028 0074 0B       		.uleb128 0xb
 1029 0075 05       		.uleb128 0x5
 1030 0076 00       		.byte	0
 1031 0077 49       		.uleb128 0x49
 1032 0078 13       		.uleb128 0x13
 1033 0079 00       		.byte	0
 1034 007a 00       		.byte	0
 1035 007b 0C       		.uleb128 0xc
 1036 007c 16       		.uleb128 0x16
 1037 007d 00       		.byte	0
 1038 007e 03       		.uleb128 0x3
 1039 007f 0E       		.uleb128 0xe
 1040 0080 3A       		.uleb128 0x3a
 1041 0081 0B       		.uleb128 0xb
 1042 0082 3B       		.uleb128 0x3b
 1043 0083 05       		.uleb128 0x5
 1044 0084 49       		.uleb128 0x49
 1045 0085 13       		.uleb128 0x13
 1046 0086 00       		.byte	0
 1047 0087 00       		.byte	0
 1048 0088 0D       		.uleb128 0xd
 1049 0089 13       		.uleb128 0x13
 1050 008a 01       		.byte	0x1
 1051 008b 03       		.uleb128 0x3
 1052 008c 0E       		.uleb128 0xe
 1053 008d 0B       		.uleb128 0xb
 1054 008e 0B       		.uleb128 0xb
 1055 008f 3A       		.uleb128 0x3a
 1056 0090 0B       		.uleb128 0xb
 1057 0091 3B       		.uleb128 0x3b
 1058 0092 05       		.uleb128 0x5
 1059 0093 01       		.uleb128 0x1
 1060 0094 13       		.uleb128 0x13
 1061 0095 00       		.byte	0
 1062 0096 00       		.byte	0
 1063 0097 0E       		.uleb128 0xe
 1064 0098 0D       		.uleb128 0xd
 1065 0099 00       		.byte	0
 1066 009a 03       		.uleb128 0x3
 1067 009b 0E       		.uleb128 0xe
 1068 009c 3A       		.uleb128 0x3a
 1069 009d 0B       		.uleb128 0xb
 1070 009e 3B       		.uleb128 0x3b
 1071 009f 05       		.uleb128 0x5
 1072 00a0 49       		.uleb128 0x49
 1073 00a1 13       		.uleb128 0x13
ARM GAS  C:\Users\User\AppData\Local\Temp\ccycsdYW.s 			page 24


 1074 00a2 38       		.uleb128 0x38
 1075 00a3 0B       		.uleb128 0xb
 1076 00a4 00       		.byte	0
 1077 00a5 00       		.byte	0
 1078 00a6 0F       		.uleb128 0xf
 1079 00a7 13       		.uleb128 0x13
 1080 00a8 01       		.byte	0x1
 1081 00a9 0B       		.uleb128 0xb
 1082 00aa 0B       		.uleb128 0xb
 1083 00ab 3A       		.uleb128 0x3a
 1084 00ac 0B       		.uleb128 0xb
 1085 00ad 3B       		.uleb128 0x3b
 1086 00ae 05       		.uleb128 0x5
 1087 00af 01       		.uleb128 0x1
 1088 00b0 13       		.uleb128 0x13
 1089 00b1 00       		.byte	0
 1090 00b2 00       		.byte	0
 1091 00b3 10       		.uleb128 0x10
 1092 00b4 04       		.uleb128 0x4
 1093 00b5 01       		.byte	0x1
 1094 00b6 0B       		.uleb128 0xb
 1095 00b7 0B       		.uleb128 0xb
 1096 00b8 49       		.uleb128 0x49
 1097 00b9 13       		.uleb128 0x13
 1098 00ba 3A       		.uleb128 0x3a
 1099 00bb 0B       		.uleb128 0xb
 1100 00bc 3B       		.uleb128 0x3b
 1101 00bd 0B       		.uleb128 0xb
 1102 00be 01       		.uleb128 0x1
 1103 00bf 13       		.uleb128 0x13
 1104 00c0 00       		.byte	0
 1105 00c1 00       		.byte	0
 1106 00c2 11       		.uleb128 0x11
 1107 00c3 28       		.uleb128 0x28
 1108 00c4 00       		.byte	0
 1109 00c5 03       		.uleb128 0x3
 1110 00c6 0E       		.uleb128 0xe
 1111 00c7 1C       		.uleb128 0x1c
 1112 00c8 0B       		.uleb128 0xb
 1113 00c9 00       		.byte	0
 1114 00ca 00       		.byte	0
 1115 00cb 12       		.uleb128 0x12
 1116 00cc 13       		.uleb128 0x13
 1117 00cd 01       		.byte	0x1
 1118 00ce 0B       		.uleb128 0xb
 1119 00cf 0B       		.uleb128 0xb
 1120 00d0 3A       		.uleb128 0x3a
 1121 00d1 0B       		.uleb128 0xb
 1122 00d2 3B       		.uleb128 0x3b
 1123 00d3 0B       		.uleb128 0xb
 1124 00d4 01       		.uleb128 0x1
 1125 00d5 13       		.uleb128 0x13
 1126 00d6 00       		.byte	0
 1127 00d7 00       		.byte	0
 1128 00d8 13       		.uleb128 0x13
 1129 00d9 2E       		.uleb128 0x2e
 1130 00da 01       		.byte	0x1
ARM GAS  C:\Users\User\AppData\Local\Temp\ccycsdYW.s 			page 25


 1131 00db 3F       		.uleb128 0x3f
 1132 00dc 19       		.uleb128 0x19
 1133 00dd 03       		.uleb128 0x3
 1134 00de 0E       		.uleb128 0xe
 1135 00df 3A       		.uleb128 0x3a
 1136 00e0 0B       		.uleb128 0xb
 1137 00e1 3B       		.uleb128 0x3b
 1138 00e2 0B       		.uleb128 0xb
 1139 00e3 27       		.uleb128 0x27
 1140 00e4 19       		.uleb128 0x19
 1141 00e5 49       		.uleb128 0x49
 1142 00e6 13       		.uleb128 0x13
 1143 00e7 11       		.uleb128 0x11
 1144 00e8 01       		.uleb128 0x1
 1145 00e9 12       		.uleb128 0x12
 1146 00ea 06       		.uleb128 0x6
 1147 00eb 40       		.uleb128 0x40
 1148 00ec 18       		.uleb128 0x18
 1149 00ed 9742     		.uleb128 0x2117
 1150 00ef 19       		.uleb128 0x19
 1151 00f0 01       		.uleb128 0x1
 1152 00f1 13       		.uleb128 0x13
 1153 00f2 00       		.byte	0
 1154 00f3 00       		.byte	0
 1155 00f4 14       		.uleb128 0x14
 1156 00f5 34       		.uleb128 0x34
 1157 00f6 00       		.byte	0
 1158 00f7 03       		.uleb128 0x3
 1159 00f8 0E       		.uleb128 0xe
 1160 00f9 3A       		.uleb128 0x3a
 1161 00fa 0B       		.uleb128 0xb
 1162 00fb 3B       		.uleb128 0x3b
 1163 00fc 0B       		.uleb128 0xb
 1164 00fd 49       		.uleb128 0x49
 1165 00fe 13       		.uleb128 0x13
 1166 00ff 02       		.uleb128 0x2
 1167 0100 18       		.uleb128 0x18
 1168 0101 00       		.byte	0
 1169 0102 00       		.byte	0
 1170 0103 15       		.uleb128 0x15
 1171 0104 0B       		.uleb128 0xb
 1172 0105 01       		.byte	0x1
 1173 0106 11       		.uleb128 0x11
 1174 0107 01       		.uleb128 0x1
 1175 0108 12       		.uleb128 0x12
 1176 0109 06       		.uleb128 0x6
 1177 010a 01       		.uleb128 0x1
 1178 010b 13       		.uleb128 0x13
 1179 010c 00       		.byte	0
 1180 010d 00       		.byte	0
 1181 010e 16       		.uleb128 0x16
 1182 010f 34       		.uleb128 0x34
 1183 0110 00       		.byte	0
 1184 0111 03       		.uleb128 0x3
 1185 0112 08       		.uleb128 0x8
 1186 0113 3A       		.uleb128 0x3a
 1187 0114 0B       		.uleb128 0xb
ARM GAS  C:\Users\User\AppData\Local\Temp\ccycsdYW.s 			page 26


 1188 0115 3B       		.uleb128 0x3b
 1189 0116 0B       		.uleb128 0xb
 1190 0117 49       		.uleb128 0x49
 1191 0118 13       		.uleb128 0x13
 1192 0119 02       		.uleb128 0x2
 1193 011a 17       		.uleb128 0x17
 1194 011b 00       		.byte	0
 1195 011c 00       		.byte	0
 1196 011d 17       		.uleb128 0x17
 1197 011e 898201   		.uleb128 0x4109
 1198 0121 00       		.byte	0
 1199 0122 11       		.uleb128 0x11
 1200 0123 01       		.uleb128 0x1
 1201 0124 31       		.uleb128 0x31
 1202 0125 13       		.uleb128 0x13
 1203 0126 00       		.byte	0
 1204 0127 00       		.byte	0
 1205 0128 18       		.uleb128 0x18
 1206 0129 2E       		.uleb128 0x2e
 1207 012a 01       		.byte	0x1
 1208 012b 3F       		.uleb128 0x3f
 1209 012c 19       		.uleb128 0x19
 1210 012d 03       		.uleb128 0x3
 1211 012e 0E       		.uleb128 0xe
 1212 012f 3A       		.uleb128 0x3a
 1213 0130 0B       		.uleb128 0xb
 1214 0131 3B       		.uleb128 0x3b
 1215 0132 0B       		.uleb128 0xb
 1216 0133 27       		.uleb128 0x27
 1217 0134 19       		.uleb128 0x19
 1218 0135 11       		.uleb128 0x11
 1219 0136 01       		.uleb128 0x1
 1220 0137 12       		.uleb128 0x12
 1221 0138 06       		.uleb128 0x6
 1222 0139 40       		.uleb128 0x40
 1223 013a 18       		.uleb128 0x18
 1224 013b 9742     		.uleb128 0x2117
 1225 013d 19       		.uleb128 0x19
 1226 013e 01       		.uleb128 0x1
 1227 013f 13       		.uleb128 0x13
 1228 0140 00       		.byte	0
 1229 0141 00       		.byte	0
 1230 0142 19       		.uleb128 0x19
 1231 0143 34       		.uleb128 0x34
 1232 0144 00       		.byte	0
 1233 0145 03       		.uleb128 0x3
 1234 0146 0E       		.uleb128 0xe
 1235 0147 3A       		.uleb128 0x3a
 1236 0148 0B       		.uleb128 0xb
 1237 0149 3B       		.uleb128 0x3b
 1238 014a 05       		.uleb128 0x5
 1239 014b 49       		.uleb128 0x49
 1240 014c 13       		.uleb128 0x13
 1241 014d 3F       		.uleb128 0x3f
 1242 014e 19       		.uleb128 0x19
 1243 014f 3C       		.uleb128 0x3c
 1244 0150 19       		.uleb128 0x19
ARM GAS  C:\Users\User\AppData\Local\Temp\ccycsdYW.s 			page 27


 1245 0151 00       		.byte	0
 1246 0152 00       		.byte	0
 1247 0153 1A       		.uleb128 0x1a
 1248 0154 01       		.uleb128 0x1
 1249 0155 01       		.byte	0x1
 1250 0156 49       		.uleb128 0x49
 1251 0157 13       		.uleb128 0x13
 1252 0158 01       		.uleb128 0x1
 1253 0159 13       		.uleb128 0x13
 1254 015a 00       		.byte	0
 1255 015b 00       		.byte	0
 1256 015c 1B       		.uleb128 0x1b
 1257 015d 21       		.uleb128 0x21
 1258 015e 00       		.byte	0
 1259 015f 49       		.uleb128 0x49
 1260 0160 13       		.uleb128 0x13
 1261 0161 2F       		.uleb128 0x2f
 1262 0162 0B       		.uleb128 0xb
 1263 0163 00       		.byte	0
 1264 0164 00       		.byte	0
 1265 0165 1C       		.uleb128 0x1c
 1266 0166 34       		.uleb128 0x34
 1267 0167 00       		.byte	0
 1268 0168 03       		.uleb128 0x3
 1269 0169 0E       		.uleb128 0xe
 1270 016a 3A       		.uleb128 0x3a
 1271 016b 0B       		.uleb128 0xb
 1272 016c 3B       		.uleb128 0x3b
 1273 016d 0B       		.uleb128 0xb
 1274 016e 49       		.uleb128 0x49
 1275 016f 13       		.uleb128 0x13
 1276 0170 3F       		.uleb128 0x3f
 1277 0171 19       		.uleb128 0x19
 1278 0172 3C       		.uleb128 0x3c
 1279 0173 19       		.uleb128 0x19
 1280 0174 00       		.byte	0
 1281 0175 00       		.byte	0
 1282 0176 1D       		.uleb128 0x1d
 1283 0177 26       		.uleb128 0x26
 1284 0178 00       		.byte	0
 1285 0179 49       		.uleb128 0x49
 1286 017a 13       		.uleb128 0x13
 1287 017b 00       		.byte	0
 1288 017c 00       		.byte	0
 1289 017d 1E       		.uleb128 0x1e
 1290 017e 2E       		.uleb128 0x2e
 1291 017f 00       		.byte	0
 1292 0180 3F       		.uleb128 0x3f
 1293 0181 19       		.uleb128 0x19
 1294 0182 3C       		.uleb128 0x3c
 1295 0183 19       		.uleb128 0x19
 1296 0184 6E       		.uleb128 0x6e
 1297 0185 0E       		.uleb128 0xe
 1298 0186 03       		.uleb128 0x3
 1299 0187 0E       		.uleb128 0xe
 1300 0188 3A       		.uleb128 0x3a
 1301 0189 0B       		.uleb128 0xb
ARM GAS  C:\Users\User\AppData\Local\Temp\ccycsdYW.s 			page 28


 1302 018a 3B       		.uleb128 0x3b
 1303 018b 0B       		.uleb128 0xb
 1304 018c 00       		.byte	0
 1305 018d 00       		.byte	0
 1306 018e 00       		.byte	0
 1307              		.section	.debug_loc,"",%progbits
 1308              	.Ldebug_loc0:
 1309              	.LLST0:
 1310 0000 0C000000 		.4byte	.LVL1
 1311 0004 10000000 		.4byte	.LVL2
 1312 0008 0200     		.2byte	0x2
 1313 000a 30       		.byte	0x30
 1314 000b 9F       		.byte	0x9f
 1315 000c 10000000 		.4byte	.LVL2
 1316 0010 3A000000 		.4byte	.LVL4
 1317 0014 0100     		.2byte	0x1
 1318 0016 53       		.byte	0x53
 1319 0017 44000000 		.4byte	.LVL5
 1320 001b 48000000 		.4byte	.LVL6
 1321 001f 0100     		.2byte	0x1
 1322 0021 53       		.byte	0x53
 1323 0022 00000000 		.4byte	0
 1324 0026 00000000 		.4byte	0
 1325              		.section	.debug_aranges,"",%progbits
 1326 0000 2C000000 		.4byte	0x2c
 1327 0004 0200     		.2byte	0x2
 1328 0006 00000000 		.4byte	.Ldebug_info0
 1329 000a 04       		.byte	0x4
 1330 000b 00       		.byte	0
 1331 000c 0000     		.2byte	0
 1332 000e 0000     		.2byte	0
 1333 0010 00000000 		.4byte	.LFB632
 1334 0014 78000000 		.4byte	.LFE632-.LFB632
 1335 0018 00000000 		.4byte	.LFB633
 1336 001c 10000000 		.4byte	.LFE633-.LFB633
 1337 0020 00000000 		.4byte	.LFB634
 1338 0024 08000000 		.4byte	.LFE634-.LFB634
 1339 0028 00000000 		.4byte	0
 1340 002c 00000000 		.4byte	0
 1341              		.section	.debug_ranges,"",%progbits
 1342              	.Ldebug_ranges0:
 1343 0000 00000000 		.4byte	.LFB632
 1344 0004 78000000 		.4byte	.LFE632
 1345 0008 00000000 		.4byte	.LFB633
 1346 000c 10000000 		.4byte	.LFE633
 1347 0010 00000000 		.4byte	.LFB634
 1348 0014 08000000 		.4byte	.LFE634
 1349 0018 00000000 		.4byte	0
 1350 001c 00000000 		.4byte	0
 1351              		.section	.debug_line,"",%progbits
 1352              	.Ldebug_line0:
 1353 0000 1A030000 		.section	.debug_str,"MS",%progbits,1
 1353      0200B902 
 1353      00000201 
 1353      FB0E0D00 
 1353      01010101 
 1354              	.LASF35:
ARM GAS  C:\Users\User\AppData\Local\Temp\ccycsdYW.s 			page 29


 1355 0000 72656C6F 		.ascii	"reloadInput\000"
 1355      6164496E 
 1355      70757400 
 1356              	.LASF96:
 1357 000c 43595F45 		.ascii	"CY_EINK_Timer_config\000"
 1357      494E4B5F 
 1357      54696D65 
 1357      725F636F 
 1357      6E666967 
 1358              	.LASF83:
 1359 0021 70726F78 		.ascii	"proximityDataUpdated\000"
 1359      696D6974 
 1359      79446174 
 1359      61557064 
 1359      61746564 
 1360              	.LASF24:
 1361 0036 636C6F63 		.ascii	"clockPrescaler\000"
 1361      6B507265 
 1361      7363616C 
 1361      657200
 1362              	.LASF40:
 1363 0045 636F756E 		.ascii	"countInputMode\000"
 1363      74496E70 
 1363      75744D6F 
 1363      646500
 1364              	.LASF28:
 1365 0054 636F6D70 		.ascii	"compare0\000"
 1365      61726530 
 1365      00
 1366              	.LASF29:
 1367 005d 636F6D70 		.ascii	"compare1\000"
 1367      61726531 
 1367      00
 1368              	.LASF76:
 1369 0066 43595F42 		.ascii	"CY_BLE_CONN_STATE_CONNECTED\000"
 1369      4C455F43 
 1369      4F4E4E5F 
 1369      53544154 
 1369      455F434F 
 1370              	.LASF48:
 1371 0082 72784275 		.ascii	"rxBufSize\000"
 1371      6653697A 
 1371      6500
 1372              	.LASF34:
 1373 008c 72656C6F 		.ascii	"reloadInputMode\000"
 1373      6164496E 
 1373      7075744D 
 1373      6F646500 
 1374              	.LASF56:
 1375 009c 63795F63 		.ascii	"cy_cb_scb_uart_handle_events_t\000"
 1375      625F7363 
 1375      625F7561 
 1375      72745F68 
 1375      616E646C 
 1376              	.LASF73:
 1377 00bb 63795F65 		.ascii	"cy_en_ble_adv_state_t\000"
 1377      6E5F626C 
ARM GAS  C:\Users\User\AppData\Local\Temp\ccycsdYW.s 			page 30


 1377      655F6164 
 1377      765F7374 
 1377      6174655F 
 1378              	.LASF0:
 1379 00d1 73686F72 		.ascii	"short int\000"
 1379      7420696E 
 1379      7400
 1380              	.LASF17:
 1381 00db 73697A65 		.ascii	"sizetype\000"
 1381      74797065 
 1381      00
 1382              	.LASF85:
 1383 00e4 70726F78 		.ascii	"proximity_data_t\000"
 1383      696D6974 
 1383      795F6461 
 1383      74615F74 
 1383      00
 1384              	.LASF77:
 1385 00f5 43595F42 		.ascii	"CY_BLE_CONN_STATE_CLIENT_SRVC_DISCOVERING\000"
 1385      4C455F43 
 1385      4F4E4E5F 
 1385      53544154 
 1385      455F434C 
 1386              	.LASF55:
 1387 011f 63795F73 		.ascii	"cy_stc_scb_spi_context_t\000"
 1387      74635F73 
 1387      63625F73 
 1387      70695F63 
 1387      6F6E7465 
 1388              	.LASF36:
 1389 0138 73746172 		.ascii	"startInputMode\000"
 1389      74496E70 
 1389      75744D6F 
 1389      646500
 1390              	.LASF51:
 1391 0147 74784275 		.ascii	"txBufSize\000"
 1391      6653697A 
 1391      6500
 1392              	.LASF103:
 1393 0151 474E5520 		.ascii	"GNU C11 5.4.1 20160609 (release) [ARM/embedded-5-br"
 1393      43313120 
 1393      352E342E 
 1393      31203230 
 1393      31363036 
 1394 0184 616E6368 		.ascii	"anch revision 237715] -mcpu=cortex-m4 -mfloat-abi=s"
 1394      20726576 
 1394      6973696F 
 1394      6E203233 
 1394      37373135 
 1395 01b7 6F667466 		.ascii	"oftfp -mfpu=fpv4-sp-d16 -mthumb -g -Og -ffunction-s"
 1395      70202D6D 
 1395      6670753D 
 1395      66707634 
 1395      2D73702D 
 1396 01ea 65637469 		.ascii	"ections -ffat-lto-objects\000"
 1396      6F6E7320 
 1396      2D666661 
ARM GAS  C:\Users\User\AppData\Local\Temp\ccycsdYW.s 			page 31


 1396      742D6C74 
 1396      6F2D6F62 
 1397              	.LASF4:
 1398 0204 5F5F7569 		.ascii	"__uint16_t\000"
 1398      6E743136 
 1398      5F7400
 1399              	.LASF8:
 1400 020f 5F5F7569 		.ascii	"__uint32_t\000"
 1400      6E743332 
 1400      5F7400
 1401              	.LASF33:
 1402 021a 63617074 		.ascii	"captureInput\000"
 1402      75726549 
 1402      6E707574 
 1402      00
 1403              	.LASF58:
 1404 0227 74785374 		.ascii	"txStatus\000"
 1404      61747573 
 1404      00
 1405              	.LASF88:
 1406 0230 47657450 		.ascii	"GetProximityData\000"
 1406      726F7869 
 1406      6D697479 
 1406      44617461 
 1406      00
 1407              	.LASF75:
 1408 0241 43595F42 		.ascii	"CY_BLE_CONN_STATE_CLIENT_DISCONNECTED_DISCOVERED\000"
 1408      4C455F43 
 1408      4F4E4E5F 
 1408      53544154 
 1408      455F434C 
 1409              	.LASF79:
 1410 0272 43595F42 		.ascii	"CY_BLE_CONN_STATE_CLIENT_CHAR_DISCOVERING\000"
 1410      4C455F43 
 1410      4F4E4E5F 
 1410      53544154 
 1410      455F434C 
 1411              	.LASF49:
 1412 029c 72784275 		.ascii	"rxBufIdx\000"
 1412      66496478 
 1412      00
 1413              	.LASF7:
 1414 02a5 6C6F6E67 		.ascii	"long int\000"
 1414      20696E74 
 1414      00
 1415              	.LASF57:
 1416 02ae 63795F73 		.ascii	"cy_stc_scb_uart_context\000"
 1416      74635F73 
 1416      63625F75 
 1416      6172745F 
 1416      636F6E74 
 1417              	.LASF13:
 1418 02c6 75696E74 		.ascii	"uint8_t\000"
 1418      385F7400 
 1419              	.LASF92:
 1420 02ce 63795F62 		.ascii	"cy_ble_advState\000"
 1420      6C655F61 
ARM GAS  C:\Users\User\AppData\Local\Temp\ccycsdYW.s 			page 32


 1420      64765374 
 1420      61746500 
 1421              	.LASF61:
 1422 02de 72785269 		.ascii	"rxRingBufSize\000"
 1422      6E674275 
 1422      6653697A 
 1422      6500
 1423              	.LASF43:
 1424 02ec 63795F63 		.ascii	"cy_cb_scb_spi_handle_events_t\000"
 1424      625F7363 
 1424      625F7370 
 1424      695F6861 
 1424      6E646C65 
 1425              	.LASF74:
 1426 030a 43595F42 		.ascii	"CY_BLE_CONN_STATE_DISCONNECTED\000"
 1426      4C455F43 
 1426      4F4E4E5F 
 1426      53544154 
 1426      455F4449 
 1427              	.LASF66:
 1428 0329 62644861 		.ascii	"bdHandle\000"
 1428      6E646C65 
 1428      00
 1429              	.LASF62:
 1430 0332 72785269 		.ascii	"rxRingBufHead\000"
 1430      6E674275 
 1430      66486561 
 1430      6400
 1431              	.LASF20:
 1432 0340 666C6F61 		.ascii	"float\000"
 1432      7400
 1433              	.LASF50:
 1434 0346 74784275 		.ascii	"txBuf\000"
 1434      6600
 1435              	.LASF25:
 1436 034c 72756E4D 		.ascii	"runMode\000"
 1436      6F646500 
 1437              	.LASF10:
 1438 0354 6C6F6E67 		.ascii	"long long int\000"
 1438      206C6F6E 
 1438      6720696E 
 1438      7400
 1439              	.LASF93:
 1440 0362 63795F62 		.ascii	"cy_ble_connHandle\000"
 1440      6C655F63 
 1440      6F6E6E48 
 1440      616E646C 
 1440      6500
 1441              	.LASF78:
 1442 0374 43595F42 		.ascii	"CY_BLE_CONN_STATE_CLIENT_INCL_DISCOVERING\000"
 1442      4C455F43 
 1442      4F4E4E5F 
 1442      53544154 
 1442      455F434C 
 1443              	.LASF54:
 1444 039e 696E6974 		.ascii	"initKey\000"
 1444      4B657900 
ARM GAS  C:\Users\User\AppData\Local\Temp\ccycsdYW.s 			page 33


 1445              	.LASF52:
 1446 03a6 74784275 		.ascii	"txBufIdx\000"
 1446      66496478 
 1446      00
 1447              	.LASF23:
 1448 03af 70657269 		.ascii	"period\000"
 1448      6F6400
 1449              	.LASF3:
 1450 03b6 5F5F7569 		.ascii	"__uint8_t\000"
 1450      6E74385F 
 1450      7400
 1451              	.LASF39:
 1452 03c0 73746F70 		.ascii	"stopInput\000"
 1452      496E7075 
 1452      7400
 1453              	.LASF81:
 1454 03ca 43595F42 		.ascii	"CY_BLE_CONN_STATE_CLIENT_DISCOVERED\000"
 1454      4C455F43 
 1454      4F4E4E5F 
 1454      53544154 
 1454      455F434C 
 1455              	.LASF18:
 1456 03ee 6C6F6E67 		.ascii	"long double\000"
 1456      20646F75 
 1456      626C6500 
 1457              	.LASF80:
 1458 03fa 43595F42 		.ascii	"CY_BLE_CONN_STATE_CLIENT_DESCR_DISCOVERING\000"
 1458      4C455F43 
 1458      4F4E4E5F 
 1458      53544154 
 1458      455F434C 
 1459              	.LASF59:
 1460 0425 72785374 		.ascii	"rxStatus\000"
 1460      61747573 
 1460      00
 1461              	.LASF2:
 1462 042e 756E7369 		.ascii	"unsigned char\000"
 1462      676E6564 
 1462      20636861 
 1462      7200
 1463              	.LASF60:
 1464 043c 72785269 		.ascii	"rxRingBuf\000"
 1464      6E674275 
 1464      6600
 1465              	.LASF72:
 1466 0446 43595F42 		.ascii	"CY_BLE_ADV_STATE_STOP_INITIATED\000"
 1466      4C455F41 
 1466      44565F53 
 1466      54415445 
 1466      5F53544F 
 1467              	.LASF95:
 1468 0466 43595F45 		.ascii	"CY_EINK_SPIM_context\000"
 1468      494E4B5F 
 1468      5350494D 
 1468      5F636F6E 
 1468      74657874 
 1469              	.LASF1:
ARM GAS  C:\Users\User\AppData\Local\Temp\ccycsdYW.s 			page 34


 1470 047b 7369676E 		.ascii	"signed char\000"
 1470      65642063 
 1470      68617200 
 1471              	.LASF15:
 1472 0487 696E7433 		.ascii	"int32_t\000"
 1472      325F7400 
 1473              	.LASF11:
 1474 048f 6C6F6E67 		.ascii	"long long unsigned int\000"
 1474      206C6F6E 
 1474      6720756E 
 1474      7369676E 
 1474      65642069 
 1475              	.LASF16:
 1476 04a6 75696E74 		.ascii	"uint32_t\000"
 1476      33325F74 
 1476      00
 1477              	.LASF105:
 1478 04af 433A5C55 		.ascii	"C:\\Users\\User\\Desktop\\SmartBottle_v0p1\\SmartBo"
 1478      73657273 
 1478      5C557365 
 1478      725C4465 
 1478      736B746F 
 1479 04dd 74746C65 		.ascii	"ttle_v0p1.cydsn\000"
 1479      5F763070 
 1479      312E6379 
 1479      64736E00 
 1480              	.LASF12:
 1481 04ed 756E7369 		.ascii	"unsigned int\000"
 1481      676E6564 
 1481      20696E74 
 1481      00
 1482              	.LASF14:
 1483 04fa 75696E74 		.ascii	"uint16_t\000"
 1483      31365F74 
 1483      00
 1484              	.LASF97:
 1485 0503 55617274 		.ascii	"Uart_Printf_context\000"
 1485      5F507269 
 1485      6E74665F 
 1485      636F6E74 
 1485      65787400 
 1486              	.LASF30:
 1487 0517 656E6162 		.ascii	"enableCompareSwap\000"
 1487      6C65436F 
 1487      6D706172 
 1487      65537761 
 1487      7000
 1488              	.LASF67:
 1489 0529 61747449 		.ascii	"attId\000"
 1489      6400
 1490              	.LASF42:
 1491 052f 63795F73 		.ascii	"cy_stc_tcpwm_counter_config_t\000"
 1491      74635F74 
 1491      6370776D 
 1491      5F636F75 
 1491      6E746572 
 1492              	.LASF89:
ARM GAS  C:\Users\User\AppData\Local\Temp\ccycsdYW.s 			page 35


 1493 054d 49734361 		.ascii	"IsCapSenseReadyForLowPowerMode\000"
 1493      7053656E 
 1493      73655265 
 1493      61647946 
 1493      6F724C6F 
 1494              	.LASF101:
 1495 056c 43617053 		.ascii	"CapSense_ScanAllWidgets\000"
 1495      656E7365 
 1495      5F536361 
 1495      6E416C6C 
 1495      57696467 
 1496              	.LASF46:
 1497 0584 73746174 		.ascii	"status\000"
 1497      757300
 1498              	.LASF5:
 1499 058b 73686F72 		.ascii	"short unsigned int\000"
 1499      7420756E 
 1499      7369676E 
 1499      65642069 
 1499      6E7400
 1500              	.LASF47:
 1501 059e 72784275 		.ascii	"rxBuf\000"
 1501      6600
 1502              	.LASF104:
 1503 05a4 70726F78 		.ascii	"proximity.c\000"
 1503      696D6974 
 1503      792E6300 
 1504              	.LASF19:
 1505 05b0 63686172 		.ascii	"char\000"
 1505      00
 1506              	.LASF53:
 1507 05b5 63624576 		.ascii	"cbEvents\000"
 1507      656E7473 
 1507      00
 1508              	.LASF86:
 1509 05be 63757272 		.ascii	"currentProximityData\000"
 1509      656E7450 
 1509      726F7869 
 1509      6D697479 
 1509      44617461 
 1510              	.LASF87:
 1511 05d3 70726F78 		.ascii	"proximity\000"
 1511      696D6974 
 1511      7900
 1512              	.LASF27:
 1513 05dd 636F6D70 		.ascii	"compareOrCapture\000"
 1513      6172654F 
 1513      72436170 
 1513      74757265 
 1513      00
 1514              	.LASF106:
 1515 05ee 496E6974 		.ascii	"InitCapSense\000"
 1515      43617053 
 1515      656E7365 
 1515      00
 1516              	.LASF22:
 1517 05fb 5F426F6F 		.ascii	"_Bool\000"
ARM GAS  C:\Users\User\AppData\Local\Temp\ccycsdYW.s 			page 36


 1517      6C00
 1518              	.LASF94:
 1519 0601 63795F62 		.ascii	"cy_ble_connState\000"
 1519      6C655F63 
 1519      6F6E6E53 
 1519      74617465 
 1519      00
 1520              	.LASF32:
 1521 0612 63617074 		.ascii	"captureInputMode\000"
 1521      75726549 
 1521      6E707574 
 1521      4D6F6465 
 1521      00
 1522              	.LASF31:
 1523 0623 696E7465 		.ascii	"interruptSources\000"
 1523      72727570 
 1523      74536F75 
 1523      72636573 
 1523      00
 1524              	.LASF70:
 1525 0634 43595F42 		.ascii	"CY_BLE_ADV_STATE_ADV_INITIATED\000"
 1525      4C455F41 
 1525      44565F53 
 1525      54415445 
 1525      5F414456 
 1526              	.LASF9:
 1527 0653 6C6F6E67 		.ascii	"long unsigned int\000"
 1527      20756E73 
 1527      69676E65 
 1527      6420696E 
 1527      7400
 1528              	.LASF21:
 1529 0665 646F7562 		.ascii	"double\000"
 1529      6C6500
 1530              	.LASF45:
 1531 066c 63795F73 		.ascii	"cy_stc_scb_spi_context\000"
 1531      74635F73 
 1531      63625F73 
 1531      70695F63 
 1531      6F6E7465 
 1532              	.LASF44:
 1533 0683 63795F73 		.ascii	"cy_stc_tcpwm_counter_config\000"
 1533      74635F74 
 1533      6370776D 
 1533      5F636F75 
 1533      6E746572 
 1534              	.LASF41:
 1535 069f 636F756E 		.ascii	"countInput\000"
 1535      74496E70 
 1535      757400
 1536              	.LASF37:
 1537 06aa 73746172 		.ascii	"startInput\000"
 1537      74496E70 
 1537      757400
 1538              	.LASF6:
 1539 06b5 5F5F696E 		.ascii	"__int32_t\000"
 1539      7433325F 
ARM GAS  C:\Users\User\AppData\Local\Temp\ccycsdYW.s 			page 37


 1539      7400
 1540              	.LASF38:
 1541 06bf 73746F70 		.ascii	"stopInputMode\000"
 1541      496E7075 
 1541      744D6F64 
 1541      6500
 1542              	.LASF69:
 1543 06cd 43595F42 		.ascii	"CY_BLE_ADV_STATE_STOPPED\000"
 1543      4C455F41 
 1543      44565F53 
 1543      54415445 
 1543      5F53544F 
 1544              	.LASF98:
 1545 06e6 64696666 		.ascii	"diffData\000"
 1545      44617461 
 1545      00
 1546              	.LASF64:
 1547 06ef 74784C65 		.ascii	"txLeftToTransmit\000"
 1547      6674546F 
 1547      5472616E 
 1547      736D6974 
 1547      00
 1548              	.LASF26:
 1549 0700 636F756E 		.ascii	"countDirection\000"
 1549      74446972 
 1549      65637469 
 1549      6F6E00
 1550              	.LASF99:
 1551 070f 43617053 		.ascii	"CapSense_IsBusy\000"
 1551      656E7365 
 1551      5F497342 
 1551      75737900 
 1552              	.LASF65:
 1553 071f 63795F73 		.ascii	"cy_stc_scb_uart_context_t\000"
 1553      74635F73 
 1553      63625F75 
 1553      6172745F 
 1553      636F6E74 
 1554              	.LASF63:
 1555 0739 72785269 		.ascii	"rxRingBufTail\000"
 1555      6E674275 
 1555      66546169 
 1555      6C00
 1556              	.LASF82:
 1557 0747 63795F65 		.ascii	"cy_en_ble_conn_state_t\000"
 1557      6E5F626C 
 1557      655F636F 
 1557      6E6E5F73 
 1557      74617465 
 1558              	.LASF68:
 1559 075e 63795F73 		.ascii	"cy_stc_ble_conn_handle_t\000"
 1559      74635F62 
 1559      6C655F63 
 1559      6F6E6E5F 
 1559      68616E64 
 1560              	.LASF100:
 1561 0777 43617053 		.ascii	"CapSense_ProcessAllWidgets\000"
ARM GAS  C:\Users\User\AppData\Local\Temp\ccycsdYW.s 			page 38


 1561      656E7365 
 1561      5F50726F 
 1561      63657373 
 1561      416C6C57 
 1562              	.LASF91:
 1563 0792 49544D5F 		.ascii	"ITM_RxBuffer\000"
 1563      52784275 
 1563      66666572 
 1563      00
 1564              	.LASF90:
 1565 079f 6C6F7750 		.ascii	"lowPowerModeReady\000"
 1565      6F776572 
 1565      4D6F6465 
 1565      52656164 
 1565      7900
 1566              	.LASF71:
 1567 07b1 43595F42 		.ascii	"CY_BLE_ADV_STATE_ADVERTISING\000"
 1567      4C455F41 
 1567      44565F53 
 1567      54415445 
 1567      5F414456 
 1568              	.LASF84:
 1569 07ce 70726F78 		.ascii	"proximityData\000"
 1569      696D6974 
 1569      79446174 
 1569      6100
 1570              	.LASF102:
 1571 07dc 43617053 		.ascii	"CapSense_Start\000"
 1571      656E7365 
 1571      5F537461 
 1571      727400
 1572              		.ident	"GCC: (GNU Tools for ARM Embedded Processors) 5.4.1 20160609 (release) [ARM/embedded-5-bran
