ARM GAS  C:\Users\Coal\AppData\Local\Temp\ccPkAG31.s 			page 1


   1              		.syntax unified
   2              		.cpu cortex-m4
   3              		.eabi_attribute 27, 1
   4              		.fpu fpv4-sp-d16
   5              		.eabi_attribute 20, 1
   6              		.eabi_attribute 21, 1
   7              		.eabi_attribute 23, 3
   8              		.eabi_attribute 24, 1
   9              		.eabi_attribute 25, 1
  10              		.eabi_attribute 26, 1
  11              		.eabi_attribute 30, 1
  12              		.eabi_attribute 34, 1
  13              		.eabi_attribute 18, 4
  14              		.thumb
  15              		.syntax unified
  16              		.file	"cyfitter_sysint_cfg.c"
  17              		.text
  18              	.Ltext0:
  19              		.cfi_sections	.debug_frame
  20              		.global	CapSense_ISR_cfg
  21              		.global	EZI2C_SCB_IRQ_cfg
  22              		.section	.rodata
  23              		.align	2
  24              		.type	CapSense_ISR_cfg, %object
  25              		.size	CapSense_ISR_cfg, 8
  26              	CapSense_ISR_cfg:
  27 0000 3100     		.short	49
  28 0002 0000     		.space	2
  29 0004 07000000 		.word	7
  30              		.type	EZI2C_SCB_IRQ_cfg, %object
  31              		.size	EZI2C_SCB_IRQ_cfg, 8
  32              	EZI2C_SCB_IRQ_cfg:
  33 0008 2C00     		.short	44
  34 000a 0000     		.space	2
  35 000c 07000000 		.word	7
  36              		.text
  37              	.Letext0:
  38              		.file 1 "Generated_Source\\PSoC6\\pdl\\devices/psoc6/psoc63/include/cy8c6347bzi_bld53.h"
  39              		.file 2 "c:\\program files (x86)\\cypress\\psoc creator\\4.2\\psoc creator\\import\\gnu\\arm\\5.4.
  40              		.file 3 "c:\\program files (x86)\\cypress\\psoc creator\\4.2\\psoc creator\\import\\gnu\\arm\\5.4.
  41              		.file 4 "Generated_Source\\PSoC6\\pdl\\drivers/peripheral/sysint/cy_sysint.h"
  42              		.file 5 "Generated_Source\\PSoC6\\pdl\\cmsis/include/core_cm4.h"
  43              		.file 6 "Generated_Source\\PSoC6\\cyfitter_sysint_cfg.c"
  44              		.section	.debug_info,"",%progbits
  45              	.Ldebug_info0:
  46 0000 DF040000 		.4byte	0x4df
  47 0004 0400     		.2byte	0x4
  48 0006 00000000 		.4byte	.Ldebug_abbrev0
  49 000a 04       		.byte	0x4
  50 000b 01       		.uleb128 0x1
  51 000c 86090000 		.4byte	.LASF183
  52 0010 0C       		.byte	0xc
  53 0011 AE0D0000 		.4byte	.LASF184
  54 0015 C2070000 		.4byte	.LASF185
  55 0019 00000000 		.4byte	.Ldebug_line0
  56 001d 02       		.uleb128 0x2
  57 001e 02       		.byte	0x2
ARM GAS  C:\Users\Coal\AppData\Local\Temp\ccPkAG31.s 			page 2


  58 001f DE030000 		.4byte	0x3de
  59 0023 01       		.byte	0x1
  60 0024 24       		.byte	0x24
  61 0025 DE030000 		.4byte	0x3de
  62 0029 03       		.uleb128 0x3
  63 002a 3A020000 		.4byte	.LASF0
  64 002e 71       		.sleb128 -15
  65 002f 03       		.uleb128 0x3
  66 0030 630E0000 		.4byte	.LASF1
  67 0034 72       		.sleb128 -14
  68 0035 03       		.uleb128 0x3
  69 0036 E70E0000 		.4byte	.LASF2
  70 003a 73       		.sleb128 -13
  71 003b 03       		.uleb128 0x3
  72 003c AB0A0000 		.4byte	.LASF3
  73 0040 74       		.sleb128 -12
  74 0041 03       		.uleb128 0x3
  75 0042 CF040000 		.4byte	.LASF4
  76 0046 75       		.sleb128 -11
  77 0047 03       		.uleb128 0x3
  78 0048 1D0D0000 		.4byte	.LASF5
  79 004c 76       		.sleb128 -10
  80 004d 03       		.uleb128 0x3
  81 004e 74060000 		.4byte	.LASF6
  82 0052 7B       		.sleb128 -5
  83 0053 03       		.uleb128 0x3
  84 0054 120F0000 		.4byte	.LASF7
  85 0058 7C       		.sleb128 -4
  86 0059 03       		.uleb128 0x3
  87 005a 2C0E0000 		.4byte	.LASF8
  88 005e 7E       		.sleb128 -2
  89 005f 03       		.uleb128 0x3
  90 0060 7D070000 		.4byte	.LASF9
  91 0064 7F       		.sleb128 -1
  92 0065 04       		.uleb128 0x4
  93 0066 B3010000 		.4byte	.LASF10
  94 006a 00       		.byte	0
  95 006b 04       		.uleb128 0x4
  96 006c CB0E0000 		.4byte	.LASF11
  97 0070 01       		.byte	0x1
  98 0071 04       		.uleb128 0x4
  99 0072 1B000000 		.4byte	.LASF12
 100 0076 02       		.byte	0x2
 101 0077 04       		.uleb128 0x4
 102 0078 F80D0000 		.4byte	.LASF13
 103 007c 03       		.byte	0x3
 104 007d 04       		.uleb128 0x4
 105 007e 0E100000 		.4byte	.LASF14
 106 0082 04       		.byte	0x4
 107 0083 04       		.uleb128 0x4
 108 0084 54050000 		.4byte	.LASF15
 109 0088 05       		.byte	0x5
 110 0089 04       		.uleb128 0x4
 111 008a 1A070000 		.4byte	.LASF16
 112 008e 06       		.byte	0x6
 113 008f 04       		.uleb128 0x4
 114 0090 4D090000 		.4byte	.LASF17
ARM GAS  C:\Users\Coal\AppData\Local\Temp\ccPkAG31.s 			page 3


 115 0094 07       		.byte	0x7
 116 0095 04       		.uleb128 0x4
 117 0096 AE110000 		.4byte	.LASF18
 118 009a 08       		.byte	0x8
 119 009b 04       		.uleb128 0x4
 120 009c EF010000 		.4byte	.LASF19
 121 00a0 09       		.byte	0x9
 122 00a1 04       		.uleb128 0x4
 123 00a2 E20B0000 		.4byte	.LASF20
 124 00a6 0A       		.byte	0xa
 125 00a7 04       		.uleb128 0x4
 126 00a8 8E0A0000 		.4byte	.LASF21
 127 00ac 0B       		.byte	0xb
 128 00ad 04       		.uleb128 0x4
 129 00ae 3B100000 		.4byte	.LASF22
 130 00b2 0C       		.byte	0xc
 131 00b3 04       		.uleb128 0x4
 132 00b4 A2050000 		.4byte	.LASF23
 133 00b8 0D       		.byte	0xd
 134 00b9 04       		.uleb128 0x4
 135 00ba 60070000 		.4byte	.LASF24
 136 00be 0E       		.byte	0xe
 137 00bf 04       		.uleb128 0x4
 138 00c0 02040000 		.4byte	.LASF25
 139 00c4 0F       		.byte	0xf
 140 00c5 04       		.uleb128 0x4
 141 00c6 A8100000 		.4byte	.LASF26
 142 00ca 10       		.byte	0x10
 143 00cb 04       		.uleb128 0x4
 144 00cc FF020000 		.4byte	.LASF27
 145 00d0 11       		.byte	0x11
 146 00d1 04       		.uleb128 0x4
 147 00d2 7A000000 		.4byte	.LASF28
 148 00d6 12       		.byte	0x12
 149 00d7 04       		.uleb128 0x4
 150 00d8 1B040000 		.4byte	.LASF29
 151 00dc 13       		.byte	0x13
 152 00dd 04       		.uleb128 0x4
 153 00de 09060000 		.4byte	.LASF30
 154 00e2 14       		.byte	0x14
 155 00e3 04       		.uleb128 0x4
 156 00e4 F7100000 		.4byte	.LASF31
 157 00e8 15       		.byte	0x15
 158 00e9 04       		.uleb128 0x4
 159 00ea 66000000 		.4byte	.LASF32
 160 00ee 16       		.byte	0x16
 161 00ef 04       		.uleb128 0x4
 162 00f0 09050000 		.4byte	.LASF33
 163 00f4 17       		.byte	0x17
 164 00f5 04       		.uleb128 0x4
 165 00f6 C2000000 		.4byte	.LASF34
 166 00fa 18       		.byte	0x18
 167 00fb 04       		.uleb128 0x4
 168 00fc 370F0000 		.4byte	.LASF35
 169 0100 19       		.byte	0x19
 170 0101 04       		.uleb128 0x4
 171 0102 AD060000 		.4byte	.LASF36
ARM GAS  C:\Users\Coal\AppData\Local\Temp\ccPkAG31.s 			page 4


 172 0106 1A       		.byte	0x1a
 173 0107 04       		.uleb128 0x4
 174 0108 BD080000 		.4byte	.LASF37
 175 010c 1B       		.byte	0x1b
 176 010d 04       		.uleb128 0x4
 177 010e AC0B0000 		.4byte	.LASF38
 178 0112 1C       		.byte	0x1c
 179 0113 04       		.uleb128 0x4
 180 0114 1C010000 		.4byte	.LASF39
 181 0118 1D       		.byte	0x1d
 182 0119 04       		.uleb128 0x4
 183 011a 52030000 		.4byte	.LASF40
 184 011e 1E       		.byte	0x1e
 185 011f 04       		.uleb128 0x4
 186 0120 70050000 		.4byte	.LASF41
 187 0124 1F       		.byte	0x1f
 188 0125 04       		.uleb128 0x4
 189 0126 2D0D0000 		.4byte	.LASF42
 190 012a 20       		.byte	0x20
 191 012b 04       		.uleb128 0x4
 192 012c 880F0000 		.4byte	.LASF43
 193 0130 21       		.byte	0x21
 194 0131 04       		.uleb128 0x4
 195 0132 CA110000 		.4byte	.LASF44
 196 0136 22       		.byte	0x22
 197 0137 04       		.uleb128 0x4
 198 0138 12110000 		.4byte	.LASF45
 199 013c 23       		.byte	0x23
 200 013d 04       		.uleb128 0x4
 201 013e 38010000 		.4byte	.LASF46
 202 0142 24       		.byte	0x24
 203 0143 04       		.uleb128 0x4
 204 0144 8A030000 		.4byte	.LASF47
 205 0148 25       		.byte	0x25
 206 0149 04       		.uleb128 0x4
 207 014a FC110000 		.4byte	.LASF48
 208 014e 26       		.byte	0x26
 209 014f 04       		.uleb128 0x4
 210 0150 650D0000 		.4byte	.LASF49
 211 0154 27       		.byte	0x27
 212 0155 04       		.uleb128 0x4
 213 0156 C00F0000 		.4byte	.LASF50
 214 015a 28       		.byte	0x28
 215 015b 04       		.uleb128 0x4
 216 015c ED000000 		.4byte	.LASF51
 217 0160 29       		.byte	0x29
 218 0161 04       		.uleb128 0x4
 219 0162 DD040000 		.4byte	.LASF52
 220 0166 2A       		.byte	0x2a
 221 0167 04       		.uleb128 0x4
 222 0168 22050000 		.4byte	.LASF53
 223 016c 2B       		.byte	0x2b
 224 016d 04       		.uleb128 0x4
 225 016e 380E0000 		.4byte	.LASF54
 226 0172 2C       		.byte	0x2c
 227 0173 04       		.uleb128 0x4
 228 0174 38090000 		.4byte	.LASF55
ARM GAS  C:\Users\Coal\AppData\Local\Temp\ccPkAG31.s 			page 5


 229 0178 2D       		.byte	0x2d
 230 0179 04       		.uleb128 0x4
 231 017a 37000000 		.4byte	.LASF56
 232 017e 2E       		.byte	0x2e
 233 017f 04       		.uleb128 0x4
 234 0180 9C0E0000 		.4byte	.LASF57
 235 0184 2F       		.byte	0x2f
 236 0185 04       		.uleb128 0x4
 237 0186 95040000 		.4byte	.LASF58
 238 018a 30       		.byte	0x30
 239 018b 04       		.uleb128 0x4
 240 018c 240F0000 		.4byte	.LASF59
 241 0190 31       		.byte	0x31
 242 0191 04       		.uleb128 0x4
 243 0192 8C100000 		.4byte	.LASF60
 244 0196 32       		.byte	0x32
 245 0197 04       		.uleb128 0x4
 246 0198 8F000000 		.4byte	.LASF61
 247 019c 33       		.byte	0x33
 248 019d 04       		.uleb128 0x4
 249 019e CC020000 		.4byte	.LASF62
 250 01a2 34       		.byte	0x34
 251 01a3 04       		.uleb128 0x4
 252 01a4 720A0000 		.4byte	.LASF63
 253 01a8 35       		.byte	0x35
 254 01a9 04       		.uleb128 0x4
 255 01aa E6030000 		.4byte	.LASF64
 256 01ae 36       		.byte	0x36
 257 01af 04       		.uleb128 0x4
 258 01b0 F60E0000 		.4byte	.LASF65
 259 01b4 37       		.byte	0x37
 260 01b5 04       		.uleb128 0x4
 261 01b6 59040000 		.4byte	.LASF66
 262 01ba 38       		.byte	0x38
 263 01bb 04       		.uleb128 0x4
 264 01bc 4B110000 		.4byte	.LASF67
 265 01c0 39       		.byte	0x39
 266 01c1 04       		.uleb128 0x4
 267 01c2 5A080000 		.4byte	.LASF68
 268 01c6 3A       		.byte	0x3a
 269 01c7 04       		.uleb128 0x4
 270 01c8 430B0000 		.4byte	.LASF69
 271 01cc 3B       		.byte	0x3b
 272 01cd 04       		.uleb128 0x4
 273 01ce 86080000 		.4byte	.LASF70
 274 01d2 3C       		.byte	0x3c
 275 01d3 04       		.uleb128 0x4
 276 01d4 750B0000 		.4byte	.LASF71
 277 01d8 3D       		.byte	0x3d
 278 01d9 04       		.uleb128 0x4
 279 01da DB0D0000 		.4byte	.LASF72
 280 01de 3E       		.byte	0x3e
 281 01df 04       		.uleb128 0x4
 282 01e0 69090000 		.4byte	.LASF73
 283 01e4 3F       		.byte	0x3f
 284 01e5 04       		.uleb128 0x4
 285 01e6 37050000 		.4byte	.LASF74
ARM GAS  C:\Users\Coal\AppData\Local\Temp\ccPkAG31.s 			page 6


 286 01ea 40       		.byte	0x40
 287 01eb 04       		.uleb128 0x4
 288 01ec FD060000 		.4byte	.LASF75
 289 01f0 41       		.byte	0x41
 290 01f1 04       		.uleb128 0x4
 291 01f2 100B0000 		.4byte	.LASF76
 292 01f6 42       		.byte	0x42
 293 01f7 04       		.uleb128 0x4
 294 01f8 490D0000 		.4byte	.LASF77
 295 01fc 43       		.byte	0x43
 296 01fd 04       		.uleb128 0x4
 297 01fe A40F0000 		.4byte	.LASF78
 298 0202 44       		.byte	0x44
 299 0203 04       		.uleb128 0x4
 300 0204 6B0C0000 		.4byte	.LASF79
 301 0208 45       		.byte	0x45
 302 0209 04       		.uleb128 0x4
 303 020a C9060000 		.4byte	.LASF80
 304 020e 46       		.byte	0x46
 305 020f 04       		.uleb128 0x4
 306 0210 D9080000 		.4byte	.LASF81
 307 0214 47       		.byte	0x47
 308 0215 04       		.uleb128 0x4
 309 0216 2F110000 		.4byte	.LASF82
 310 021a 48       		.byte	0x48
 311 021b 04       		.uleb128 0x4
 312 021c 6E030000 		.4byte	.LASF83
 313 0220 49       		.byte	0x49
 314 0221 04       		.uleb128 0x4
 315 0222 A7030000 		.4byte	.LASF84
 316 0226 4A       		.byte	0x4a
 317 0227 04       		.uleb128 0x4
 318 0228 B0020000 		.4byte	.LASF85
 319 022c 4B       		.byte	0x4b
 320 022d 04       		.uleb128 0x4
 321 022e DA100000 		.4byte	.LASF86
 322 0232 4C       		.byte	0x4c
 323 0233 04       		.uleb128 0x4
 324 0234 A10C0000 		.4byte	.LASF87
 325 0238 4D       		.byte	0x4d
 326 0239 04       		.uleb128 0x4
 327 023a 6F100000 		.4byte	.LASF88
 328 023e 4E       		.byte	0x4e
 329 023f 04       		.uleb128 0x4
 330 0240 DA050000 		.4byte	.LASF89
 331 0244 4F       		.byte	0x4f
 332 0245 04       		.uleb128 0x4
 333 0246 8A070000 		.4byte	.LASF90
 334 024a 50       		.byte	0x50
 335 024b 04       		.uleb128 0x4
 336 024c 390A0000 		.4byte	.LASF91
 337 0250 51       		.byte	0x51
 338 0251 04       		.uleb128 0x4
 339 0252 56060000 		.4byte	.LASF92
 340 0256 52       		.byte	0x52
 341 0257 04       		.uleb128 0x4
 342 0258 1C080000 		.4byte	.LASF93
ARM GAS  C:\Users\Coal\AppData\Local\Temp\ccPkAG31.s 			page 7


 343 025c 53       		.byte	0x53
 344 025d 04       		.uleb128 0x4
 345 025e 60020000 		.4byte	.LASF94
 346 0262 54       		.byte	0x54
 347 0263 04       		.uleb128 0x4
 348 0264 E5060000 		.4byte	.LASF95
 349 0268 55       		.byte	0x55
 350 0269 04       		.uleb128 0x4
 351 026a 8E110000 		.4byte	.LASF96
 352 026e 56       		.byte	0x56
 353 026f 04       		.uleb128 0x4
 354 0270 CF010000 		.4byte	.LASF97
 355 0274 57       		.byte	0x57
 356 0275 04       		.uleb128 0x4
 357 0276 300C0000 		.4byte	.LASF98
 358 027a 58       		.byte	0x58
 359 027b 04       		.uleb128 0x4
 360 027c 75040000 		.4byte	.LASF99
 361 0280 59       		.byte	0x59
 362 0281 04       		.uleb128 0x4
 363 0282 C0100000 		.4byte	.LASF100
 364 0286 5A       		.byte	0x5a
 365 0287 04       		.uleb128 0x4
 366 0288 25060000 		.4byte	.LASF101
 367 028c 5B       		.byte	0x5b
 368 028d 04       		.uleb128 0x4
 369 028e B10E0000 		.4byte	.LASF102
 370 0292 5C       		.byte	0x5c
 371 0293 04       		.uleb128 0x4
 372 0294 C10A0000 		.4byte	.LASF103
 373 0298 5D       		.byte	0x5d
 374 0299 04       		.uleb128 0x4
 375 029a 4C000000 		.4byte	.LASF104
 376 029e 5E       		.byte	0x5e
 377 029f 04       		.uleb128 0x4
 378 02a0 96020000 		.4byte	.LASF105
 379 02a4 5F       		.byte	0x5f
 380 02a5 04       		.uleb128 0x4
 381 02a6 AA040000 		.4byte	.LASF106
 382 02aa 60       		.byte	0x60
 383 02ab 04       		.uleb128 0x4
 384 02ac 870C0000 		.4byte	.LASF107
 385 02b0 61       		.byte	0x61
 386 02b1 04       		.uleb128 0x4
 387 02b2 15030000 		.4byte	.LASF108
 388 02b6 62       		.byte	0x62
 389 02b7 04       		.uleb128 0x4
 390 02b8 F60A0000 		.4byte	.LASF109
 391 02bc 63       		.byte	0x63
 392 02bd 04       		.uleb128 0x4
 393 02be 030D0000 		.4byte	.LASF110
 394 02c2 64       		.byte	0x64
 395 02c3 04       		.uleb128 0x4
 396 02c4 6E0F0000 		.4byte	.LASF111
 397 02c8 65       		.byte	0x65
 398 02c9 04       		.uleb128 0x4
 399 02ca 74110000 		.4byte	.LASF112
ARM GAS  C:\Users\Coal\AppData\Local\Temp\ccPkAG31.s 			page 8


 400 02ce 66       		.byte	0x66
 401 02cf 04       		.uleb128 0x4
 402 02d0 93060000 		.4byte	.LASF113
 403 02d4 67       		.byte	0x67
 404 02d5 04       		.uleb128 0x4
 405 02d6 A3080000 		.4byte	.LASF114
 406 02da 68       		.byte	0x68
 407 02db 04       		.uleb128 0x4
 408 02dc 920B0000 		.4byte	.LASF115
 409 02e0 69       		.byte	0x69
 410 02e1 04       		.uleb128 0x4
 411 02e2 02010000 		.4byte	.LASF116
 412 02e6 6A       		.byte	0x6a
 413 02e7 04       		.uleb128 0x4
 414 02e8 38030000 		.4byte	.LASF117
 415 02ec 6B       		.byte	0x6b
 416 02ed 04       		.uleb128 0x4
 417 02ee 98010000 		.4byte	.LASF118
 418 02f2 6C       		.byte	0x6c
 419 02f3 04       		.uleb128 0x4
 420 02f4 CB030000 		.4byte	.LASF119
 421 02f8 6D       		.byte	0x6d
 422 02f9 04       		.uleb128 0x4
 423 02fa BF050000 		.4byte	.LASF120
 424 02fe 6E       		.byte	0x6e
 425 02ff 04       		.uleb128 0x4
 426 0300 01080000 		.4byte	.LASF121
 427 0304 6F       		.byte	0x6f
 428 0305 04       		.uleb128 0x4
 429 0306 F30F0000 		.4byte	.LASF122
 430 030a 70       		.byte	0x70
 431 030b 04       		.uleb128 0x4
 432 030c 00000000 		.4byte	.LASF123
 433 0310 71       		.byte	0x71
 434 0311 04       		.uleb128 0x4
 435 0312 45020000 		.4byte	.LASF124
 436 0316 72       		.byte	0x72
 437 0317 04       		.uleb128 0x4
 438 0318 1D090000 		.4byte	.LASF125
 439 031c 73       		.byte	0x73
 440 031d 04       		.uleb128 0x4
 441 031e 500C0000 		.4byte	.LASF126
 442 0322 74       		.byte	0x74
 443 0323 04       		.uleb128 0x4
 444 0324 810E0000 		.4byte	.LASF127
 445 0328 75       		.byte	0x75
 446 0329 04       		.uleb128 0x4
 447 032a DB0A0000 		.4byte	.LASF128
 448 032e 76       		.byte	0x76
 449 032f 04       		.uleb128 0x4
 450 0330 DF0C0000 		.4byte	.LASF129
 451 0334 77       		.byte	0x77
 452 0335 04       		.uleb128 0x4
 453 0336 530F0000 		.4byte	.LASF130
 454 033a 78       		.byte	0x78
 455 033b 04       		.uleb128 0x4
 456 033c A7070000 		.4byte	.LASF131
ARM GAS  C:\Users\Coal\AppData\Local\Temp\ccPkAG31.s 			page 9


 457 0340 79       		.byte	0x79
 458 0341 04       		.uleb128 0x4
 459 0342 55010000 		.4byte	.LASF132
 460 0346 7A       		.byte	0x7a
 461 0347 04       		.uleb128 0x4
 462 0348 D7000000 		.4byte	.LASF133
 463 034c 7B       		.byte	0x7b
 464 034d 04       		.uleb128 0x4
 465 034e 8C050000 		.4byte	.LASF134
 466 0352 7C       		.byte	0x7c
 467 0353 04       		.uleb128 0x4
 468 0354 4A070000 		.4byte	.LASF135
 469 0358 7D       		.byte	0x7d
 470 0359 04       		.uleb128 0x4
 471 035a DD0F0000 		.4byte	.LASF136
 472 035e 7E       		.byte	0x7e
 473 035f 04       		.uleb128 0x4
 474 0360 E6110000 		.4byte	.LASF137
 475 0364 7F       		.byte	0x7f
 476 0365 04       		.uleb128 0x4
 477 0366 24020000 		.4byte	.LASF138
 478 036a 80       		.byte	0x80
 479 036b 04       		.uleb128 0x4
 480 036c F5080000 		.4byte	.LASF139
 481 0370 81       		.byte	0x81
 482 0371 04       		.uleb128 0x4
 483 0372 FF0B0000 		.4byte	.LASF140
 484 0376 82       		.byte	0x82
 485 0377 04       		.uleb128 0x4
 486 0378 4D0E0000 		.4byte	.LASF141
 487 037c 83       		.byte	0x83
 488 037d 04       		.uleb128 0x4
 489 037e 43080000 		.4byte	.LASF142
 490 0382 84       		.byte	0x84
 491 0383 04       		.uleb128 0x4
 492 0384 2C0B0000 		.4byte	.LASF143
 493 0388 85       		.byte	0x85
 494 0389 04       		.uleb128 0x4
 495 038a AB000000 		.4byte	.LASF144
 496 038e 86       		.byte	0x86
 497 038f 04       		.uleb128 0x4
 498 0390 E8020000 		.4byte	.LASF145
 499 0394 87       		.byte	0x87
 500 0395 04       		.uleb128 0x4
 501 0396 F2040000 		.4byte	.LASF146
 502 039a 88       		.byte	0x88
 503 039b 04       		.uleb128 0x4
 504 039c BE0C0000 		.4byte	.LASF147
 505 03a0 89       		.byte	0x89
 506 03a1 04       		.uleb128 0x4
 507 03a2 140E0000 		.4byte	.LASF148
 508 03a6 8A       		.byte	0x8a
 509 03a7 04       		.uleb128 0x4
 510 03a8 3E040000 		.4byte	.LASF149
 511 03ac 8B       		.byte	0x8b
 512 03ad 04       		.uleb128 0x4
 513 03ae 820D0000 		.4byte	.LASF150
ARM GAS  C:\Users\Coal\AppData\Local\Temp\ccPkAG31.s 			page 10


 514 03b2 8C       		.byte	0x8c
 515 03b3 04       		.uleb128 0x4
 516 03b4 58100000 		.4byte	.LASF151
 517 03b8 8D       		.byte	0x8d
 518 03b9 04       		.uleb128 0x4
 519 03ba 36070000 		.4byte	.LASF152
 520 03be 8E       		.byte	0x8e
 521 03bf 04       		.uleb128 0x4
 522 03c0 560A0000 		.4byte	.LASF153
 523 03c4 8F       		.byte	0x8f
 524 03c5 04       		.uleb128 0x4
 525 03c6 3F060000 		.4byte	.LASF154
 526 03ca 90       		.byte	0x90
 527 03cb 04       		.uleb128 0x4
 528 03cc 82010000 		.4byte	.LASF155
 529 03d0 91       		.byte	0x91
 530 03d1 04       		.uleb128 0x4
 531 03d2 0B020000 		.4byte	.LASF156
 532 03d6 92       		.byte	0x92
 533 03d7 04       		.uleb128 0x4
 534 03d8 150C0000 		.4byte	.LASF157
 535 03dc F0       		.byte	0xf0
 536 03dd 00       		.byte	0
 537 03de 05       		.uleb128 0x5
 538 03df 02       		.byte	0x2
 539 03e0 05       		.byte	0x5
 540 03e1 260C0000 		.4byte	.LASF158
 541 03e5 06       		.uleb128 0x6
 542 03e6 D50C0000 		.4byte	.LASF162
 543 03ea 01       		.byte	0x1
 544 03eb F4       		.byte	0xf4
 545 03ec 1D000000 		.4byte	0x1d
 546 03f0 05       		.uleb128 0x5
 547 03f1 01       		.byte	0x1
 548 03f2 06       		.byte	0x6
 549 03f3 8A020000 		.4byte	.LASF159
 550 03f7 05       		.uleb128 0x5
 551 03f8 01       		.byte	0x1
 552 03f9 08       		.byte	0x8
 553 03fa 670B0000 		.4byte	.LASF160
 554 03fe 05       		.uleb128 0x5
 555 03ff 02       		.byte	0x2
 556 0400 07       		.byte	0x7
 557 0401 80060000 		.4byte	.LASF161
 558 0405 06       		.uleb128 0x6
 559 0406 770E0000 		.4byte	.LASF163
 560 040a 02       		.byte	0x2
 561 040b 3F       		.byte	0x3f
 562 040c 10040000 		.4byte	0x410
 563 0410 05       		.uleb128 0x5
 564 0411 04       		.byte	0x4
 565 0412 05       		.byte	0x5
 566 0413 2F030000 		.4byte	.LASF164
 567 0417 06       		.uleb128 0x6
 568 0418 C4040000 		.4byte	.LASF165
 569 041c 02       		.byte	0x2
 570 041d 41       		.byte	0x41
ARM GAS  C:\Users\Coal\AppData\Local\Temp\ccPkAG31.s 			page 11


 571 041e 22040000 		.4byte	0x422
 572 0422 05       		.uleb128 0x5
 573 0423 04       		.byte	0x4
 574 0424 07       		.byte	0x7
 575 0425 F7050000 		.4byte	.LASF166
 576 0429 05       		.uleb128 0x5
 577 042a 08       		.byte	0x8
 578 042b 05       		.byte	0x5
 579 042c 7C020000 		.4byte	.LASF167
 580 0430 05       		.uleb128 0x5
 581 0431 08       		.byte	0x8
 582 0432 07       		.byte	0x7
 583 0433 6B010000 		.4byte	.LASF168
 584 0437 07       		.uleb128 0x7
 585 0438 04       		.byte	0x4
 586 0439 05       		.byte	0x5
 587 043a 696E7400 		.ascii	"int\000"
 588 043e 05       		.uleb128 0x5
 589 043f 04       		.byte	0x4
 590 0440 07       		.byte	0x7
 591 0441 D50B0000 		.4byte	.LASF169
 592 0445 06       		.uleb128 0x6
 593 0446 5F0B0000 		.4byte	.LASF170
 594 044a 03       		.byte	0x3
 595 044b 2C       		.byte	0x2c
 596 044c 05040000 		.4byte	0x405
 597 0450 06       		.uleb128 0x6
 598 0451 FA0C0000 		.4byte	.LASF171
 599 0455 03       		.byte	0x3
 600 0456 30       		.byte	0x30
 601 0457 17040000 		.4byte	0x417
 602 045b 05       		.uleb128 0x5
 603 045c 04       		.byte	0x4
 604 045d 07       		.byte	0x7
 605 045e 3A080000 		.4byte	.LASF172
 606 0462 05       		.uleb128 0x5
 607 0463 08       		.byte	0x8
 608 0464 04       		.byte	0x4
 609 0465 9D0D0000 		.4byte	.LASF173
 610 0469 05       		.uleb128 0x5
 611 046a 01       		.byte	0x1
 612 046b 08       		.byte	0x8
 613 046c A90D0000 		.4byte	.LASF174
 614 0470 05       		.uleb128 0x5
 615 0471 04       		.byte	0x4
 616 0472 04       		.byte	0x4
 617 0473 6C0A0000 		.4byte	.LASF175
 618 0477 05       		.uleb128 0x5
 619 0478 08       		.byte	0x8
 620 0479 04       		.byte	0x4
 621 047a 37040000 		.4byte	.LASF176
 622 047e 08       		.uleb128 0x8
 623 047f 08       		.byte	0x8
 624 0480 04       		.byte	0x4
 625 0481 EB       		.byte	0xeb
 626 0482 9F040000 		.4byte	0x49f
 627 0486 09       		.uleb128 0x9
ARM GAS  C:\Users\Coal\AppData\Local\Temp\ccPkAG31.s 			page 12


 628 0487 C3030000 		.4byte	.LASF177
 629 048b 04       		.byte	0x4
 630 048c EC       		.byte	0xec
 631 048d E5030000 		.4byte	0x3e5
 632 0491 00       		.byte	0
 633 0492 09       		.uleb128 0x9
 634 0493 67110000 		.4byte	.LASF178
 635 0497 04       		.byte	0x4
 636 0498 F0       		.byte	0xf0
 637 0499 50040000 		.4byte	0x450
 638 049d 04       		.byte	0x4
 639 049e 00       		.byte	0
 640 049f 06       		.uleb128 0x6
 641 04a0 76080000 		.4byte	.LASF179
 642 04a4 04       		.byte	0x4
 643 04a5 F1       		.byte	0xf1
 644 04a6 7E040000 		.4byte	0x47e
 645 04aa 0A       		.uleb128 0xa
 646 04ab C80B0000 		.4byte	.LASF180
 647 04af 05       		.byte	0x5
 648 04b0 EA07     		.2byte	0x7ea
 649 04b2 B6040000 		.4byte	0x4b6
 650 04b6 0B       		.uleb128 0xb
 651 04b7 45040000 		.4byte	0x445
 652 04bb 0C       		.uleb128 0xc
 653 04bc 0B090000 		.4byte	.LASF181
 654 04c0 06       		.byte	0x6
 655 04c1 24       		.byte	0x24
 656 04c2 CC040000 		.4byte	0x4cc
 657 04c6 05       		.uleb128 0x5
 658 04c7 03       		.byte	0x3
 659 04c8 00000000 		.4byte	EZI2C_SCB_IRQ_cfg
 660 04cc 0D       		.uleb128 0xd
 661 04cd 9F040000 		.4byte	0x49f
 662 04d1 0C       		.uleb128 0xc
 663 04d2 2A100000 		.4byte	.LASF182
 664 04d6 06       		.byte	0x6
 665 04d7 2A       		.byte	0x2a
 666 04d8 CC040000 		.4byte	0x4cc
 667 04dc 05       		.uleb128 0x5
 668 04dd 03       		.byte	0x3
 669 04de 00000000 		.4byte	CapSense_ISR_cfg
 670 04e2 00       		.byte	0
 671              		.section	.debug_abbrev,"",%progbits
 672              	.Ldebug_abbrev0:
 673 0000 01       		.uleb128 0x1
 674 0001 11       		.uleb128 0x11
 675 0002 01       		.byte	0x1
 676 0003 25       		.uleb128 0x25
 677 0004 0E       		.uleb128 0xe
 678 0005 13       		.uleb128 0x13
 679 0006 0B       		.uleb128 0xb
 680 0007 03       		.uleb128 0x3
 681 0008 0E       		.uleb128 0xe
 682 0009 1B       		.uleb128 0x1b
 683 000a 0E       		.uleb128 0xe
 684 000b 10       		.uleb128 0x10
ARM GAS  C:\Users\Coal\AppData\Local\Temp\ccPkAG31.s 			page 13


 685 000c 17       		.uleb128 0x17
 686 000d 00       		.byte	0
 687 000e 00       		.byte	0
 688 000f 02       		.uleb128 0x2
 689 0010 04       		.uleb128 0x4
 690 0011 01       		.byte	0x1
 691 0012 0B       		.uleb128 0xb
 692 0013 0B       		.uleb128 0xb
 693 0014 49       		.uleb128 0x49
 694 0015 13       		.uleb128 0x13
 695 0016 3A       		.uleb128 0x3a
 696 0017 0B       		.uleb128 0xb
 697 0018 3B       		.uleb128 0x3b
 698 0019 0B       		.uleb128 0xb
 699 001a 01       		.uleb128 0x1
 700 001b 13       		.uleb128 0x13
 701 001c 00       		.byte	0
 702 001d 00       		.byte	0
 703 001e 03       		.uleb128 0x3
 704 001f 28       		.uleb128 0x28
 705 0020 00       		.byte	0
 706 0021 03       		.uleb128 0x3
 707 0022 0E       		.uleb128 0xe
 708 0023 1C       		.uleb128 0x1c
 709 0024 0D       		.uleb128 0xd
 710 0025 00       		.byte	0
 711 0026 00       		.byte	0
 712 0027 04       		.uleb128 0x4
 713 0028 28       		.uleb128 0x28
 714 0029 00       		.byte	0
 715 002a 03       		.uleb128 0x3
 716 002b 0E       		.uleb128 0xe
 717 002c 1C       		.uleb128 0x1c
 718 002d 0B       		.uleb128 0xb
 719 002e 00       		.byte	0
 720 002f 00       		.byte	0
 721 0030 05       		.uleb128 0x5
 722 0031 24       		.uleb128 0x24
 723 0032 00       		.byte	0
 724 0033 0B       		.uleb128 0xb
 725 0034 0B       		.uleb128 0xb
 726 0035 3E       		.uleb128 0x3e
 727 0036 0B       		.uleb128 0xb
 728 0037 03       		.uleb128 0x3
 729 0038 0E       		.uleb128 0xe
 730 0039 00       		.byte	0
 731 003a 00       		.byte	0
 732 003b 06       		.uleb128 0x6
 733 003c 16       		.uleb128 0x16
 734 003d 00       		.byte	0
 735 003e 03       		.uleb128 0x3
 736 003f 0E       		.uleb128 0xe
 737 0040 3A       		.uleb128 0x3a
 738 0041 0B       		.uleb128 0xb
 739 0042 3B       		.uleb128 0x3b
 740 0043 0B       		.uleb128 0xb
 741 0044 49       		.uleb128 0x49
ARM GAS  C:\Users\Coal\AppData\Local\Temp\ccPkAG31.s 			page 14


 742 0045 13       		.uleb128 0x13
 743 0046 00       		.byte	0
 744 0047 00       		.byte	0
 745 0048 07       		.uleb128 0x7
 746 0049 24       		.uleb128 0x24
 747 004a 00       		.byte	0
 748 004b 0B       		.uleb128 0xb
 749 004c 0B       		.uleb128 0xb
 750 004d 3E       		.uleb128 0x3e
 751 004e 0B       		.uleb128 0xb
 752 004f 03       		.uleb128 0x3
 753 0050 08       		.uleb128 0x8
 754 0051 00       		.byte	0
 755 0052 00       		.byte	0
 756 0053 08       		.uleb128 0x8
 757 0054 13       		.uleb128 0x13
 758 0055 01       		.byte	0x1
 759 0056 0B       		.uleb128 0xb
 760 0057 0B       		.uleb128 0xb
 761 0058 3A       		.uleb128 0x3a
 762 0059 0B       		.uleb128 0xb
 763 005a 3B       		.uleb128 0x3b
 764 005b 0B       		.uleb128 0xb
 765 005c 01       		.uleb128 0x1
 766 005d 13       		.uleb128 0x13
 767 005e 00       		.byte	0
 768 005f 00       		.byte	0
 769 0060 09       		.uleb128 0x9
 770 0061 0D       		.uleb128 0xd
 771 0062 00       		.byte	0
 772 0063 03       		.uleb128 0x3
 773 0064 0E       		.uleb128 0xe
 774 0065 3A       		.uleb128 0x3a
 775 0066 0B       		.uleb128 0xb
 776 0067 3B       		.uleb128 0x3b
 777 0068 0B       		.uleb128 0xb
 778 0069 49       		.uleb128 0x49
 779 006a 13       		.uleb128 0x13
 780 006b 38       		.uleb128 0x38
 781 006c 0B       		.uleb128 0xb
 782 006d 00       		.byte	0
 783 006e 00       		.byte	0
 784 006f 0A       		.uleb128 0xa
 785 0070 34       		.uleb128 0x34
 786 0071 00       		.byte	0
 787 0072 03       		.uleb128 0x3
 788 0073 0E       		.uleb128 0xe
 789 0074 3A       		.uleb128 0x3a
 790 0075 0B       		.uleb128 0xb
 791 0076 3B       		.uleb128 0x3b
 792 0077 05       		.uleb128 0x5
 793 0078 49       		.uleb128 0x49
 794 0079 13       		.uleb128 0x13
 795 007a 3F       		.uleb128 0x3f
 796 007b 19       		.uleb128 0x19
 797 007c 3C       		.uleb128 0x3c
 798 007d 19       		.uleb128 0x19
ARM GAS  C:\Users\Coal\AppData\Local\Temp\ccPkAG31.s 			page 15


 799 007e 00       		.byte	0
 800 007f 00       		.byte	0
 801 0080 0B       		.uleb128 0xb
 802 0081 35       		.uleb128 0x35
 803 0082 00       		.byte	0
 804 0083 49       		.uleb128 0x49
 805 0084 13       		.uleb128 0x13
 806 0085 00       		.byte	0
 807 0086 00       		.byte	0
 808 0087 0C       		.uleb128 0xc
 809 0088 34       		.uleb128 0x34
 810 0089 00       		.byte	0
 811 008a 03       		.uleb128 0x3
 812 008b 0E       		.uleb128 0xe
 813 008c 3A       		.uleb128 0x3a
 814 008d 0B       		.uleb128 0xb
 815 008e 3B       		.uleb128 0x3b
 816 008f 0B       		.uleb128 0xb
 817 0090 49       		.uleb128 0x49
 818 0091 13       		.uleb128 0x13
 819 0092 3F       		.uleb128 0x3f
 820 0093 19       		.uleb128 0x19
 821 0094 02       		.uleb128 0x2
 822 0095 18       		.uleb128 0x18
 823 0096 00       		.byte	0
 824 0097 00       		.byte	0
 825 0098 0D       		.uleb128 0xd
 826 0099 26       		.uleb128 0x26
 827 009a 00       		.byte	0
 828 009b 49       		.uleb128 0x49
 829 009c 13       		.uleb128 0x13
 830 009d 00       		.byte	0
 831 009e 00       		.byte	0
 832 009f 00       		.byte	0
 833              		.section	.debug_aranges,"",%progbits
 834 0000 14000000 		.4byte	0x14
 835 0004 0200     		.2byte	0x2
 836 0006 00000000 		.4byte	.Ldebug_info0
 837 000a 04       		.byte	0x4
 838 000b 00       		.byte	0
 839 000c 0000     		.2byte	0
 840 000e 0000     		.2byte	0
 841 0010 00000000 		.4byte	0
 842 0014 00000000 		.4byte	0
 843              		.section	.debug_line,"",%progbits
 844              	.Ldebug_line0:
 845 0000 10020000 		.section	.debug_str,"MS",%progbits,1
 845      02000A02 
 845      00000201 
 845      FB0E0D00 
 845      01010101 
 846              	.LASF123:
 847 0000 74637077 		.ascii	"tcpwm_1_interrupts_15_IRQn\000"
 847      6D5F315F 
 847      696E7465 
 847      72727570 
 847      74735F31 
ARM GAS  C:\Users\Coal\AppData\Local\Temp\ccPkAG31.s 			page 16


 848              	.LASF12:
 849 001b 696F7373 		.ascii	"ioss_interrupts_gpio_2_IRQn\000"
 849      5F696E74 
 849      65727275 
 849      7074735F 
 849      6770696F 
 850              	.LASF56:
 851 0037 7363625F 		.ascii	"scb_5_interrupt_IRQn\000"
 851      355F696E 
 851      74657272 
 851      7570745F 
 851      4952516E 
 852              	.LASF104:
 853 004c 74637077 		.ascii	"tcpwm_0_interrupts_4_IRQn\000"
 853      6D5F305F 
 853      696E7465 
 853      72727570 
 853      74735F34 
 854              	.LASF32:
 855 0066 73727373 		.ascii	"srss_interrupt_IRQn\000"
 855      5F696E74 
 855      65727275 
 855      70745F49 
 855      52516E00 
 856              	.LASF28:
 857 007a 7363625F 		.ascii	"scb_8_interrupt_IRQn\000"
 857      385F696E 
 857      74657272 
 857      7570745F 
 857      4952516E 
 858              	.LASF61:
 859 008f 63707573 		.ascii	"cpuss_interrupts_dw0_1_IRQn\000"
 859      735F696E 
 859      74657272 
 859      75707473 
 859      5F647730 
 860              	.LASF144:
 861 00ab 7564625F 		.ascii	"udb_interrupts_12_IRQn\000"
 861      696E7465 
 861      72727570 
 861      74735F31 
 861      325F4952 
 862              	.LASF34:
 863 00c2 626C6573 		.ascii	"bless_interrupt_IRQn\000"
 863      735F696E 
 863      74657272 
 863      7570745F 
 863      4952516E 
 864              	.LASF133:
 865 00d7 7564625F 		.ascii	"udb_interrupts_1_IRQn\000"
 865      696E7465 
 865      72727570 
 865      74735F31 
 865      5F495251 
 866              	.LASF51:
 867 00ed 7363625F 		.ascii	"scb_0_interrupt_IRQn\000"
 867      305F696E 
ARM GAS  C:\Users\Coal\AppData\Local\Temp\ccPkAG31.s 			page 17


 867      74657272 
 867      7570745F 
 867      4952516E 
 868              	.LASF116:
 869 0102 74637077 		.ascii	"tcpwm_1_interrupts_8_IRQn\000"
 869      6D5F315F 
 869      696E7465 
 869      72727570 
 869      74735F38 
 870              	.LASF39:
 871 011c 63707573 		.ascii	"cpuss_interrupts_ipc_4_IRQn\000"
 871      735F696E 
 871      74657272 
 871      75707473 
 871      5F697063 
 872              	.LASF46:
 873 0138 63707573 		.ascii	"cpuss_interrupts_ipc_11_IRQn\000"
 873      735F696E 
 873      74657272 
 873      75707473 
 873      5F697063 
 874              	.LASF132:
 875 0155 7564625F 		.ascii	"udb_interrupts_0_IRQn\000"
 875      696E7465 
 875      72727570 
 875      74735F30 
 875      5F495251 
 876              	.LASF168:
 877 016b 6C6F6E67 		.ascii	"long long unsigned int\000"
 877      206C6F6E 
 877      6720756E 
 877      7369676E 
 877      65642069 
 878              	.LASF155:
 879 0182 7573625F 		.ascii	"usb_interrupt_lo_IRQn\000"
 879      696E7465 
 879      72727570 
 879      745F6C6F 
 879      5F495251 
 880              	.LASF118:
 881 0198 74637077 		.ascii	"tcpwm_1_interrupts_10_IRQn\000"
 881      6D5F315F 
 881      696E7465 
 881      72727570 
 881      74735F31 
 882              	.LASF10:
 883 01b3 696F7373 		.ascii	"ioss_interrupts_gpio_0_IRQn\000"
 883      5F696E74 
 883      65727275 
 883      7074735F 
 883      6770696F 
 884              	.LASF97:
 885 01cf 63707573 		.ascii	"cpuss_interrupts_cm0_cti_1_IRQn\000"
 885      735F696E 
 885      74657272 
 885      75707473 
 885      5F636D30 
ARM GAS  C:\Users\Coal\AppData\Local\Temp\ccPkAG31.s 			page 18


 886              	.LASF19:
 887 01ef 696F7373 		.ascii	"ioss_interrupts_gpio_9_IRQn\000"
 887      5F696E74 
 887      65727275 
 887      7074735F 
 887      6770696F 
 888              	.LASF156:
 889 020b 70617373 		.ascii	"pass_interrupt_dacs_IRQn\000"
 889      5F696E74 
 889      65727275 
 889      70745F64 
 889      6163735F 
 890              	.LASF138:
 891 0224 7564625F 		.ascii	"udb_interrupts_6_IRQn\000"
 891      696E7465 
 891      72727570 
 891      74735F36 
 891      5F495251 
 892              	.LASF0:
 893 023a 52657365 		.ascii	"Reset_IRQn\000"
 893      745F4952 
 893      516E00
 894              	.LASF124:
 895 0245 74637077 		.ascii	"tcpwm_1_interrupts_16_IRQn\000"
 895      6D5F315F 
 895      696E7465 
 895      72727570 
 895      74735F31 
 896              	.LASF94:
 897 0260 63707573 		.ascii	"cpuss_interrupt_crypto_IRQn\000"
 897      735F696E 
 897      74657272 
 897      7570745F 
 897      63727970 
 898              	.LASF167:
 899 027c 6C6F6E67 		.ascii	"long long int\000"
 899      206C6F6E 
 899      6720696E 
 899      7400
 900              	.LASF159:
 901 028a 7369676E 		.ascii	"signed char\000"
 901      65642063 
 901      68617200 
 902              	.LASF105:
 903 0296 74637077 		.ascii	"tcpwm_0_interrupts_5_IRQn\000"
 903      6D5F305F 
 903      696E7465 
 903      72727570 
 903      74735F35 
 904              	.LASF85:
 905 02b0 63707573 		.ascii	"cpuss_interrupts_dw1_9_IRQn\000"
 905      735F696E 
 905      74657272 
 905      75707473 
 905      5F647731 
 906              	.LASF62:
 907 02cc 63707573 		.ascii	"cpuss_interrupts_dw0_2_IRQn\000"
ARM GAS  C:\Users\Coal\AppData\Local\Temp\ccPkAG31.s 			page 19


 907      735F696E 
 907      74657272 
 907      75707473 
 907      5F647730 
 908              	.LASF145:
 909 02e8 7564625F 		.ascii	"udb_interrupts_13_IRQn\000"
 909      696E7465 
 909      72727570 
 909      74735F31 
 909      335F4952 
 910              	.LASF27:
 911 02ff 6C70636F 		.ascii	"lpcomp_interrupt_IRQn\000"
 911      6D705F69 
 911      6E746572 
 911      72757074 
 911      5F495251 
 912              	.LASF108:
 913 0315 74637077 		.ascii	"tcpwm_1_interrupts_0_IRQn\000"
 913      6D5F315F 
 913      696E7465 
 913      72727570 
 913      74735F30 
 914              	.LASF164:
 915 032f 6C6F6E67 		.ascii	"long int\000"
 915      20696E74 
 915      00
 916              	.LASF117:
 917 0338 74637077 		.ascii	"tcpwm_1_interrupts_9_IRQn\000"
 917      6D5F315F 
 917      696E7465 
 917      72727570 
 917      74735F39 
 918              	.LASF40:
 919 0352 63707573 		.ascii	"cpuss_interrupts_ipc_5_IRQn\000"
 919      735F696E 
 919      74657272 
 919      75707473 
 919      5F697063 
 920              	.LASF83:
 921 036e 63707573 		.ascii	"cpuss_interrupts_dw1_7_IRQn\000"
 921      735F696E 
 921      74657272 
 921      75707473 
 921      5F647731 
 922              	.LASF47:
 923 038a 63707573 		.ascii	"cpuss_interrupts_ipc_12_IRQn\000"
 923      735F696E 
 923      74657272 
 923      75707473 
 923      5F697063 
 924              	.LASF84:
 925 03a7 63707573 		.ascii	"cpuss_interrupts_dw1_8_IRQn\000"
 925      735F696E 
 925      74657272 
 925      75707473 
 925      5F647731 
 926              	.LASF177:
ARM GAS  C:\Users\Coal\AppData\Local\Temp\ccPkAG31.s 			page 20


 927 03c3 696E7472 		.ascii	"intrSrc\000"
 927      53726300 
 928              	.LASF119:
 929 03cb 74637077 		.ascii	"tcpwm_1_interrupts_11_IRQn\000"
 929      6D5F315F 
 929      696E7465 
 929      72727570 
 929      74735F31 
 930              	.LASF64:
 931 03e6 63707573 		.ascii	"cpuss_interrupts_dw0_4_IRQn\000"
 931      735F696E 
 931      74657272 
 931      75707473 
 931      5F647730 
 932              	.LASF25:
 933 0402 696F7373 		.ascii	"ioss_interrupt_gpio_IRQn\000"
 933      5F696E74 
 933      65727275 
 933      70745F67 
 933      70696F5F 
 934              	.LASF29:
 935 041b 73727373 		.ascii	"srss_interrupt_mcwdt_0_IRQn\000"
 935      5F696E74 
 935      65727275 
 935      70745F6D 
 935      63776474 
 936              	.LASF176:
 937 0437 646F7562 		.ascii	"double\000"
 937      6C6500
 938              	.LASF149:
 939 043e 61756469 		.ascii	"audioss_interrupt_i2s_IRQn\000"
 939      6F73735F 
 939      696E7465 
 939      72727570 
 939      745F6932 
 940              	.LASF66:
 941 0459 63707573 		.ascii	"cpuss_interrupts_dw0_6_IRQn\000"
 941      735F696E 
 941      74657272 
 941      75707473 
 941      5F647730 
 942              	.LASF99:
 943 0475 63707573 		.ascii	"cpuss_interrupts_cm4_cti_1_IRQn\000"
 943      735F696E 
 943      74657272 
 943      75707473 
 943      5F636D34 
 944              	.LASF58:
 945 0495 7363625F 		.ascii	"scb_7_interrupt_IRQn\000"
 945      375F696E 
 945      74657272 
 945      7570745F 
 945      4952516E 
 946              	.LASF106:
 947 04aa 74637077 		.ascii	"tcpwm_0_interrupts_6_IRQn\000"
 947      6D5F305F 
 947      696E7465 
ARM GAS  C:\Users\Coal\AppData\Local\Temp\ccPkAG31.s 			page 21


 947      72727570 
 947      74735F36 
 948              	.LASF165:
 949 04c4 5F5F7569 		.ascii	"__uint32_t\000"
 949      6E743332 
 949      5F7400
 950              	.LASF4:
 951 04cf 42757346 		.ascii	"BusFault_IRQn\000"
 951      61756C74 
 951      5F495251 
 951      6E00
 952              	.LASF52:
 953 04dd 7363625F 		.ascii	"scb_1_interrupt_IRQn\000"
 953      315F696E 
 953      74657272 
 953      7570745F 
 953      4952516E 
 954              	.LASF146:
 955 04f2 7564625F 		.ascii	"udb_interrupts_14_IRQn\000"
 955      696E7465 
 955      72727570 
 955      74735F31 
 955      345F4952 
 956              	.LASF33:
 957 0509 70617373 		.ascii	"pass_interrupt_ctbs_IRQn\000"
 957      5F696E74 
 957      65727275 
 957      70745F63 
 957      7462735F 
 958              	.LASF53:
 959 0522 7363625F 		.ascii	"scb_2_interrupt_IRQn\000"
 959      325F696E 
 959      74657272 
 959      7570745F 
 959      4952516E 
 960              	.LASF74:
 961 0537 63707573 		.ascii	"cpuss_interrupts_dw0_14_IRQn\000"
 961      735F696E 
 961      74657272 
 961      75707473 
 961      5F647730 
 962              	.LASF15:
 963 0554 696F7373 		.ascii	"ioss_interrupts_gpio_5_IRQn\000"
 963      5F696E74 
 963      65727275 
 963      7074735F 
 963      6770696F 
 964              	.LASF41:
 965 0570 63707573 		.ascii	"cpuss_interrupts_ipc_6_IRQn\000"
 965      735F696E 
 965      74657272 
 965      75707473 
 965      5F697063 
 966              	.LASF134:
 967 058c 7564625F 		.ascii	"udb_interrupts_2_IRQn\000"
 967      696E7465 
 967      72727570 
ARM GAS  C:\Users\Coal\AppData\Local\Temp\ccPkAG31.s 			page 22


 967      74735F32 
 967      5F495251 
 968              	.LASF23:
 969 05a2 696F7373 		.ascii	"ioss_interrupts_gpio_13_IRQn\000"
 969      5F696E74 
 969      65727275 
 969      7074735F 
 969      6770696F 
 970              	.LASF120:
 971 05bf 74637077 		.ascii	"tcpwm_1_interrupts_12_IRQn\000"
 971      6D5F315F 
 971      696E7465 
 971      72727570 
 971      74735F31 
 972              	.LASF89:
 973 05da 63707573 		.ascii	"cpuss_interrupts_dw1_13_IRQn\000"
 973      735F696E 
 973      74657272 
 973      75707473 
 973      5F647731 
 974              	.LASF166:
 975 05f7 6C6F6E67 		.ascii	"long unsigned int\000"
 975      20756E73 
 975      69676E65 
 975      6420696E 
 975      7400
 976              	.LASF30:
 977 0609 73727373 		.ascii	"srss_interrupt_mcwdt_1_IRQn\000"
 977      5F696E74 
 977      65727275 
 977      70745F6D 
 977      63776474 
 978              	.LASF101:
 979 0625 74637077 		.ascii	"tcpwm_0_interrupts_1_IRQn\000"
 979      6D5F305F 
 979      696E7465 
 979      72727570 
 979      74735F31 
 980              	.LASF154:
 981 063f 7573625F 		.ascii	"usb_interrupt_med_IRQn\000"
 981      696E7465 
 981      72727570 
 981      745F6D65 
 981      645F4952 
 982              	.LASF92:
 983 0656 63707573 		.ascii	"cpuss_interrupts_fault_0_IRQn\000"
 983      735F696E 
 983      74657272 
 983      75707473 
 983      5F666175 
 984              	.LASF6:
 985 0674 53564361 		.ascii	"SVCall_IRQn\000"
 985      6C6C5F49 
 985      52516E00 
 986              	.LASF161:
 987 0680 73686F72 		.ascii	"short unsigned int\000"
 987      7420756E 
ARM GAS  C:\Users\Coal\AppData\Local\Temp\ccPkAG31.s 			page 23


 987      7369676E 
 987      65642069 
 987      6E7400
 988              	.LASF113:
 989 0693 74637077 		.ascii	"tcpwm_1_interrupts_5_IRQn\000"
 989      6D5F315F 
 989      696E7465 
 989      72727570 
 989      74735F35 
 990              	.LASF36:
 991 06ad 63707573 		.ascii	"cpuss_interrupts_ipc_1_IRQn\000"
 991      735F696E 
 991      74657272 
 991      75707473 
 991      5F697063 
 992              	.LASF80:
 993 06c9 63707573 		.ascii	"cpuss_interrupts_dw1_4_IRQn\000"
 993      735F696E 
 993      74657272 
 993      75707473 
 993      5F647731 
 994              	.LASF95:
 995 06e5 63707573 		.ascii	"cpuss_interrupt_fm_IRQn\000"
 995      735F696E 
 995      74657272 
 995      7570745F 
 995      666D5F49 
 996              	.LASF75:
 997 06fd 63707573 		.ascii	"cpuss_interrupts_dw0_15_IRQn\000"
 997      735F696E 
 997      74657272 
 997      75707473 
 997      5F647730 
 998              	.LASF16:
 999 071a 696F7373 		.ascii	"ioss_interrupts_gpio_6_IRQn\000"
 999      5F696E74 
 999      65727275 
 999      7074735F 
 999      6770696F 
 1000              	.LASF152:
 1001 0736 736D6966 		.ascii	"smif_interrupt_IRQn\000"
 1001      5F696E74 
 1001      65727275 
 1001      70745F49 
 1001      52516E00 
 1002              	.LASF135:
 1003 074a 7564625F 		.ascii	"udb_interrupts_3_IRQn\000"
 1003      696E7465 
 1003      72727570 
 1003      74735F33 
 1003      5F495251 
 1004              	.LASF24:
 1005 0760 696F7373 		.ascii	"ioss_interrupts_gpio_14_IRQn\000"
 1005      5F696E74 
 1005      65727275 
 1005      7074735F 
 1005      6770696F 
ARM GAS  C:\Users\Coal\AppData\Local\Temp\ccPkAG31.s 			page 24


 1006              	.LASF9:
 1007 077d 53797354 		.ascii	"SysTick_IRQn\000"
 1007      69636B5F 
 1007      4952516E 
 1007      00
 1008              	.LASF90:
 1009 078a 63707573 		.ascii	"cpuss_interrupts_dw1_14_IRQn\000"
 1009      735F696E 
 1009      74657272 
 1009      75707473 
 1009      5F647731 
 1010              	.LASF131:
 1011 07a7 74637077 		.ascii	"tcpwm_1_interrupts_23_IRQn\000"
 1011      6D5F315F 
 1011      696E7465 
 1011      72727570 
 1011      74735F32 
 1012              	.LASF185:
 1013 07c2 433A5C55 		.ascii	"C:\\Users\\Coal\\Documents\\PSoC Creator\\Capasitor"
 1013      73657273 
 1013      5C436F61 
 1013      6C5C446F 
 1013      63756D65 
 1014 07f0 5C436170 		.ascii	"\\Capasitor.cydsn\000"
 1014      61736974 
 1014      6F722E63 
 1014      7964736E 
 1014      00
 1015              	.LASF121:
 1016 0801 74637077 		.ascii	"tcpwm_1_interrupts_13_IRQn\000"
 1016      6D5F315F 
 1016      696E7465 
 1016      72727570 
 1016      74735F31 
 1017              	.LASF93:
 1018 081c 63707573 		.ascii	"cpuss_interrupts_fault_1_IRQn\000"
 1018      735F696E 
 1018      74657272 
 1018      75707473 
 1018      5F666175 
 1019              	.LASF172:
 1020 083a 73697A65 		.ascii	"sizetype\000"
 1020      74797065 
 1020      00
 1021              	.LASF142:
 1022 0843 7564625F 		.ascii	"udb_interrupts_10_IRQn\000"
 1022      696E7465 
 1022      72727570 
 1022      74735F31 
 1022      305F4952 
 1023              	.LASF68:
 1024 085a 63707573 		.ascii	"cpuss_interrupts_dw0_8_IRQn\000"
 1024      735F696E 
 1024      74657272 
 1024      75707473 
 1024      5F647730 
 1025              	.LASF179:
ARM GAS  C:\Users\Coal\AppData\Local\Temp\ccPkAG31.s 			page 25


 1026 0876 63795F73 		.ascii	"cy_stc_sysint_t\000"
 1026      74635F73 
 1026      7973696E 
 1026      745F7400 
 1027              	.LASF70:
 1028 0886 63707573 		.ascii	"cpuss_interrupts_dw0_10_IRQn\000"
 1028      735F696E 
 1028      74657272 
 1028      75707473 
 1028      5F647730 
 1029              	.LASF114:
 1030 08a3 74637077 		.ascii	"tcpwm_1_interrupts_6_IRQn\000"
 1030      6D5F315F 
 1030      696E7465 
 1030      72727570 
 1030      74735F36 
 1031              	.LASF37:
 1032 08bd 63707573 		.ascii	"cpuss_interrupts_ipc_2_IRQn\000"
 1032      735F696E 
 1032      74657272 
 1032      75707473 
 1032      5F697063 
 1033              	.LASF81:
 1034 08d9 63707573 		.ascii	"cpuss_interrupts_dw1_5_IRQn\000"
 1034      735F696E 
 1034      74657272 
 1034      75707473 
 1034      5F647731 
 1035              	.LASF139:
 1036 08f5 7564625F 		.ascii	"udb_interrupts_7_IRQn\000"
 1036      696E7465 
 1036      72727570 
 1036      74735F37 
 1036      5F495251 
 1037              	.LASF181:
 1038 090b 455A4932 		.ascii	"EZI2C_SCB_IRQ_cfg\000"
 1038      435F5343 
 1038      425F4952 
 1038      515F6366 
 1038      6700
 1039              	.LASF125:
 1040 091d 74637077 		.ascii	"tcpwm_1_interrupts_17_IRQn\000"
 1040      6D5F315F 
 1040      696E7465 
 1040      72727570 
 1040      74735F31 
 1041              	.LASF55:
 1042 0938 7363625F 		.ascii	"scb_4_interrupt_IRQn\000"
 1042      345F696E 
 1042      74657272 
 1042      7570745F 
 1042      4952516E 
 1043              	.LASF17:
 1044 094d 696F7373 		.ascii	"ioss_interrupts_gpio_7_IRQn\000"
 1044      5F696E74 
 1044      65727275 
 1044      7074735F 
ARM GAS  C:\Users\Coal\AppData\Local\Temp\ccPkAG31.s 			page 26


 1044      6770696F 
 1045              	.LASF73:
 1046 0969 63707573 		.ascii	"cpuss_interrupts_dw0_13_IRQn\000"
 1046      735F696E 
 1046      74657272 
 1046      75707473 
 1046      5F647730 
 1047              	.LASF183:
 1048 0986 474E5520 		.ascii	"GNU C11 5.4.1 20160609 (release) [ARM/embedded-5-br"
 1048      43313120 
 1048      352E342E 
 1048      31203230 
 1048      31363036 
 1049 09b9 616E6368 		.ascii	"anch revision 237715] -mcpu=cortex-m4 -mfloat-abi=s"
 1049      20726576 
 1049      6973696F 
 1049      6E203233 
 1049      37373135 
 1050 09ec 6F667466 		.ascii	"oftfp -mfpu=fpv4-sp-d16 -mthumb -g -Og -ffunction-s"
 1050      70202D6D 
 1050      6670753D 
 1050      66707634 
 1050      2D73702D 
 1051 0a1f 65637469 		.ascii	"ections -ffat-lto-objects\000"
 1051      6F6E7320 
 1051      2D666661 
 1051      742D6C74 
 1051      6F2D6F62 
 1052              	.LASF91:
 1053 0a39 63707573 		.ascii	"cpuss_interrupts_dw1_15_IRQn\000"
 1053      735F696E 
 1053      74657272 
 1053      75707473 
 1053      5F647731 
 1054              	.LASF153:
 1055 0a56 7573625F 		.ascii	"usb_interrupt_hi_IRQn\000"
 1055      696E7465 
 1055      72727570 
 1055      745F6869 
 1055      5F495251 
 1056              	.LASF175:
 1057 0a6c 666C6F61 		.ascii	"float\000"
 1057      7400
 1058              	.LASF63:
 1059 0a72 63707573 		.ascii	"cpuss_interrupts_dw0_3_IRQn\000"
 1059      735F696E 
 1059      74657272 
 1059      75707473 
 1059      5F647730 
 1060              	.LASF21:
 1061 0a8e 696F7373 		.ascii	"ioss_interrupts_gpio_11_IRQn\000"
 1061      5F696E74 
 1061      65727275 
 1061      7074735F 
 1061      6770696F 
 1062              	.LASF3:
 1063 0aab 4D656D6F 		.ascii	"MemoryManagement_IRQn\000"
ARM GAS  C:\Users\Coal\AppData\Local\Temp\ccPkAG31.s 			page 27


 1063      72794D61 
 1063      6E616765 
 1063      6D656E74 
 1063      5F495251 
 1064              	.LASF103:
 1065 0ac1 74637077 		.ascii	"tcpwm_0_interrupts_3_IRQn\000"
 1065      6D5F305F 
 1065      696E7465 
 1065      72727570 
 1065      74735F33 
 1066              	.LASF128:
 1067 0adb 74637077 		.ascii	"tcpwm_1_interrupts_20_IRQn\000"
 1067      6D5F315F 
 1067      696E7465 
 1067      72727570 
 1067      74735F32 
 1068              	.LASF109:
 1069 0af6 74637077 		.ascii	"tcpwm_1_interrupts_1_IRQn\000"
 1069      6D5F315F 
 1069      696E7465 
 1069      72727570 
 1069      74735F31 
 1070              	.LASF76:
 1071 0b10 63707573 		.ascii	"cpuss_interrupts_dw1_0_IRQn\000"
 1071      735F696E 
 1071      74657272 
 1071      75707473 
 1071      5F647731 
 1072              	.LASF143:
 1073 0b2c 7564625F 		.ascii	"udb_interrupts_11_IRQn\000"
 1073      696E7465 
 1073      72727570 
 1073      74735F31 
 1073      315F4952 
 1074              	.LASF69:
 1075 0b43 63707573 		.ascii	"cpuss_interrupts_dw0_9_IRQn\000"
 1075      735F696E 
 1075      74657272 
 1075      75707473 
 1075      5F647730 
 1076              	.LASF170:
 1077 0b5f 696E7433 		.ascii	"int32_t\000"
 1077      325F7400 
 1078              	.LASF160:
 1079 0b67 756E7369 		.ascii	"unsigned char\000"
 1079      676E6564 
 1079      20636861 
 1079      7200
 1080              	.LASF71:
 1081 0b75 63707573 		.ascii	"cpuss_interrupts_dw0_11_IRQn\000"
 1081      735F696E 
 1081      74657272 
 1081      75707473 
 1081      5F647730 
 1082              	.LASF115:
 1083 0b92 74637077 		.ascii	"tcpwm_1_interrupts_7_IRQn\000"
 1083      6D5F315F 
ARM GAS  C:\Users\Coal\AppData\Local\Temp\ccPkAG31.s 			page 28


 1083      696E7465 
 1083      72727570 
 1083      74735F37 
 1084              	.LASF38:
 1085 0bac 63707573 		.ascii	"cpuss_interrupts_ipc_3_IRQn\000"
 1085      735F696E 
 1085      74657272 
 1085      75707473 
 1085      5F697063 
 1086              	.LASF180:
 1087 0bc8 49544D5F 		.ascii	"ITM_RxBuffer\000"
 1087      52784275 
 1087      66666572 
 1087      00
 1088              	.LASF169:
 1089 0bd5 756E7369 		.ascii	"unsigned int\000"
 1089      676E6564 
 1089      20696E74 
 1089      00
 1090              	.LASF20:
 1091 0be2 696F7373 		.ascii	"ioss_interrupts_gpio_10_IRQn\000"
 1091      5F696E74 
 1091      65727275 
 1091      7074735F 
 1091      6770696F 
 1092              	.LASF140:
 1093 0bff 7564625F 		.ascii	"udb_interrupts_8_IRQn\000"
 1093      696E7465 
 1093      72727570 
 1093      74735F38 
 1093      5F495251 
 1094              	.LASF157:
 1095 0c15 756E636F 		.ascii	"unconnected_IRQn\000"
 1095      6E6E6563 
 1095      7465645F 
 1095      4952516E 
 1095      00
 1096              	.LASF158:
 1097 0c26 73686F72 		.ascii	"short int\000"
 1097      7420696E 
 1097      7400
 1098              	.LASF98:
 1099 0c30 63707573 		.ascii	"cpuss_interrupts_cm4_cti_0_IRQn\000"
 1099      735F696E 
 1099      74657272 
 1099      75707473 
 1099      5F636D34 
 1100              	.LASF126:
 1101 0c50 74637077 		.ascii	"tcpwm_1_interrupts_18_IRQn\000"
 1101      6D5F315F 
 1101      696E7465 
 1101      72727570 
 1101      74735F31 
 1102              	.LASF79:
 1103 0c6b 63707573 		.ascii	"cpuss_interrupts_dw1_3_IRQn\000"
 1103      735F696E 
 1103      74657272 
ARM GAS  C:\Users\Coal\AppData\Local\Temp\ccPkAG31.s 			page 29


 1103      75707473 
 1103      5F647731 
 1104              	.LASF107:
 1105 0c87 74637077 		.ascii	"tcpwm_0_interrupts_7_IRQn\000"
 1105      6D5F305F 
 1105      696E7465 
 1105      72727570 
 1105      74735F37 
 1106              	.LASF87:
 1107 0ca1 63707573 		.ascii	"cpuss_interrupts_dw1_11_IRQn\000"
 1107      735F696E 
 1107      74657272 
 1107      75707473 
 1107      5F647731 
 1108              	.LASF147:
 1109 0cbe 7564625F 		.ascii	"udb_interrupts_15_IRQn\000"
 1109      696E7465 
 1109      72727570 
 1109      74735F31 
 1109      355F4952 
 1110              	.LASF162:
 1111 0cd5 4952516E 		.ascii	"IRQn_Type\000"
 1111      5F547970 
 1111      6500
 1112              	.LASF129:
 1113 0cdf 74637077 		.ascii	"tcpwm_1_interrupts_21_IRQn\000"
 1113      6D5F315F 
 1113      696E7465 
 1113      72727570 
 1113      74735F32 
 1114              	.LASF171:
 1115 0cfa 75696E74 		.ascii	"uint32_t\000"
 1115      33325F74 
 1115      00
 1116              	.LASF110:
 1117 0d03 74637077 		.ascii	"tcpwm_1_interrupts_2_IRQn\000"
 1117      6D5F315F 
 1117      696E7465 
 1117      72727570 
 1117      74735F32 
 1118              	.LASF5:
 1119 0d1d 55736167 		.ascii	"UsageFault_IRQn\000"
 1119      65466175 
 1119      6C745F49 
 1119      52516E00 
 1120              	.LASF42:
 1121 0d2d 63707573 		.ascii	"cpuss_interrupts_ipc_7_IRQn\000"
 1121      735F696E 
 1121      74657272 
 1121      75707473 
 1121      5F697063 
 1122              	.LASF77:
 1123 0d49 63707573 		.ascii	"cpuss_interrupts_dw1_1_IRQn\000"
 1123      735F696E 
 1123      74657272 
 1123      75707473 
 1123      5F647731 
ARM GAS  C:\Users\Coal\AppData\Local\Temp\ccPkAG31.s 			page 30


 1124              	.LASF49:
 1125 0d65 63707573 		.ascii	"cpuss_interrupts_ipc_14_IRQn\000"
 1125      735F696E 
 1125      74657272 
 1125      75707473 
 1125      5F697063 
 1126              	.LASF150:
 1127 0d82 61756469 		.ascii	"audioss_interrupt_pdm_IRQn\000"
 1127      6F73735F 
 1127      696E7465 
 1127      72727570 
 1127      745F7064 
 1128              	.LASF173:
 1129 0d9d 6C6F6E67 		.ascii	"long double\000"
 1129      20646F75 
 1129      626C6500 
 1130              	.LASF174:
 1131 0da9 63686172 		.ascii	"char\000"
 1131      00
 1132              	.LASF184:
 1133 0dae 47656E65 		.ascii	"Generated_Source\\PSoC6\\cyfitter_sysint_cfg.c\000"
 1133      72617465 
 1133      645F536F 
 1133      75726365 
 1133      5C50536F 
 1134              	.LASF72:
 1135 0ddb 63707573 		.ascii	"cpuss_interrupts_dw0_12_IRQn\000"
 1135      735F696E 
 1135      74657272 
 1135      75707473 
 1135      5F647730 
 1136              	.LASF13:
 1137 0df8 696F7373 		.ascii	"ioss_interrupts_gpio_3_IRQn\000"
 1137      5F696E74 
 1137      65727275 
 1137      7074735F 
 1137      6770696F 
 1138              	.LASF148:
 1139 0e14 70617373 		.ascii	"pass_interrupt_sar_IRQn\000"
 1139      5F696E74 
 1139      65727275 
 1139      70745F73 
 1139      61725F49 
 1140              	.LASF8:
 1141 0e2c 50656E64 		.ascii	"PendSV_IRQn\000"
 1141      53565F49 
 1141      52516E00 
 1142              	.LASF54:
 1143 0e38 7363625F 		.ascii	"scb_3_interrupt_IRQn\000"
 1143      335F696E 
 1143      74657272 
 1143      7570745F 
 1143      4952516E 
 1144              	.LASF141:
 1145 0e4d 7564625F 		.ascii	"udb_interrupts_9_IRQn\000"
 1145      696E7465 
 1145      72727570 
ARM GAS  C:\Users\Coal\AppData\Local\Temp\ccPkAG31.s 			page 31


 1145      74735F39 
 1145      5F495251 
 1146              	.LASF1:
 1147 0e63 4E6F6E4D 		.ascii	"NonMaskableInt_IRQn\000"
 1147      61736B61 
 1147      626C6549 
 1147      6E745F49 
 1147      52516E00 
 1148              	.LASF163:
 1149 0e77 5F5F696E 		.ascii	"__int32_t\000"
 1149      7433325F 
 1149      7400
 1150              	.LASF127:
 1151 0e81 74637077 		.ascii	"tcpwm_1_interrupts_19_IRQn\000"
 1151      6D5F315F 
 1151      696E7465 
 1151      72727570 
 1151      74735F31 
 1152              	.LASF57:
 1153 0e9c 7363625F 		.ascii	"scb_6_interrupt_IRQn\000"
 1153      365F696E 
 1153      74657272 
 1153      7570745F 
 1153      4952516E 
 1154              	.LASF102:
 1155 0eb1 74637077 		.ascii	"tcpwm_0_interrupts_2_IRQn\000"
 1155      6D5F305F 
 1155      696E7465 
 1155      72727570 
 1155      74735F32 
 1156              	.LASF11:
 1157 0ecb 696F7373 		.ascii	"ioss_interrupts_gpio_1_IRQn\000"
 1157      5F696E74 
 1157      65727275 
 1157      7074735F 
 1157      6770696F 
 1158              	.LASF2:
 1159 0ee7 48617264 		.ascii	"HardFault_IRQn\000"
 1159      4661756C 
 1159      745F4952 
 1159      516E00
 1160              	.LASF65:
 1161 0ef6 63707573 		.ascii	"cpuss_interrupts_dw0_5_IRQn\000"
 1161      735F696E 
 1161      74657272 
 1161      75707473 
 1161      5F647730 
 1162              	.LASF7:
 1163 0f12 44656275 		.ascii	"DebugMonitor_IRQn\000"
 1163      674D6F6E 
 1163      69746F72 
 1163      5F495251 
 1163      6E00
 1164              	.LASF59:
 1165 0f24 6373645F 		.ascii	"csd_interrupt_IRQn\000"
 1165      696E7465 
 1165      72727570 
ARM GAS  C:\Users\Coal\AppData\Local\Temp\ccPkAG31.s 			page 32


 1165      745F4952 
 1165      516E00
 1166              	.LASF35:
 1167 0f37 63707573 		.ascii	"cpuss_interrupts_ipc_0_IRQn\000"
 1167      735F696E 
 1167      74657272 
 1167      75707473 
 1167      5F697063 
 1168              	.LASF130:
 1169 0f53 74637077 		.ascii	"tcpwm_1_interrupts_22_IRQn\000"
 1169      6D5F315F 
 1169      696E7465 
 1169      72727570 
 1169      74735F32 
 1170              	.LASF111:
 1171 0f6e 74637077 		.ascii	"tcpwm_1_interrupts_3_IRQn\000"
 1171      6D5F315F 
 1171      696E7465 
 1171      72727570 
 1171      74735F33 
 1172              	.LASF43:
 1173 0f88 63707573 		.ascii	"cpuss_interrupts_ipc_8_IRQn\000"
 1173      735F696E 
 1173      74657272 
 1173      75707473 
 1173      5F697063 
 1174              	.LASF78:
 1175 0fa4 63707573 		.ascii	"cpuss_interrupts_dw1_2_IRQn\000"
 1175      735F696E 
 1175      74657272 
 1175      75707473 
 1175      5F647731 
 1176              	.LASF50:
 1177 0fc0 63707573 		.ascii	"cpuss_interrupts_ipc_15_IRQn\000"
 1177      735F696E 
 1177      74657272 
 1177      75707473 
 1177      5F697063 
 1178              	.LASF136:
 1179 0fdd 7564625F 		.ascii	"udb_interrupts_4_IRQn\000"
 1179      696E7465 
 1179      72727570 
 1179      74735F34 
 1179      5F495251 
 1180              	.LASF122:
 1181 0ff3 74637077 		.ascii	"tcpwm_1_interrupts_14_IRQn\000"
 1181      6D5F315F 
 1181      696E7465 
 1181      72727570 
 1181      74735F31 
 1182              	.LASF14:
 1183 100e 696F7373 		.ascii	"ioss_interrupts_gpio_4_IRQn\000"
 1183      5F696E74 
 1183      65727275 
 1183      7074735F 
 1183      6770696F 
 1184              	.LASF182:
ARM GAS  C:\Users\Coal\AppData\Local\Temp\ccPkAG31.s 			page 33


 1185 102a 43617053 		.ascii	"CapSense_ISR_cfg\000"
 1185      656E7365 
 1185      5F495352 
 1185      5F636667 
 1185      00
 1186              	.LASF22:
 1187 103b 696F7373 		.ascii	"ioss_interrupts_gpio_12_IRQn\000"
 1187      5F696E74 
 1187      65727275 
 1187      7074735F 
 1187      6770696F 
 1188              	.LASF151:
 1189 1058 70726F66 		.ascii	"profile_interrupt_IRQn\000"
 1189      696C655F 
 1189      696E7465 
 1189      72727570 
 1189      745F4952 
 1190              	.LASF88:
 1191 106f 63707573 		.ascii	"cpuss_interrupts_dw1_12_IRQn\000"
 1191      735F696E 
 1191      74657272 
 1191      75707473 
 1191      5F647731 
 1192              	.LASF60:
 1193 108c 63707573 		.ascii	"cpuss_interrupts_dw0_0_IRQn\000"
 1193      735F696E 
 1193      74657272 
 1193      75707473 
 1193      5F647730 
 1194              	.LASF26:
 1195 10a8 696F7373 		.ascii	"ioss_interrupt_vdd_IRQn\000"
 1195      5F696E74 
 1195      65727275 
 1195      70745F76 
 1195      64645F49 
 1196              	.LASF100:
 1197 10c0 74637077 		.ascii	"tcpwm_0_interrupts_0_IRQn\000"
 1197      6D5F305F 
 1197      696E7465 
 1197      72727570 
 1197      74735F30 
 1198              	.LASF86:
 1199 10da 63707573 		.ascii	"cpuss_interrupts_dw1_10_IRQn\000"
 1199      735F696E 
 1199      74657272 
 1199      75707473 
 1199      5F647731 
 1200              	.LASF31:
 1201 10f7 73727373 		.ascii	"srss_interrupt_backup_IRQn\000"
 1201      5F696E74 
 1201      65727275 
 1201      70745F62 
 1201      61636B75 
 1202              	.LASF45:
 1203 1112 63707573 		.ascii	"cpuss_interrupts_ipc_10_IRQn\000"
 1203      735F696E 
 1203      74657272 
ARM GAS  C:\Users\Coal\AppData\Local\Temp\ccPkAG31.s 			page 34


 1203      75707473 
 1203      5F697063 
 1204              	.LASF82:
 1205 112f 63707573 		.ascii	"cpuss_interrupts_dw1_6_IRQn\000"
 1205      735F696E 
 1205      74657272 
 1205      75707473 
 1205      5F647731 
 1206              	.LASF67:
 1207 114b 63707573 		.ascii	"cpuss_interrupts_dw0_7_IRQn\000"
 1207      735F696E 
 1207      74657272 
 1207      75707473 
 1207      5F647730 
 1208              	.LASF178:
 1209 1167 696E7472 		.ascii	"intrPriority\000"
 1209      5072696F 
 1209      72697479 
 1209      00
 1210              	.LASF112:
 1211 1174 74637077 		.ascii	"tcpwm_1_interrupts_4_IRQn\000"
 1211      6D5F315F 
 1211      696E7465 
 1211      72727570 
 1211      74735F34 
 1212              	.LASF96:
 1213 118e 63707573 		.ascii	"cpuss_interrupts_cm0_cti_0_IRQn\000"
 1213      735F696E 
 1213      74657272 
 1213      75707473 
 1213      5F636D30 
 1214              	.LASF18:
 1215 11ae 696F7373 		.ascii	"ioss_interrupts_gpio_8_IRQn\000"
 1215      5F696E74 
 1215      65727275 
 1215      7074735F 
 1215      6770696F 
 1216              	.LASF44:
 1217 11ca 63707573 		.ascii	"cpuss_interrupts_ipc_9_IRQn\000"
 1217      735F696E 
 1217      74657272 
 1217      75707473 
 1217      5F697063 
 1218              	.LASF137:
 1219 11e6 7564625F 		.ascii	"udb_interrupts_5_IRQn\000"
 1219      696E7465 
 1219      72727570 
 1219      74735F35 
 1219      5F495251 
 1220              	.LASF48:
 1221 11fc 63707573 		.ascii	"cpuss_interrupts_ipc_13_IRQn\000"
 1221      735F696E 
 1221      74657272 
 1221      75707473 
 1221      5F697063 
 1222              		.ident	"GCC: (GNU Tools for ARM Embedded Processors) 5.4.1 20160609 (release) [ARM/embedded-5-bran
