ARM GAS  C:\Users\User\AppData\Local\Temp\cchcTLJ5.s 			page 1


   1              		.syntax unified
   2              		.cpu cortex-m4
   3              		.eabi_attribute 27, 1
   4              		.fpu fpv4-sp-d16
   5              		.eabi_attribute 20, 1
   6              		.eabi_attribute 21, 1
   7              		.eabi_attribute 23, 3
   8              		.eabi_attribute 24, 1
   9              		.eabi_attribute 25, 1
  10              		.eabi_attribute 26, 1
  11              		.eabi_attribute 30, 1
  12              		.eabi_attribute 34, 1
  13              		.eabi_attribute 18, 4
  14              		.thumb
  15              		.syntax unified
  16              		.file	"CapSense_Tuner.c"
  17              		.text
  18              	.Ltext0:
  19              		.cfi_sections	.debug_frame
  20              		.section	.text.CapSense_TuInitialize,"ax",%progbits
  21              		.align	2
  22              		.global	CapSense_TuInitialize
  23              		.thumb
  24              		.thumb_func
  25              		.type	CapSense_TuInitialize, %function
  26              	CapSense_TuInitialize:
  27              	.LFB158:
  28              		.file 1 "Generated_Source\\PSoC6\\CapSense_Tuner.c"
   1:Generated_Source\PSoC6/CapSense_Tuner.c **** /***************************************************************************//**
   2:Generated_Source\PSoC6/CapSense_Tuner.c **** * \file CapSense_Tuner.c
   3:Generated_Source\PSoC6/CapSense_Tuner.c **** * \version 2.0
   4:Generated_Source\PSoC6/CapSense_Tuner.c **** *
   5:Generated_Source\PSoC6/CapSense_Tuner.c **** * \brief
   6:Generated_Source\PSoC6/CapSense_Tuner.c **** *   This file provides the source code for the Tuner module API of the 
   7:Generated_Source\PSoC6/CapSense_Tuner.c **** *   Component.
   8:Generated_Source\PSoC6/CapSense_Tuner.c **** *
   9:Generated_Source\PSoC6/CapSense_Tuner.c **** * \see CapSense v2.0 Datasheet
  10:Generated_Source\PSoC6/CapSense_Tuner.c **** *
  11:Generated_Source\PSoC6/CapSense_Tuner.c **** *//*****************************************************************************
  12:Generated_Source\PSoC6/CapSense_Tuner.c **** * Copyright (2016-2017), Cypress Semiconductor Corporation.
  13:Generated_Source\PSoC6/CapSense_Tuner.c **** ********************************************************************************
  14:Generated_Source\PSoC6/CapSense_Tuner.c **** * This software is owned by Cypress Semiconductor Corporation (Cypress) and is
  15:Generated_Source\PSoC6/CapSense_Tuner.c **** * protected by and subject to worldwide patent protection (United States and
  16:Generated_Source\PSoC6/CapSense_Tuner.c **** * foreign), United States copyright laws and international treaty provisions.
  17:Generated_Source\PSoC6/CapSense_Tuner.c **** * Cypress hereby grants to licensee a personal, non-exclusive, non-transferable
  18:Generated_Source\PSoC6/CapSense_Tuner.c **** * license to copy, use, modify, create derivative works of, and compile the
  19:Generated_Source\PSoC6/CapSense_Tuner.c **** * Cypress Source Code and derivative works for the sole purpose of creating
  20:Generated_Source\PSoC6/CapSense_Tuner.c **** * custom software in support of licensee product to be used only in conjunction
  21:Generated_Source\PSoC6/CapSense_Tuner.c **** * with a Cypress integrated circuit as specified in the applicable agreement.
  22:Generated_Source\PSoC6/CapSense_Tuner.c **** * Any reproduction, modification, translation, compilation, or representation of
  23:Generated_Source\PSoC6/CapSense_Tuner.c **** * this software except as specified above is prohibited without the express
  24:Generated_Source\PSoC6/CapSense_Tuner.c **** * written permission of Cypress.
  25:Generated_Source\PSoC6/CapSense_Tuner.c **** *
  26:Generated_Source\PSoC6/CapSense_Tuner.c **** * Disclaimer: CYPRESS MAKES NO WARRANTY OF ANY KIND, EXPRESS OR IMPLIED, WITH
  27:Generated_Source\PSoC6/CapSense_Tuner.c **** * REGARD TO THIS MATERIAL, INCLUDING, BUT NOT LIMITED TO, THE IMPLIED
  28:Generated_Source\PSoC6/CapSense_Tuner.c **** * WARRANTIES OF MERCHANTABILITY AND FITNESS FOR A PARTICULAR PURPOSE.
  29:Generated_Source\PSoC6/CapSense_Tuner.c **** * Cypress reserves the right to make changes without further notice to the
ARM GAS  C:\Users\User\AppData\Local\Temp\cchcTLJ5.s 			page 2


  30:Generated_Source\PSoC6/CapSense_Tuner.c **** * materials described herein. Cypress does not assume any liability arising out
  31:Generated_Source\PSoC6/CapSense_Tuner.c **** * of the application or use of any product or circuit described herein. Cypress
  32:Generated_Source\PSoC6/CapSense_Tuner.c **** * does not authorize its products for use as critical components in life-support
  33:Generated_Source\PSoC6/CapSense_Tuner.c **** * systems where a malfunction or failure may reasonably be expected to result in
  34:Generated_Source\PSoC6/CapSense_Tuner.c **** * significant injury to the user. The inclusion of Cypress' product in a life-
  35:Generated_Source\PSoC6/CapSense_Tuner.c **** * support systems application implies that the manufacturer assumes all risk of
  36:Generated_Source\PSoC6/CapSense_Tuner.c **** * such use and in doing so indemnifies Cypress against all charges. Use may be
  37:Generated_Source\PSoC6/CapSense_Tuner.c **** * limited by and subject to the applicable Cypress software license agreement.
  38:Generated_Source\PSoC6/CapSense_Tuner.c **** *******************************************************************************/
  39:Generated_Source\PSoC6/CapSense_Tuner.c **** 
  40:Generated_Source\PSoC6/CapSense_Tuner.c **** #include "syslib/cy_syslib.h"
  41:Generated_Source\PSoC6/CapSense_Tuner.c **** #include "CapSense_Structure.h"
  42:Generated_Source\PSoC6/CapSense_Tuner.c **** #include "CapSense_Tuner.h"
  43:Generated_Source\PSoC6/CapSense_Tuner.c **** #include "CapSense_Control.h"
  44:Generated_Source\PSoC6/CapSense_Tuner.c **** #include "CapSense_Configuration.h"
  45:Generated_Source\PSoC6/CapSense_Tuner.c **** 
  46:Generated_Source\PSoC6/CapSense_Tuner.c **** /* Tuner states definition */
  47:Generated_Source\PSoC6/CapSense_Tuner.c **** #define TU_FSM_RUNNING      (0u)
  48:Generated_Source\PSoC6/CapSense_Tuner.c **** #define TU_FSM_SUSPENDED    (1u)
  49:Generated_Source\PSoC6/CapSense_Tuner.c **** #define TU_FSM_SNR_TEST     (2u)
  50:Generated_Source\PSoC6/CapSense_Tuner.c **** #define TU_FSM_ONE_SCAN     (3u)
  51:Generated_Source\PSoC6/CapSense_Tuner.c **** 
  52:Generated_Source\PSoC6/CapSense_Tuner.c **** /* Tuner state variable */
  53:Generated_Source\PSoC6/CapSense_Tuner.c **** static uint32 tunerFsm = TU_FSM_RUNNING;
  54:Generated_Source\PSoC6/CapSense_Tuner.c **** 
  55:Generated_Source\PSoC6/CapSense_Tuner.c **** 
  56:Generated_Source\PSoC6/CapSense_Tuner.c **** /*******************************************************************************
  57:Generated_Source\PSoC6/CapSense_Tuner.c **** * Function Name: CapSense_TuInitialize
  58:Generated_Source\PSoC6/CapSense_Tuner.c **** ****************************************************************************//**
  59:Generated_Source\PSoC6/CapSense_Tuner.c **** *
  60:Generated_Source\PSoC6/CapSense_Tuner.c **** * \brief
  61:Generated_Source\PSoC6/CapSense_Tuner.c **** *   This function initializes the communication interface with the Tuner GUI.
  62:Generated_Source\PSoC6/CapSense_Tuner.c **** *
  63:Generated_Source\PSoC6/CapSense_Tuner.c **** * \details
  64:Generated_Source\PSoC6/CapSense_Tuner.c **** *   This API sets the tuner state machine to the default state. It is called by
  65:Generated_Source\PSoC6/CapSense_Tuner.c **** *   the CapSense_Start() API.
  66:Generated_Source\PSoC6/CapSense_Tuner.c **** *
  67:Generated_Source\PSoC6/CapSense_Tuner.c **** *******************************************************************************/
  68:Generated_Source\PSoC6/CapSense_Tuner.c **** void CapSense_TuInitialize(void)
  69:Generated_Source\PSoC6/CapSense_Tuner.c **** {
  29              		.loc 1 69 0
  30              		.cfi_startproc
  31              		@ args = 0, pretend = 0, frame = 0
  32              		@ frame_needed = 0, uses_anonymous_args = 0
  33              		@ link register save eliminated.
  34              	.LVL0:
  70:Generated_Source\PSoC6/CapSense_Tuner.c ****     volatile CapSense_RAM_STRUCT *ptrDsRam = &CapSense_dsRam;
  71:Generated_Source\PSoC6/CapSense_Tuner.c **** 
  72:Generated_Source\PSoC6/CapSense_Tuner.c ****     ptrDsRam->tunerCmd = (uint16)CapSense_TU_CMD_NONE_E;
  35              		.loc 1 72 0
  36 0000 0023     		movs	r3, #0
  37 0002 024A     		ldr	r2, .L2
  38 0004 D380     		strh	r3, [r2, #6]	@ movhi
  73:Generated_Source\PSoC6/CapSense_Tuner.c ****     tunerFsm = TU_FSM_RUNNING;
  39              		.loc 1 73 0
  40 0006 024A     		ldr	r2, .L2+4
  41 0008 1360     		str	r3, [r2]
ARM GAS  C:\Users\User\AppData\Local\Temp\cchcTLJ5.s 			page 3


  42 000a 7047     		bx	lr
  43              	.L3:
  44              		.align	2
  45              	.L2:
  46 000c 00000000 		.word	CapSense_dsRam
  47 0010 00000000 		.word	.LANCHOR0
  48              		.cfi_endproc
  49              	.LFE158:
  50              		.size	CapSense_TuInitialize, .-CapSense_TuInitialize
  51              		.section	.text.CapSense_RunTuner,"ax",%progbits
  52              		.align	2
  53              		.global	CapSense_RunTuner
  54              		.thumb
  55              		.thumb_func
  56              		.type	CapSense_RunTuner, %function
  57              	CapSense_RunTuner:
  58              	.LFB159:
  74:Generated_Source\PSoC6/CapSense_Tuner.c **** }
  75:Generated_Source\PSoC6/CapSense_Tuner.c **** 
  76:Generated_Source\PSoC6/CapSense_Tuner.c **** /*******************************************************************************
  77:Generated_Source\PSoC6/CapSense_Tuner.c **** * Function Name: CapSense_RunTuner
  78:Generated_Source\PSoC6/CapSense_Tuner.c **** ****************************************************************************//**
  79:Generated_Source\PSoC6/CapSense_Tuner.c **** *
  80:Generated_Source\PSoC6/CapSense_Tuner.c **** * \brief
  81:Generated_Source\PSoC6/CapSense_Tuner.c **** *  Establishes synchronized communication with the Tuner application.
  82:Generated_Source\PSoC6/CapSense_Tuner.c **** *
  83:Generated_Source\PSoC6/CapSense_Tuner.c **** * \details
  84:Generated_Source\PSoC6/CapSense_Tuner.c **** *  This function is used to establish synchronized communication between the
  85:Generated_Source\PSoC6/CapSense_Tuner.c **** *  CapSense Component and Tuner application (or other host controllers).
  86:Generated_Source\PSoC6/CapSense_Tuner.c **** *  This function is called periodically in the application program loop
  87:Generated_Source\PSoC6/CapSense_Tuner.c **** *  to serve the Tuner application (or host controller) requests and commands.
  88:Generated_Source\PSoC6/CapSense_Tuner.c **** *  In most cases, the best place to call this function is after processing and
  89:Generated_Source\PSoC6/CapSense_Tuner.c **** *  before next scanning.
  90:Generated_Source\PSoC6/CapSense_Tuner.c **** *
  91:Generated_Source\PSoC6/CapSense_Tuner.c **** *  If this function is absent in the application program, then communication is
  92:Generated_Source\PSoC6/CapSense_Tuner.c **** *  asynchronous and the following disadvantages are applicable:
  93:Generated_Source\PSoC6/CapSense_Tuner.c **** *    - The raw counts displayed in the tuner may be filtered and/or unfiltered.
  94:Generated_Source\PSoC6/CapSense_Tuner.c **** *      As a result, noise and SNR measurements will not be accurate.
  95:Generated_Source\PSoC6/CapSense_Tuner.c **** *    - The Tuner tool may read the sensor data such as raw counts from a scan
  96:Generated_Source\PSoC6/CapSense_Tuner.c **** *      multiple times, as a result, noise and SNR measurement will not be
  97:Generated_Source\PSoC6/CapSense_Tuner.c **** *      accurate.
  98:Generated_Source\PSoC6/CapSense_Tuner.c **** *    - The Tuner tool and host controller should not change the Component parameters
  99:Generated_Source\PSoC6/CapSense_Tuner.c **** *      via the tuner interface. Changing the Component parameters via the tuner
 100:Generated_Source\PSoC6/CapSense_Tuner.c **** *      interface in the async mode will result in Component abnormal behavior.
 101:Generated_Source\PSoC6/CapSense_Tuner.c **** *
 102:Generated_Source\PSoC6/CapSense_Tuner.c **** *  Note that calling this function is not mandatory for the application, but
 103:Generated_Source\PSoC6/CapSense_Tuner.c **** *  required only to synchronize the communication with the host controller or
 104:Generated_Source\PSoC6/CapSense_Tuner.c **** *  tuner application.
 105:Generated_Source\PSoC6/CapSense_Tuner.c **** *
 106:Generated_Source\PSoC6/CapSense_Tuner.c **** * \return
 107:Generated_Source\PSoC6/CapSense_Tuner.c **** *  In some cases, the application program may need to know if the Component was
 108:Generated_Source\PSoC6/CapSense_Tuner.c **** *  re-initialized. The return indicates if a restart command was executed or not:
 109:Generated_Source\PSoC6/CapSense_Tuner.c **** *    - CapSense_STATUS_RESTART_DONE - Based on a received command, the
 110:Generated_Source\PSoC6/CapSense_Tuner.c **** *      Component was restarted.
 111:Generated_Source\PSoC6/CapSense_Tuner.c **** *    -  CapSense_STATUS_RESTART_NONE - No restart was executed by this
 112:Generated_Source\PSoC6/CapSense_Tuner.c **** *      function.
 113:Generated_Source\PSoC6/CapSense_Tuner.c **** *
ARM GAS  C:\Users\User\AppData\Local\Temp\cchcTLJ5.s 			page 4


 114:Generated_Source\PSoC6/CapSense_Tuner.c **** *******************************************************************************/
 115:Generated_Source\PSoC6/CapSense_Tuner.c **** uint32 CapSense_RunTuner(void)
 116:Generated_Source\PSoC6/CapSense_Tuner.c **** {
  59              		.loc 1 116 0
  60              		.cfi_startproc
  61              		@ args = 0, pretend = 0, frame = 0
  62              		@ frame_needed = 0, uses_anonymous_args = 0
  63 0000 70B5     		push	{r4, r5, r6, lr}
  64              		.cfi_def_cfa_offset 16
  65              		.cfi_offset 4, -16
  66              		.cfi_offset 5, -12
  67              		.cfi_offset 6, -8
  68              		.cfi_offset 14, -4
  69              	.LVL1:
 117:Generated_Source\PSoC6/CapSense_Tuner.c ****     uint32 interruptState;
 118:Generated_Source\PSoC6/CapSense_Tuner.c ****     uint32 widgetId;
 119:Generated_Source\PSoC6/CapSense_Tuner.c ****     uint32 sensorId;
 120:Generated_Source\PSoC6/CapSense_Tuner.c ****     uint32 updateFlag = 0Lu;
 121:Generated_Source\PSoC6/CapSense_Tuner.c ****     CapSense_TU_CMD_ENUM command;
 122:Generated_Source\PSoC6/CapSense_Tuner.c ****     uint32 tunerStatus = CapSense_STATUS_RESTART_NONE;
  70              		.loc 1 122 0
  71 0002 0026     		movs	r6, #0
 120:Generated_Source\PSoC6/CapSense_Tuner.c ****     CapSense_TU_CMD_ENUM command;
  72              		.loc 1 120 0
  73 0004 3546     		mov	r5, r6
  74              	.LVL2:
  75              	.L16:
 123:Generated_Source\PSoC6/CapSense_Tuner.c **** 
 124:Generated_Source\PSoC6/CapSense_Tuner.c ****     volatile CapSense_RAM_STRUCT *ptrDsRam;
 125:Generated_Source\PSoC6/CapSense_Tuner.c ****     volatile CapSense_RAM_SNS_STRUCT *ptrSnsTmp;
 126:Generated_Source\PSoC6/CapSense_Tuner.c **** 
 127:Generated_Source\PSoC6/CapSense_Tuner.c ****     ptrDsRam = &CapSense_dsRam;
 128:Generated_Source\PSoC6/CapSense_Tuner.c **** 
 129:Generated_Source\PSoC6/CapSense_Tuner.c ****     do
 130:Generated_Source\PSoC6/CapSense_Tuner.c ****     {
 131:Generated_Source\PSoC6/CapSense_Tuner.c ****         /* ONE_SCAN command could be interpreted as two commands:
 132:Generated_Source\PSoC6/CapSense_Tuner.c ****         * RESUME till next call of this function and then
 133:Generated_Source\PSoC6/CapSense_Tuner.c ****         * SUSPEND till next command receiving.
 134:Generated_Source\PSoC6/CapSense_Tuner.c ****         */
 135:Generated_Source\PSoC6/CapSense_Tuner.c ****         if (TU_FSM_ONE_SCAN == tunerFsm)
  76              		.loc 1 135 0
  77 0006 3F4B     		ldr	r3, .L19
  78 0008 1B68     		ldr	r3, [r3]
  79 000a 032B     		cmp	r3, #3
  80 000c 06D1     		bne	.L5
 136:Generated_Source\PSoC6/CapSense_Tuner.c ****         {
 137:Generated_Source\PSoC6/CapSense_Tuner.c ****             interruptState = Cy_SysLib_EnterCriticalSection();
  81              		.loc 1 137 0
  82 000e FFF7FEFF 		bl	Cy_SysLib_EnterCriticalSection
  83              	.LVL3:
 138:Generated_Source\PSoC6/CapSense_Tuner.c ****             ptrDsRam->tunerCmd = (uint16)CapSense_TU_CMD_SUSPEND_E;
  84              		.loc 1 138 0
  85 0012 0122     		movs	r2, #1
  86 0014 3C4B     		ldr	r3, .L19+4
  87 0016 DA80     		strh	r2, [r3, #6]	@ movhi
 139:Generated_Source\PSoC6/CapSense_Tuner.c ****             Cy_SysLib_ExitCriticalSection(interruptState);
  88              		.loc 1 139 0
ARM GAS  C:\Users\User\AppData\Local\Temp\cchcTLJ5.s 			page 5


  89 0018 FFF7FEFF 		bl	Cy_SysLib_ExitCriticalSection
  90              	.LVL4:
  91              	.L5:
 140:Generated_Source\PSoC6/CapSense_Tuner.c ****         }
 141:Generated_Source\PSoC6/CapSense_Tuner.c ****         command = (CapSense_TU_CMD_ENUM)ptrDsRam->tunerCmd;
  92              		.loc 1 141 0
  93 001c 3A4B     		ldr	r3, .L19+4
  94 001e DC88     		ldrh	r4, [r3, #6]
  95 0020 E4B2     		uxtb	r4, r4
  96              	.LVL5:
 142:Generated_Source\PSoC6/CapSense_Tuner.c **** 
 143:Generated_Source\PSoC6/CapSense_Tuner.c ****         /* Check command register */
 144:Generated_Source\PSoC6/CapSense_Tuner.c ****         switch (command)
  97              		.loc 1 144 0
  98 0022 631E     		subs	r3, r4, #1
  99 0024 052B     		cmp	r3, #5
 100 0026 23D8     		bhi	.L6
 101 0028 DFE803F0 		tbb	[pc, r3]
 102              	.L8:
 103 002c 03       		.byte	(.L7-.L8)/2
 104 002d 07       		.byte	(.L9-.L8)/2
 105 002e 0C       		.byte	(.L10-.L8)/2
 106 002f 14       		.byte	(.L11-.L8)/2
 107 0030 19       		.byte	(.L12-.L8)/2
 108 0031 1E       		.byte	(.L13-.L8)/2
 109              		.p2align 1
 110              	.L7:
 145:Generated_Source\PSoC6/CapSense_Tuner.c ****         {
 146:Generated_Source\PSoC6/CapSense_Tuner.c ****         case CapSense_TU_CMD_SUSPEND_E:
 147:Generated_Source\PSoC6/CapSense_Tuner.c ****             tunerFsm = TU_FSM_SUSPENDED;
 111              		.loc 1 147 0
 112 0032 0125     		movs	r5, #1
 113              	.LVL6:
 114 0034 334B     		ldr	r3, .L19
 115 0036 1D60     		str	r5, [r3]
 116              	.LVL7:
 148:Generated_Source\PSoC6/CapSense_Tuner.c ****             updateFlag = 1Lu;
 149:Generated_Source\PSoC6/CapSense_Tuner.c ****             break;
 117              		.loc 1 149 0
 118 0038 1AE0     		b	.L6
 119              	.LVL8:
 120              	.L9:
 150:Generated_Source\PSoC6/CapSense_Tuner.c **** 
 151:Generated_Source\PSoC6/CapSense_Tuner.c ****         case CapSense_TU_CMD_RESUME_E:
 152:Generated_Source\PSoC6/CapSense_Tuner.c ****             tunerFsm = TU_FSM_RUNNING;
 121              		.loc 1 152 0
 122 003a 0022     		movs	r2, #0
 123 003c 314B     		ldr	r3, .L19
 124 003e 1A60     		str	r2, [r3]
 125              	.LVL9:
 153:Generated_Source\PSoC6/CapSense_Tuner.c ****             updateFlag = 1Lu;
 126              		.loc 1 153 0
 127 0040 0125     		movs	r5, #1
 154:Generated_Source\PSoC6/CapSense_Tuner.c ****             break;
 128              		.loc 1 154 0
 129 0042 15E0     		b	.L6
 130              	.LVL10:
ARM GAS  C:\Users\User\AppData\Local\Temp\cchcTLJ5.s 			page 6


 131              	.L10:
 155:Generated_Source\PSoC6/CapSense_Tuner.c **** 
 156:Generated_Source\PSoC6/CapSense_Tuner.c ****         case CapSense_TU_CMD_RESTART_E:
 157:Generated_Source\PSoC6/CapSense_Tuner.c ****             (void)CapSense_Start();
 132              		.loc 1 157 0
 133 0044 FFF7FEFF 		bl	CapSense_Start
 134              	.LVL11:
 158:Generated_Source\PSoC6/CapSense_Tuner.c ****             tunerStatus = CapSense_STATUS_RESTART_DONE;
 159:Generated_Source\PSoC6/CapSense_Tuner.c ****             tunerFsm = TU_FSM_RUNNING;
 135              		.loc 1 159 0
 136 0048 0022     		movs	r2, #0
 137 004a 2E4B     		ldr	r3, .L19
 138 004c 1A60     		str	r2, [r3]
 139              	.LVL12:
 158:Generated_Source\PSoC6/CapSense_Tuner.c ****             tunerStatus = CapSense_STATUS_RESTART_DONE;
 140              		.loc 1 158 0
 141 004e 0126     		movs	r6, #1
 160:Generated_Source\PSoC6/CapSense_Tuner.c ****             updateFlag = 1Lu;
 142              		.loc 1 160 0
 143 0050 3546     		mov	r5, r6
 161:Generated_Source\PSoC6/CapSense_Tuner.c ****             break;
 144              		.loc 1 161 0
 145 0052 0DE0     		b	.L6
 146              	.LVL13:
 147              	.L11:
 162:Generated_Source\PSoC6/CapSense_Tuner.c **** 
 163:Generated_Source\PSoC6/CapSense_Tuner.c ****         case CapSense_TU_CMD_RUN_SNR_TEST_E:
 164:Generated_Source\PSoC6/CapSense_Tuner.c ****             tunerFsm = TU_FSM_SNR_TEST;
 148              		.loc 1 164 0
 149 0054 0222     		movs	r2, #2
 150 0056 2B4B     		ldr	r3, .L19
 151 0058 1A60     		str	r2, [r3]
 152              	.LVL14:
 165:Generated_Source\PSoC6/CapSense_Tuner.c ****             updateFlag = 1Lu;
 153              		.loc 1 165 0
 154 005a 0125     		movs	r5, #1
 166:Generated_Source\PSoC6/CapSense_Tuner.c ****             break;
 155              		.loc 1 166 0
 156 005c 08E0     		b	.L6
 157              	.LVL15:
 158              	.L12:
 167:Generated_Source\PSoC6/CapSense_Tuner.c **** 
 168:Generated_Source\PSoC6/CapSense_Tuner.c ****         case CapSense_TU_CMD_PING_E:
 169:Generated_Source\PSoC6/CapSense_Tuner.c ****             tunerFsm = TU_FSM_RUNNING;
 159              		.loc 1 169 0
 160 005e 0022     		movs	r2, #0
 161 0060 284B     		ldr	r3, .L19
 162 0062 1A60     		str	r2, [r3]
 163              	.LVL16:
 170:Generated_Source\PSoC6/CapSense_Tuner.c ****             updateFlag = 1Lu;
 164              		.loc 1 170 0
 165 0064 0125     		movs	r5, #1
 171:Generated_Source\PSoC6/CapSense_Tuner.c ****             break;
 166              		.loc 1 171 0
 167 0066 03E0     		b	.L6
 168              	.LVL17:
 169              	.L13:
ARM GAS  C:\Users\User\AppData\Local\Temp\cchcTLJ5.s 			page 7


 172:Generated_Source\PSoC6/CapSense_Tuner.c **** 
 173:Generated_Source\PSoC6/CapSense_Tuner.c ****         case CapSense_TU_CMD_ONE_SCAN_E:
 174:Generated_Source\PSoC6/CapSense_Tuner.c ****             tunerFsm = TU_FSM_ONE_SCAN;
 170              		.loc 1 174 0
 171 0068 0322     		movs	r2, #3
 172 006a 264B     		ldr	r3, .L19
 173 006c 1A60     		str	r2, [r3]
 174              	.LVL18:
 175:Generated_Source\PSoC6/CapSense_Tuner.c ****             updateFlag = 0Lu;
 175              		.loc 1 175 0
 176 006e 0025     		movs	r5, #0
 177              	.LVL19:
 178              	.L6:
 176:Generated_Source\PSoC6/CapSense_Tuner.c ****             break;
 177:Generated_Source\PSoC6/CapSense_Tuner.c **** 
 178:Generated_Source\PSoC6/CapSense_Tuner.c ****         default:
 179:Generated_Source\PSoC6/CapSense_Tuner.c ****             break;
 180:Generated_Source\PSoC6/CapSense_Tuner.c ****         }
 181:Generated_Source\PSoC6/CapSense_Tuner.c **** 
 182:Generated_Source\PSoC6/CapSense_Tuner.c ****         /* Set Complete flag in command register if needed */
 183:Generated_Source\PSoC6/CapSense_Tuner.c ****         if (0Lu != updateFlag)
 179              		.loc 1 183 0
 180 0070 8DB1     		cbz	r5, .L14
 184:Generated_Source\PSoC6/CapSense_Tuner.c ****         {
 185:Generated_Source\PSoC6/CapSense_Tuner.c ****             interruptState = Cy_SysLib_EnterCriticalSection();
 181              		.loc 1 185 0
 182 0072 FFF7FEFF 		bl	Cy_SysLib_EnterCriticalSection
 183              	.LVL20:
 186:Generated_Source\PSoC6/CapSense_Tuner.c **** 
 187:Generated_Source\PSoC6/CapSense_Tuner.c ****             /* Check if command wasn't overwritten with new command */
 188:Generated_Source\PSoC6/CapSense_Tuner.c ****             if (command == (CapSense_TU_CMD_ENUM)ptrDsRam->tunerCmd)
 184              		.loc 1 188 0
 185 0076 244B     		ldr	r3, .L19+4
 186 0078 DB88     		ldrh	r3, [r3, #6]
 187 007a DBB2     		uxtb	r3, r3
 188 007c 9C42     		cmp	r4, r3
 189 007e 07D1     		bne	.L15
 189:Generated_Source\PSoC6/CapSense_Tuner.c ****             {
 190:Generated_Source\PSoC6/CapSense_Tuner.c ****                 ptrDsRam->tunerCmd |= CapSense_TU_CMD_COMPLETE_BIT;
 190              		.loc 1 190 0
 191 0080 214A     		ldr	r2, .L19+4
 192 0082 D388     		ldrh	r3, [r2, #6]
 193 0084 6FEA4343 		mvn	r3, r3, lsl #17
 194 0088 6FEA5343 		mvn	r3, r3, lsr #17
 195 008c 9BB2     		uxth	r3, r3
 196 008e D380     		strh	r3, [r2, #6]	@ movhi
 197              	.L15:
 191:Generated_Source\PSoC6/CapSense_Tuner.c ****             }
 192:Generated_Source\PSoC6/CapSense_Tuner.c ****             Cy_SysLib_ExitCriticalSection(interruptState);
 198              		.loc 1 192 0
 199 0090 FFF7FEFF 		bl	Cy_SysLib_ExitCriticalSection
 200              	.LVL21:
 193:Generated_Source\PSoC6/CapSense_Tuner.c **** 
 194:Generated_Source\PSoC6/CapSense_Tuner.c ****             updateFlag = 0Lu;
 201              		.loc 1 194 0
 202 0094 0025     		movs	r5, #0
 203              	.LVL22:
ARM GAS  C:\Users\User\AppData\Local\Temp\cchcTLJ5.s 			page 8


 204              	.L14:
 195:Generated_Source\PSoC6/CapSense_Tuner.c ****         }
 196:Generated_Source\PSoC6/CapSense_Tuner.c ****     } while (TU_FSM_SUSPENDED == tunerFsm);
 205              		.loc 1 196 0
 206 0096 1B4B     		ldr	r3, .L19
 207 0098 1B68     		ldr	r3, [r3]
 208 009a 012B     		cmp	r3, #1
 209 009c B3D0     		beq	.L16
 197:Generated_Source\PSoC6/CapSense_Tuner.c **** 
 198:Generated_Source\PSoC6/CapSense_Tuner.c ****     /* Check for SNR Test mode and do appropriate actions */
 199:Generated_Source\PSoC6/CapSense_Tuner.c ****     if (TU_FSM_SNR_TEST == tunerFsm)
 210              		.loc 1 199 0
 211 009e 022B     		cmp	r3, #2
 212 00a0 2ED1     		bne	.L17
 200:Generated_Source\PSoC6/CapSense_Tuner.c ****     {
 201:Generated_Source\PSoC6/CapSense_Tuner.c ****         widgetId = ptrDsRam->snrTestWidgetId;
 213              		.loc 1 201 0
 214 00a2 194A     		ldr	r2, .L19+4
 215 00a4 92F81631 		ldrb	r3, [r2, #278]	@ zero_extendqisi2
 216 00a8 DBB2     		uxtb	r3, r3
 217              	.LVL23:
 202:Generated_Source\PSoC6/CapSense_Tuner.c ****         sensorId = ptrDsRam->snrTestSensorId;
 218              		.loc 1 202 0
 219 00aa 92F81721 		ldrb	r2, [r2, #279]	@ zero_extendqisi2
 220 00ae D2B2     		uxtb	r2, r2
 221              	.LVL24:
 203:Generated_Source\PSoC6/CapSense_Tuner.c **** 
 204:Generated_Source\PSoC6/CapSense_Tuner.c ****         /* Check if widgetId and sensorId are in range,
 205:Generated_Source\PSoC6/CapSense_Tuner.c ****          * and data was updated in RAM (scan counter changed)
 206:Generated_Source\PSoC6/CapSense_Tuner.c ****          */
 207:Generated_Source\PSoC6/CapSense_Tuner.c ****         if ((widgetId < CapSense_TOTAL_WIDGETS)              &&
 222              		.loc 1 207 0
 223 00b0 092B     		cmp	r3, #9
 224 00b2 25D8     		bhi	.L17
 208:Generated_Source\PSoC6/CapSense_Tuner.c ****             (sensorId < CapSense_GET_SENSOR_COUNT(widgetId)) &&
 225              		.loc 1 208 0 discriminator 1
 226 00b4 C3EBC300 		rsb	r0, r3, r3, lsl #3
 227 00b8 8100     		lsls	r1, r0, #2
 228 00ba 1448     		ldr	r0, .L19+8
 229 00bc 0144     		add	r1, r1, r0
 230 00be 098B     		ldrh	r1, [r1, #24]
 207:Generated_Source\PSoC6/CapSense_Tuner.c ****             (sensorId < CapSense_GET_SENSOR_COUNT(widgetId)) &&
 231              		.loc 1 207 0 discriminator 1
 232 00c0 8A42     		cmp	r2, r1
 233 00c2 1DD2     		bcs	.L17
 209:Generated_Source\PSoC6/CapSense_Tuner.c ****             (ptrDsRam->scanCounter != ptrDsRam->snrTestScanCounter))
 234              		.loc 1 209 0
 235 00c4 1049     		ldr	r1, .L19+4
 236 00c6 0889     		ldrh	r0, [r1, #8]
 237 00c8 80B2     		uxth	r0, r0
 238 00ca B1F81811 		ldrh	r1, [r1, #280]
 239 00ce 89B2     		uxth	r1, r1
 208:Generated_Source\PSoC6/CapSense_Tuner.c ****             (sensorId < CapSense_GET_SENSOR_COUNT(widgetId)) &&
 240              		.loc 1 208 0
 241 00d0 8842     		cmp	r0, r1
 242 00d2 15D0     		beq	.L17
 210:Generated_Source\PSoC6/CapSense_Tuner.c ****         {
ARM GAS  C:\Users\User\AppData\Local\Temp\cchcTLJ5.s 			page 9


 211:Generated_Source\PSoC6/CapSense_Tuner.c ****             /* Get access to the Sensor Object */
 212:Generated_Source\PSoC6/CapSense_Tuner.c ****             ptrSnsTmp = CapSense_dsFlash.wdgtArray[widgetId].ptr2SnsRam;
 243              		.loc 1 212 0
 244 00d4 C3EBC303 		rsb	r3, r3, r3, lsl #3
 245              	.LVL25:
 246 00d8 9900     		lsls	r1, r3, #2
 247 00da 0C4B     		ldr	r3, .L19+8
 248 00dc 1944     		add	r1, r1, r3
 249 00de 8D68     		ldr	r5, [r1, #8]
 250              	.LVL26:
 213:Generated_Source\PSoC6/CapSense_Tuner.c ****             ptrSnsTmp += sensorId;
 251              		.loc 1 213 0
 252 00e0 02EB8202 		add	r2, r2, r2, lsl #2
 253              	.LVL27:
 254 00e4 5400     		lsls	r4, r2, #1
 255              	.LVL28:
 214:Generated_Source\PSoC6/CapSense_Tuner.c **** 
 215:Generated_Source\PSoC6/CapSense_Tuner.c ****             /* Update data in SNR Test Object */
 216:Generated_Source\PSoC6/CapSense_Tuner.c ****             interruptState = Cy_SysLib_EnterCriticalSection();
 256              		.loc 1 216 0
 257 00e6 FFF7FEFF 		bl	Cy_SysLib_EnterCriticalSection
 258              	.LVL29:
 217:Generated_Source\PSoC6/CapSense_Tuner.c ****             ptrDsRam->snrTestScanCounter = ptrDsRam->scanCounter;
 259              		.loc 1 217 0
 260 00ea 074B     		ldr	r3, .L19+4
 261 00ec 1A89     		ldrh	r2, [r3, #8]
 262 00ee 92B2     		uxth	r2, r2
 263 00f0 A3F81821 		strh	r2, [r3, #280]	@ movhi
 218:Generated_Source\PSoC6/CapSense_Tuner.c ****             ptrDsRam->snrTestRawCount[0u] = ptrSnsTmp->raw[0u];
 264              		.loc 1 218 0
 265 00f4 2A5B     		ldrh	r2, [r5, r4]
 266 00f6 92B2     		uxth	r2, r2
 267 00f8 A3F81A21 		strh	r2, [r3, #282]	@ movhi
 219:Generated_Source\PSoC6/CapSense_Tuner.c **** 
 220:Generated_Source\PSoC6/CapSense_Tuner.c ****             #if (0u != CapSense_MULTI_FREQ_SCAN_EN)
 221:Generated_Source\PSoC6/CapSense_Tuner.c ****                 ptrDsRam->snrTestRawCount[1u] = ptrSnsTmp->raw[1u];
 222:Generated_Source\PSoC6/CapSense_Tuner.c ****                 ptrDsRam->snrTestRawCount[2u] = ptrSnsTmp->raw[2u];
 223:Generated_Source\PSoC6/CapSense_Tuner.c ****             #endif
 224:Generated_Source\PSoC6/CapSense_Tuner.c **** 
 225:Generated_Source\PSoC6/CapSense_Tuner.c ****             Cy_SysLib_ExitCriticalSection(interruptState);
 268              		.loc 1 225 0
 269 00fc FFF7FEFF 		bl	Cy_SysLib_ExitCriticalSection
 270              	.LVL30:
 271              	.L17:
 226:Generated_Source\PSoC6/CapSense_Tuner.c ****         }
 227:Generated_Source\PSoC6/CapSense_Tuner.c ****     }
 228:Generated_Source\PSoC6/CapSense_Tuner.c ****     return tunerStatus;
 229:Generated_Source\PSoC6/CapSense_Tuner.c **** }
 272              		.loc 1 229 0
 273 0100 3046     		mov	r0, r6
 274 0102 70BD     		pop	{r4, r5, r6, pc}
 275              	.LVL31:
 276              	.L20:
 277              		.align	2
 278              	.L19:
 279 0104 00000000 		.word	.LANCHOR0
 280 0108 00000000 		.word	CapSense_dsRam
ARM GAS  C:\Users\User\AppData\Local\Temp\cchcTLJ5.s 			page 10


 281 010c 00000000 		.word	CapSense_dsFlash
 282              		.cfi_endproc
 283              	.LFE159:
 284              		.size	CapSense_RunTuner, .-CapSense_RunTuner
 285              		.bss
 286              		.align	2
 287              		.set	.LANCHOR0,. + 0
 288              		.type	tunerFsm, %object
 289              		.size	tunerFsm, 4
 290              	tunerFsm:
 291 0000 00000000 		.space	4
 292              		.text
 293              	.Letext0:
 294              		.file 2 "d:\\cypress creator\\psoc creator\\4.2\\psoc creator\\import\\gnu\\arm\\5.4.1\\arm-none-e
 295              		.file 3 "d:\\cypress creator\\psoc creator\\4.2\\psoc creator\\import\\gnu\\arm\\5.4.1\\arm-none-e
 296              		.file 4 "Generated_Source\\PSoC6\\pdl\\drivers/peripheral/syslib/cy_syslib.h"
 297              		.file 5 "Generated_Source\\PSoC6\\CapSense_Configuration.h"
 298              		.file 6 "Generated_Source\\PSoC6\\CapSense_Structure.h"
 299              		.file 7 "Generated_Source\\PSoC6\\CapSense_Tuner.h"
 300              		.file 8 "Generated_Source\\PSoC6\\pdl\\cmsis/include/core_cm4.h"
 301              		.file 9 "Generated_Source\\PSoC6\\CapSense_Control.h"
 302              		.section	.debug_info,"",%progbits
 303              	.Ldebug_info0:
 304 0000 1A070000 		.4byte	0x71a
 305 0004 0400     		.2byte	0x4
 306 0006 00000000 		.4byte	.Ldebug_abbrev0
 307 000a 04       		.byte	0x4
 308 000b 01       		.uleb128 0x1
 309 000c 50010000 		.4byte	.LASF109
 310 0010 0C       		.byte	0xc
 311 0011 52050000 		.4byte	.LASF110
 312 0015 9C060000 		.4byte	.LASF111
 313 0019 00000000 		.4byte	.Ldebug_ranges0+0
 314 001d 00000000 		.4byte	0
 315 0021 00000000 		.4byte	.Ldebug_line0
 316 0025 02       		.uleb128 0x2
 317 0026 01       		.byte	0x1
 318 0027 06       		.byte	0x6
 319 0028 B7030000 		.4byte	.LASF0
 320 002c 03       		.uleb128 0x3
 321 002d 1B030000 		.4byte	.LASF3
 322 0031 02       		.byte	0x2
 323 0032 1D       		.byte	0x1d
 324 0033 37000000 		.4byte	0x37
 325 0037 02       		.uleb128 0x2
 326 0038 01       		.byte	0x1
 327 0039 08       		.byte	0x8
 328 003a 98030000 		.4byte	.LASF1
 329 003e 02       		.uleb128 0x2
 330 003f 02       		.byte	0x2
 331 0040 05       		.byte	0x5
 332 0041 CF000000 		.4byte	.LASF2
 333 0045 03       		.uleb128 0x3
 334 0046 26020000 		.4byte	.LASF4
 335 004a 02       		.byte	0x2
 336 004b 2B       		.byte	0x2b
 337 004c 50000000 		.4byte	0x50
ARM GAS  C:\Users\User\AppData\Local\Temp\cchcTLJ5.s 			page 11


 338 0050 02       		.uleb128 0x2
 339 0051 02       		.byte	0x2
 340 0052 07       		.byte	0x7
 341 0053 67040000 		.4byte	.LASF5
 342 0057 03       		.uleb128 0x3
 343 0058 C5050000 		.4byte	.LASF6
 344 005c 02       		.byte	0x2
 345 005d 3F       		.byte	0x3f
 346 005e 62000000 		.4byte	0x62
 347 0062 02       		.uleb128 0x2
 348 0063 04       		.byte	0x4
 349 0064 05       		.byte	0x5
 350 0065 E3020000 		.4byte	.LASF7
 351 0069 03       		.uleb128 0x3
 352 006a 0E020000 		.4byte	.LASF8
 353 006e 02       		.byte	0x2
 354 006f 41       		.byte	0x41
 355 0070 74000000 		.4byte	0x74
 356 0074 02       		.uleb128 0x2
 357 0075 04       		.byte	0x4
 358 0076 07       		.byte	0x7
 359 0077 26050000 		.4byte	.LASF9
 360 007b 02       		.uleb128 0x2
 361 007c 08       		.byte	0x8
 362 007d 05       		.byte	0x5
 363 007e B9020000 		.4byte	.LASF10
 364 0082 02       		.uleb128 0x2
 365 0083 08       		.byte	0x8
 366 0084 07       		.byte	0x7
 367 0085 E0030000 		.4byte	.LASF11
 368 0089 04       		.uleb128 0x4
 369 008a 04       		.byte	0x4
 370 008b 05       		.byte	0x5
 371 008c 696E7400 		.ascii	"int\000"
 372 0090 02       		.uleb128 0x2
 373 0091 04       		.byte	0x4
 374 0092 07       		.byte	0x7
 375 0093 34040000 		.4byte	.LASF12
 376 0097 03       		.uleb128 0x3
 377 0098 82020000 		.4byte	.LASF13
 378 009c 03       		.byte	0x3
 379 009d 18       		.byte	0x18
 380 009e 2C000000 		.4byte	0x2c
 381 00a2 03       		.uleb128 0x3
 382 00a3 41040000 		.4byte	.LASF14
 383 00a7 03       		.byte	0x3
 384 00a8 24       		.byte	0x24
 385 00a9 45000000 		.4byte	0x45
 386 00ad 03       		.uleb128 0x3
 387 00ae AF040000 		.4byte	.LASF15
 388 00b2 03       		.byte	0x3
 389 00b3 2C       		.byte	0x2c
 390 00b4 57000000 		.4byte	0x57
 391 00b8 03       		.uleb128 0x3
 392 00b9 0F040000 		.4byte	.LASF16
 393 00bd 03       		.byte	0x3
 394 00be 30       		.byte	0x30
ARM GAS  C:\Users\User\AppData\Local\Temp\cchcTLJ5.s 			page 12


 395 00bf 69000000 		.4byte	0x69
 396 00c3 02       		.uleb128 0x2
 397 00c4 04       		.byte	0x4
 398 00c5 07       		.byte	0x7
 399 00c6 02010000 		.4byte	.LASF17
 400 00ca 02       		.uleb128 0x2
 401 00cb 01       		.byte	0x1
 402 00cc 08       		.byte	0x8
 403 00cd DE020000 		.4byte	.LASF18
 404 00d1 02       		.uleb128 0x2
 405 00d2 04       		.byte	0x4
 406 00d3 04       		.byte	0x4
 407 00d4 97020000 		.4byte	.LASF19
 408 00d8 02       		.uleb128 0x2
 409 00d9 08       		.byte	0x8
 410 00da 04       		.byte	0x4
 411 00db 38050000 		.4byte	.LASF20
 412 00df 05       		.uleb128 0x5
 413 00e0 8A020000 		.4byte	.LASF21
 414 00e4 04       		.byte	0x4
 415 00e5 8503     		.2byte	0x385
 416 00e7 97000000 		.4byte	0x97
 417 00eb 05       		.uleb128 0x5
 418 00ec 59020000 		.4byte	.LASF22
 419 00f0 04       		.byte	0x4
 420 00f1 8603     		.2byte	0x386
 421 00f3 A2000000 		.4byte	0xa2
 422 00f7 05       		.uleb128 0x5
 423 00f8 1F050000 		.4byte	.LASF23
 424 00fc 04       		.byte	0x4
 425 00fd 8703     		.2byte	0x387
 426 00ff B8000000 		.4byte	0xb8
 427 0103 03       		.uleb128 0x3
 428 0104 F5020000 		.4byte	.LASF24
 429 0108 05       		.byte	0x5
 430 0109 FC       		.byte	0xfc
 431 010a EB000000 		.4byte	0xeb
 432 010e 05       		.uleb128 0x5
 433 010f A2050000 		.4byte	.LASF25
 434 0113 05       		.byte	0x5
 435 0114 0001     		.2byte	0x100
 436 0116 DF000000 		.4byte	0xdf
 437 011a 06       		.uleb128 0x6
 438 011b DF000000 		.4byte	0xdf
 439 011f 2A010000 		.4byte	0x12a
 440 0123 07       		.uleb128 0x7
 441 0124 C3000000 		.4byte	0xc3
 442 0128 00       		.byte	0
 443 0129 00       		.byte	0
 444 012a 08       		.uleb128 0x8
 445 012b 0E       		.byte	0xe
 446 012c 06       		.byte	0x6
 447 012d CE       		.byte	0xce
 448 012e AD010000 		.4byte	0x1ad
 449 0132 09       		.uleb128 0x9
 450 0133 B7040000 		.4byte	.LASF26
 451 0137 06       		.byte	0x6
ARM GAS  C:\Users\User\AppData\Local\Temp\cchcTLJ5.s 			page 13


 452 0138 D4       		.byte	0xd4
 453 0139 EB000000 		.4byte	0xeb
 454 013d 00       		.byte	0
 455 013e 09       		.uleb128 0x9
 456 013f 34030000 		.4byte	.LASF27
 457 0143 06       		.byte	0x6
 458 0144 D9       		.byte	0xd9
 459 0145 03010000 		.4byte	0x103
 460 0149 02       		.byte	0x2
 461 014a 09       		.uleb128 0x9
 462 014b 48020000 		.4byte	.LASF28
 463 014f 06       		.byte	0x6
 464 0150 DE       		.byte	0xde
 465 0151 DF000000 		.4byte	0xdf
 466 0155 04       		.byte	0x4
 467 0156 09       		.uleb128 0x9
 468 0157 3E010000 		.4byte	.LASF29
 469 015b 06       		.byte	0x6
 470 015c E3       		.byte	0xe3
 471 015d DF000000 		.4byte	0xdf
 472 0161 05       		.byte	0x5
 473 0162 09       		.uleb128 0x9
 474 0163 45030000 		.4byte	.LASF30
 475 0167 06       		.byte	0x6
 476 0168 E8       		.byte	0xe8
 477 0169 DF000000 		.4byte	0xdf
 478 016d 06       		.byte	0x6
 479 016e 09       		.uleb128 0x9
 480 016f F7000000 		.4byte	.LASF31
 481 0173 06       		.byte	0x6
 482 0174 ED       		.byte	0xed
 483 0175 DF000000 		.4byte	0xdf
 484 0179 07       		.byte	0x7
 485 017a 09       		.uleb128 0x9
 486 017b 87000000 		.4byte	.LASF32
 487 017f 06       		.byte	0x6
 488 0180 F4       		.byte	0xf4
 489 0181 0E010000 		.4byte	0x10e
 490 0185 08       		.byte	0x8
 491 0186 09       		.uleb128 0x9
 492 0187 BE000000 		.4byte	.LASF33
 493 018b 06       		.byte	0x6
 494 018c FC       		.byte	0xfc
 495 018d 1A010000 		.4byte	0x11a
 496 0191 09       		.byte	0x9
 497 0192 0A       		.uleb128 0xa
 498 0193 90020000 		.4byte	.LASF34
 499 0197 06       		.byte	0x6
 500 0198 0501     		.2byte	0x105
 501 019a EB000000 		.4byte	0xeb
 502 019e 0A       		.byte	0xa
 503 019f 0A       		.uleb128 0xa
 504 01a0 19020000 		.4byte	.LASF35
 505 01a4 06       		.byte	0x6
 506 01a5 0A01     		.2byte	0x10a
 507 01a7 DF000000 		.4byte	0xdf
 508 01ab 0C       		.byte	0xc
ARM GAS  C:\Users\User\AppData\Local\Temp\cchcTLJ5.s 			page 14


 509 01ac 00       		.byte	0
 510 01ad 05       		.uleb128 0x5
 511 01ae D9000000 		.4byte	.LASF36
 512 01b2 06       		.byte	0x6
 513 01b3 0B01     		.2byte	0x10b
 514 01b5 2A010000 		.4byte	0x12a
 515 01b9 0B       		.uleb128 0xb
 516 01ba 8C       		.byte	0x8c
 517 01bb 06       		.byte	0x6
 518 01bc 1101     		.2byte	0x111
 519 01be 45020000 		.4byte	0x245
 520 01c2 0A       		.uleb128 0xa
 521 01c3 E8050000 		.4byte	.LASF37
 522 01c7 06       		.byte	0x6
 523 01c8 1601     		.2byte	0x116
 524 01ca AD010000 		.4byte	0x1ad
 525 01ce 00       		.byte	0
 526 01cf 0A       		.uleb128 0xa
 527 01d0 F0050000 		.4byte	.LASF38
 528 01d4 06       		.byte	0x6
 529 01d5 1B01     		.2byte	0x11b
 530 01d7 AD010000 		.4byte	0x1ad
 531 01db 0E       		.byte	0xe
 532 01dc 0A       		.uleb128 0xa
 533 01dd F8050000 		.4byte	.LASF39
 534 01e1 06       		.byte	0x6
 535 01e2 2001     		.2byte	0x120
 536 01e4 AD010000 		.4byte	0x1ad
 537 01e8 1C       		.byte	0x1c
 538 01e9 0A       		.uleb128 0xa
 539 01ea 00060000 		.4byte	.LASF40
 540 01ee 06       		.byte	0x6
 541 01ef 2501     		.2byte	0x125
 542 01f1 AD010000 		.4byte	0x1ad
 543 01f5 2A       		.byte	0x2a
 544 01f6 0A       		.uleb128 0xa
 545 01f7 08060000 		.4byte	.LASF41
 546 01fb 06       		.byte	0x6
 547 01fc 2A01     		.2byte	0x12a
 548 01fe AD010000 		.4byte	0x1ad
 549 0202 38       		.byte	0x38
 550 0203 0A       		.uleb128 0xa
 551 0204 10060000 		.4byte	.LASF42
 552 0208 06       		.byte	0x6
 553 0209 2F01     		.2byte	0x12f
 554 020b AD010000 		.4byte	0x1ad
 555 020f 46       		.byte	0x46
 556 0210 0A       		.uleb128 0xa
 557 0211 18060000 		.4byte	.LASF43
 558 0215 06       		.byte	0x6
 559 0216 3401     		.2byte	0x134
 560 0218 AD010000 		.4byte	0x1ad
 561 021c 54       		.byte	0x54
 562 021d 0A       		.uleb128 0xa
 563 021e 20060000 		.4byte	.LASF44
 564 0222 06       		.byte	0x6
 565 0223 3901     		.2byte	0x139
ARM GAS  C:\Users\User\AppData\Local\Temp\cchcTLJ5.s 			page 15


 566 0225 AD010000 		.4byte	0x1ad
 567 0229 62       		.byte	0x62
 568 022a 0A       		.uleb128 0xa
 569 022b 28060000 		.4byte	.LASF45
 570 022f 06       		.byte	0x6
 571 0230 3E01     		.2byte	0x13e
 572 0232 AD010000 		.4byte	0x1ad
 573 0236 70       		.byte	0x70
 574 0237 0A       		.uleb128 0xa
 575 0238 30060000 		.4byte	.LASF46
 576 023c 06       		.byte	0x6
 577 023d 4301     		.2byte	0x143
 578 023f AD010000 		.4byte	0x1ad
 579 0243 7E       		.byte	0x7e
 580 0244 00       		.byte	0
 581 0245 05       		.uleb128 0x5
 582 0246 9D020000 		.4byte	.LASF47
 583 024a 06       		.byte	0x6
 584 024b 4401     		.2byte	0x144
 585 024d B9010000 		.4byte	0x1b9
 586 0251 0B       		.uleb128 0xb
 587 0252 0A       		.byte	0xa
 588 0253 06       		.byte	0x6
 589 0254 4A01     		.2byte	0x14a
 590 0256 A9020000 		.4byte	0x2a9
 591 025a 0C       		.uleb128 0xc
 592 025b 72617700 		.ascii	"raw\000"
 593 025f 06       		.byte	0x6
 594 0260 4F01     		.2byte	0x14f
 595 0262 A9020000 		.4byte	0x2a9
 596 0266 00       		.byte	0
 597 0267 0A       		.uleb128 0xa
 598 0268 64000000 		.4byte	.LASF48
 599 026c 06       		.byte	0x6
 600 026d 5401     		.2byte	0x154
 601 026f A9020000 		.4byte	0x2a9
 602 0273 02       		.byte	0x2
 603 0274 0A       		.uleb128 0xa
 604 0275 4A050000 		.4byte	.LASF49
 605 0279 06       		.byte	0x6
 606 027a 5A01     		.2byte	0x15a
 607 027c 1A010000 		.4byte	0x11a
 608 0280 04       		.byte	0x4
 609 0281 0A       		.uleb128 0xa
 610 0282 92000000 		.4byte	.LASF50
 611 0286 06       		.byte	0x6
 612 0287 5F01     		.2byte	0x15f
 613 0289 03010000 		.4byte	0x103
 614 028d 06       		.byte	0x6
 615 028e 0A       		.uleb128 0xa
 616 028f 0D030000 		.4byte	.LASF51
 617 0293 06       		.byte	0x6
 618 0294 6401     		.2byte	0x164
 619 0296 B9020000 		.4byte	0x2b9
 620 029a 08       		.byte	0x8
 621 029b 0A       		.uleb128 0xa
 622 029c 47010000 		.4byte	.LASF52
ARM GAS  C:\Users\User\AppData\Local\Temp\cchcTLJ5.s 			page 16


 623 02a0 06       		.byte	0x6
 624 02a1 6A01     		.2byte	0x16a
 625 02a3 1A010000 		.4byte	0x11a
 626 02a7 09       		.byte	0x9
 627 02a8 00       		.byte	0
 628 02a9 06       		.uleb128 0x6
 629 02aa EB000000 		.4byte	0xeb
 630 02ae B9020000 		.4byte	0x2b9
 631 02b2 07       		.uleb128 0x7
 632 02b3 C3000000 		.4byte	0xc3
 633 02b7 00       		.byte	0
 634 02b8 00       		.byte	0
 635 02b9 06       		.uleb128 0x6
 636 02ba 0E010000 		.4byte	0x10e
 637 02be C9020000 		.4byte	0x2c9
 638 02c2 07       		.uleb128 0x7
 639 02c3 C3000000 		.4byte	0xc3
 640 02c7 00       		.byte	0
 641 02c8 00       		.byte	0
 642 02c9 05       		.uleb128 0x5
 643 02ca F7030000 		.4byte	.LASF53
 644 02ce 06       		.byte	0x6
 645 02cf 6B01     		.2byte	0x16b
 646 02d1 51020000 		.4byte	0x251
 647 02d5 0B       		.uleb128 0xb
 648 02d6 64       		.byte	0x64
 649 02d7 06       		.byte	0x6
 650 02d8 7101     		.2byte	0x171
 651 02da 61030000 		.4byte	0x361
 652 02de 0A       		.uleb128 0xa
 653 02df E8050000 		.4byte	.LASF37
 654 02e3 06       		.byte	0x6
 655 02e4 7601     		.2byte	0x176
 656 02e6 61030000 		.4byte	0x361
 657 02ea 00       		.byte	0
 658 02eb 0A       		.uleb128 0xa
 659 02ec F0050000 		.4byte	.LASF38
 660 02f0 06       		.byte	0x6
 661 02f1 7B01     		.2byte	0x17b
 662 02f3 61030000 		.4byte	0x361
 663 02f7 0A       		.byte	0xa
 664 02f8 0A       		.uleb128 0xa
 665 02f9 F8050000 		.4byte	.LASF39
 666 02fd 06       		.byte	0x6
 667 02fe 8001     		.2byte	0x180
 668 0300 61030000 		.4byte	0x361
 669 0304 14       		.byte	0x14
 670 0305 0A       		.uleb128 0xa
 671 0306 00060000 		.4byte	.LASF40
 672 030a 06       		.byte	0x6
 673 030b 8501     		.2byte	0x185
 674 030d 61030000 		.4byte	0x361
 675 0311 1E       		.byte	0x1e
 676 0312 0A       		.uleb128 0xa
 677 0313 08060000 		.4byte	.LASF41
 678 0317 06       		.byte	0x6
 679 0318 8A01     		.2byte	0x18a
ARM GAS  C:\Users\User\AppData\Local\Temp\cchcTLJ5.s 			page 17


 680 031a 61030000 		.4byte	0x361
 681 031e 28       		.byte	0x28
 682 031f 0A       		.uleb128 0xa
 683 0320 10060000 		.4byte	.LASF42
 684 0324 06       		.byte	0x6
 685 0325 8F01     		.2byte	0x18f
 686 0327 61030000 		.4byte	0x361
 687 032b 32       		.byte	0x32
 688 032c 0A       		.uleb128 0xa
 689 032d 18060000 		.4byte	.LASF43
 690 0331 06       		.byte	0x6
 691 0332 9401     		.2byte	0x194
 692 0334 61030000 		.4byte	0x361
 693 0338 3C       		.byte	0x3c
 694 0339 0A       		.uleb128 0xa
 695 033a 20060000 		.4byte	.LASF44
 696 033e 06       		.byte	0x6
 697 033f 9901     		.2byte	0x199
 698 0341 61030000 		.4byte	0x361
 699 0345 46       		.byte	0x46
 700 0346 0A       		.uleb128 0xa
 701 0347 28060000 		.4byte	.LASF45
 702 034b 06       		.byte	0x6
 703 034c 9E01     		.2byte	0x19e
 704 034e 61030000 		.4byte	0x361
 705 0352 50       		.byte	0x50
 706 0353 0A       		.uleb128 0xa
 707 0354 30060000 		.4byte	.LASF46
 708 0358 06       		.byte	0x6
 709 0359 A301     		.2byte	0x1a3
 710 035b 61030000 		.4byte	0x361
 711 035f 5A       		.byte	0x5a
 712 0360 00       		.byte	0
 713 0361 06       		.uleb128 0x6
 714 0362 C9020000 		.4byte	0x2c9
 715 0366 71030000 		.4byte	0x371
 716 036a 07       		.uleb128 0x7
 717 036b C3000000 		.4byte	0xc3
 718 036f 00       		.byte	0
 719 0370 00       		.byte	0
 720 0371 05       		.uleb128 0x5
 721 0372 C3030000 		.4byte	.LASF54
 722 0376 06       		.byte	0x6
 723 0377 A401     		.2byte	0x1a4
 724 0379 D5020000 		.4byte	0x2d5
 725 037d 0D       		.uleb128 0xd
 726 037e 1C01     		.2byte	0x11c
 727 0380 06       		.byte	0x6
 728 0381 AA01     		.2byte	0x1aa
 729 0383 69040000 		.4byte	0x469
 730 0387 0A       		.uleb128 0xa
 731 0388 7A040000 		.4byte	.LASF55
 732 038c 06       		.byte	0x6
 733 038d B201     		.2byte	0x1b2
 734 038f EB000000 		.4byte	0xeb
 735 0393 00       		.byte	0
 736 0394 0A       		.uleb128 0xa
ARM GAS  C:\Users\User\AppData\Local\Temp\cchcTLJ5.s 			page 18


 737 0395 50020000 		.4byte	.LASF56
 738 0399 06       		.byte	0x6
 739 039a B701     		.2byte	0x1b7
 740 039c EB000000 		.4byte	0xeb
 741 03a0 02       		.byte	0x2
 742 03a1 0A       		.uleb128 0xa
 743 03a2 BD050000 		.4byte	.LASF57
 744 03a6 06       		.byte	0x6
 745 03a7 BC01     		.2byte	0x1bc
 746 03a9 EB000000 		.4byte	0xeb
 747 03ad 04       		.byte	0x4
 748 03ae 0A       		.uleb128 0xa
 749 03af 6E030000 		.4byte	.LASF58
 750 03b3 06       		.byte	0x6
 751 03b4 C201     		.2byte	0x1c2
 752 03b6 EB000000 		.4byte	0xeb
 753 03ba 06       		.byte	0x6
 754 03bb 0A       		.uleb128 0xa
 755 03bc E4040000 		.4byte	.LASF59
 756 03c0 06       		.byte	0x6
 757 03c1 C701     		.2byte	0x1c7
 758 03c3 EB000000 		.4byte	0xeb
 759 03c7 08       		.byte	0x8
 760 03c8 0A       		.uleb128 0xa
 761 03c9 60040000 		.4byte	.LASF60
 762 03cd 06       		.byte	0x6
 763 03ce CC01     		.2byte	0x1cc
 764 03d0 69040000 		.4byte	0x469
 765 03d4 0C       		.byte	0xc
 766 03d5 0A       		.uleb128 0xa
 767 03d6 55040000 		.4byte	.LASF61
 768 03da 06       		.byte	0x6
 769 03db D201     		.2byte	0x1d2
 770 03dd 6E040000 		.4byte	0x46e
 771 03e1 10       		.byte	0x10
 772 03e2 0A       		.uleb128 0xa
 773 03e3 83030000 		.4byte	.LASF62
 774 03e7 06       		.byte	0x6
 775 03e8 D801     		.2byte	0x1d8
 776 03ea 6E040000 		.4byte	0x46e
 777 03ee 14       		.byte	0x14
 778 03ef 0A       		.uleb128 0xa
 779 03f0 92060000 		.4byte	.LASF63
 780 03f4 06       		.byte	0x6
 781 03f5 EA01     		.2byte	0x1ea
 782 03f7 7E040000 		.4byte	0x47e
 783 03fb 18       		.byte	0x18
 784 03fc 0A       		.uleb128 0xa
 785 03fd 03020000 		.4byte	.LASF64
 786 0401 06       		.byte	0x6
 787 0402 EF01     		.2byte	0x1ef
 788 0404 EB000000 		.4byte	0xeb
 789 0408 22       		.byte	0x22
 790 0409 0A       		.uleb128 0xa
 791 040a DA040000 		.4byte	.LASF65
 792 040e 06       		.byte	0x6
 793 040f F401     		.2byte	0x1f4
ARM GAS  C:\Users\User\AppData\Local\Temp\cchcTLJ5.s 			page 19


 794 0411 DF000000 		.4byte	0xdf
 795 0415 24       		.byte	0x24
 796 0416 0A       		.uleb128 0xa
 797 0417 35000000 		.4byte	.LASF66
 798 041b 06       		.byte	0x6
 799 041c F901     		.2byte	0x1f9
 800 041e 45020000 		.4byte	0x245
 801 0422 26       		.byte	0x26
 802 0423 0A       		.uleb128 0xa
 803 0424 D2040000 		.4byte	.LASF67
 804 0428 06       		.byte	0x6
 805 0429 FE01     		.2byte	0x1fe
 806 042b 71030000 		.4byte	0x371
 807 042f B2       		.byte	0xb2
 808 0430 0E       		.uleb128 0xe
 809 0431 52060000 		.4byte	.LASF68
 810 0435 06       		.byte	0x6
 811 0436 0302     		.2byte	0x203
 812 0438 DF000000 		.4byte	0xdf
 813 043c 1601     		.2byte	0x116
 814 043e 0E       		.uleb128 0xe
 815 043f 8C040000 		.4byte	.LASF69
 816 0443 06       		.byte	0x6
 817 0444 0802     		.2byte	0x208
 818 0446 DF000000 		.4byte	0xdf
 819 044a 1701     		.2byte	0x117
 820 044c 0E       		.uleb128 0xe
 821 044d 9C040000 		.4byte	.LASF70
 822 0451 06       		.byte	0x6
 823 0452 0D02     		.2byte	0x20d
 824 0454 EB000000 		.4byte	0xeb
 825 0458 1801     		.2byte	0x118
 826 045a 0E       		.uleb128 0xe
 827 045b 3E000000 		.4byte	.LASF71
 828 045f 06       		.byte	0x6
 829 0460 1202     		.2byte	0x212
 830 0462 A9020000 		.4byte	0x2a9
 831 0466 1A01     		.2byte	0x11a
 832 0468 00       		.byte	0
 833 0469 0F       		.uleb128 0xf
 834 046a F7000000 		.4byte	0xf7
 835 046e 06       		.uleb128 0x6
 836 046f F7000000 		.4byte	0xf7
 837 0473 7E040000 		.4byte	0x47e
 838 0477 07       		.uleb128 0x7
 839 0478 C3000000 		.4byte	0xc3
 840 047c 00       		.byte	0
 841 047d 00       		.byte	0
 842 047e 06       		.uleb128 0x6
 843 047f DF000000 		.4byte	0xdf
 844 0483 8E040000 		.4byte	0x48e
 845 0487 07       		.uleb128 0x7
 846 0488 C3000000 		.4byte	0xc3
 847 048c 09       		.byte	0x9
 848 048d 00       		.byte	0
 849 048e 05       		.uleb128 0x5
 850 048f 0B050000 		.4byte	.LASF72
ARM GAS  C:\Users\User\AppData\Local\Temp\cchcTLJ5.s 			page 20


 851 0493 06       		.byte	0x6
 852 0494 1302     		.2byte	0x213
 853 0496 7D030000 		.4byte	0x37d
 854 049a 0B       		.uleb128 0xb
 855 049b 1C       		.byte	0x1c
 856 049c 06       		.byte	0x6
 857 049d 5102     		.2byte	0x251
 858 049f 19050000 		.4byte	0x519
 859 04a3 0A       		.uleb128 0xa
 860 04a4 85060000 		.4byte	.LASF73
 861 04a8 06       		.byte	0x6
 862 04a9 5A02     		.2byte	0x25a
 863 04ab 19050000 		.4byte	0x519
 864 04af 00       		.byte	0
 865 04b0 0A       		.uleb128 0xa
 866 04b1 F0040000 		.4byte	.LASF74
 867 04b5 06       		.byte	0x6
 868 04b6 6102     		.2byte	0x261
 869 04b8 20050000 		.4byte	0x520
 870 04bc 04       		.byte	0x4
 871 04bd 0A       		.uleb128 0xa
 872 04be 3F050000 		.4byte	.LASF75
 873 04c2 06       		.byte	0x6
 874 04c3 6702     		.2byte	0x267
 875 04c5 22050000 		.4byte	0x522
 876 04c9 08       		.byte	0x8
 877 04ca 0A       		.uleb128 0xa
 878 04cb C2040000 		.4byte	.LASF76
 879 04cf 06       		.byte	0x6
 880 04d0 6C02     		.2byte	0x26c
 881 04d2 20050000 		.4byte	0x520
 882 04d6 0C       		.byte	0xc
 883 04d7 0A       		.uleb128 0xa
 884 04d8 72020000 		.4byte	.LASF77
 885 04dc 06       		.byte	0x6
 886 04dd 7302     		.2byte	0x273
 887 04df 28050000 		.4byte	0x528
 888 04e3 10       		.byte	0x10
 889 04e4 0A       		.uleb128 0xa
 890 04e5 18040000 		.4byte	.LASF78
 891 04e9 06       		.byte	0x6
 892 04ea 7802     		.2byte	0x278
 893 04ec F7000000 		.4byte	0xf7
 894 04f0 14       		.byte	0x14
 895 04f1 0A       		.uleb128 0xa
 896 04f2 97000000 		.4byte	.LASF79
 897 04f6 06       		.byte	0x6
 898 04f7 7F02     		.2byte	0x27f
 899 04f9 EB000000 		.4byte	0xeb
 900 04fd 18       		.byte	0x18
 901 04fe 0A       		.uleb128 0xa
 902 04ff EC020000 		.4byte	.LASF80
 903 0503 06       		.byte	0x6
 904 0504 8A02     		.2byte	0x28a
 905 0506 DF000000 		.4byte	0xdf
 906 050a 1A       		.byte	0x1a
 907 050b 0A       		.uleb128 0xa
ARM GAS  C:\Users\User\AppData\Local\Temp\cchcTLJ5.s 			page 21


 908 050c 3D030000 		.4byte	.LASF81
 909 0510 06       		.byte	0x6
 910 0511 9202     		.2byte	0x292
 911 0513 DF000000 		.4byte	0xdf
 912 0517 1B       		.byte	0x1b
 913 0518 00       		.byte	0
 914 0519 10       		.uleb128 0x10
 915 051a 04       		.byte	0x4
 916 051b 1F050000 		.4byte	0x51f
 917 051f 11       		.uleb128 0x11
 918 0520 12       		.uleb128 0x12
 919 0521 04       		.byte	0x4
 920 0522 10       		.uleb128 0x10
 921 0523 04       		.byte	0x4
 922 0524 C9020000 		.4byte	0x2c9
 923 0528 10       		.uleb128 0x10
 924 0529 04       		.byte	0x4
 925 052a DF000000 		.4byte	0xdf
 926 052e 05       		.uleb128 0x5
 927 052f 25010000 		.4byte	.LASF82
 928 0533 06       		.byte	0x6
 929 0534 9302     		.2byte	0x293
 930 0536 9A040000 		.4byte	0x49a
 931 053a 0D       		.uleb128 0xd
 932 053b 1801     		.2byte	0x118
 933 053d 06       		.byte	0x6
 934 053e 9902     		.2byte	0x299
 935 0540 52050000 		.4byte	0x552
 936 0544 0A       		.uleb128 0xa
 937 0545 6F060000 		.4byte	.LASF83
 938 0549 06       		.byte	0x6
 939 054a 9E02     		.2byte	0x29e
 940 054c 52050000 		.4byte	0x552
 941 0550 00       		.byte	0
 942 0551 00       		.byte	0
 943 0552 06       		.uleb128 0x6
 944 0553 2E050000 		.4byte	0x52e
 945 0557 62050000 		.4byte	0x562
 946 055b 07       		.uleb128 0x7
 947 055c C3000000 		.4byte	0xc3
 948 0560 09       		.byte	0x9
 949 0561 00       		.byte	0
 950 0562 05       		.uleb128 0x5
 951 0563 1F000000 		.4byte	.LASF84
 952 0567 06       		.byte	0x6
 953 0568 9F02     		.2byte	0x29f
 954 056a 3A050000 		.4byte	0x53a
 955 056e 13       		.uleb128 0x13
 956 056f 01       		.byte	0x1
 957 0570 37000000 		.4byte	0x37
 958 0574 07       		.byte	0x7
 959 0575 2E       		.byte	0x2e
 960 0576 A5050000 		.4byte	0x5a5
 961 057a 14       		.uleb128 0x14
 962 057b 31020000 		.4byte	.LASF85
 963 057f 00       		.byte	0
 964 0580 14       		.uleb128 0x14
ARM GAS  C:\Users\User\AppData\Local\Temp\cchcTLJ5.s 			page 22


 965 0581 38060000 		.4byte	.LASF86
 966 0585 01       		.byte	0x1
 967 0586 14       		.uleb128 0x14
 968 0587 CF050000 		.4byte	.LASF87
 969 058b 02       		.byte	0x2
 970 058c 14       		.uleb128 0x14
 971 058d 0B010000 		.4byte	.LASF88
 972 0591 03       		.byte	0x3
 973 0592 14       		.uleb128 0x14
 974 0593 7A050000 		.4byte	.LASF89
 975 0597 04       		.byte	0x4
 976 0598 14       		.uleb128 0x14
 977 0599 C7020000 		.4byte	.LASF90
 978 059d 05       		.byte	0x5
 979 059e 14       		.uleb128 0x14
 980 059f A3000000 		.4byte	.LASF91
 981 05a3 06       		.byte	0x6
 982 05a4 00       		.byte	0
 983 05a5 03       		.uleb128 0x3
 984 05a6 72000000 		.4byte	.LASF92
 985 05aa 07       		.byte	0x7
 986 05ab 36       		.byte	0x36
 987 05ac 6E050000 		.4byte	0x56e
 988 05b0 02       		.uleb128 0x2
 989 05b1 08       		.byte	0x8
 990 05b2 04       		.byte	0x4
 991 05b3 77030000 		.4byte	.LASF93
 992 05b7 15       		.uleb128 0x15
 993 05b8 4E000000 		.4byte	.LASF112
 994 05bc 01       		.byte	0x1
 995 05bd 44       		.byte	0x44
 996 05be 00000000 		.4byte	.LFB158
 997 05c2 14000000 		.4byte	.LFE158-.LFB158
 998 05c6 01       		.uleb128 0x1
 999 05c7 9C       		.byte	0x9c
 1000 05c8 D8050000 		.4byte	0x5d8
 1001 05cc 16       		.uleb128 0x16
 1002 05cd 99050000 		.4byte	.LASF100
 1003 05d1 01       		.byte	0x1
 1004 05d2 46       		.byte	0x46
 1005 05d3 D8050000 		.4byte	0x5d8
 1006 05d7 00       		.byte	0
 1007 05d8 10       		.uleb128 0x10
 1008 05d9 04       		.byte	0x4
 1009 05da DE050000 		.4byte	0x5de
 1010 05de 0F       		.uleb128 0xf
 1011 05df 8E040000 		.4byte	0x48e
 1012 05e3 17       		.uleb128 0x17
 1013 05e4 60020000 		.4byte	.LASF113
 1014 05e8 01       		.byte	0x1
 1015 05e9 73       		.byte	0x73
 1016 05ea F7000000 		.4byte	0xf7
 1017 05ee 00000000 		.4byte	.LFB159
 1018 05f2 10010000 		.4byte	.LFE159-.LFB159
 1019 05f6 01       		.uleb128 0x1
 1020 05f7 9C       		.byte	0x9c
 1021 05f8 B0060000 		.4byte	0x6b0
ARM GAS  C:\Users\User\AppData\Local\Temp\cchcTLJ5.s 			page 23


 1022 05fc 18       		.uleb128 0x18
 1023 05fd FC040000 		.4byte	.LASF94
 1024 0601 01       		.byte	0x1
 1025 0602 75       		.byte	0x75
 1026 0603 F7000000 		.4byte	0xf7
 1027 0607 00000000 		.4byte	.LLST0
 1028 060b 18       		.uleb128 0x18
 1029 060c 83040000 		.4byte	.LASF95
 1030 0610 01       		.byte	0x1
 1031 0611 76       		.byte	0x76
 1032 0612 F7000000 		.4byte	0xf7
 1033 0616 29000000 		.4byte	.LLST1
 1034 061a 18       		.uleb128 0x18
 1035 061b 69000000 		.4byte	.LASF96
 1036 061f 01       		.byte	0x1
 1037 0620 77       		.byte	0x77
 1038 0621 F7000000 		.4byte	0xf7
 1039 0625 3C000000 		.4byte	.LLST2
 1040 0629 18       		.uleb128 0x18
 1041 062a 4A040000 		.4byte	.LASF97
 1042 062e 01       		.byte	0x1
 1043 062f 78       		.byte	0x78
 1044 0630 F7000000 		.4byte	0xf7
 1045 0634 4F000000 		.4byte	.LLST3
 1046 0638 18       		.uleb128 0x18
 1047 0639 EA060000 		.4byte	.LASF98
 1048 063d 01       		.byte	0x1
 1049 063e 79       		.byte	0x79
 1050 063f A5050000 		.4byte	0x5a5
 1051 0643 0F010000 		.4byte	.LLST4
 1052 0647 18       		.uleb128 0x18
 1053 0648 79060000 		.4byte	.LASF99
 1054 064c 01       		.byte	0x1
 1055 064d 7A       		.byte	0x7a
 1056 064e F7000000 		.4byte	0xf7
 1057 0652 22010000 		.4byte	.LLST5
 1058 0656 16       		.uleb128 0x16
 1059 0657 99050000 		.4byte	.LASF100
 1060 065b 01       		.byte	0x1
 1061 065c 7C       		.byte	0x7c
 1062 065d D8050000 		.4byte	0x5d8
 1063 0661 18       		.uleb128 0x18
 1064 0662 8E030000 		.4byte	.LASF101
 1065 0666 01       		.byte	0x1
 1066 0667 7D       		.byte	0x7d
 1067 0668 B0060000 		.4byte	0x6b0
 1068 066c 63010000 		.4byte	.LLST6
 1069 0670 19       		.uleb128 0x19
 1070 0671 12000000 		.4byte	.LVL3
 1071 0675 FA060000 		.4byte	0x6fa
 1072 0679 19       		.uleb128 0x19
 1073 067a 1C000000 		.4byte	.LVL4
 1074 067e 06070000 		.4byte	0x706
 1075 0682 19       		.uleb128 0x19
 1076 0683 48000000 		.4byte	.LVL11
 1077 0687 12070000 		.4byte	0x712
 1078 068b 19       		.uleb128 0x19
ARM GAS  C:\Users\User\AppData\Local\Temp\cchcTLJ5.s 			page 24


 1079 068c 76000000 		.4byte	.LVL20
 1080 0690 FA060000 		.4byte	0x6fa
 1081 0694 19       		.uleb128 0x19
 1082 0695 94000000 		.4byte	.LVL21
 1083 0699 06070000 		.4byte	0x706
 1084 069d 19       		.uleb128 0x19
 1085 069e EA000000 		.4byte	.LVL29
 1086 06a2 FA060000 		.4byte	0x6fa
 1087 06a6 19       		.uleb128 0x19
 1088 06a7 00010000 		.4byte	.LVL30
 1089 06ab 06070000 		.4byte	0x706
 1090 06af 00       		.byte	0
 1091 06b0 10       		.uleb128 0x10
 1092 06b1 04       		.byte	0x4
 1093 06b2 B6060000 		.4byte	0x6b6
 1094 06b6 0F       		.uleb128 0xf
 1095 06b7 C9020000 		.4byte	0x2c9
 1096 06bb 1A       		.uleb128 0x1a
 1097 06bc C6000000 		.4byte	.LASF102
 1098 06c0 01       		.byte	0x1
 1099 06c1 35       		.byte	0x35
 1100 06c2 F7000000 		.4byte	0xf7
 1101 06c6 05       		.uleb128 0x5
 1102 06c7 03       		.byte	0x3
 1103 06c8 00000000 		.4byte	tunerFsm
 1104 06cc 1B       		.uleb128 0x1b
 1105 06cd 62060000 		.4byte	.LASF103
 1106 06d1 08       		.byte	0x8
 1107 06d2 EA07     		.2byte	0x7ea
 1108 06d4 D8060000 		.4byte	0x6d8
 1109 06d8 0F       		.uleb128 0xf
 1110 06d9 AD000000 		.4byte	0xad
 1111 06dd 1B       		.uleb128 0x1b
 1112 06de 25030000 		.4byte	.LASF104
 1113 06e2 06       		.byte	0x6
 1114 06e3 2C04     		.2byte	0x42c
 1115 06e5 8E040000 		.4byte	0x48e
 1116 06e9 1B       		.uleb128 0x1b
 1117 06ea A6030000 		.4byte	.LASF105
 1118 06ee 06       		.byte	0x6
 1119 06ef 2D04     		.2byte	0x42d
 1120 06f1 F5060000 		.4byte	0x6f5
 1121 06f5 1C       		.uleb128 0x1c
 1122 06f6 62050000 		.4byte	0x562
 1123 06fa 1D       		.uleb128 0x1d
 1124 06fb 00000000 		.4byte	.LASF106
 1125 06ff 00000000 		.4byte	.LASF106
 1126 0703 04       		.byte	0x4
 1127 0704 4D03     		.2byte	0x34d
 1128 0706 1D       		.uleb128 0x1d
 1129 0707 50030000 		.4byte	.LASF107
 1130 070b 50030000 		.4byte	.LASF107
 1131 070f 04       		.byte	0x4
 1132 0710 5C03     		.2byte	0x35c
 1133 0712 1E       		.uleb128 0x1e
 1134 0713 25040000 		.4byte	.LASF108
 1135 0717 25040000 		.4byte	.LASF108
ARM GAS  C:\Users\User\AppData\Local\Temp\cchcTLJ5.s 			page 25


 1136 071b 09       		.byte	0x9
 1137 071c 3A       		.byte	0x3a
 1138 071d 00       		.byte	0
 1139              		.section	.debug_abbrev,"",%progbits
 1140              	.Ldebug_abbrev0:
 1141 0000 01       		.uleb128 0x1
 1142 0001 11       		.uleb128 0x11
 1143 0002 01       		.byte	0x1
 1144 0003 25       		.uleb128 0x25
 1145 0004 0E       		.uleb128 0xe
 1146 0005 13       		.uleb128 0x13
 1147 0006 0B       		.uleb128 0xb
 1148 0007 03       		.uleb128 0x3
 1149 0008 0E       		.uleb128 0xe
 1150 0009 1B       		.uleb128 0x1b
 1151 000a 0E       		.uleb128 0xe
 1152 000b 55       		.uleb128 0x55
 1153 000c 17       		.uleb128 0x17
 1154 000d 11       		.uleb128 0x11
 1155 000e 01       		.uleb128 0x1
 1156 000f 10       		.uleb128 0x10
 1157 0010 17       		.uleb128 0x17
 1158 0011 00       		.byte	0
 1159 0012 00       		.byte	0
 1160 0013 02       		.uleb128 0x2
 1161 0014 24       		.uleb128 0x24
 1162 0015 00       		.byte	0
 1163 0016 0B       		.uleb128 0xb
 1164 0017 0B       		.uleb128 0xb
 1165 0018 3E       		.uleb128 0x3e
 1166 0019 0B       		.uleb128 0xb
 1167 001a 03       		.uleb128 0x3
 1168 001b 0E       		.uleb128 0xe
 1169 001c 00       		.byte	0
 1170 001d 00       		.byte	0
 1171 001e 03       		.uleb128 0x3
 1172 001f 16       		.uleb128 0x16
 1173 0020 00       		.byte	0
 1174 0021 03       		.uleb128 0x3
 1175 0022 0E       		.uleb128 0xe
 1176 0023 3A       		.uleb128 0x3a
 1177 0024 0B       		.uleb128 0xb
 1178 0025 3B       		.uleb128 0x3b
 1179 0026 0B       		.uleb128 0xb
 1180 0027 49       		.uleb128 0x49
 1181 0028 13       		.uleb128 0x13
 1182 0029 00       		.byte	0
 1183 002a 00       		.byte	0
 1184 002b 04       		.uleb128 0x4
 1185 002c 24       		.uleb128 0x24
 1186 002d 00       		.byte	0
 1187 002e 0B       		.uleb128 0xb
 1188 002f 0B       		.uleb128 0xb
 1189 0030 3E       		.uleb128 0x3e
 1190 0031 0B       		.uleb128 0xb
 1191 0032 03       		.uleb128 0x3
 1192 0033 08       		.uleb128 0x8
ARM GAS  C:\Users\User\AppData\Local\Temp\cchcTLJ5.s 			page 26


 1193 0034 00       		.byte	0
 1194 0035 00       		.byte	0
 1195 0036 05       		.uleb128 0x5
 1196 0037 16       		.uleb128 0x16
 1197 0038 00       		.byte	0
 1198 0039 03       		.uleb128 0x3
 1199 003a 0E       		.uleb128 0xe
 1200 003b 3A       		.uleb128 0x3a
 1201 003c 0B       		.uleb128 0xb
 1202 003d 3B       		.uleb128 0x3b
 1203 003e 05       		.uleb128 0x5
 1204 003f 49       		.uleb128 0x49
 1205 0040 13       		.uleb128 0x13
 1206 0041 00       		.byte	0
 1207 0042 00       		.byte	0
 1208 0043 06       		.uleb128 0x6
 1209 0044 01       		.uleb128 0x1
 1210 0045 01       		.byte	0x1
 1211 0046 49       		.uleb128 0x49
 1212 0047 13       		.uleb128 0x13
 1213 0048 01       		.uleb128 0x1
 1214 0049 13       		.uleb128 0x13
 1215 004a 00       		.byte	0
 1216 004b 00       		.byte	0
 1217 004c 07       		.uleb128 0x7
 1218 004d 21       		.uleb128 0x21
 1219 004e 00       		.byte	0
 1220 004f 49       		.uleb128 0x49
 1221 0050 13       		.uleb128 0x13
 1222 0051 2F       		.uleb128 0x2f
 1223 0052 0B       		.uleb128 0xb
 1224 0053 00       		.byte	0
 1225 0054 00       		.byte	0
 1226 0055 08       		.uleb128 0x8
 1227 0056 13       		.uleb128 0x13
 1228 0057 01       		.byte	0x1
 1229 0058 0B       		.uleb128 0xb
 1230 0059 0B       		.uleb128 0xb
 1231 005a 3A       		.uleb128 0x3a
 1232 005b 0B       		.uleb128 0xb
 1233 005c 3B       		.uleb128 0x3b
 1234 005d 0B       		.uleb128 0xb
 1235 005e 01       		.uleb128 0x1
 1236 005f 13       		.uleb128 0x13
 1237 0060 00       		.byte	0
 1238 0061 00       		.byte	0
 1239 0062 09       		.uleb128 0x9
 1240 0063 0D       		.uleb128 0xd
 1241 0064 00       		.byte	0
 1242 0065 03       		.uleb128 0x3
 1243 0066 0E       		.uleb128 0xe
 1244 0067 3A       		.uleb128 0x3a
 1245 0068 0B       		.uleb128 0xb
 1246 0069 3B       		.uleb128 0x3b
 1247 006a 0B       		.uleb128 0xb
 1248 006b 49       		.uleb128 0x49
 1249 006c 13       		.uleb128 0x13
ARM GAS  C:\Users\User\AppData\Local\Temp\cchcTLJ5.s 			page 27


 1250 006d 38       		.uleb128 0x38
 1251 006e 0B       		.uleb128 0xb
 1252 006f 00       		.byte	0
 1253 0070 00       		.byte	0
 1254 0071 0A       		.uleb128 0xa
 1255 0072 0D       		.uleb128 0xd
 1256 0073 00       		.byte	0
 1257 0074 03       		.uleb128 0x3
 1258 0075 0E       		.uleb128 0xe
 1259 0076 3A       		.uleb128 0x3a
 1260 0077 0B       		.uleb128 0xb
 1261 0078 3B       		.uleb128 0x3b
 1262 0079 05       		.uleb128 0x5
 1263 007a 49       		.uleb128 0x49
 1264 007b 13       		.uleb128 0x13
 1265 007c 38       		.uleb128 0x38
 1266 007d 0B       		.uleb128 0xb
 1267 007e 00       		.byte	0
 1268 007f 00       		.byte	0
 1269 0080 0B       		.uleb128 0xb
 1270 0081 13       		.uleb128 0x13
 1271 0082 01       		.byte	0x1
 1272 0083 0B       		.uleb128 0xb
 1273 0084 0B       		.uleb128 0xb
 1274 0085 3A       		.uleb128 0x3a
 1275 0086 0B       		.uleb128 0xb
 1276 0087 3B       		.uleb128 0x3b
 1277 0088 05       		.uleb128 0x5
 1278 0089 01       		.uleb128 0x1
 1279 008a 13       		.uleb128 0x13
 1280 008b 00       		.byte	0
 1281 008c 00       		.byte	0
 1282 008d 0C       		.uleb128 0xc
 1283 008e 0D       		.uleb128 0xd
 1284 008f 00       		.byte	0
 1285 0090 03       		.uleb128 0x3
 1286 0091 08       		.uleb128 0x8
 1287 0092 3A       		.uleb128 0x3a
 1288 0093 0B       		.uleb128 0xb
 1289 0094 3B       		.uleb128 0x3b
 1290 0095 05       		.uleb128 0x5
 1291 0096 49       		.uleb128 0x49
 1292 0097 13       		.uleb128 0x13
 1293 0098 38       		.uleb128 0x38
 1294 0099 0B       		.uleb128 0xb
 1295 009a 00       		.byte	0
 1296 009b 00       		.byte	0
 1297 009c 0D       		.uleb128 0xd
 1298 009d 13       		.uleb128 0x13
 1299 009e 01       		.byte	0x1
 1300 009f 0B       		.uleb128 0xb
 1301 00a0 05       		.uleb128 0x5
 1302 00a1 3A       		.uleb128 0x3a
 1303 00a2 0B       		.uleb128 0xb
 1304 00a3 3B       		.uleb128 0x3b
 1305 00a4 05       		.uleb128 0x5
 1306 00a5 01       		.uleb128 0x1
ARM GAS  C:\Users\User\AppData\Local\Temp\cchcTLJ5.s 			page 28


 1307 00a6 13       		.uleb128 0x13
 1308 00a7 00       		.byte	0
 1309 00a8 00       		.byte	0
 1310 00a9 0E       		.uleb128 0xe
 1311 00aa 0D       		.uleb128 0xd
 1312 00ab 00       		.byte	0
 1313 00ac 03       		.uleb128 0x3
 1314 00ad 0E       		.uleb128 0xe
 1315 00ae 3A       		.uleb128 0x3a
 1316 00af 0B       		.uleb128 0xb
 1317 00b0 3B       		.uleb128 0x3b
 1318 00b1 05       		.uleb128 0x5
 1319 00b2 49       		.uleb128 0x49
 1320 00b3 13       		.uleb128 0x13
 1321 00b4 38       		.uleb128 0x38
 1322 00b5 05       		.uleb128 0x5
 1323 00b6 00       		.byte	0
 1324 00b7 00       		.byte	0
 1325 00b8 0F       		.uleb128 0xf
 1326 00b9 35       		.uleb128 0x35
 1327 00ba 00       		.byte	0
 1328 00bb 49       		.uleb128 0x49
 1329 00bc 13       		.uleb128 0x13
 1330 00bd 00       		.byte	0
 1331 00be 00       		.byte	0
 1332 00bf 10       		.uleb128 0x10
 1333 00c0 0F       		.uleb128 0xf
 1334 00c1 00       		.byte	0
 1335 00c2 0B       		.uleb128 0xb
 1336 00c3 0B       		.uleb128 0xb
 1337 00c4 49       		.uleb128 0x49
 1338 00c5 13       		.uleb128 0x13
 1339 00c6 00       		.byte	0
 1340 00c7 00       		.byte	0
 1341 00c8 11       		.uleb128 0x11
 1342 00c9 26       		.uleb128 0x26
 1343 00ca 00       		.byte	0
 1344 00cb 00       		.byte	0
 1345 00cc 00       		.byte	0
 1346 00cd 12       		.uleb128 0x12
 1347 00ce 0F       		.uleb128 0xf
 1348 00cf 00       		.byte	0
 1349 00d0 0B       		.uleb128 0xb
 1350 00d1 0B       		.uleb128 0xb
 1351 00d2 00       		.byte	0
 1352 00d3 00       		.byte	0
 1353 00d4 13       		.uleb128 0x13
 1354 00d5 04       		.uleb128 0x4
 1355 00d6 01       		.byte	0x1
 1356 00d7 0B       		.uleb128 0xb
 1357 00d8 0B       		.uleb128 0xb
 1358 00d9 49       		.uleb128 0x49
 1359 00da 13       		.uleb128 0x13
 1360 00db 3A       		.uleb128 0x3a
 1361 00dc 0B       		.uleb128 0xb
 1362 00dd 3B       		.uleb128 0x3b
 1363 00de 0B       		.uleb128 0xb
ARM GAS  C:\Users\User\AppData\Local\Temp\cchcTLJ5.s 			page 29


 1364 00df 01       		.uleb128 0x1
 1365 00e0 13       		.uleb128 0x13
 1366 00e1 00       		.byte	0
 1367 00e2 00       		.byte	0
 1368 00e3 14       		.uleb128 0x14
 1369 00e4 28       		.uleb128 0x28
 1370 00e5 00       		.byte	0
 1371 00e6 03       		.uleb128 0x3
 1372 00e7 0E       		.uleb128 0xe
 1373 00e8 1C       		.uleb128 0x1c
 1374 00e9 0B       		.uleb128 0xb
 1375 00ea 00       		.byte	0
 1376 00eb 00       		.byte	0
 1377 00ec 15       		.uleb128 0x15
 1378 00ed 2E       		.uleb128 0x2e
 1379 00ee 01       		.byte	0x1
 1380 00ef 3F       		.uleb128 0x3f
 1381 00f0 19       		.uleb128 0x19
 1382 00f1 03       		.uleb128 0x3
 1383 00f2 0E       		.uleb128 0xe
 1384 00f3 3A       		.uleb128 0x3a
 1385 00f4 0B       		.uleb128 0xb
 1386 00f5 3B       		.uleb128 0x3b
 1387 00f6 0B       		.uleb128 0xb
 1388 00f7 27       		.uleb128 0x27
 1389 00f8 19       		.uleb128 0x19
 1390 00f9 11       		.uleb128 0x11
 1391 00fa 01       		.uleb128 0x1
 1392 00fb 12       		.uleb128 0x12
 1393 00fc 06       		.uleb128 0x6
 1394 00fd 40       		.uleb128 0x40
 1395 00fe 18       		.uleb128 0x18
 1396 00ff 9742     		.uleb128 0x2117
 1397 0101 19       		.uleb128 0x19
 1398 0102 01       		.uleb128 0x1
 1399 0103 13       		.uleb128 0x13
 1400 0104 00       		.byte	0
 1401 0105 00       		.byte	0
 1402 0106 16       		.uleb128 0x16
 1403 0107 34       		.uleb128 0x34
 1404 0108 00       		.byte	0
 1405 0109 03       		.uleb128 0x3
 1406 010a 0E       		.uleb128 0xe
 1407 010b 3A       		.uleb128 0x3a
 1408 010c 0B       		.uleb128 0xb
 1409 010d 3B       		.uleb128 0x3b
 1410 010e 0B       		.uleb128 0xb
 1411 010f 49       		.uleb128 0x49
 1412 0110 13       		.uleb128 0x13
 1413 0111 00       		.byte	0
 1414 0112 00       		.byte	0
 1415 0113 17       		.uleb128 0x17
 1416 0114 2E       		.uleb128 0x2e
 1417 0115 01       		.byte	0x1
 1418 0116 3F       		.uleb128 0x3f
 1419 0117 19       		.uleb128 0x19
 1420 0118 03       		.uleb128 0x3
ARM GAS  C:\Users\User\AppData\Local\Temp\cchcTLJ5.s 			page 30


 1421 0119 0E       		.uleb128 0xe
 1422 011a 3A       		.uleb128 0x3a
 1423 011b 0B       		.uleb128 0xb
 1424 011c 3B       		.uleb128 0x3b
 1425 011d 0B       		.uleb128 0xb
 1426 011e 27       		.uleb128 0x27
 1427 011f 19       		.uleb128 0x19
 1428 0120 49       		.uleb128 0x49
 1429 0121 13       		.uleb128 0x13
 1430 0122 11       		.uleb128 0x11
 1431 0123 01       		.uleb128 0x1
 1432 0124 12       		.uleb128 0x12
 1433 0125 06       		.uleb128 0x6
 1434 0126 40       		.uleb128 0x40
 1435 0127 18       		.uleb128 0x18
 1436 0128 9742     		.uleb128 0x2117
 1437 012a 19       		.uleb128 0x19
 1438 012b 01       		.uleb128 0x1
 1439 012c 13       		.uleb128 0x13
 1440 012d 00       		.byte	0
 1441 012e 00       		.byte	0
 1442 012f 18       		.uleb128 0x18
 1443 0130 34       		.uleb128 0x34
 1444 0131 00       		.byte	0
 1445 0132 03       		.uleb128 0x3
 1446 0133 0E       		.uleb128 0xe
 1447 0134 3A       		.uleb128 0x3a
 1448 0135 0B       		.uleb128 0xb
 1449 0136 3B       		.uleb128 0x3b
 1450 0137 0B       		.uleb128 0xb
 1451 0138 49       		.uleb128 0x49
 1452 0139 13       		.uleb128 0x13
 1453 013a 02       		.uleb128 0x2
 1454 013b 17       		.uleb128 0x17
 1455 013c 00       		.byte	0
 1456 013d 00       		.byte	0
 1457 013e 19       		.uleb128 0x19
 1458 013f 898201   		.uleb128 0x4109
 1459 0142 00       		.byte	0
 1460 0143 11       		.uleb128 0x11
 1461 0144 01       		.uleb128 0x1
 1462 0145 31       		.uleb128 0x31
 1463 0146 13       		.uleb128 0x13
 1464 0147 00       		.byte	0
 1465 0148 00       		.byte	0
 1466 0149 1A       		.uleb128 0x1a
 1467 014a 34       		.uleb128 0x34
 1468 014b 00       		.byte	0
 1469 014c 03       		.uleb128 0x3
 1470 014d 0E       		.uleb128 0xe
 1471 014e 3A       		.uleb128 0x3a
 1472 014f 0B       		.uleb128 0xb
 1473 0150 3B       		.uleb128 0x3b
 1474 0151 0B       		.uleb128 0xb
 1475 0152 49       		.uleb128 0x49
 1476 0153 13       		.uleb128 0x13
 1477 0154 02       		.uleb128 0x2
ARM GAS  C:\Users\User\AppData\Local\Temp\cchcTLJ5.s 			page 31


 1478 0155 18       		.uleb128 0x18
 1479 0156 00       		.byte	0
 1480 0157 00       		.byte	0
 1481 0158 1B       		.uleb128 0x1b
 1482 0159 34       		.uleb128 0x34
 1483 015a 00       		.byte	0
 1484 015b 03       		.uleb128 0x3
 1485 015c 0E       		.uleb128 0xe
 1486 015d 3A       		.uleb128 0x3a
 1487 015e 0B       		.uleb128 0xb
 1488 015f 3B       		.uleb128 0x3b
 1489 0160 05       		.uleb128 0x5
 1490 0161 49       		.uleb128 0x49
 1491 0162 13       		.uleb128 0x13
 1492 0163 3F       		.uleb128 0x3f
 1493 0164 19       		.uleb128 0x19
 1494 0165 3C       		.uleb128 0x3c
 1495 0166 19       		.uleb128 0x19
 1496 0167 00       		.byte	0
 1497 0168 00       		.byte	0
 1498 0169 1C       		.uleb128 0x1c
 1499 016a 26       		.uleb128 0x26
 1500 016b 00       		.byte	0
 1501 016c 49       		.uleb128 0x49
 1502 016d 13       		.uleb128 0x13
 1503 016e 00       		.byte	0
 1504 016f 00       		.byte	0
 1505 0170 1D       		.uleb128 0x1d
 1506 0171 2E       		.uleb128 0x2e
 1507 0172 00       		.byte	0
 1508 0173 3F       		.uleb128 0x3f
 1509 0174 19       		.uleb128 0x19
 1510 0175 3C       		.uleb128 0x3c
 1511 0176 19       		.uleb128 0x19
 1512 0177 6E       		.uleb128 0x6e
 1513 0178 0E       		.uleb128 0xe
 1514 0179 03       		.uleb128 0x3
 1515 017a 0E       		.uleb128 0xe
 1516 017b 3A       		.uleb128 0x3a
 1517 017c 0B       		.uleb128 0xb
 1518 017d 3B       		.uleb128 0x3b
 1519 017e 05       		.uleb128 0x5
 1520 017f 00       		.byte	0
 1521 0180 00       		.byte	0
 1522 0181 1E       		.uleb128 0x1e
 1523 0182 2E       		.uleb128 0x2e
 1524 0183 00       		.byte	0
 1525 0184 3F       		.uleb128 0x3f
 1526 0185 19       		.uleb128 0x19
 1527 0186 3C       		.uleb128 0x3c
 1528 0187 19       		.uleb128 0x19
 1529 0188 6E       		.uleb128 0x6e
 1530 0189 0E       		.uleb128 0xe
 1531 018a 03       		.uleb128 0x3
 1532 018b 0E       		.uleb128 0xe
 1533 018c 3A       		.uleb128 0x3a
 1534 018d 0B       		.uleb128 0xb
ARM GAS  C:\Users\User\AppData\Local\Temp\cchcTLJ5.s 			page 32


 1535 018e 3B       		.uleb128 0x3b
 1536 018f 0B       		.uleb128 0xb
 1537 0190 00       		.byte	0
 1538 0191 00       		.byte	0
 1539 0192 00       		.byte	0
 1540              		.section	.debug_loc,"",%progbits
 1541              	.Ldebug_loc0:
 1542              	.LLST0:
 1543 0000 12000000 		.4byte	.LVL3
 1544 0004 1B000000 		.4byte	.LVL4-1
 1545 0008 0100     		.2byte	0x1
 1546 000a 50       		.byte	0x50
 1547 000b 76000000 		.4byte	.LVL20
 1548 000f 93000000 		.4byte	.LVL21-1
 1549 0013 0100     		.2byte	0x1
 1550 0015 50       		.byte	0x50
 1551 0016 EA000000 		.4byte	.LVL29
 1552 001a FF000000 		.4byte	.LVL30-1
 1553 001e 0100     		.2byte	0x1
 1554 0020 50       		.byte	0x50
 1555 0021 00000000 		.4byte	0
 1556 0025 00000000 		.4byte	0
 1557              	.LLST1:
 1558 0029 AA000000 		.4byte	.LVL23
 1559 002d D8000000 		.4byte	.LVL25
 1560 0031 0100     		.2byte	0x1
 1561 0033 53       		.byte	0x53
 1562 0034 00000000 		.4byte	0
 1563 0038 00000000 		.4byte	0
 1564              	.LLST2:
 1565 003c B0000000 		.4byte	.LVL24
 1566 0040 E4000000 		.4byte	.LVL27
 1567 0044 0100     		.2byte	0x1
 1568 0046 52       		.byte	0x52
 1569 0047 00000000 		.4byte	0
 1570 004b 00000000 		.4byte	0
 1571              	.LLST3:
 1572 004f 02000000 		.4byte	.LVL1
 1573 0053 06000000 		.4byte	.LVL2
 1574 0057 0200     		.2byte	0x2
 1575 0059 30       		.byte	0x30
 1576 005a 9F       		.byte	0x9f
 1577 005b 06000000 		.4byte	.LVL2
 1578 005f 34000000 		.4byte	.LVL6
 1579 0063 0100     		.2byte	0x1
 1580 0065 55       		.byte	0x55
 1581 0066 38000000 		.4byte	.LVL7
 1582 006a 3A000000 		.4byte	.LVL8
 1583 006e 0200     		.2byte	0x2
 1584 0070 31       		.byte	0x31
 1585 0071 9F       		.byte	0x9f
 1586 0072 3A000000 		.4byte	.LVL8
 1587 0076 40000000 		.4byte	.LVL9
 1588 007a 0100     		.2byte	0x1
 1589 007c 55       		.byte	0x55
 1590 007d 40000000 		.4byte	.LVL9
 1591 0081 44000000 		.4byte	.LVL10
ARM GAS  C:\Users\User\AppData\Local\Temp\cchcTLJ5.s 			page 33


 1592 0085 0200     		.2byte	0x2
 1593 0087 31       		.byte	0x31
 1594 0088 9F       		.byte	0x9f
 1595 0089 44000000 		.4byte	.LVL10
 1596 008d 4E000000 		.4byte	.LVL12
 1597 0091 0100     		.2byte	0x1
 1598 0093 55       		.byte	0x55
 1599 0094 4E000000 		.4byte	.LVL12
 1600 0098 54000000 		.4byte	.LVL13
 1601 009c 0200     		.2byte	0x2
 1602 009e 31       		.byte	0x31
 1603 009f 9F       		.byte	0x9f
 1604 00a0 54000000 		.4byte	.LVL13
 1605 00a4 5A000000 		.4byte	.LVL14
 1606 00a8 0100     		.2byte	0x1
 1607 00aa 55       		.byte	0x55
 1608 00ab 5A000000 		.4byte	.LVL14
 1609 00af 5E000000 		.4byte	.LVL15
 1610 00b3 0200     		.2byte	0x2
 1611 00b5 31       		.byte	0x31
 1612 00b6 9F       		.byte	0x9f
 1613 00b7 5E000000 		.4byte	.LVL15
 1614 00bb 64000000 		.4byte	.LVL16
 1615 00bf 0100     		.2byte	0x1
 1616 00c1 55       		.byte	0x55
 1617 00c2 64000000 		.4byte	.LVL16
 1618 00c6 68000000 		.4byte	.LVL17
 1619 00ca 0200     		.2byte	0x2
 1620 00cc 31       		.byte	0x31
 1621 00cd 9F       		.byte	0x9f
 1622 00ce 68000000 		.4byte	.LVL17
 1623 00d2 6E000000 		.4byte	.LVL18
 1624 00d6 0100     		.2byte	0x1
 1625 00d8 55       		.byte	0x55
 1626 00d9 6E000000 		.4byte	.LVL18
 1627 00dd 70000000 		.4byte	.LVL19
 1628 00e1 0200     		.2byte	0x2
 1629 00e3 30       		.byte	0x30
 1630 00e4 9F       		.byte	0x9f
 1631 00e5 70000000 		.4byte	.LVL19
 1632 00e9 94000000 		.4byte	.LVL21
 1633 00ed 0100     		.2byte	0x1
 1634 00ef 55       		.byte	0x55
 1635 00f0 94000000 		.4byte	.LVL21
 1636 00f4 96000000 		.4byte	.LVL22
 1637 00f8 0200     		.2byte	0x2
 1638 00fa 30       		.byte	0x30
 1639 00fb 9F       		.byte	0x9f
 1640 00fc 96000000 		.4byte	.LVL22
 1641 0100 E0000000 		.4byte	.LVL26
 1642 0104 0100     		.2byte	0x1
 1643 0106 55       		.byte	0x55
 1644 0107 00000000 		.4byte	0
 1645 010b 00000000 		.4byte	0
 1646              	.LLST4:
 1647 010f 22000000 		.4byte	.LVL5
 1648 0113 E6000000 		.4byte	.LVL28
ARM GAS  C:\Users\User\AppData\Local\Temp\cchcTLJ5.s 			page 34


 1649 0117 0100     		.2byte	0x1
 1650 0119 54       		.byte	0x54
 1651 011a 00000000 		.4byte	0
 1652 011e 00000000 		.4byte	0
 1653              	.LLST5:
 1654 0122 02000000 		.4byte	.LVL1
 1655 0126 06000000 		.4byte	.LVL2
 1656 012a 0200     		.2byte	0x2
 1657 012c 30       		.byte	0x30
 1658 012d 9F       		.byte	0x9f
 1659 012e 06000000 		.4byte	.LVL2
 1660 0132 48000000 		.4byte	.LVL11
 1661 0136 0100     		.2byte	0x1
 1662 0138 56       		.byte	0x56
 1663 0139 48000000 		.4byte	.LVL11
 1664 013d 54000000 		.4byte	.LVL13
 1665 0141 0200     		.2byte	0x2
 1666 0143 31       		.byte	0x31
 1667 0144 9F       		.byte	0x9f
 1668 0145 54000000 		.4byte	.LVL13
 1669 0149 04010000 		.4byte	.LVL31
 1670 014d 0100     		.2byte	0x1
 1671 014f 56       		.byte	0x56
 1672 0150 04010000 		.4byte	.LVL31
 1673 0154 10010000 		.4byte	.LFE159
 1674 0158 0100     		.2byte	0x1
 1675 015a 50       		.byte	0x50
 1676 015b 00000000 		.4byte	0
 1677 015f 00000000 		.4byte	0
 1678              	.LLST6:
 1679 0163 E0000000 		.4byte	.LVL26
 1680 0167 E6000000 		.4byte	.LVL28
 1681 016b 0100     		.2byte	0x1
 1682 016d 55       		.byte	0x55
 1683 016e E6000000 		.4byte	.LVL28
 1684 0172 00010000 		.4byte	.LVL30
 1685 0176 0600     		.2byte	0x6
 1686 0178 75       		.byte	0x75
 1687 0179 00       		.sleb128 0
 1688 017a 74       		.byte	0x74
 1689 017b 00       		.sleb128 0
 1690 017c 22       		.byte	0x22
 1691 017d 9F       		.byte	0x9f
 1692 017e 00000000 		.4byte	0
 1693 0182 00000000 		.4byte	0
 1694              		.section	.debug_aranges,"",%progbits
 1695 0000 24000000 		.4byte	0x24
 1696 0004 0200     		.2byte	0x2
 1697 0006 00000000 		.4byte	.Ldebug_info0
 1698 000a 04       		.byte	0x4
 1699 000b 00       		.byte	0
 1700 000c 0000     		.2byte	0
 1701 000e 0000     		.2byte	0
 1702 0010 00000000 		.4byte	.LFB158
 1703 0014 14000000 		.4byte	.LFE158-.LFB158
 1704 0018 00000000 		.4byte	.LFB159
 1705 001c 10010000 		.4byte	.LFE159-.LFB159
ARM GAS  C:\Users\User\AppData\Local\Temp\cchcTLJ5.s 			page 35


 1706 0020 00000000 		.4byte	0
 1707 0024 00000000 		.4byte	0
 1708              		.section	.debug_ranges,"",%progbits
 1709              	.Ldebug_ranges0:
 1710 0000 00000000 		.4byte	.LFB158
 1711 0004 14000000 		.4byte	.LFE158
 1712 0008 00000000 		.4byte	.LFB159
 1713 000c 10010000 		.4byte	.LFE159
 1714 0010 00000000 		.4byte	0
 1715 0014 00000000 		.4byte	0
 1716              		.section	.debug_line,"",%progbits
 1717              	.Ldebug_line0:
 1718 0000 5E020000 		.section	.debug_str,"MS",%progbits,1
 1718      0200FC01 
 1718      00000201 
 1718      FB0E0D00 
 1718      01010101 
 1719              	.LASF106:
 1720 0000 43795F53 		.ascii	"Cy_SysLib_EnterCriticalSection\000"
 1720      79734C69 
 1720      625F456E 
 1720      74657243 
 1720      72697469 
 1721              	.LASF84:
 1722 001f 43617053 		.ascii	"CapSense_FLASH_STRUCT\000"
 1722      656E7365 
 1722      5F464C41 
 1722      53485F53 
 1722      54525543 
 1723              	.LASF66:
 1724 0035 77646774 		.ascii	"wdgtList\000"
 1724      4C697374 
 1724      00
 1725              	.LASF71:
 1726 003e 736E7254 		.ascii	"snrTestRawCount\000"
 1726      65737452 
 1726      6177436F 
 1726      756E7400 
 1727              	.LASF112:
 1728 004e 43617053 		.ascii	"CapSense_TuInitialize\000"
 1728      656E7365 
 1728      5F547549 
 1728      6E697469 
 1728      616C697A 
 1729              	.LASF48:
 1730 0064 62736C6E 		.ascii	"bsln\000"
 1730      00
 1731              	.LASF96:
 1732 0069 73656E73 		.ascii	"sensorId\000"
 1732      6F724964 
 1732      00
 1733              	.LASF92:
 1734 0072 43617053 		.ascii	"CapSense_TU_CMD_ENUM\000"
 1734      656E7365 
 1734      5F54555F 
 1734      434D445F 
 1734      454E554D 
ARM GAS  C:\Users\User\AppData\Local\Temp\cchcTLJ5.s 			page 36


 1735              	.LASF32:
 1736 0087 6C6F7742 		.ascii	"lowBslnRst\000"
 1736      736C6E52 
 1736      737400
 1737              	.LASF50:
 1738 0092 64696666 		.ascii	"diff\000"
 1738      00
 1739              	.LASF79:
 1740 0097 746F7461 		.ascii	"totalNumSns\000"
 1740      6C4E756D 
 1740      536E7300 
 1741              	.LASF91:
 1742 00a3 43617053 		.ascii	"CapSense_TU_CMD_ONE_SCAN_E\000"
 1742      656E7365 
 1742      5F54555F 
 1742      434D445F 
 1742      4F4E455F 
 1743              	.LASF33:
 1744 00be 69646163 		.ascii	"idacMod\000"
 1744      4D6F6400 
 1745              	.LASF102:
 1746 00c6 74756E65 		.ascii	"tunerFsm\000"
 1746      7246736D 
 1746      00
 1747              	.LASF2:
 1748 00cf 73686F72 		.ascii	"short int\000"
 1748      7420696E 
 1748      7400
 1749              	.LASF36:
 1750 00d9 43617053 		.ascii	"CapSense_RAM_WD_BUTTON_STRUCT\000"
 1750      656E7365 
 1750      5F52414D 
 1750      5F57445F 
 1750      42555454 
 1751              	.LASF31:
 1752 00f7 6F6E4465 		.ascii	"onDebounce\000"
 1752      626F756E 
 1752      636500
 1753              	.LASF17:
 1754 0102 73697A65 		.ascii	"sizetype\000"
 1754      74797065 
 1754      00
 1755              	.LASF88:
 1756 010b 43617053 		.ascii	"CapSense_TU_CMD_RESTART_E\000"
 1756      656E7365 
 1756      5F54555F 
 1756      434D445F 
 1756      52455354 
 1757              	.LASF82:
 1758 0125 43617053 		.ascii	"CapSense_FLASH_WD_STRUCT\000"
 1758      656E7365 
 1758      5F464C41 
 1758      53485F57 
 1758      445F5354 
 1759              	.LASF29:
 1760 013e 6E4E6F69 		.ascii	"nNoiseTh\000"
 1760      73655468 
ARM GAS  C:\Users\User\AppData\Local\Temp\cchcTLJ5.s 			page 37


 1760      00
 1761              	.LASF52:
 1762 0147 69646163 		.ascii	"idacComp\000"
 1762      436F6D70 
 1762      00
 1763              	.LASF109:
 1764 0150 474E5520 		.ascii	"GNU C11 5.4.1 20160609 (release) [ARM/embedded-5-br"
 1764      43313120 
 1764      352E342E 
 1764      31203230 
 1764      31363036 
 1765 0183 616E6368 		.ascii	"anch revision 237715] -mcpu=cortex-m4 -mfloat-abi=s"
 1765      20726576 
 1765      6973696F 
 1765      6E203233 
 1765      37373135 
 1766 01b6 6F667466 		.ascii	"oftfp -mfpu=fpv4-sp-d16 -mthumb -g -Og -ffunction-s"
 1766      70202D6D 
 1766      6670753D 
 1766      66707634 
 1766      2D73702D 
 1767 01e9 65637469 		.ascii	"ections -ffat-lto-objects\000"
 1767      6F6E7320 
 1767      2D666661 
 1767      742D6C74 
 1767      6F2D6F62 
 1768              	.LASF64:
 1769 0203 63736430 		.ascii	"csd0Config\000"
 1769      436F6E66 
 1769      696700
 1770              	.LASF8:
 1771 020e 5F5F7569 		.ascii	"__uint32_t\000"
 1771      6E743332 
 1771      5F7400
 1772              	.LASF35:
 1773 0219 736E7343 		.ascii	"snsClkSource\000"
 1773      6C6B536F 
 1773      75726365 
 1773      00
 1774              	.LASF4:
 1775 0226 5F5F7569 		.ascii	"__uint16_t\000"
 1775      6E743136 
 1775      5F7400
 1776              	.LASF85:
 1777 0231 43617053 		.ascii	"CapSense_TU_CMD_NONE_E\000"
 1777      656E7365 
 1777      5F54555F 
 1777      434D445F 
 1777      4E4F4E45 
 1778              	.LASF28:
 1779 0248 6E6F6973 		.ascii	"noiseTh\000"
 1779      65546800 
 1780              	.LASF56:
 1781 0250 64657669 		.ascii	"deviceId\000"
 1781      63654964 
 1781      00
 1782              	.LASF22:
ARM GAS  C:\Users\User\AppData\Local\Temp\cchcTLJ5.s 			page 38


 1783 0259 75696E74 		.ascii	"uint16\000"
 1783      313600
 1784              	.LASF113:
 1785 0260 43617053 		.ascii	"CapSense_RunTuner\000"
 1785      656E7365 
 1785      5F52756E 
 1785      54756E65 
 1785      7200
 1786              	.LASF77:
 1787 0272 70747232 		.ascii	"ptr2DebounceArr\000"
 1787      4465626F 
 1787      756E6365 
 1787      41727200 
 1788              	.LASF13:
 1789 0282 75696E74 		.ascii	"uint8_t\000"
 1789      385F7400 
 1790              	.LASF21:
 1791 028a 75696E74 		.ascii	"uint8\000"
 1791      3800
 1792              	.LASF34:
 1793 0290 736E7343 		.ascii	"snsClk\000"
 1793      6C6B00
 1794              	.LASF19:
 1795 0297 666C6F61 		.ascii	"float\000"
 1795      7400
 1796              	.LASF47:
 1797 029d 43617053 		.ascii	"CapSense_RAM_WD_LIST_STRUCT\000"
 1797      656E7365 
 1797      5F52414D 
 1797      5F57445F 
 1797      4C495354 
 1798              	.LASF10:
 1799 02b9 6C6F6E67 		.ascii	"long long int\000"
 1799      206C6F6E 
 1799      6720696E 
 1799      7400
 1800              	.LASF90:
 1801 02c7 43617053 		.ascii	"CapSense_TU_CMD_PING_E\000"
 1801      656E7365 
 1801      5F54555F 
 1801      434D445F 
 1801      50494E47 
 1802              	.LASF18:
 1803 02de 63686172 		.ascii	"char\000"
 1803      00
 1804              	.LASF7:
 1805 02e3 6C6F6E67 		.ascii	"long int\000"
 1805      20696E74 
 1805      00
 1806              	.LASF80:
 1807 02ec 77646774 		.ascii	"wdgtType\000"
 1807      54797065 
 1807      00
 1808              	.LASF24:
 1809 02f5 43617053 		.ascii	"CapSense_THRESHOLD_TYPE\000"
 1809      656E7365 
 1809      5F544852 
ARM GAS  C:\Users\User\AppData\Local\Temp\cchcTLJ5.s 			page 39


 1809      4553484F 
 1809      4C445F54 
 1810              	.LASF51:
 1811 030d 6E656742 		.ascii	"negBslnRstCnt\000"
 1811      736C6E52 
 1811      7374436E 
 1811      7400
 1812              	.LASF3:
 1813 031b 5F5F7569 		.ascii	"__uint8_t\000"
 1813      6E74385F 
 1813      7400
 1814              	.LASF104:
 1815 0325 43617053 		.ascii	"CapSense_dsRam\000"
 1815      656E7365 
 1815      5F647352 
 1815      616D00
 1816              	.LASF27:
 1817 0334 66696E67 		.ascii	"fingerTh\000"
 1817      65725468 
 1817      00
 1818              	.LASF81:
 1819 033d 6E756D43 		.ascii	"numCols\000"
 1819      6F6C7300 
 1820              	.LASF30:
 1821 0345 68797374 		.ascii	"hysteresis\000"
 1821      65726573 
 1821      697300
 1822              	.LASF107:
 1823 0350 43795F53 		.ascii	"Cy_SysLib_ExitCriticalSection\000"
 1823      79734C69 
 1823      625F4578 
 1823      69744372 
 1823      69746963 
 1824              	.LASF58:
 1825 036e 74756E65 		.ascii	"tunerCmd\000"
 1825      72436D64 
 1825      00
 1826              	.LASF93:
 1827 0377 6C6F6E67 		.ascii	"long double\000"
 1827      20646F75 
 1827      626C6500 
 1828              	.LASF62:
 1829 0383 77646774 		.ascii	"wdgtStatus\000"
 1829      53746174 
 1829      757300
 1830              	.LASF101:
 1831 038e 70747253 		.ascii	"ptrSnsTmp\000"
 1831      6E73546D 
 1831      7000
 1832              	.LASF1:
 1833 0398 756E7369 		.ascii	"unsigned char\000"
 1833      676E6564 
 1833      20636861 
 1833      7200
 1834              	.LASF105:
 1835 03a6 43617053 		.ascii	"CapSense_dsFlash\000"
 1835      656E7365 
ARM GAS  C:\Users\User\AppData\Local\Temp\cchcTLJ5.s 			page 40


 1835      5F647346 
 1835      6C617368 
 1835      00
 1836              	.LASF0:
 1837 03b7 7369676E 		.ascii	"signed char\000"
 1837      65642063 
 1837      68617200 
 1838              	.LASF54:
 1839 03c3 43617053 		.ascii	"CapSense_RAM_SNS_LIST_STRUCT\000"
 1839      656E7365 
 1839      5F52414D 
 1839      5F534E53 
 1839      5F4C4953 
 1840              	.LASF11:
 1841 03e0 6C6F6E67 		.ascii	"long long unsigned int\000"
 1841      206C6F6E 
 1841      6720756E 
 1841      7369676E 
 1841      65642069 
 1842              	.LASF53:
 1843 03f7 43617053 		.ascii	"CapSense_RAM_SNS_STRUCT\000"
 1843      656E7365 
 1843      5F52414D 
 1843      5F534E53 
 1843      5F535452 
 1844              	.LASF16:
 1845 040f 75696E74 		.ascii	"uint32_t\000"
 1845      33325F74 
 1845      00
 1846              	.LASF78:
 1847 0418 73746174 		.ascii	"staticConfig\000"
 1847      6963436F 
 1847      6E666967 
 1847      00
 1848              	.LASF108:
 1849 0425 43617053 		.ascii	"CapSense_Start\000"
 1849      656E7365 
 1849      5F537461 
 1849      727400
 1850              	.LASF12:
 1851 0434 756E7369 		.ascii	"unsigned int\000"
 1851      676E6564 
 1851      20696E74 
 1851      00
 1852              	.LASF14:
 1853 0441 75696E74 		.ascii	"uint16_t\000"
 1853      31365F74 
 1853      00
 1854              	.LASF97:
 1855 044a 75706461 		.ascii	"updateFlag\000"
 1855      7465466C 
 1855      616700
 1856              	.LASF61:
 1857 0455 77646774 		.ascii	"wdgtEnable\000"
 1857      456E6162 
 1857      6C6500
 1858              	.LASF60:
ARM GAS  C:\Users\User\AppData\Local\Temp\cchcTLJ5.s 			page 41


 1859 0460 73746174 		.ascii	"status\000"
 1859      757300
 1860              	.LASF5:
 1861 0467 73686F72 		.ascii	"short unsigned int\000"
 1861      7420756E 
 1861      7369676E 
 1861      65642069 
 1861      6E7400
 1862              	.LASF55:
 1863 047a 636F6E66 		.ascii	"configId\000"
 1863      69674964 
 1863      00
 1864              	.LASF95:
 1865 0483 77696467 		.ascii	"widgetId\000"
 1865      65744964 
 1865      00
 1866              	.LASF69:
 1867 048c 736E7254 		.ascii	"snrTestSensorId\000"
 1867      65737453 
 1867      656E736F 
 1867      72496400 
 1868              	.LASF70:
 1869 049c 736E7254 		.ascii	"snrTestScanCounter\000"
 1869      65737453 
 1869      63616E43 
 1869      6F756E74 
 1869      657200
 1870              	.LASF15:
 1871 04af 696E7433 		.ascii	"int32_t\000"
 1871      325F7400 
 1872              	.LASF26:
 1873 04b7 7265736F 		.ascii	"resolution\000"
 1873      6C757469 
 1873      6F6E00
 1874              	.LASF76:
 1875 04c2 70747232 		.ascii	"ptr2FltrHistory\000"
 1875      466C7472 
 1875      48697374 
 1875      6F727900 
 1876              	.LASF67:
 1877 04d2 736E734C 		.ascii	"snsList\000"
 1877      69737400 
 1878              	.LASF65:
 1879 04da 6D6F6443 		.ascii	"modCsdClk\000"
 1879      7364436C 
 1879      6B00
 1880              	.LASF59:
 1881 04e4 7363616E 		.ascii	"scanCounter\000"
 1881      436F756E 
 1881      74657200 
 1882              	.LASF74:
 1883 04f0 70747232 		.ascii	"ptr2WdgtRam\000"
 1883      57646774 
 1883      52616D00 
 1884              	.LASF94:
 1885 04fc 696E7465 		.ascii	"interruptState\000"
 1885      72727570 
ARM GAS  C:\Users\User\AppData\Local\Temp\cchcTLJ5.s 			page 42


 1885      74537461 
 1885      746500
 1886              	.LASF72:
 1887 050b 43617053 		.ascii	"CapSense_RAM_STRUCT\000"
 1887      656E7365 
 1887      5F52414D 
 1887      5F535452 
 1887      55435400 
 1888              	.LASF23:
 1889 051f 75696E74 		.ascii	"uint32\000"
 1889      333200
 1890              	.LASF9:
 1891 0526 6C6F6E67 		.ascii	"long unsigned int\000"
 1891      20756E73 
 1891      69676E65 
 1891      6420696E 
 1891      7400
 1892              	.LASF20:
 1893 0538 646F7562 		.ascii	"double\000"
 1893      6C6500
 1894              	.LASF75:
 1895 053f 70747232 		.ascii	"ptr2SnsRam\000"
 1895      536E7352 
 1895      616D00
 1896              	.LASF49:
 1897 054a 62736C6E 		.ascii	"bslnExt\000"
 1897      45787400 
 1898              	.LASF110:
 1899 0552 47656E65 		.ascii	"Generated_Source\\PSoC6\\CapSense_Tuner.c\000"
 1899      72617465 
 1899      645F536F 
 1899      75726365 
 1899      5C50536F 
 1900              	.LASF89:
 1901 057a 43617053 		.ascii	"CapSense_TU_CMD_RUN_SNR_TEST_E\000"
 1901      656E7365 
 1901      5F54555F 
 1901      434D445F 
 1901      52554E5F 
 1902              	.LASF100:
 1903 0599 70747244 		.ascii	"ptrDsRam\000"
 1903      7352616D 
 1903      00
 1904              	.LASF25:
 1905 05a2 43617053 		.ascii	"CapSense_LOW_BSLN_RST_TYPE\000"
 1905      656E7365 
 1905      5F4C4F57 
 1905      5F42534C 
 1905      4E5F5253 
 1906              	.LASF57:
 1907 05bd 6877436C 		.ascii	"hwClock\000"
 1907      6F636B00 
 1908              	.LASF6:
 1909 05c5 5F5F696E 		.ascii	"__int32_t\000"
 1909      7433325F 
 1909      7400
 1910              	.LASF87:
ARM GAS  C:\Users\User\AppData\Local\Temp\cchcTLJ5.s 			page 43


 1911 05cf 43617053 		.ascii	"CapSense_TU_CMD_RESUME_E\000"
 1911      656E7365 
 1911      5F54555F 
 1911      434D445F 
 1911      52455355 
 1912              	.LASF37:
 1913 05e8 62757474 		.ascii	"button0\000"
 1913      6F6E3000 
 1914              	.LASF38:
 1915 05f0 62757474 		.ascii	"button1\000"
 1915      6F6E3100 
 1916              	.LASF39:
 1917 05f8 62757474 		.ascii	"button2\000"
 1917      6F6E3200 
 1918              	.LASF40:
 1919 0600 62757474 		.ascii	"button3\000"
 1919      6F6E3300 
 1920              	.LASF41:
 1921 0608 62757474 		.ascii	"button4\000"
 1921      6F6E3400 
 1922              	.LASF42:
 1923 0610 62757474 		.ascii	"button5\000"
 1923      6F6E3500 
 1924              	.LASF43:
 1925 0618 62757474 		.ascii	"button6\000"
 1925      6F6E3600 
 1926              	.LASF44:
 1927 0620 62757474 		.ascii	"button7\000"
 1927      6F6E3700 
 1928              	.LASF45:
 1929 0628 62757474 		.ascii	"button8\000"
 1929      6F6E3800 
 1930              	.LASF46:
 1931 0630 62757474 		.ascii	"button9\000"
 1931      6F6E3900 
 1932              	.LASF86:
 1933 0638 43617053 		.ascii	"CapSense_TU_CMD_SUSPEND_E\000"
 1933      656E7365 
 1933      5F54555F 
 1933      434D445F 
 1933      53555350 
 1934              	.LASF68:
 1935 0652 736E7254 		.ascii	"snrTestWidgetId\000"
 1935      65737457 
 1935      69646765 
 1935      74496400 
 1936              	.LASF103:
 1937 0662 49544D5F 		.ascii	"ITM_RxBuffer\000"
 1937      52784275 
 1937      66666572 
 1937      00
 1938              	.LASF83:
 1939 066f 77646774 		.ascii	"wdgtArray\000"
 1939      41727261 
 1939      7900
 1940              	.LASF99:
 1941 0679 74756E65 		.ascii	"tunerStatus\000"
ARM GAS  C:\Users\User\AppData\Local\Temp\cchcTLJ5.s 			page 44


 1941      72537461 
 1941      74757300 
 1942              	.LASF73:
 1943 0685 70747232 		.ascii	"ptr2SnsFlash\000"
 1943      536E7346 
 1943      6C617368 
 1943      00
 1944              	.LASF63:
 1945 0692 736E7353 		.ascii	"snsStatus\000"
 1945      74617475 
 1945      7300
 1946              	.LASF111:
 1947 069c 433A5C55 		.ascii	"C:\\Users\\User\\Desktop\\CE218135_BLE_Proximity02\\"
 1947      73657273 
 1947      5C557365 
 1947      725C4465 
 1947      736B746F 
 1948 06cb 43453231 		.ascii	"CE218135_BLE_Proximity01.cydsn\000"
 1948      38313335 
 1948      5F424C45 
 1948      5F50726F 
 1948      78696D69 
 1949              	.LASF98:
 1950 06ea 636F6D6D 		.ascii	"command\000"
 1950      616E6400 
 1951              		.ident	"GCC: (GNU Tools for ARM Embedded Processors) 5.4.1 20160609 (release) [ARM/embedded-5-bran
