ARM GAS  C:\Users\Coal\AppData\Local\Temp\cc3BCa7g.s 			page 1


   1              		.syntax unified
   2              		.cpu cortex-m0plus
   3              		.fpu softvfp
   4              		.eabi_attribute 20, 1
   5              		.eabi_attribute 21, 1
   6              		.eabi_attribute 23, 3
   7              		.eabi_attribute 24, 1
   8              		.eabi_attribute 25, 1
   9              		.eabi_attribute 26, 1
  10              		.eabi_attribute 30, 1
  11              		.eabi_attribute 34, 0
  12              		.eabi_attribute 18, 4
  13              		.thumb
  14              		.syntax unified
  15              		.file	"main_cm0p.c"
  16              		.text
  17              	.Ltext0:
  18              		.cfi_sections	.debug_frame
  19              		.section	.text.main,"ax",%progbits
  20              		.align	2
  21              		.global	main
  22              		.code	16
  23              		.thumb_func
  24              		.type	main, %function
  25              	main:
  26              	.LFB366:
  27              		.file 1 "main_cm0p.c"
   1:main_cm0p.c   **** /* ========================================
   2:main_cm0p.c   ****  *
   3:main_cm0p.c   ****  * Copyright YOUR COMPANY, THE YEAR
   4:main_cm0p.c   ****  * All Rights Reserved
   5:main_cm0p.c   ****  * UNPUBLISHED, LICENSED SOFTWARE.
   6:main_cm0p.c   ****  *
   7:main_cm0p.c   ****  * CONFIDENTIAL AND PROPRIETARY INFORMATION
   8:main_cm0p.c   ****  * WHICH IS THE PROPERTY OF your company.
   9:main_cm0p.c   ****  *
  10:main_cm0p.c   ****  * ========================================
  11:main_cm0p.c   **** */
  12:main_cm0p.c   **** #include "project.h"
  13:main_cm0p.c   **** 
  14:main_cm0p.c   **** int main(void)
  15:main_cm0p.c   **** {
  28              		.loc 1 15 0
  29              		.cfi_startproc
  30              		@ Volatile: function does not return.
  31              		@ args = 0, pretend = 0, frame = 0
  32              		@ frame_needed = 0, uses_anonymous_args = 0
  33 0000 10B5     		push	{r4, lr}
  34              		.cfi_def_cfa_offset 8
  35              		.cfi_offset 4, -8
  36              		.cfi_offset 14, -4
  37              	.LBB4:
  38              	.LBB5:
  39              		.file 2 "Generated_Source\\PSoC6\\pdl\\cmsis/include/cmsis_gcc.h"
   1:Generated_Source\PSoC6\pdl\cmsis/include/cmsis_gcc.h **** /**************************************************************************//**
   2:Generated_Source\PSoC6\pdl\cmsis/include/cmsis_gcc.h ****  * @file     cmsis_gcc.h
   3:Generated_Source\PSoC6\pdl\cmsis/include/cmsis_gcc.h ****  * @brief    CMSIS compiler GCC header file
ARM GAS  C:\Users\Coal\AppData\Local\Temp\cc3BCa7g.s 			page 2


   4:Generated_Source\PSoC6\pdl\cmsis/include/cmsis_gcc.h ****  * @version  V5.0.1
   5:Generated_Source\PSoC6\pdl\cmsis/include/cmsis_gcc.h ****  * @date     02. February 2017
   6:Generated_Source\PSoC6\pdl\cmsis/include/cmsis_gcc.h ****  ******************************************************************************/
   7:Generated_Source\PSoC6\pdl\cmsis/include/cmsis_gcc.h **** /*
   8:Generated_Source\PSoC6\pdl\cmsis/include/cmsis_gcc.h ****  * Copyright (c) 2009-2017 ARM Limited. All rights reserved.
   9:Generated_Source\PSoC6\pdl\cmsis/include/cmsis_gcc.h ****  *
  10:Generated_Source\PSoC6\pdl\cmsis/include/cmsis_gcc.h ****  * SPDX-License-Identifier: Apache-2.0
  11:Generated_Source\PSoC6\pdl\cmsis/include/cmsis_gcc.h ****  *
  12:Generated_Source\PSoC6\pdl\cmsis/include/cmsis_gcc.h ****  * Licensed under the Apache License, Version 2.0 (the License); you may
  13:Generated_Source\PSoC6\pdl\cmsis/include/cmsis_gcc.h ****  * not use this file except in compliance with the License.
  14:Generated_Source\PSoC6\pdl\cmsis/include/cmsis_gcc.h ****  * You may obtain a copy of the License at
  15:Generated_Source\PSoC6\pdl\cmsis/include/cmsis_gcc.h ****  *
  16:Generated_Source\PSoC6\pdl\cmsis/include/cmsis_gcc.h ****  * www.apache.org/licenses/LICENSE-2.0
  17:Generated_Source\PSoC6\pdl\cmsis/include/cmsis_gcc.h ****  *
  18:Generated_Source\PSoC6\pdl\cmsis/include/cmsis_gcc.h ****  * Unless required by applicable law or agreed to in writing, software
  19:Generated_Source\PSoC6\pdl\cmsis/include/cmsis_gcc.h ****  * distributed under the License is distributed on an AS IS BASIS, WITHOUT
  20:Generated_Source\PSoC6\pdl\cmsis/include/cmsis_gcc.h ****  * WARRANTIES OR CONDITIONS OF ANY KIND, either express or implied.
  21:Generated_Source\PSoC6\pdl\cmsis/include/cmsis_gcc.h ****  * See the License for the specific language governing permissions and
  22:Generated_Source\PSoC6\pdl\cmsis/include/cmsis_gcc.h ****  * limitations under the License.
  23:Generated_Source\PSoC6\pdl\cmsis/include/cmsis_gcc.h ****  */
  24:Generated_Source\PSoC6\pdl\cmsis/include/cmsis_gcc.h **** 
  25:Generated_Source\PSoC6\pdl\cmsis/include/cmsis_gcc.h **** #ifndef __CMSIS_GCC_H
  26:Generated_Source\PSoC6\pdl\cmsis/include/cmsis_gcc.h **** #define __CMSIS_GCC_H
  27:Generated_Source\PSoC6\pdl\cmsis/include/cmsis_gcc.h **** 
  28:Generated_Source\PSoC6\pdl\cmsis/include/cmsis_gcc.h **** /* ignore some GCC warnings */
  29:Generated_Source\PSoC6\pdl\cmsis/include/cmsis_gcc.h **** #pragma GCC diagnostic push
  30:Generated_Source\PSoC6\pdl\cmsis/include/cmsis_gcc.h **** #pragma GCC diagnostic ignored "-Wsign-conversion"
  31:Generated_Source\PSoC6\pdl\cmsis/include/cmsis_gcc.h **** #pragma GCC diagnostic ignored "-Wconversion"
  32:Generated_Source\PSoC6\pdl\cmsis/include/cmsis_gcc.h **** #pragma GCC diagnostic ignored "-Wunused-parameter"
  33:Generated_Source\PSoC6\pdl\cmsis/include/cmsis_gcc.h **** 
  34:Generated_Source\PSoC6\pdl\cmsis/include/cmsis_gcc.h **** /* CMSIS compiler specific defines */
  35:Generated_Source\PSoC6\pdl\cmsis/include/cmsis_gcc.h **** #ifndef   __ASM
  36:Generated_Source\PSoC6\pdl\cmsis/include/cmsis_gcc.h ****   #define __ASM                     __asm
  37:Generated_Source\PSoC6\pdl\cmsis/include/cmsis_gcc.h **** #endif
  38:Generated_Source\PSoC6\pdl\cmsis/include/cmsis_gcc.h **** #ifndef   __INLINE
  39:Generated_Source\PSoC6\pdl\cmsis/include/cmsis_gcc.h ****   #define __INLINE                  inline
  40:Generated_Source\PSoC6\pdl\cmsis/include/cmsis_gcc.h **** #endif
  41:Generated_Source\PSoC6\pdl\cmsis/include/cmsis_gcc.h **** #ifndef   __STATIC_INLINE
  42:Generated_Source\PSoC6\pdl\cmsis/include/cmsis_gcc.h ****   #define __STATIC_INLINE           static inline
  43:Generated_Source\PSoC6\pdl\cmsis/include/cmsis_gcc.h **** #endif
  44:Generated_Source\PSoC6\pdl\cmsis/include/cmsis_gcc.h **** #ifndef   __NO_RETURN
  45:Generated_Source\PSoC6\pdl\cmsis/include/cmsis_gcc.h ****   #define __NO_RETURN               __attribute__((noreturn))
  46:Generated_Source\PSoC6\pdl\cmsis/include/cmsis_gcc.h **** #endif
  47:Generated_Source\PSoC6\pdl\cmsis/include/cmsis_gcc.h **** #ifndef   __USED
  48:Generated_Source\PSoC6\pdl\cmsis/include/cmsis_gcc.h ****   #define __USED                    __attribute__((used))
  49:Generated_Source\PSoC6\pdl\cmsis/include/cmsis_gcc.h **** #endif
  50:Generated_Source\PSoC6\pdl\cmsis/include/cmsis_gcc.h **** #ifndef   __WEAK
  51:Generated_Source\PSoC6\pdl\cmsis/include/cmsis_gcc.h ****   #define __WEAK                    __attribute__((weak))
  52:Generated_Source\PSoC6\pdl\cmsis/include/cmsis_gcc.h **** #endif
  53:Generated_Source\PSoC6\pdl\cmsis/include/cmsis_gcc.h **** #ifndef   __UNALIGNED_UINT32
  54:Generated_Source\PSoC6\pdl\cmsis/include/cmsis_gcc.h **** #pragma GCC diagnostic push
  55:Generated_Source\PSoC6\pdl\cmsis/include/cmsis_gcc.h **** #pragma GCC diagnostic ignored "-Wpacked"
  56:Generated_Source\PSoC6\pdl\cmsis/include/cmsis_gcc.h **** #pragma GCC diagnostic ignored "-Wattributes"
  57:Generated_Source\PSoC6\pdl\cmsis/include/cmsis_gcc.h ****   struct __attribute__((packed)) T_UINT32 { uint32_t v; };
  58:Generated_Source\PSoC6\pdl\cmsis/include/cmsis_gcc.h **** #pragma GCC diagnostic pop
  59:Generated_Source\PSoC6\pdl\cmsis/include/cmsis_gcc.h ****   #define __UNALIGNED_UINT32(x)     (((struct T_UINT32 *)(x))->v)
  60:Generated_Source\PSoC6\pdl\cmsis/include/cmsis_gcc.h **** #endif
ARM GAS  C:\Users\Coal\AppData\Local\Temp\cc3BCa7g.s 			page 3


  61:Generated_Source\PSoC6\pdl\cmsis/include/cmsis_gcc.h **** #ifndef   __ALIGNED
  62:Generated_Source\PSoC6\pdl\cmsis/include/cmsis_gcc.h ****   #define __ALIGNED(x)              __attribute__((aligned(x)))
  63:Generated_Source\PSoC6\pdl\cmsis/include/cmsis_gcc.h **** #endif
  64:Generated_Source\PSoC6\pdl\cmsis/include/cmsis_gcc.h **** #ifndef   __PACKED
  65:Generated_Source\PSoC6\pdl\cmsis/include/cmsis_gcc.h ****   #define __PACKED                  __attribute__((packed, aligned(1)))
  66:Generated_Source\PSoC6\pdl\cmsis/include/cmsis_gcc.h **** #endif
  67:Generated_Source\PSoC6\pdl\cmsis/include/cmsis_gcc.h **** #ifndef   __PACKED_STRUCT
  68:Generated_Source\PSoC6\pdl\cmsis/include/cmsis_gcc.h ****   #define __PACKED_STRUCT           struct __attribute__((packed, aligned(1)))
  69:Generated_Source\PSoC6\pdl\cmsis/include/cmsis_gcc.h **** #endif
  70:Generated_Source\PSoC6\pdl\cmsis/include/cmsis_gcc.h **** 
  71:Generated_Source\PSoC6\pdl\cmsis/include/cmsis_gcc.h **** 
  72:Generated_Source\PSoC6\pdl\cmsis/include/cmsis_gcc.h **** /* ###########################  Core Function Access  ########################### */
  73:Generated_Source\PSoC6\pdl\cmsis/include/cmsis_gcc.h **** /** \ingroup  CMSIS_Core_FunctionInterface
  74:Generated_Source\PSoC6\pdl\cmsis/include/cmsis_gcc.h ****     \defgroup CMSIS_Core_RegAccFunctions CMSIS Core Register Access Functions
  75:Generated_Source\PSoC6\pdl\cmsis/include/cmsis_gcc.h ****   @{
  76:Generated_Source\PSoC6\pdl\cmsis/include/cmsis_gcc.h ****  */
  77:Generated_Source\PSoC6\pdl\cmsis/include/cmsis_gcc.h **** 
  78:Generated_Source\PSoC6\pdl\cmsis/include/cmsis_gcc.h **** /**
  79:Generated_Source\PSoC6\pdl\cmsis/include/cmsis_gcc.h ****   \brief   Enable IRQ Interrupts
  80:Generated_Source\PSoC6\pdl\cmsis/include/cmsis_gcc.h ****   \details Enables IRQ interrupts by clearing the I-bit in the CPSR.
  81:Generated_Source\PSoC6\pdl\cmsis/include/cmsis_gcc.h ****            Can only be executed in Privileged modes.
  82:Generated_Source\PSoC6\pdl\cmsis/include/cmsis_gcc.h ****  */
  83:Generated_Source\PSoC6\pdl\cmsis/include/cmsis_gcc.h **** __attribute__((always_inline)) __STATIC_INLINE void __enable_irq(void)
  84:Generated_Source\PSoC6\pdl\cmsis/include/cmsis_gcc.h **** {
  85:Generated_Source\PSoC6\pdl\cmsis/include/cmsis_gcc.h ****   __ASM volatile ("cpsie i" : : : "memory");
  40              		.loc 2 85 0
  41              		.syntax divided
  42              	@ 85 "Generated_Source\PSoC6\pdl\cmsis/include/cmsis_gcc.h" 1
  43 0002 62B6     		cpsie i
  44              	@ 0 "" 2
  45              		.thumb
  46              		.syntax unified
  47              	.LBE5:
  48              	.LBE4:
  16:main_cm0p.c   ****     __enable_irq(); /* Enable global interrupts. */
  17:main_cm0p.c   ****     /* Enable CM4.  CY_CORTEX_M4_APPL_ADDR must be updated if CM4 memory layout is changed. */
  18:main_cm0p.c   ****     Cy_SysEnableCM4(CY_CORTEX_M4_APPL_ADDR); 
  49              		.loc 1 18 0
  50 0004 0148     		ldr	r0, .L3
  51 0006 FFF7FEFF 		bl	Cy_SysEnableCM4
  52              	.LVL0:
  53              	.L2:
  54 000a FEE7     		b	.L2
  55              	.L4:
  56              		.align	2
  57              	.L3:
  58 000c 00000810 		.word	268959744
  59              		.cfi_endproc
  60              	.LFE366:
  61              		.size	main, .-main
  62              		.text
  63              	.Letext0:
  64              		.file 3 "c:\\program files (x86)\\cypress\\psoc creator\\4.2\\psoc creator\\import\\gnu\\arm\\5.4.
  65              		.file 4 "c:\\program files (x86)\\cypress\\psoc creator\\4.2\\psoc creator\\import\\gnu\\arm\\5.4.
  66              		.file 5 "Generated_Source\\PSoC6\\pdl\\drivers/peripheral/scb/cy_scb_ezi2c.h"
  67              		.file 6 "Generated_Source\\PSoC6\\pdl\\middleware/ble/cy_ble_stack_host_main.h"
  68              		.file 7 "Generated_Source\\PSoC6\\pdl\\middleware/ble/cy_ble_gap.h"
ARM GAS  C:\Users\Coal\AppData\Local\Temp\cc3BCa7g.s 			page 4


  69              		.file 8 "Generated_Source\\PSoC6/EZI2C.h"
  70              		.file 9 "./system_psoc63.h"
  71              		.section	.debug_info,"",%progbits
  72              	.Ldebug_info0:
  73 0000 82030000 		.4byte	0x382
  74 0004 0400     		.2byte	0x4
  75 0006 00000000 		.4byte	.Ldebug_abbrev0
  76 000a 04       		.byte	0x4
  77 000b 01       		.uleb128 0x1
  78 000c 7E000000 		.4byte	.LASF69
  79 0010 0C       		.byte	0xc
  80 0011 D1050000 		.4byte	.LASF70
  81 0015 98030000 		.4byte	.LASF71
  82 0019 00000000 		.4byte	.Ldebug_ranges0+0
  83 001d 00000000 		.4byte	0
  84 0021 00000000 		.4byte	.Ldebug_line0
  85 0025 02       		.uleb128 0x2
  86 0026 02       		.byte	0x2
  87 0027 05       		.byte	0x5
  88 0028 41000000 		.4byte	.LASF0
  89 002c 02       		.uleb128 0x2
  90 002d 01       		.byte	0x1
  91 002e 08       		.byte	0x8
  92 002f 2F030000 		.4byte	.LASF1
  93 0033 02       		.uleb128 0x2
  94 0034 01       		.byte	0x1
  95 0035 06       		.byte	0x6
  96 0036 5D030000 		.4byte	.LASF2
  97 003a 03       		.uleb128 0x3
  98 003b 86020000 		.4byte	.LASF5
  99 003f 03       		.byte	0x3
 100 0040 1D       		.byte	0x1d
 101 0041 2C000000 		.4byte	0x2c
 102 0045 02       		.uleb128 0x2
 103 0046 02       		.byte	0x2
 104 0047 07       		.byte	0x7
 105 0048 F8030000 		.4byte	.LASF3
 106 004c 02       		.uleb128 0x2
 107 004d 04       		.byte	0x4
 108 004e 05       		.byte	0x5
 109 004f 71020000 		.4byte	.LASF4
 110 0053 03       		.uleb128 0x3
 111 0054 15010000 		.4byte	.LASF6
 112 0058 03       		.byte	0x3
 113 0059 41       		.byte	0x41
 114 005a 5E000000 		.4byte	0x5e
 115 005e 02       		.uleb128 0x2
 116 005f 04       		.byte	0x4
 117 0060 07       		.byte	0x7
 118 0061 07050000 		.4byte	.LASF7
 119 0065 02       		.uleb128 0x2
 120 0066 08       		.byte	0x8
 121 0067 05       		.byte	0x5
 122 0068 19020000 		.4byte	.LASF8
 123 006c 02       		.uleb128 0x2
 124 006d 08       		.byte	0x8
 125 006e 07       		.byte	0x7
ARM GAS  C:\Users\Coal\AppData\Local\Temp\cc3BCa7g.s 			page 5


 126 006f 69030000 		.4byte	.LASF9
 127 0073 04       		.uleb128 0x4
 128 0074 04       		.byte	0x4
 129 0075 05       		.byte	0x5
 130 0076 696E7400 		.ascii	"int\000"
 131 007a 02       		.uleb128 0x2
 132 007b 04       		.byte	0x4
 133 007c 07       		.byte	0x7
 134 007d 85030000 		.4byte	.LASF10
 135 0081 03       		.uleb128 0x3
 136 0082 B0010000 		.4byte	.LASF11
 137 0086 04       		.byte	0x4
 138 0087 18       		.byte	0x18
 139 0088 3A000000 		.4byte	0x3a
 140 008c 03       		.uleb128 0x3
 141 008d E2010000 		.4byte	.LASF12
 142 0091 04       		.byte	0x4
 143 0092 30       		.byte	0x30
 144 0093 53000000 		.4byte	0x53
 145 0097 02       		.uleb128 0x2
 146 0098 04       		.byte	0x4
 147 0099 07       		.byte	0x7
 148 009a 4B000000 		.4byte	.LASF13
 149 009e 05       		.uleb128 0x5
 150 009f 8C000000 		.4byte	0x8c
 151 00a3 02       		.uleb128 0x2
 152 00a4 08       		.byte	0x8
 153 00a5 04       		.byte	0x4
 154 00a6 F8020000 		.4byte	.LASF14
 155 00aa 02       		.uleb128 0x2
 156 00ab 01       		.byte	0x1
 157 00ac 08       		.byte	0x8
 158 00ad 58040000 		.4byte	.LASF15
 159 00b1 02       		.uleb128 0x2
 160 00b2 04       		.byte	0x4
 161 00b3 04       		.byte	0x4
 162 00b4 13020000 		.4byte	.LASF16
 163 00b8 02       		.uleb128 0x2
 164 00b9 08       		.byte	0x8
 165 00ba 04       		.byte	0x4
 166 00bb 19050000 		.4byte	.LASF17
 167 00bf 02       		.uleb128 0x2
 168 00c0 01       		.byte	0x1
 169 00c1 02       		.byte	0x2
 170 00c2 66040000 		.4byte	.LASF18
 171 00c6 06       		.uleb128 0x6
 172 00c7 04       		.byte	0x4
 173 00c8 81000000 		.4byte	0x81
 174 00cc 07       		.uleb128 0x7
 175 00cd 01       		.byte	0x1
 176 00ce 2C000000 		.4byte	0x2c
 177 00d2 05       		.byte	0x5
 178 00d3 2A01     		.2byte	0x12a
 179 00d5 E6000000 		.4byte	0xe6
 180 00d9 08       		.uleb128 0x8
 181 00da 7B010000 		.4byte	.LASF19
 182 00de 00       		.byte	0
ARM GAS  C:\Users\Coal\AppData\Local\Temp\cc3BCa7g.s 			page 6


 183 00df 08       		.uleb128 0x8
 184 00e0 9D050000 		.4byte	.LASF20
 185 00e4 01       		.byte	0x1
 186 00e5 00       		.byte	0
 187 00e6 09       		.uleb128 0x9
 188 00e7 D8030000 		.4byte	.LASF21
 189 00eb 05       		.byte	0x5
 190 00ec 2D01     		.2byte	0x12d
 191 00ee CC000000 		.4byte	0xcc
 192 00f2 07       		.uleb128 0x7
 193 00f3 01       		.byte	0x1
 194 00f4 2C000000 		.4byte	0x2c
 195 00f8 05       		.byte	0x5
 196 00f9 3201     		.2byte	0x132
 197 00fb 2A010000 		.4byte	0x12a
 198 00ff 08       		.uleb128 0x8
 199 0100 85050000 		.4byte	.LASF22
 200 0104 00       		.byte	0
 201 0105 08       		.uleb128 0x8
 202 0106 AF040000 		.4byte	.LASF23
 203 010a 01       		.byte	0x1
 204 010b 08       		.uleb128 0x8
 205 010c 6C040000 		.4byte	.LASF24
 206 0110 02       		.byte	0x2
 207 0111 08       		.uleb128 0x8
 208 0112 39050000 		.4byte	.LASF25
 209 0116 03       		.byte	0x3
 210 0117 08       		.uleb128 0x8
 211 0118 12040000 		.4byte	.LASF26
 212 011c 04       		.byte	0x4
 213 011d 08       		.uleb128 0x8
 214 011e 2E040000 		.4byte	.LASF27
 215 0122 05       		.byte	0x5
 216 0123 08       		.uleb128 0x8
 217 0124 8D040000 		.4byte	.LASF28
 218 0128 06       		.byte	0x6
 219 0129 00       		.byte	0
 220 012a 09       		.uleb128 0x9
 221 012b F6050000 		.4byte	.LASF29
 222 012f 05       		.byte	0x5
 223 0130 3A01     		.2byte	0x13a
 224 0132 F2000000 		.4byte	0xf2
 225 0136 0A       		.uleb128 0xa
 226 0137 20050000 		.4byte	.LASF72
 227 013b 3C       		.byte	0x3c
 228 013c 05       		.byte	0x5
 229 013d 6601     		.2byte	0x166
 230 013f 21020000 		.4byte	0x221
 231 0143 0B       		.uleb128 0xb
 232 0144 25000000 		.4byte	.LASF30
 233 0148 05       		.byte	0x5
 234 0149 6901     		.2byte	0x169
 235 014b 21020000 		.4byte	0x221
 236 014f 00       		.byte	0
 237 0150 0B       		.uleb128 0xb
 238 0151 0B040000 		.4byte	.LASF31
 239 0155 05       		.byte	0x5
ARM GAS  C:\Users\Coal\AppData\Local\Temp\cc3BCa7g.s 			page 7


 240 0156 6A01     		.2byte	0x16a
 241 0158 9E000000 		.4byte	0x9e
 242 015c 04       		.byte	0x4
 243 015d 0B       		.uleb128 0xb
 244 015e 5A050000 		.4byte	.LASF32
 245 0162 05       		.byte	0x5
 246 0163 6C01     		.2byte	0x16c
 247 0165 81000000 		.4byte	0x81
 248 0169 08       		.byte	0x8
 249 016a 0B       		.uleb128 0xb
 250 016b 63050000 		.4byte	.LASF33
 251 016f 05       		.byte	0x5
 252 0170 6D01     		.2byte	0x16d
 253 0172 81000000 		.4byte	0x81
 254 0176 09       		.byte	0x9
 255 0177 0B       		.uleb128 0xb
 256 0178 D6010000 		.4byte	.LASF34
 257 017c 05       		.byte	0x5
 258 017d 6E01     		.2byte	0x16e
 259 017f E6000000 		.4byte	0xe6
 260 0183 0A       		.byte	0xa
 261 0184 0C       		.uleb128 0xc
 262 0185 69647800 		.ascii	"idx\000"
 263 0189 05       		.byte	0x5
 264 018a 7001     		.2byte	0x170
 265 018c 8C000000 		.4byte	0x8c
 266 0190 0C       		.byte	0xc
 267 0191 0B       		.uleb128 0xb
 268 0192 E4020000 		.4byte	.LASF35
 269 0196 05       		.byte	0x5
 270 0197 7101     		.2byte	0x171
 271 0199 8C000000 		.4byte	0x8c
 272 019d 10       		.byte	0x10
 273 019e 0B       		.uleb128 0xb
 274 019f EE020000 		.4byte	.LASF36
 275 01a3 05       		.byte	0x5
 276 01a4 7201     		.2byte	0x172
 277 01a6 8C000000 		.4byte	0x8c
 278 01aa 14       		.byte	0x14
 279 01ab 0B       		.uleb128 0xb
 280 01ac 7A020000 		.4byte	.LASF37
 281 01b0 05       		.byte	0x5
 282 01b1 7401     		.2byte	0x174
 283 01b3 BF000000 		.4byte	0xbf
 284 01b7 18       		.byte	0x18
 285 01b8 0B       		.uleb128 0xb
 286 01b9 A8040000 		.4byte	.LASF38
 287 01bd 05       		.byte	0x5
 288 01be 7501     		.2byte	0x175
 289 01c0 C6000000 		.4byte	0xc6
 290 01c4 1C       		.byte	0x1c
 291 01c5 0B       		.uleb128 0xb
 292 01c6 90020000 		.4byte	.LASF39
 293 01ca 05       		.byte	0x5
 294 01cb 7601     		.2byte	0x176
 295 01cd 8C000000 		.4byte	0x8c
 296 01d1 20       		.byte	0x20
ARM GAS  C:\Users\Coal\AppData\Local\Temp\cc3BCa7g.s 			page 8


 297 01d2 0B       		.uleb128 0xb
 298 01d3 0E060000 		.4byte	.LASF40
 299 01d7 05       		.byte	0x5
 300 01d8 7801     		.2byte	0x178
 301 01da C6000000 		.4byte	0xc6
 302 01de 24       		.byte	0x24
 303 01df 0B       		.uleb128 0xb
 304 01e0 5D040000 		.4byte	.LASF41
 305 01e4 05       		.byte	0x5
 306 01e5 7901     		.2byte	0x179
 307 01e7 8C000000 		.4byte	0x8c
 308 01eb 28       		.byte	0x28
 309 01ec 0B       		.uleb128 0xb
 310 01ed 27020000 		.4byte	.LASF42
 311 01f1 05       		.byte	0x5
 312 01f2 7A01     		.2byte	0x17a
 313 01f4 8C000000 		.4byte	0x8c
 314 01f8 2C       		.byte	0x2c
 315 01f9 0B       		.uleb128 0xb
 316 01fa 80030000 		.4byte	.LASF43
 317 01fe 05       		.byte	0x5
 318 01ff 7C01     		.2byte	0x17c
 319 0201 C6000000 		.4byte	0xc6
 320 0205 30       		.byte	0x30
 321 0206 0B       		.uleb128 0xb
 322 0207 00000000 		.4byte	.LASF44
 323 020b 05       		.byte	0x5
 324 020c 7D01     		.2byte	0x17d
 325 020e 8C000000 		.4byte	0x8c
 326 0212 34       		.byte	0x34
 327 0213 0B       		.uleb128 0xb
 328 0214 B8010000 		.4byte	.LASF45
 329 0218 05       		.byte	0x5
 330 0219 7E01     		.2byte	0x17e
 331 021b 8C000000 		.4byte	0x8c
 332 021f 38       		.byte	0x38
 333 0220 00       		.byte	0
 334 0221 05       		.uleb128 0x5
 335 0222 2A010000 		.4byte	0x12a
 336 0226 09       		.uleb128 0x9
 337 0227 C9020000 		.4byte	.LASF46
 338 022b 05       		.byte	0x5
 339 022c 8001     		.2byte	0x180
 340 022e 36010000 		.4byte	0x136
 341 0232 0D       		.uleb128 0xd
 342 0233 02       		.byte	0x2
 343 0234 06       		.byte	0x6
 344 0235 5B01     		.2byte	0x15b
 345 0237 56020000 		.4byte	0x256
 346 023b 0B       		.uleb128 0xb
 347 023c 0A020000 		.4byte	.LASF47
 348 0240 06       		.byte	0x6
 349 0241 6501     		.2byte	0x165
 350 0243 81000000 		.4byte	0x81
 351 0247 00       		.byte	0
 352 0248 0B       		.uleb128 0xb
 353 0249 92030000 		.4byte	.LASF48
ARM GAS  C:\Users\Coal\AppData\Local\Temp\cc3BCa7g.s 			page 9


 354 024d 06       		.byte	0x6
 355 024e 6901     		.2byte	0x169
 356 0250 81000000 		.4byte	0x81
 357 0254 01       		.byte	0x1
 358 0255 00       		.byte	0
 359 0256 09       		.uleb128 0x9
 360 0257 DD050000 		.4byte	.LASF49
 361 025b 06       		.byte	0x6
 362 025c 6B01     		.2byte	0x16b
 363 025e 32020000 		.4byte	0x232
 364 0262 0E       		.uleb128 0xe
 365 0263 01       		.byte	0x1
 366 0264 2C000000 		.4byte	0x2c
 367 0268 07       		.byte	0x7
 368 0269 7E       		.byte	0x7e
 369 026a 87020000 		.4byte	0x287
 370 026e 08       		.uleb128 0x8
 371 026f 6C050000 		.4byte	.LASF50
 372 0273 00       		.byte	0
 373 0274 08       		.uleb128 0x8
 374 0275 E8040000 		.4byte	.LASF51
 375 0279 01       		.byte	0x1
 376 027a 08       		.uleb128 0x8
 377 027b 13060000 		.4byte	.LASF52
 378 027f 02       		.byte	0x2
 379 0280 08       		.uleb128 0x8
 380 0281 3D030000 		.4byte	.LASF53
 381 0285 03       		.byte	0x3
 382 0286 00       		.byte	0
 383 0287 03       		.uleb128 0x3
 384 0288 2B000000 		.4byte	.LASF54
 385 028c 07       		.byte	0x7
 386 028d 83       		.byte	0x83
 387 028e 62020000 		.4byte	0x262
 388 0292 0E       		.uleb128 0xe
 389 0293 01       		.byte	0x1
 390 0294 2C000000 		.4byte	0x2c
 391 0298 07       		.byte	0x7
 392 0299 87       		.byte	0x87
 393 029a CF020000 		.4byte	0x2cf
 394 029e 08       		.uleb128 0x8
 395 029f EB010000 		.4byte	.LASF55
 396 02a3 00       		.byte	0
 397 02a4 08       		.uleb128 0x8
 398 02a5 20010000 		.4byte	.LASF56
 399 02a9 01       		.byte	0x1
 400 02aa 08       		.uleb128 0x8
 401 02ab 09000000 		.4byte	.LASF57
 402 02af 02       		.byte	0x2
 403 02b0 08       		.uleb128 0x8
 404 02b1 54000000 		.4byte	.LASF58
 405 02b5 03       		.byte	0x3
 406 02b6 08       		.uleb128 0x8
 407 02b7 47020000 		.4byte	.LASF59
 408 02bb 04       		.byte	0x4
 409 02bc 08       		.uleb128 0x8
 410 02bd 51010000 		.4byte	.LASF60
ARM GAS  C:\Users\Coal\AppData\Local\Temp\cc3BCa7g.s 			page 10


 411 02c1 05       		.byte	0x5
 412 02c2 08       		.uleb128 0x8
 413 02c3 04030000 		.4byte	.LASF61
 414 02c7 06       		.byte	0x6
 415 02c8 08       		.uleb128 0x8
 416 02c9 A5020000 		.4byte	.LASF62
 417 02cd 07       		.byte	0x7
 418 02ce 00       		.byte	0
 419 02cf 03       		.uleb128 0x3
 420 02d0 BA050000 		.4byte	.LASF63
 421 02d4 07       		.byte	0x7
 422 02d5 90       		.byte	0x90
 423 02d6 92020000 		.4byte	0x292
 424 02da 0F       		.uleb128 0xf
 425 02db 98020000 		.4byte	.LASF73
 426 02df 02       		.byte	0x2
 427 02e0 53       		.byte	0x53
 428 02e1 03       		.byte	0x3
 429 02e2 10       		.uleb128 0x10
 430 02e3 10010000 		.4byte	.LASF74
 431 02e7 01       		.byte	0x1
 432 02e8 0E       		.byte	0xe
 433 02e9 73000000 		.4byte	0x73
 434 02ed 00000000 		.4byte	.LFB366
 435 02f1 10000000 		.4byte	.LFE366-.LFB366
 436 02f5 01       		.uleb128 0x1
 437 02f6 9C       		.byte	0x9c
 438 02f7 1E030000 		.4byte	0x31e
 439 02fb 11       		.uleb128 0x11
 440 02fc DA020000 		.4byte	0x2da
 441 0300 02000000 		.4byte	.LBB4
 442 0304 02000000 		.4byte	.LBE4-.LBB4
 443 0308 01       		.byte	0x1
 444 0309 10       		.byte	0x10
 445 030a 12       		.uleb128 0x12
 446 030b 0A000000 		.4byte	.LVL0
 447 030f 79030000 		.4byte	0x379
 448 0313 13       		.uleb128 0x13
 449 0314 01       		.uleb128 0x1
 450 0315 50       		.byte	0x50
 451 0316 05       		.uleb128 0x5
 452 0317 0C       		.byte	0xc
 453 0318 00000810 		.4byte	0x10080000
 454 031c 00       		.byte	0
 455 031d 00       		.byte	0
 456 031e 14       		.uleb128 0x14
 457 031f C6010000 		.4byte	.LASF64
 458 0323 07       		.byte	0x7
 459 0324 2202     		.2byte	0x222
 460 0326 87020000 		.4byte	0x287
 461 032a 15       		.uleb128 0x15
 462 032b 56020000 		.4byte	0x256
 463 032f 3A030000 		.4byte	0x33a
 464 0333 16       		.uleb128 0x16
 465 0334 97000000 		.4byte	0x97
 466 0338 00       		.byte	0
 467 0339 00       		.byte	0
ARM GAS  C:\Users\Coal\AppData\Local\Temp\cc3BCa7g.s 			page 11


 468 033a 14       		.uleb128 0x14
 469 033b 35020000 		.4byte	.LASF65
 470 033f 07       		.byte	0x7
 471 0340 2C02     		.2byte	0x22c
 472 0342 2A030000 		.4byte	0x32a
 473 0346 15       		.uleb128 0x15
 474 0347 CF020000 		.4byte	0x2cf
 475 034b 56030000 		.4byte	0x356
 476 034f 16       		.uleb128 0x16
 477 0350 97000000 		.4byte	0x97
 478 0354 00       		.byte	0
 479 0355 00       		.byte	0
 480 0356 14       		.uleb128 0x14
 481 0357 C7040000 		.4byte	.LASF66
 482 035b 07       		.byte	0x7
 483 035c 2D02     		.2byte	0x22d
 484 035e 46030000 		.4byte	0x346
 485 0362 14       		.uleb128 0x14
 486 0363 97010000 		.4byte	.LASF67
 487 0367 07       		.byte	0x7
 488 0368 5202     		.2byte	0x252
 489 036a 81000000 		.4byte	0x81
 490 036e 17       		.uleb128 0x17
 491 036f 4A040000 		.4byte	.LASF68
 492 0373 08       		.byte	0x8
 493 0374 4B       		.byte	0x4b
 494 0375 26020000 		.4byte	0x226
 495 0379 18       		.uleb128 0x18
 496 037a D8040000 		.4byte	.LASF75
 497 037e D8040000 		.4byte	.LASF75
 498 0382 09       		.byte	0x9
 499 0383 FE01     		.2byte	0x1fe
 500 0385 00       		.byte	0
 501              		.section	.debug_abbrev,"",%progbits
 502              	.Ldebug_abbrev0:
 503 0000 01       		.uleb128 0x1
 504 0001 11       		.uleb128 0x11
 505 0002 01       		.byte	0x1
 506 0003 25       		.uleb128 0x25
 507 0004 0E       		.uleb128 0xe
 508 0005 13       		.uleb128 0x13
 509 0006 0B       		.uleb128 0xb
 510 0007 03       		.uleb128 0x3
 511 0008 0E       		.uleb128 0xe
 512 0009 1B       		.uleb128 0x1b
 513 000a 0E       		.uleb128 0xe
 514 000b 55       		.uleb128 0x55
 515 000c 17       		.uleb128 0x17
 516 000d 11       		.uleb128 0x11
 517 000e 01       		.uleb128 0x1
 518 000f 10       		.uleb128 0x10
 519 0010 17       		.uleb128 0x17
 520 0011 00       		.byte	0
 521 0012 00       		.byte	0
 522 0013 02       		.uleb128 0x2
 523 0014 24       		.uleb128 0x24
 524 0015 00       		.byte	0
ARM GAS  C:\Users\Coal\AppData\Local\Temp\cc3BCa7g.s 			page 12


 525 0016 0B       		.uleb128 0xb
 526 0017 0B       		.uleb128 0xb
 527 0018 3E       		.uleb128 0x3e
 528 0019 0B       		.uleb128 0xb
 529 001a 03       		.uleb128 0x3
 530 001b 0E       		.uleb128 0xe
 531 001c 00       		.byte	0
 532 001d 00       		.byte	0
 533 001e 03       		.uleb128 0x3
 534 001f 16       		.uleb128 0x16
 535 0020 00       		.byte	0
 536 0021 03       		.uleb128 0x3
 537 0022 0E       		.uleb128 0xe
 538 0023 3A       		.uleb128 0x3a
 539 0024 0B       		.uleb128 0xb
 540 0025 3B       		.uleb128 0x3b
 541 0026 0B       		.uleb128 0xb
 542 0027 49       		.uleb128 0x49
 543 0028 13       		.uleb128 0x13
 544 0029 00       		.byte	0
 545 002a 00       		.byte	0
 546 002b 04       		.uleb128 0x4
 547 002c 24       		.uleb128 0x24
 548 002d 00       		.byte	0
 549 002e 0B       		.uleb128 0xb
 550 002f 0B       		.uleb128 0xb
 551 0030 3E       		.uleb128 0x3e
 552 0031 0B       		.uleb128 0xb
 553 0032 03       		.uleb128 0x3
 554 0033 08       		.uleb128 0x8
 555 0034 00       		.byte	0
 556 0035 00       		.byte	0
 557 0036 05       		.uleb128 0x5
 558 0037 35       		.uleb128 0x35
 559 0038 00       		.byte	0
 560 0039 49       		.uleb128 0x49
 561 003a 13       		.uleb128 0x13
 562 003b 00       		.byte	0
 563 003c 00       		.byte	0
 564 003d 06       		.uleb128 0x6
 565 003e 0F       		.uleb128 0xf
 566 003f 00       		.byte	0
 567 0040 0B       		.uleb128 0xb
 568 0041 0B       		.uleb128 0xb
 569 0042 49       		.uleb128 0x49
 570 0043 13       		.uleb128 0x13
 571 0044 00       		.byte	0
 572 0045 00       		.byte	0
 573 0046 07       		.uleb128 0x7
 574 0047 04       		.uleb128 0x4
 575 0048 01       		.byte	0x1
 576 0049 0B       		.uleb128 0xb
 577 004a 0B       		.uleb128 0xb
 578 004b 49       		.uleb128 0x49
 579 004c 13       		.uleb128 0x13
 580 004d 3A       		.uleb128 0x3a
 581 004e 0B       		.uleb128 0xb
ARM GAS  C:\Users\Coal\AppData\Local\Temp\cc3BCa7g.s 			page 13


 582 004f 3B       		.uleb128 0x3b
 583 0050 05       		.uleb128 0x5
 584 0051 01       		.uleb128 0x1
 585 0052 13       		.uleb128 0x13
 586 0053 00       		.byte	0
 587 0054 00       		.byte	0
 588 0055 08       		.uleb128 0x8
 589 0056 28       		.uleb128 0x28
 590 0057 00       		.byte	0
 591 0058 03       		.uleb128 0x3
 592 0059 0E       		.uleb128 0xe
 593 005a 1C       		.uleb128 0x1c
 594 005b 0B       		.uleb128 0xb
 595 005c 00       		.byte	0
 596 005d 00       		.byte	0
 597 005e 09       		.uleb128 0x9
 598 005f 16       		.uleb128 0x16
 599 0060 00       		.byte	0
 600 0061 03       		.uleb128 0x3
 601 0062 0E       		.uleb128 0xe
 602 0063 3A       		.uleb128 0x3a
 603 0064 0B       		.uleb128 0xb
 604 0065 3B       		.uleb128 0x3b
 605 0066 05       		.uleb128 0x5
 606 0067 49       		.uleb128 0x49
 607 0068 13       		.uleb128 0x13
 608 0069 00       		.byte	0
 609 006a 00       		.byte	0
 610 006b 0A       		.uleb128 0xa
 611 006c 13       		.uleb128 0x13
 612 006d 01       		.byte	0x1
 613 006e 03       		.uleb128 0x3
 614 006f 0E       		.uleb128 0xe
 615 0070 0B       		.uleb128 0xb
 616 0071 0B       		.uleb128 0xb
 617 0072 3A       		.uleb128 0x3a
 618 0073 0B       		.uleb128 0xb
 619 0074 3B       		.uleb128 0x3b
 620 0075 05       		.uleb128 0x5
 621 0076 01       		.uleb128 0x1
 622 0077 13       		.uleb128 0x13
 623 0078 00       		.byte	0
 624 0079 00       		.byte	0
 625 007a 0B       		.uleb128 0xb
 626 007b 0D       		.uleb128 0xd
 627 007c 00       		.byte	0
 628 007d 03       		.uleb128 0x3
 629 007e 0E       		.uleb128 0xe
 630 007f 3A       		.uleb128 0x3a
 631 0080 0B       		.uleb128 0xb
 632 0081 3B       		.uleb128 0x3b
 633 0082 05       		.uleb128 0x5
 634 0083 49       		.uleb128 0x49
 635 0084 13       		.uleb128 0x13
 636 0085 38       		.uleb128 0x38
 637 0086 0B       		.uleb128 0xb
 638 0087 00       		.byte	0
ARM GAS  C:\Users\Coal\AppData\Local\Temp\cc3BCa7g.s 			page 14


 639 0088 00       		.byte	0
 640 0089 0C       		.uleb128 0xc
 641 008a 0D       		.uleb128 0xd
 642 008b 00       		.byte	0
 643 008c 03       		.uleb128 0x3
 644 008d 08       		.uleb128 0x8
 645 008e 3A       		.uleb128 0x3a
 646 008f 0B       		.uleb128 0xb
 647 0090 3B       		.uleb128 0x3b
 648 0091 05       		.uleb128 0x5
 649 0092 49       		.uleb128 0x49
 650 0093 13       		.uleb128 0x13
 651 0094 38       		.uleb128 0x38
 652 0095 0B       		.uleb128 0xb
 653 0096 00       		.byte	0
 654 0097 00       		.byte	0
 655 0098 0D       		.uleb128 0xd
 656 0099 13       		.uleb128 0x13
 657 009a 01       		.byte	0x1
 658 009b 0B       		.uleb128 0xb
 659 009c 0B       		.uleb128 0xb
 660 009d 3A       		.uleb128 0x3a
 661 009e 0B       		.uleb128 0xb
 662 009f 3B       		.uleb128 0x3b
 663 00a0 05       		.uleb128 0x5
 664 00a1 01       		.uleb128 0x1
 665 00a2 13       		.uleb128 0x13
 666 00a3 00       		.byte	0
 667 00a4 00       		.byte	0
 668 00a5 0E       		.uleb128 0xe
 669 00a6 04       		.uleb128 0x4
 670 00a7 01       		.byte	0x1
 671 00a8 0B       		.uleb128 0xb
 672 00a9 0B       		.uleb128 0xb
 673 00aa 49       		.uleb128 0x49
 674 00ab 13       		.uleb128 0x13
 675 00ac 3A       		.uleb128 0x3a
 676 00ad 0B       		.uleb128 0xb
 677 00ae 3B       		.uleb128 0x3b
 678 00af 0B       		.uleb128 0xb
 679 00b0 01       		.uleb128 0x1
 680 00b1 13       		.uleb128 0x13
 681 00b2 00       		.byte	0
 682 00b3 00       		.byte	0
 683 00b4 0F       		.uleb128 0xf
 684 00b5 2E       		.uleb128 0x2e
 685 00b6 00       		.byte	0
 686 00b7 03       		.uleb128 0x3
 687 00b8 0E       		.uleb128 0xe
 688 00b9 3A       		.uleb128 0x3a
 689 00ba 0B       		.uleb128 0xb
 690 00bb 3B       		.uleb128 0x3b
 691 00bc 0B       		.uleb128 0xb
 692 00bd 27       		.uleb128 0x27
 693 00be 19       		.uleb128 0x19
 694 00bf 20       		.uleb128 0x20
 695 00c0 0B       		.uleb128 0xb
ARM GAS  C:\Users\Coal\AppData\Local\Temp\cc3BCa7g.s 			page 15


 696 00c1 00       		.byte	0
 697 00c2 00       		.byte	0
 698 00c3 10       		.uleb128 0x10
 699 00c4 2E       		.uleb128 0x2e
 700 00c5 01       		.byte	0x1
 701 00c6 3F       		.uleb128 0x3f
 702 00c7 19       		.uleb128 0x19
 703 00c8 03       		.uleb128 0x3
 704 00c9 0E       		.uleb128 0xe
 705 00ca 3A       		.uleb128 0x3a
 706 00cb 0B       		.uleb128 0xb
 707 00cc 3B       		.uleb128 0x3b
 708 00cd 0B       		.uleb128 0xb
 709 00ce 27       		.uleb128 0x27
 710 00cf 19       		.uleb128 0x19
 711 00d0 49       		.uleb128 0x49
 712 00d1 13       		.uleb128 0x13
 713 00d2 8701     		.uleb128 0x87
 714 00d4 19       		.uleb128 0x19
 715 00d5 11       		.uleb128 0x11
 716 00d6 01       		.uleb128 0x1
 717 00d7 12       		.uleb128 0x12
 718 00d8 06       		.uleb128 0x6
 719 00d9 40       		.uleb128 0x40
 720 00da 18       		.uleb128 0x18
 721 00db 9742     		.uleb128 0x2117
 722 00dd 19       		.uleb128 0x19
 723 00de 01       		.uleb128 0x1
 724 00df 13       		.uleb128 0x13
 725 00e0 00       		.byte	0
 726 00e1 00       		.byte	0
 727 00e2 11       		.uleb128 0x11
 728 00e3 1D       		.uleb128 0x1d
 729 00e4 00       		.byte	0
 730 00e5 31       		.uleb128 0x31
 731 00e6 13       		.uleb128 0x13
 732 00e7 11       		.uleb128 0x11
 733 00e8 01       		.uleb128 0x1
 734 00e9 12       		.uleb128 0x12
 735 00ea 06       		.uleb128 0x6
 736 00eb 58       		.uleb128 0x58
 737 00ec 0B       		.uleb128 0xb
 738 00ed 59       		.uleb128 0x59
 739 00ee 0B       		.uleb128 0xb
 740 00ef 00       		.byte	0
 741 00f0 00       		.byte	0
 742 00f1 12       		.uleb128 0x12
 743 00f2 898201   		.uleb128 0x4109
 744 00f5 01       		.byte	0x1
 745 00f6 11       		.uleb128 0x11
 746 00f7 01       		.uleb128 0x1
 747 00f8 31       		.uleb128 0x31
 748 00f9 13       		.uleb128 0x13
 749 00fa 00       		.byte	0
 750 00fb 00       		.byte	0
 751 00fc 13       		.uleb128 0x13
 752 00fd 8A8201   		.uleb128 0x410a
ARM GAS  C:\Users\Coal\AppData\Local\Temp\cc3BCa7g.s 			page 16


 753 0100 00       		.byte	0
 754 0101 02       		.uleb128 0x2
 755 0102 18       		.uleb128 0x18
 756 0103 9142     		.uleb128 0x2111
 757 0105 18       		.uleb128 0x18
 758 0106 00       		.byte	0
 759 0107 00       		.byte	0
 760 0108 14       		.uleb128 0x14
 761 0109 34       		.uleb128 0x34
 762 010a 00       		.byte	0
 763 010b 03       		.uleb128 0x3
 764 010c 0E       		.uleb128 0xe
 765 010d 3A       		.uleb128 0x3a
 766 010e 0B       		.uleb128 0xb
 767 010f 3B       		.uleb128 0x3b
 768 0110 05       		.uleb128 0x5
 769 0111 49       		.uleb128 0x49
 770 0112 13       		.uleb128 0x13
 771 0113 3F       		.uleb128 0x3f
 772 0114 19       		.uleb128 0x19
 773 0115 3C       		.uleb128 0x3c
 774 0116 19       		.uleb128 0x19
 775 0117 00       		.byte	0
 776 0118 00       		.byte	0
 777 0119 15       		.uleb128 0x15
 778 011a 01       		.uleb128 0x1
 779 011b 01       		.byte	0x1
 780 011c 49       		.uleb128 0x49
 781 011d 13       		.uleb128 0x13
 782 011e 01       		.uleb128 0x1
 783 011f 13       		.uleb128 0x13
 784 0120 00       		.byte	0
 785 0121 00       		.byte	0
 786 0122 16       		.uleb128 0x16
 787 0123 21       		.uleb128 0x21
 788 0124 00       		.byte	0
 789 0125 49       		.uleb128 0x49
 790 0126 13       		.uleb128 0x13
 791 0127 2F       		.uleb128 0x2f
 792 0128 0B       		.uleb128 0xb
 793 0129 00       		.byte	0
 794 012a 00       		.byte	0
 795 012b 17       		.uleb128 0x17
 796 012c 34       		.uleb128 0x34
 797 012d 00       		.byte	0
 798 012e 03       		.uleb128 0x3
 799 012f 0E       		.uleb128 0xe
 800 0130 3A       		.uleb128 0x3a
 801 0131 0B       		.uleb128 0xb
 802 0132 3B       		.uleb128 0x3b
 803 0133 0B       		.uleb128 0xb
 804 0134 49       		.uleb128 0x49
 805 0135 13       		.uleb128 0x13
 806 0136 3F       		.uleb128 0x3f
 807 0137 19       		.uleb128 0x19
 808 0138 3C       		.uleb128 0x3c
 809 0139 19       		.uleb128 0x19
ARM GAS  C:\Users\Coal\AppData\Local\Temp\cc3BCa7g.s 			page 17


 810 013a 00       		.byte	0
 811 013b 00       		.byte	0
 812 013c 18       		.uleb128 0x18
 813 013d 2E       		.uleb128 0x2e
 814 013e 00       		.byte	0
 815 013f 3F       		.uleb128 0x3f
 816 0140 19       		.uleb128 0x19
 817 0141 3C       		.uleb128 0x3c
 818 0142 19       		.uleb128 0x19
 819 0143 6E       		.uleb128 0x6e
 820 0144 0E       		.uleb128 0xe
 821 0145 03       		.uleb128 0x3
 822 0146 0E       		.uleb128 0xe
 823 0147 3A       		.uleb128 0x3a
 824 0148 0B       		.uleb128 0xb
 825 0149 3B       		.uleb128 0x3b
 826 014a 05       		.uleb128 0x5
 827 014b 00       		.byte	0
 828 014c 00       		.byte	0
 829 014d 00       		.byte	0
 830              		.section	.debug_aranges,"",%progbits
 831 0000 1C000000 		.4byte	0x1c
 832 0004 0200     		.2byte	0x2
 833 0006 00000000 		.4byte	.Ldebug_info0
 834 000a 04       		.byte	0x4
 835 000b 00       		.byte	0
 836 000c 0000     		.2byte	0
 837 000e 0000     		.2byte	0
 838 0010 00000000 		.4byte	.LFB366
 839 0014 10000000 		.4byte	.LFE366-.LFB366
 840 0018 00000000 		.4byte	0
 841 001c 00000000 		.4byte	0
 842              		.section	.debug_ranges,"",%progbits
 843              	.Ldebug_ranges0:
 844 0000 00000000 		.4byte	.LFB366
 845 0004 10000000 		.4byte	.LFE366
 846 0008 00000000 		.4byte	0
 847 000c 00000000 		.4byte	0
 848              		.section	.debug_line,"",%progbits
 849              	.Ldebug_line0:
 850 0000 49020000 		.section	.debug_str,"MS",%progbits,1
 850      02002802 
 850      00000201 
 850      FB0E0D00 
 850      01010101 
 851              	.LASF44:
 852 0000 62756632 		.ascii	"buf2Size\000"
 852      53697A65 
 852      00
 853              	.LASF57:
 854 0009 43595F42 		.ascii	"CY_BLE_CONN_STATE_CONNECTED\000"
 854      4C455F43 
 854      4F4E4E5F 
 854      53544154 
 854      455F434F 
 855              	.LASF30:
 856 0025 73746174 		.ascii	"state\000"
ARM GAS  C:\Users\Coal\AppData\Local\Temp\cc3BCa7g.s 			page 18


 856      6500
 857              	.LASF54:
 858 002b 63795F65 		.ascii	"cy_en_ble_adv_state_t\000"
 858      6E5F626C 
 858      655F6164 
 858      765F7374 
 858      6174655F 
 859              	.LASF0:
 860 0041 73686F72 		.ascii	"short int\000"
 860      7420696E 
 860      7400
 861              	.LASF13:
 862 004b 73697A65 		.ascii	"sizetype\000"
 862      74797065 
 862      00
 863              	.LASF58:
 864 0054 43595F42 		.ascii	"CY_BLE_CONN_STATE_CLIENT_SRVC_DISCOVERING\000"
 864      4C455F43 
 864      4F4E4E5F 
 864      53544154 
 864      455F434C 
 865              	.LASF69:
 866 007e 474E5520 		.ascii	"GNU C11 5.4.1 20160609 (release) [ARM/embedded-5-br"
 866      43313120 
 866      352E342E 
 866      31203230 
 866      31363036 
 867 00b1 616E6368 		.ascii	"anch revision 237715] -mcpu=cortex-m0plus -mthumb -"
 867      20726576 
 867      6973696F 
 867      6E203233 
 867      37373135 
 868 00e4 67202D4F 		.ascii	"g -Og -ffunction-sections -ffat-lto-objects\000"
 868      67202D66 
 868      66756E63 
 868      74696F6E 
 868      2D736563 
 869              	.LASF74:
 870 0110 6D61696E 		.ascii	"main\000"
 870      00
 871              	.LASF6:
 872 0115 5F5F7569 		.ascii	"__uint32_t\000"
 872      6E743332 
 872      5F7400
 873              	.LASF56:
 874 0120 43595F42 		.ascii	"CY_BLE_CONN_STATE_CLIENT_DISCONNECTED_DISCOVERED\000"
 874      4C455F43 
 874      4F4E4E5F 
 874      53544154 
 874      455F434C 
 875              	.LASF60:
 876 0151 43595F42 		.ascii	"CY_BLE_CONN_STATE_CLIENT_CHAR_DISCOVERING\000"
 876      4C455F43 
 876      4F4E4E5F 
 876      53544154 
 876      455F434C 
 877              	.LASF19:
ARM GAS  C:\Users\Coal\AppData\Local\Temp\cc3BCa7g.s 			page 19


 878 017b 43595F53 		.ascii	"CY_SCB_EZI2C_SUB_ADDR8_BITS\000"
 878      43425F45 
 878      5A493243 
 878      5F535542 
 878      5F414444 
 879              	.LASF67:
 880 0197 63795F62 		.ascii	"cy_ble_pendingFlashWrite\000"
 880      6C655F70 
 880      656E6469 
 880      6E67466C 
 880      61736857 
 881              	.LASF11:
 882 01b0 75696E74 		.ascii	"uint8_t\000"
 882      385F7400 
 883              	.LASF45:
 884 01b8 62756632 		.ascii	"buf2rwBondary\000"
 884      7277426F 
 884      6E646172 
 884      7900
 885              	.LASF64:
 886 01c6 63795F62 		.ascii	"cy_ble_advState\000"
 886      6C655F61 
 886      64765374 
 886      61746500 
 887              	.LASF34:
 888 01d6 73756241 		.ascii	"subAddrSize\000"
 888      64647253 
 888      697A6500 
 889              	.LASF12:
 890 01e2 75696E74 		.ascii	"uint32_t\000"
 890      33325F74 
 890      00
 891              	.LASF55:
 892 01eb 43595F42 		.ascii	"CY_BLE_CONN_STATE_DISCONNECTED\000"
 892      4C455F43 
 892      4F4E4E5F 
 892      53544154 
 892      455F4449 
 893              	.LASF47:
 894 020a 62644861 		.ascii	"bdHandle\000"
 894      6E646C65 
 894      00
 895              	.LASF16:
 896 0213 666C6F61 		.ascii	"float\000"
 896      7400
 897              	.LASF8:
 898 0219 6C6F6E67 		.ascii	"long long int\000"
 898      206C6F6E 
 898      6720696E 
 898      7400
 899              	.LASF42:
 900 0227 62756631 		.ascii	"buf1rwBondary\000"
 900      7277426F 
 900      6E646172 
 900      7900
 901              	.LASF65:
 902 0235 63795F62 		.ascii	"cy_ble_connHandle\000"
ARM GAS  C:\Users\Coal\AppData\Local\Temp\cc3BCa7g.s 			page 20


 902      6C655F63 
 902      6F6E6E48 
 902      616E646C 
 902      6500
 903              	.LASF59:
 904 0247 43595F42 		.ascii	"CY_BLE_CONN_STATE_CLIENT_INCL_DISCOVERING\000"
 904      4C455F43 
 904      4F4E4E5F 
 904      53544154 
 904      455F434C 
 905              	.LASF4:
 906 0271 6C6F6E67 		.ascii	"long int\000"
 906      20696E74 
 906      00
 907              	.LASF37:
 908 027a 61646472 		.ascii	"addr1Active\000"
 908      31416374 
 908      69766500 
 909              	.LASF5:
 910 0286 5F5F7569 		.ascii	"__uint8_t\000"
 910      6E74385F 
 910      7400
 911              	.LASF39:
 912 0290 62756653 		.ascii	"bufSize\000"
 912      697A6500 
 913              	.LASF73:
 914 0298 5F5F656E 		.ascii	"__enable_irq\000"
 914      61626C65 
 914      5F697271 
 914      00
 915              	.LASF62:
 916 02a5 43595F42 		.ascii	"CY_BLE_CONN_STATE_CLIENT_DISCOVERED\000"
 916      4C455F43 
 916      4F4E4E5F 
 916      53544154 
 916      455F434C 
 917              	.LASF46:
 918 02c9 63795F73 		.ascii	"cy_stc_scb_ezi2c_context_t\000"
 918      74635F73 
 918      63625F65 
 918      7A693263 
 918      5F636F6E 
 919              	.LASF35:
 920 02e4 62617365 		.ascii	"baseAddr1\000"
 920      41646472 
 920      3100
 921              	.LASF36:
 922 02ee 62617365 		.ascii	"baseAddr2\000"
 922      41646472 
 922      3200
 923              	.LASF14:
 924 02f8 6C6F6E67 		.ascii	"long double\000"
 924      20646F75 
 924      626C6500 
 925              	.LASF61:
 926 0304 43595F42 		.ascii	"CY_BLE_CONN_STATE_CLIENT_DESCR_DISCOVERING\000"
 926      4C455F43 
ARM GAS  C:\Users\Coal\AppData\Local\Temp\cc3BCa7g.s 			page 21


 926      4F4E4E5F 
 926      53544154 
 926      455F434C 
 927              	.LASF1:
 928 032f 756E7369 		.ascii	"unsigned char\000"
 928      676E6564 
 928      20636861 
 928      7200
 929              	.LASF53:
 930 033d 43595F42 		.ascii	"CY_BLE_ADV_STATE_STOP_INITIATED\000"
 930      4C455F41 
 930      44565F53 
 930      54415445 
 930      5F53544F 
 931              	.LASF2:
 932 035d 7369676E 		.ascii	"signed char\000"
 932      65642063 
 932      68617200 
 933              	.LASF9:
 934 0369 6C6F6E67 		.ascii	"long long unsigned int\000"
 934      206C6F6E 
 934      6720756E 
 934      7369676E 
 934      65642069 
 935              	.LASF43:
 936 0380 62756632 		.ascii	"buf2\000"
 936      00
 937              	.LASF10:
 938 0385 756E7369 		.ascii	"unsigned int\000"
 938      676E6564 
 938      20696E74 
 938      00
 939              	.LASF48:
 940 0392 61747449 		.ascii	"attId\000"
 940      6400
 941              	.LASF71:
 942 0398 433A5C55 		.ascii	"C:\\Users\\Coal\\Documents\\Github\\Capasitor PSoC "
 942      73657273 
 942      5C436F61 
 942      6C5C446F 
 942      63756D65 
 943 03c6 365C4361 		.ascii	"6\\Capasitor.cydsn\000"
 943      70617369 
 943      746F722E 
 943      63796473 
 943      6E00
 944              	.LASF21:
 945 03d8 63795F65 		.ascii	"cy_en_scb_ezi2c_sub_addr_size_t\000"
 945      6E5F7363 
 945      625F657A 
 945      6932635F 
 945      7375625F 
 946              	.LASF3:
 947 03f8 73686F72 		.ascii	"short unsigned int\000"
 947      7420756E 
 947      7369676E 
 947      65642069 
ARM GAS  C:\Users\Coal\AppData\Local\Temp\cc3BCa7g.s 			page 22


 947      6E7400
 948              	.LASF31:
 949 040b 73746174 		.ascii	"status\000"
 949      757300
 950              	.LASF26:
 951 0412 43595F53 		.ascii	"CY_SCB_EZI2C_STATE_RX_DATA0\000"
 951      43425F45 
 951      5A493243 
 951      5F535441 
 951      54455F52 
 952              	.LASF27:
 953 042e 43595F53 		.ascii	"CY_SCB_EZI2C_STATE_RX_DATA1\000"
 953      43425F45 
 953      5A493243 
 953      5F535441 
 953      54455F52 
 954              	.LASF68:
 955 044a 455A4932 		.ascii	"EZI2C_context\000"
 955      435F636F 
 955      6E746578 
 955      7400
 956              	.LASF15:
 957 0458 63686172 		.ascii	"char\000"
 957      00
 958              	.LASF41:
 959 045d 62756631 		.ascii	"buf1Size\000"
 959      53697A65 
 959      00
 960              	.LASF18:
 961 0466 5F426F6F 		.ascii	"_Bool\000"
 961      6C00
 962              	.LASF24:
 963 046c 43595F53 		.ascii	"CY_SCB_EZI2C_STATE_RX_OFFSET_MSB\000"
 963      43425F45 
 963      5A493243 
 963      5F535441 
 963      54455F52 
 964              	.LASF28:
 965 048d 43595F53 		.ascii	"CY_SCB_EZI2C_STATE_TX_DATA\000"
 965      43425F45 
 965      5A493243 
 965      5F535441 
 965      54455F54 
 966              	.LASF38:
 967 04a8 63757242 		.ascii	"curBuf\000"
 967      756600
 968              	.LASF23:
 969 04af 43595F53 		.ascii	"CY_SCB_EZI2C_STATE_ADDR\000"
 969      43425F45 
 969      5A493243 
 969      5F535441 
 969      54455F41 
 970              	.LASF66:
 971 04c7 63795F62 		.ascii	"cy_ble_connState\000"
 971      6C655F63 
 971      6F6E6E53 
 971      74617465 
ARM GAS  C:\Users\Coal\AppData\Local\Temp\cc3BCa7g.s 			page 23


 971      00
 972              	.LASF75:
 973 04d8 43795F53 		.ascii	"Cy_SysEnableCM4\000"
 973      7973456E 
 973      61626C65 
 973      434D3400 
 974              	.LASF51:
 975 04e8 43595F42 		.ascii	"CY_BLE_ADV_STATE_ADV_INITIATED\000"
 975      4C455F41 
 975      44565F53 
 975      54415445 
 975      5F414456 
 976              	.LASF7:
 977 0507 6C6F6E67 		.ascii	"long unsigned int\000"
 977      20756E73 
 977      69676E65 
 977      6420696E 
 977      7400
 978              	.LASF17:
 979 0519 646F7562 		.ascii	"double\000"
 979      6C6500
 980              	.LASF72:
 981 0520 63795F73 		.ascii	"cy_stc_scb_ezi2c_context\000"
 981      74635F73 
 981      63625F65 
 981      7A693263 
 981      5F636F6E 
 982              	.LASF25:
 983 0539 43595F53 		.ascii	"CY_SCB_EZI2C_STATE_RX_OFFSET_LSB\000"
 983      43425F45 
 983      5A493243 
 983      5F535441 
 983      54455F52 
 984              	.LASF32:
 985 055a 61646472 		.ascii	"address1\000"
 985      65737331 
 985      00
 986              	.LASF33:
 987 0563 61646472 		.ascii	"address2\000"
 987      65737332 
 987      00
 988              	.LASF50:
 989 056c 43595F42 		.ascii	"CY_BLE_ADV_STATE_STOPPED\000"
 989      4C455F41 
 989      44565F53 
 989      54415445 
 989      5F53544F 
 990              	.LASF22:
 991 0585 43595F53 		.ascii	"CY_SCB_EZI2C_STATE_IDLE\000"
 991      43425F45 
 991      5A493243 
 991      5F535441 
 991      54455F49 
 992              	.LASF20:
 993 059d 43595F53 		.ascii	"CY_SCB_EZI2C_SUB_ADDR16_BITS\000"
 993      43425F45 
 993      5A493243 
ARM GAS  C:\Users\Coal\AppData\Local\Temp\cc3BCa7g.s 			page 24


 993      5F535542 
 993      5F414444 
 994              	.LASF63:
 995 05ba 63795F65 		.ascii	"cy_en_ble_conn_state_t\000"
 995      6E5F626C 
 995      655F636F 
 995      6E6E5F73 
 995      74617465 
 996              	.LASF70:
 997 05d1 6D61696E 		.ascii	"main_cm0p.c\000"
 997      5F636D30 
 997      702E6300 
 998              	.LASF49:
 999 05dd 63795F73 		.ascii	"cy_stc_ble_conn_handle_t\000"
 999      74635F62 
 999      6C655F63 
 999      6F6E6E5F 
 999      68616E64 
 1000              	.LASF29:
 1001 05f6 63795F65 		.ascii	"cy_en_scb_ezi2c_state_t\000"
 1001      6E5F7363 
 1001      625F657A 
 1001      6932635F 
 1001      73746174 
 1002              	.LASF40:
 1003 060e 62756631 		.ascii	"buf1\000"
 1003      00
 1004              	.LASF52:
 1005 0613 43595F42 		.ascii	"CY_BLE_ADV_STATE_ADVERTISING\000"
 1005      4C455F41 
 1005      44565F53 
 1005      54415445 
 1005      5F414456 
 1006              		.ident	"GCC: (GNU Tools for ARM Embedded Processors) 5.4.1 20160609 (release) [ARM/embedded-5-bran
