ARM GAS  C:\Users\User\AppData\Local\Temp\cch81JHP.s 			page 1


   1              		.syntax unified
   2              		.cpu cortex-m0plus
   3              		.fpu softvfp
   4              		.eabi_attribute 20, 1
   5              		.eabi_attribute 21, 1
   6              		.eabi_attribute 23, 3
   7              		.eabi_attribute 24, 1
   8              		.eabi_attribute 25, 1
   9              		.eabi_attribute 26, 1
  10              		.eabi_attribute 30, 1
  11              		.eabi_attribute 34, 0
  12              		.eabi_attribute 18, 4
  13              		.thumb
  14              		.syntax unified
  15              		.file	"CapSense_Tuner.c"
  16              		.text
  17              	.Ltext0:
  18              		.cfi_sections	.debug_frame
  19              		.section	.text.CapSense_TuInitialize,"ax",%progbits
  20              		.align	2
  21              		.global	CapSense_TuInitialize
  22              		.code	16
  23              		.thumb_func
  24              		.type	CapSense_TuInitialize, %function
  25              	CapSense_TuInitialize:
  26              	.LFB69:
  27              		.file 1 "Generated_Source\\PSoC6\\CapSense_Tuner.c"
   1:Generated_Source\PSoC6/CapSense_Tuner.c **** /***************************************************************************//**
   2:Generated_Source\PSoC6/CapSense_Tuner.c **** * \file CapSense_Tuner.c
   3:Generated_Source\PSoC6/CapSense_Tuner.c **** * \version 2.0
   4:Generated_Source\PSoC6/CapSense_Tuner.c **** *
   5:Generated_Source\PSoC6/CapSense_Tuner.c **** * \brief
   6:Generated_Source\PSoC6/CapSense_Tuner.c **** *   This file provides the source code for the Tuner module API of the 
   7:Generated_Source\PSoC6/CapSense_Tuner.c **** *   Component.
   8:Generated_Source\PSoC6/CapSense_Tuner.c **** *
   9:Generated_Source\PSoC6/CapSense_Tuner.c **** * \see CapSense v2.0 Datasheet
  10:Generated_Source\PSoC6/CapSense_Tuner.c **** *
  11:Generated_Source\PSoC6/CapSense_Tuner.c **** *//*****************************************************************************
  12:Generated_Source\PSoC6/CapSense_Tuner.c **** * Copyright (2016-2017), Cypress Semiconductor Corporation.
  13:Generated_Source\PSoC6/CapSense_Tuner.c **** ********************************************************************************
  14:Generated_Source\PSoC6/CapSense_Tuner.c **** * This software is owned by Cypress Semiconductor Corporation (Cypress) and is
  15:Generated_Source\PSoC6/CapSense_Tuner.c **** * protected by and subject to worldwide patent protection (United States and
  16:Generated_Source\PSoC6/CapSense_Tuner.c **** * foreign), United States copyright laws and international treaty provisions.
  17:Generated_Source\PSoC6/CapSense_Tuner.c **** * Cypress hereby grants to licensee a personal, non-exclusive, non-transferable
  18:Generated_Source\PSoC6/CapSense_Tuner.c **** * license to copy, use, modify, create derivative works of, and compile the
  19:Generated_Source\PSoC6/CapSense_Tuner.c **** * Cypress Source Code and derivative works for the sole purpose of creating
  20:Generated_Source\PSoC6/CapSense_Tuner.c **** * custom software in support of licensee product to be used only in conjunction
  21:Generated_Source\PSoC6/CapSense_Tuner.c **** * with a Cypress integrated circuit as specified in the applicable agreement.
  22:Generated_Source\PSoC6/CapSense_Tuner.c **** * Any reproduction, modification, translation, compilation, or representation of
  23:Generated_Source\PSoC6/CapSense_Tuner.c **** * this software except as specified above is prohibited without the express
  24:Generated_Source\PSoC6/CapSense_Tuner.c **** * written permission of Cypress.
  25:Generated_Source\PSoC6/CapSense_Tuner.c **** *
  26:Generated_Source\PSoC6/CapSense_Tuner.c **** * Disclaimer: CYPRESS MAKES NO WARRANTY OF ANY KIND, EXPRESS OR IMPLIED, WITH
  27:Generated_Source\PSoC6/CapSense_Tuner.c **** * REGARD TO THIS MATERIAL, INCLUDING, BUT NOT LIMITED TO, THE IMPLIED
  28:Generated_Source\PSoC6/CapSense_Tuner.c **** * WARRANTIES OF MERCHANTABILITY AND FITNESS FOR A PARTICULAR PURPOSE.
  29:Generated_Source\PSoC6/CapSense_Tuner.c **** * Cypress reserves the right to make changes without further notice to the
  30:Generated_Source\PSoC6/CapSense_Tuner.c **** * materials described herein. Cypress does not assume any liability arising out
ARM GAS  C:\Users\User\AppData\Local\Temp\cch81JHP.s 			page 2


  31:Generated_Source\PSoC6/CapSense_Tuner.c **** * of the application or use of any product or circuit described herein. Cypress
  32:Generated_Source\PSoC6/CapSense_Tuner.c **** * does not authorize its products for use as critical components in life-support
  33:Generated_Source\PSoC6/CapSense_Tuner.c **** * systems where a malfunction or failure may reasonably be expected to result in
  34:Generated_Source\PSoC6/CapSense_Tuner.c **** * significant injury to the user. The inclusion of Cypress' product in a life-
  35:Generated_Source\PSoC6/CapSense_Tuner.c **** * support systems application implies that the manufacturer assumes all risk of
  36:Generated_Source\PSoC6/CapSense_Tuner.c **** * such use and in doing so indemnifies Cypress against all charges. Use may be
  37:Generated_Source\PSoC6/CapSense_Tuner.c **** * limited by and subject to the applicable Cypress software license agreement.
  38:Generated_Source\PSoC6/CapSense_Tuner.c **** *******************************************************************************/
  39:Generated_Source\PSoC6/CapSense_Tuner.c **** 
  40:Generated_Source\PSoC6/CapSense_Tuner.c **** #include "syslib/cy_syslib.h"
  41:Generated_Source\PSoC6/CapSense_Tuner.c **** #include "CapSense_Structure.h"
  42:Generated_Source\PSoC6/CapSense_Tuner.c **** #include "CapSense_Tuner.h"
  43:Generated_Source\PSoC6/CapSense_Tuner.c **** #include "CapSense_Control.h"
  44:Generated_Source\PSoC6/CapSense_Tuner.c **** #include "CapSense_Configuration.h"
  45:Generated_Source\PSoC6/CapSense_Tuner.c **** 
  46:Generated_Source\PSoC6/CapSense_Tuner.c **** /* Tuner states definition */
  47:Generated_Source\PSoC6/CapSense_Tuner.c **** #define TU_FSM_RUNNING      (0u)
  48:Generated_Source\PSoC6/CapSense_Tuner.c **** #define TU_FSM_SUSPENDED    (1u)
  49:Generated_Source\PSoC6/CapSense_Tuner.c **** #define TU_FSM_SNR_TEST     (2u)
  50:Generated_Source\PSoC6/CapSense_Tuner.c **** #define TU_FSM_ONE_SCAN     (3u)
  51:Generated_Source\PSoC6/CapSense_Tuner.c **** 
  52:Generated_Source\PSoC6/CapSense_Tuner.c **** /* Tuner state variable */
  53:Generated_Source\PSoC6/CapSense_Tuner.c **** static uint32 tunerFsm = TU_FSM_RUNNING;
  54:Generated_Source\PSoC6/CapSense_Tuner.c **** 
  55:Generated_Source\PSoC6/CapSense_Tuner.c **** 
  56:Generated_Source\PSoC6/CapSense_Tuner.c **** /*******************************************************************************
  57:Generated_Source\PSoC6/CapSense_Tuner.c **** * Function Name: CapSense_TuInitialize
  58:Generated_Source\PSoC6/CapSense_Tuner.c **** ****************************************************************************//**
  59:Generated_Source\PSoC6/CapSense_Tuner.c **** *
  60:Generated_Source\PSoC6/CapSense_Tuner.c **** * \brief
  61:Generated_Source\PSoC6/CapSense_Tuner.c **** *   This function initializes the communication interface with the Tuner GUI.
  62:Generated_Source\PSoC6/CapSense_Tuner.c **** *
  63:Generated_Source\PSoC6/CapSense_Tuner.c **** * \details
  64:Generated_Source\PSoC6/CapSense_Tuner.c **** *   This API sets the tuner state machine to the default state. It is called by
  65:Generated_Source\PSoC6/CapSense_Tuner.c **** *   the CapSense_Start() API.
  66:Generated_Source\PSoC6/CapSense_Tuner.c **** *
  67:Generated_Source\PSoC6/CapSense_Tuner.c **** *******************************************************************************/
  68:Generated_Source\PSoC6/CapSense_Tuner.c **** void CapSense_TuInitialize(void)
  69:Generated_Source\PSoC6/CapSense_Tuner.c **** {
  28              		.loc 1 69 0
  29              		.cfi_startproc
  30              		@ args = 0, pretend = 0, frame = 0
  31              		@ frame_needed = 0, uses_anonymous_args = 0
  32              		@ link register save eliminated.
  33              	.LVL0:
  70:Generated_Source\PSoC6/CapSense_Tuner.c ****     volatile CapSense_RAM_STRUCT *ptrDsRam = &CapSense_dsRam;
  71:Generated_Source\PSoC6/CapSense_Tuner.c **** 
  72:Generated_Source\PSoC6/CapSense_Tuner.c ****     ptrDsRam->tunerCmd = (uint16)CapSense_TU_CMD_NONE_E;
  34              		.loc 1 72 0
  35 0000 0023     		movs	r3, #0
  36 0002 024A     		ldr	r2, .L2
  37 0004 D380     		strh	r3, [r2, #6]
  73:Generated_Source\PSoC6/CapSense_Tuner.c ****     tunerFsm = TU_FSM_RUNNING;
  38              		.loc 1 73 0
  39 0006 024A     		ldr	r2, .L2+4
  40 0008 1360     		str	r3, [r2]
  74:Generated_Source\PSoC6/CapSense_Tuner.c **** }
ARM GAS  C:\Users\User\AppData\Local\Temp\cch81JHP.s 			page 3


  41              		.loc 1 74 0
  42              		@ sp needed
  43 000a 7047     		bx	lr
  44              	.L3:
  45              		.align	2
  46              	.L2:
  47 000c 00000000 		.word	CapSense_dsRam
  48 0010 00000000 		.word	.LANCHOR0
  49              		.cfi_endproc
  50              	.LFE69:
  51              		.size	CapSense_TuInitialize, .-CapSense_TuInitialize
  52              		.section	.text.CapSense_RunTuner,"ax",%progbits
  53              		.align	2
  54              		.global	CapSense_RunTuner
  55              		.code	16
  56              		.thumb_func
  57              		.type	CapSense_RunTuner, %function
  58              	CapSense_RunTuner:
  59              	.LFB70:
  75:Generated_Source\PSoC6/CapSense_Tuner.c **** 
  76:Generated_Source\PSoC6/CapSense_Tuner.c **** /*******************************************************************************
  77:Generated_Source\PSoC6/CapSense_Tuner.c **** * Function Name: CapSense_RunTuner
  78:Generated_Source\PSoC6/CapSense_Tuner.c **** ****************************************************************************//**
  79:Generated_Source\PSoC6/CapSense_Tuner.c **** *
  80:Generated_Source\PSoC6/CapSense_Tuner.c **** * \brief
  81:Generated_Source\PSoC6/CapSense_Tuner.c **** *  Establishes synchronized communication with the Tuner application.
  82:Generated_Source\PSoC6/CapSense_Tuner.c **** *
  83:Generated_Source\PSoC6/CapSense_Tuner.c **** * \details
  84:Generated_Source\PSoC6/CapSense_Tuner.c **** *  This function is used to establish synchronized communication between the
  85:Generated_Source\PSoC6/CapSense_Tuner.c **** *  CapSense Component and Tuner application (or other host controllers).
  86:Generated_Source\PSoC6/CapSense_Tuner.c **** *  This function is called periodically in the application program loop
  87:Generated_Source\PSoC6/CapSense_Tuner.c **** *  to serve the Tuner application (or host controller) requests and commands.
  88:Generated_Source\PSoC6/CapSense_Tuner.c **** *  In most cases, the best place to call this function is after processing and
  89:Generated_Source\PSoC6/CapSense_Tuner.c **** *  before next scanning.
  90:Generated_Source\PSoC6/CapSense_Tuner.c **** *
  91:Generated_Source\PSoC6/CapSense_Tuner.c **** *  If this function is absent in the application program, then communication is
  92:Generated_Source\PSoC6/CapSense_Tuner.c **** *  asynchronous and the following disadvantages are applicable:
  93:Generated_Source\PSoC6/CapSense_Tuner.c **** *    - The raw counts displayed in the tuner may be filtered and/or unfiltered.
  94:Generated_Source\PSoC6/CapSense_Tuner.c **** *      As a result, noise and SNR measurements will not be accurate.
  95:Generated_Source\PSoC6/CapSense_Tuner.c **** *    - The Tuner tool may read the sensor data such as raw counts from a scan
  96:Generated_Source\PSoC6/CapSense_Tuner.c **** *      multiple times, as a result, noise and SNR measurement will not be
  97:Generated_Source\PSoC6/CapSense_Tuner.c **** *      accurate.
  98:Generated_Source\PSoC6/CapSense_Tuner.c **** *    - The Tuner tool and host controller should not change the Component parameters
  99:Generated_Source\PSoC6/CapSense_Tuner.c **** *      via the tuner interface. Changing the Component parameters via the tuner
 100:Generated_Source\PSoC6/CapSense_Tuner.c **** *      interface in the async mode will result in Component abnormal behavior.
 101:Generated_Source\PSoC6/CapSense_Tuner.c **** *
 102:Generated_Source\PSoC6/CapSense_Tuner.c **** *  Note that calling this function is not mandatory for the application, but
 103:Generated_Source\PSoC6/CapSense_Tuner.c **** *  required only to synchronize the communication with the host controller or
 104:Generated_Source\PSoC6/CapSense_Tuner.c **** *  tuner application.
 105:Generated_Source\PSoC6/CapSense_Tuner.c **** *
 106:Generated_Source\PSoC6/CapSense_Tuner.c **** * \return
 107:Generated_Source\PSoC6/CapSense_Tuner.c **** *  In some cases, the application program may need to know if the Component was
 108:Generated_Source\PSoC6/CapSense_Tuner.c **** *  re-initialized. The return indicates if a restart command was executed or not:
 109:Generated_Source\PSoC6/CapSense_Tuner.c **** *    - CapSense_STATUS_RESTART_DONE - Based on a received command, the
 110:Generated_Source\PSoC6/CapSense_Tuner.c **** *      Component was restarted.
 111:Generated_Source\PSoC6/CapSense_Tuner.c **** *    -  CapSense_STATUS_RESTART_NONE - No restart was executed by this
 112:Generated_Source\PSoC6/CapSense_Tuner.c **** *      function.
ARM GAS  C:\Users\User\AppData\Local\Temp\cch81JHP.s 			page 4


 113:Generated_Source\PSoC6/CapSense_Tuner.c **** *
 114:Generated_Source\PSoC6/CapSense_Tuner.c **** *******************************************************************************/
 115:Generated_Source\PSoC6/CapSense_Tuner.c **** uint32 CapSense_RunTuner(void)
 116:Generated_Source\PSoC6/CapSense_Tuner.c **** {
  60              		.loc 1 116 0
  61              		.cfi_startproc
  62              		@ args = 0, pretend = 0, frame = 0
  63              		@ frame_needed = 0, uses_anonymous_args = 0
  64 0000 70B5     		push	{r4, r5, r6, lr}
  65              		.cfi_def_cfa_offset 16
  66              		.cfi_offset 4, -16
  67              		.cfi_offset 5, -12
  68              		.cfi_offset 6, -8
  69              		.cfi_offset 14, -4
  70              	.LVL1:
 117:Generated_Source\PSoC6/CapSense_Tuner.c ****     uint32 interruptState;
 118:Generated_Source\PSoC6/CapSense_Tuner.c ****     uint32 widgetId;
 119:Generated_Source\PSoC6/CapSense_Tuner.c ****     uint32 sensorId;
 120:Generated_Source\PSoC6/CapSense_Tuner.c ****     uint32 updateFlag = 0Lu;
 121:Generated_Source\PSoC6/CapSense_Tuner.c ****     CapSense_TU_CMD_ENUM command;
 122:Generated_Source\PSoC6/CapSense_Tuner.c ****     uint32 tunerStatus = CapSense_STATUS_RESTART_NONE;
  71              		.loc 1 122 0
  72 0002 0025     		movs	r5, #0
 120:Generated_Source\PSoC6/CapSense_Tuner.c ****     CapSense_TU_CMD_ENUM command;
  73              		.loc 1 120 0
  74 0004 0026     		movs	r6, #0
  75              	.LVL2:
  76              	.L16:
 123:Generated_Source\PSoC6/CapSense_Tuner.c **** 
 124:Generated_Source\PSoC6/CapSense_Tuner.c ****     volatile CapSense_RAM_STRUCT *ptrDsRam;
 125:Generated_Source\PSoC6/CapSense_Tuner.c ****     volatile CapSense_RAM_SNS_STRUCT *ptrSnsTmp;
 126:Generated_Source\PSoC6/CapSense_Tuner.c **** 
 127:Generated_Source\PSoC6/CapSense_Tuner.c ****     ptrDsRam = &CapSense_dsRam;
 128:Generated_Source\PSoC6/CapSense_Tuner.c **** 
 129:Generated_Source\PSoC6/CapSense_Tuner.c ****     do
 130:Generated_Source\PSoC6/CapSense_Tuner.c ****     {
 131:Generated_Source\PSoC6/CapSense_Tuner.c ****         /* ONE_SCAN command could be interpreted as two commands:
 132:Generated_Source\PSoC6/CapSense_Tuner.c ****         * RESUME till next call of this function and then
 133:Generated_Source\PSoC6/CapSense_Tuner.c ****         * SUSPEND till next command receiving.
 134:Generated_Source\PSoC6/CapSense_Tuner.c ****         */
 135:Generated_Source\PSoC6/CapSense_Tuner.c ****         if (TU_FSM_ONE_SCAN == tunerFsm)
  77              		.loc 1 135 0
  78 0006 414B     		ldr	r3, .L18
  79 0008 1B68     		ldr	r3, [r3]
  80 000a 032B     		cmp	r3, #3
  81 000c 06D1     		bne	.L5
 136:Generated_Source\PSoC6/CapSense_Tuner.c ****         {
 137:Generated_Source\PSoC6/CapSense_Tuner.c ****             interruptState = Cy_SysLib_EnterCriticalSection();
  82              		.loc 1 137 0
  83 000e FFF7FEFF 		bl	Cy_SysLib_EnterCriticalSection
  84              	.LVL3:
 138:Generated_Source\PSoC6/CapSense_Tuner.c ****             ptrDsRam->tunerCmd = (uint16)CapSense_TU_CMD_SUSPEND_E;
  85              		.loc 1 138 0
  86 0012 0122     		movs	r2, #1
  87 0014 3E4B     		ldr	r3, .L18+4
  88 0016 DA80     		strh	r2, [r3, #6]
 139:Generated_Source\PSoC6/CapSense_Tuner.c ****             Cy_SysLib_ExitCriticalSection(interruptState);
ARM GAS  C:\Users\User\AppData\Local\Temp\cch81JHP.s 			page 5


  89              		.loc 1 139 0
  90 0018 FFF7FEFF 		bl	Cy_SysLib_ExitCriticalSection
  91              	.LVL4:
  92              	.L5:
 140:Generated_Source\PSoC6/CapSense_Tuner.c ****         }
 141:Generated_Source\PSoC6/CapSense_Tuner.c ****         command = (CapSense_TU_CMD_ENUM)ptrDsRam->tunerCmd;
  93              		.loc 1 141 0
  94 001c 3C4B     		ldr	r3, .L18+4
  95 001e DC88     		ldrh	r4, [r3, #6]
  96 0020 E4B2     		uxtb	r4, r4
  97              	.LVL5:
 142:Generated_Source\PSoC6/CapSense_Tuner.c **** 
 143:Generated_Source\PSoC6/CapSense_Tuner.c ****         /* Check command register */
 144:Generated_Source\PSoC6/CapSense_Tuner.c ****         switch (command)
  98              		.loc 1 144 0
  99 0022 062C     		cmp	r4, #6
 100 0024 23D8     		bhi	.L6
 101 0026 A300     		lsls	r3, r4, #2
 102 0028 3A4A     		ldr	r2, .L18+8
 103 002a D358     		ldr	r3, [r2, r3]
 104 002c 9F46     		mov	pc, r3
 105              		.section	.rodata
 106              		.align	2
 107              	.L8:
 108 0000 6E000000 		.word	.L6
 109 0004 2E000000 		.word	.L7
 110 0008 38000000 		.word	.L9
 111 000c 42000000 		.word	.L10
 112 0010 52000000 		.word	.L11
 113 0014 5C000000 		.word	.L12
 114 0018 66000000 		.word	.L13
 115              		.section	.text.CapSense_RunTuner
 116              	.L7:
 145:Generated_Source\PSoC6/CapSense_Tuner.c ****         {
 146:Generated_Source\PSoC6/CapSense_Tuner.c ****         case CapSense_TU_CMD_SUSPEND_E:
 147:Generated_Source\PSoC6/CapSense_Tuner.c ****             tunerFsm = TU_FSM_SUSPENDED;
 117              		.loc 1 147 0
 118 002e 0122     		movs	r2, #1
 119 0030 364B     		ldr	r3, .L18
 120 0032 1A60     		str	r2, [r3]
 121              	.LVL6:
 148:Generated_Source\PSoC6/CapSense_Tuner.c ****             updateFlag = 1Lu;
 122              		.loc 1 148 0
 123 0034 0126     		movs	r6, #1
 149:Generated_Source\PSoC6/CapSense_Tuner.c ****             break;
 124              		.loc 1 149 0
 125 0036 1AE0     		b	.L6
 126              	.LVL7:
 127              	.L9:
 150:Generated_Source\PSoC6/CapSense_Tuner.c **** 
 151:Generated_Source\PSoC6/CapSense_Tuner.c ****         case CapSense_TU_CMD_RESUME_E:
 152:Generated_Source\PSoC6/CapSense_Tuner.c ****             tunerFsm = TU_FSM_RUNNING;
 128              		.loc 1 152 0
 129 0038 0022     		movs	r2, #0
 130 003a 344B     		ldr	r3, .L18
 131 003c 1A60     		str	r2, [r3]
 132              	.LVL8:
ARM GAS  C:\Users\User\AppData\Local\Temp\cch81JHP.s 			page 6


 153:Generated_Source\PSoC6/CapSense_Tuner.c ****             updateFlag = 1Lu;
 133              		.loc 1 153 0
 134 003e 0126     		movs	r6, #1
 154:Generated_Source\PSoC6/CapSense_Tuner.c ****             break;
 135              		.loc 1 154 0
 136 0040 15E0     		b	.L6
 137              	.LVL9:
 138              	.L10:
 155:Generated_Source\PSoC6/CapSense_Tuner.c **** 
 156:Generated_Source\PSoC6/CapSense_Tuner.c ****         case CapSense_TU_CMD_RESTART_E:
 157:Generated_Source\PSoC6/CapSense_Tuner.c ****             (void)CapSense_Start();
 139              		.loc 1 157 0
 140 0042 FFF7FEFF 		bl	CapSense_Start
 141              	.LVL10:
 158:Generated_Source\PSoC6/CapSense_Tuner.c ****             tunerStatus = CapSense_STATUS_RESTART_DONE;
 159:Generated_Source\PSoC6/CapSense_Tuner.c ****             tunerFsm = TU_FSM_RUNNING;
 142              		.loc 1 159 0
 143 0046 0022     		movs	r2, #0
 144 0048 304B     		ldr	r3, .L18
 145 004a 1A60     		str	r2, [r3]
 146              	.LVL11:
 158:Generated_Source\PSoC6/CapSense_Tuner.c ****             tunerStatus = CapSense_STATUS_RESTART_DONE;
 147              		.loc 1 158 0
 148 004c 0125     		movs	r5, #1
 160:Generated_Source\PSoC6/CapSense_Tuner.c ****             updateFlag = 1Lu;
 149              		.loc 1 160 0
 150 004e 0126     		movs	r6, #1
 161:Generated_Source\PSoC6/CapSense_Tuner.c ****             break;
 151              		.loc 1 161 0
 152 0050 0DE0     		b	.L6
 153              	.LVL12:
 154              	.L11:
 162:Generated_Source\PSoC6/CapSense_Tuner.c **** 
 163:Generated_Source\PSoC6/CapSense_Tuner.c ****         case CapSense_TU_CMD_RUN_SNR_TEST_E:
 164:Generated_Source\PSoC6/CapSense_Tuner.c ****             tunerFsm = TU_FSM_SNR_TEST;
 155              		.loc 1 164 0
 156 0052 0222     		movs	r2, #2
 157 0054 2D4B     		ldr	r3, .L18
 158 0056 1A60     		str	r2, [r3]
 159              	.LVL13:
 165:Generated_Source\PSoC6/CapSense_Tuner.c ****             updateFlag = 1Lu;
 160              		.loc 1 165 0
 161 0058 0126     		movs	r6, #1
 166:Generated_Source\PSoC6/CapSense_Tuner.c ****             break;
 162              		.loc 1 166 0
 163 005a 08E0     		b	.L6
 164              	.LVL14:
 165              	.L12:
 167:Generated_Source\PSoC6/CapSense_Tuner.c **** 
 168:Generated_Source\PSoC6/CapSense_Tuner.c ****         case CapSense_TU_CMD_PING_E:
 169:Generated_Source\PSoC6/CapSense_Tuner.c ****             tunerFsm = TU_FSM_RUNNING;
 166              		.loc 1 169 0
 167 005c 0022     		movs	r2, #0
 168 005e 2B4B     		ldr	r3, .L18
 169 0060 1A60     		str	r2, [r3]
 170              	.LVL15:
 170:Generated_Source\PSoC6/CapSense_Tuner.c ****             updateFlag = 1Lu;
ARM GAS  C:\Users\User\AppData\Local\Temp\cch81JHP.s 			page 7


 171              		.loc 1 170 0
 172 0062 0126     		movs	r6, #1
 171:Generated_Source\PSoC6/CapSense_Tuner.c ****             break;
 173              		.loc 1 171 0
 174 0064 03E0     		b	.L6
 175              	.LVL16:
 176              	.L13:
 172:Generated_Source\PSoC6/CapSense_Tuner.c **** 
 173:Generated_Source\PSoC6/CapSense_Tuner.c ****         case CapSense_TU_CMD_ONE_SCAN_E:
 174:Generated_Source\PSoC6/CapSense_Tuner.c ****             tunerFsm = TU_FSM_ONE_SCAN;
 177              		.loc 1 174 0
 178 0066 0322     		movs	r2, #3
 179 0068 284B     		ldr	r3, .L18
 180 006a 1A60     		str	r2, [r3]
 181              	.LVL17:
 175:Generated_Source\PSoC6/CapSense_Tuner.c ****             updateFlag = 0Lu;
 182              		.loc 1 175 0
 183 006c 0026     		movs	r6, #0
 184              	.LVL18:
 185              	.L6:
 176:Generated_Source\PSoC6/CapSense_Tuner.c ****             break;
 177:Generated_Source\PSoC6/CapSense_Tuner.c **** 
 178:Generated_Source\PSoC6/CapSense_Tuner.c ****         default:
 179:Generated_Source\PSoC6/CapSense_Tuner.c ****             break;
 180:Generated_Source\PSoC6/CapSense_Tuner.c ****         }
 181:Generated_Source\PSoC6/CapSense_Tuner.c **** 
 182:Generated_Source\PSoC6/CapSense_Tuner.c ****         /* Set Complete flag in command register if needed */
 183:Generated_Source\PSoC6/CapSense_Tuner.c ****         if (0Lu != updateFlag)
 186              		.loc 1 183 0
 187 006e 002E     		cmp	r6, #0
 188 0070 0FD0     		beq	.L14
 184:Generated_Source\PSoC6/CapSense_Tuner.c ****         {
 185:Generated_Source\PSoC6/CapSense_Tuner.c ****             interruptState = Cy_SysLib_EnterCriticalSection();
 189              		.loc 1 185 0
 190 0072 FFF7FEFF 		bl	Cy_SysLib_EnterCriticalSection
 191              	.LVL19:
 186:Generated_Source\PSoC6/CapSense_Tuner.c **** 
 187:Generated_Source\PSoC6/CapSense_Tuner.c ****             /* Check if command wasn't overwritten with new command */
 188:Generated_Source\PSoC6/CapSense_Tuner.c ****             if (command == (CapSense_TU_CMD_ENUM)ptrDsRam->tunerCmd)
 192              		.loc 1 188 0
 193 0076 264B     		ldr	r3, .L18+4
 194 0078 DB88     		ldrh	r3, [r3, #6]
 195 007a DBB2     		uxtb	r3, r3
 196 007c 9C42     		cmp	r4, r3
 197 007e 05D1     		bne	.L15
 189:Generated_Source\PSoC6/CapSense_Tuner.c ****             {
 190:Generated_Source\PSoC6/CapSense_Tuner.c ****                 ptrDsRam->tunerCmd |= CapSense_TU_CMD_COMPLETE_BIT;
 198              		.loc 1 190 0
 199 0080 234A     		ldr	r2, .L18+4
 200 0082 D188     		ldrh	r1, [r2, #6]
 201 0084 244B     		ldr	r3, .L18+12
 202 0086 0B43     		orrs	r3, r1
 203 0088 9BB2     		uxth	r3, r3
 204 008a D380     		strh	r3, [r2, #6]
 205              	.L15:
 191:Generated_Source\PSoC6/CapSense_Tuner.c ****             }
 192:Generated_Source\PSoC6/CapSense_Tuner.c ****             Cy_SysLib_ExitCriticalSection(interruptState);
ARM GAS  C:\Users\User\AppData\Local\Temp\cch81JHP.s 			page 8


 206              		.loc 1 192 0
 207 008c FFF7FEFF 		bl	Cy_SysLib_ExitCriticalSection
 208              	.LVL20:
 193:Generated_Source\PSoC6/CapSense_Tuner.c **** 
 194:Generated_Source\PSoC6/CapSense_Tuner.c ****             updateFlag = 0Lu;
 209              		.loc 1 194 0
 210 0090 0026     		movs	r6, #0
 211              	.LVL21:
 212              	.L14:
 195:Generated_Source\PSoC6/CapSense_Tuner.c ****         }
 196:Generated_Source\PSoC6/CapSense_Tuner.c ****     } while (TU_FSM_SUSPENDED == tunerFsm);
 213              		.loc 1 196 0
 214 0092 1E4B     		ldr	r3, .L18
 215 0094 1B68     		ldr	r3, [r3]
 216 0096 012B     		cmp	r3, #1
 217 0098 B5D0     		beq	.L16
 197:Generated_Source\PSoC6/CapSense_Tuner.c **** 
 198:Generated_Source\PSoC6/CapSense_Tuner.c ****     /* Check for SNR Test mode and do appropriate actions */
 199:Generated_Source\PSoC6/CapSense_Tuner.c ****     if (TU_FSM_SNR_TEST == tunerFsm)
 218              		.loc 1 199 0
 219 009a 022B     		cmp	r3, #2
 220 009c 33D1     		bne	.L17
 200:Generated_Source\PSoC6/CapSense_Tuner.c ****     {
 201:Generated_Source\PSoC6/CapSense_Tuner.c ****         widgetId = ptrDsRam->snrTestWidgetId;
 221              		.loc 1 201 0
 222 009e 1C4A     		ldr	r2, .L18+4
 223 00a0 1533     		adds	r3, r3, #21
 224 00a2 FF33     		adds	r3, r3, #255
 225 00a4 D35C     		ldrb	r3, [r2, r3]
 226 00a6 DBB2     		uxtb	r3, r3
 227              	.LVL22:
 202:Generated_Source\PSoC6/CapSense_Tuner.c ****         sensorId = ptrDsRam->snrTestSensorId;
 228              		.loc 1 202 0
 229 00a8 1821     		movs	r1, #24
 230 00aa FF31     		adds	r1, r1, #255
 231 00ac 525C     		ldrb	r2, [r2, r1]
 232 00ae D2B2     		uxtb	r2, r2
 233              	.LVL23:
 203:Generated_Source\PSoC6/CapSense_Tuner.c **** 
 204:Generated_Source\PSoC6/CapSense_Tuner.c ****         /* Check if widgetId and sensorId are in range,
 205:Generated_Source\PSoC6/CapSense_Tuner.c ****          * and data was updated in RAM (scan counter changed)
 206:Generated_Source\PSoC6/CapSense_Tuner.c ****          */
 207:Generated_Source\PSoC6/CapSense_Tuner.c ****         if ((widgetId < CapSense_TOTAL_WIDGETS)              &&
 234              		.loc 1 207 0
 235 00b0 092B     		cmp	r3, #9
 236 00b2 28D8     		bhi	.L17
 208:Generated_Source\PSoC6/CapSense_Tuner.c ****             (sensorId < CapSense_GET_SENSOR_COUNT(widgetId)) &&
 237              		.loc 1 208 0 discriminator 1
 238 00b4 D800     		lsls	r0, r3, #3
 239 00b6 C01A     		subs	r0, r0, r3
 240 00b8 8100     		lsls	r1, r0, #2
 241 00ba 1848     		ldr	r0, .L18+16
 242 00bc 4118     		adds	r1, r0, r1
 243 00be 098B     		ldrh	r1, [r1, #24]
 207:Generated_Source\PSoC6/CapSense_Tuner.c ****             (sensorId < CapSense_GET_SENSOR_COUNT(widgetId)) &&
 244              		.loc 1 207 0 discriminator 1
 245 00c0 8A42     		cmp	r2, r1
ARM GAS  C:\Users\User\AppData\Local\Temp\cch81JHP.s 			page 9


 246 00c2 20D2     		bcs	.L17
 209:Generated_Source\PSoC6/CapSense_Tuner.c ****             (ptrDsRam->scanCounter != ptrDsRam->snrTestScanCounter))
 247              		.loc 1 209 0
 248 00c4 1249     		ldr	r1, .L18+4
 249 00c6 0889     		ldrh	r0, [r1, #8]
 250 00c8 80B2     		uxth	r0, r0
 251 00ca 8C24     		movs	r4, #140
 252              	.LVL24:
 253 00cc 6400     		lsls	r4, r4, #1
 254 00ce 095B     		ldrh	r1, [r1, r4]
 255 00d0 89B2     		uxth	r1, r1
 208:Generated_Source\PSoC6/CapSense_Tuner.c ****             (sensorId < CapSense_GET_SENSOR_COUNT(widgetId)) &&
 256              		.loc 1 208 0
 257 00d2 8842     		cmp	r0, r1
 258 00d4 17D0     		beq	.L17
 210:Generated_Source\PSoC6/CapSense_Tuner.c ****         {
 211:Generated_Source\PSoC6/CapSense_Tuner.c ****             /* Get access to the Sensor Object */
 212:Generated_Source\PSoC6/CapSense_Tuner.c ****             ptrSnsTmp = CapSense_dsFlash.wdgtArray[widgetId].ptr2SnsRam;
 259              		.loc 1 212 0
 260 00d6 D900     		lsls	r1, r3, #3
 261 00d8 CB1A     		subs	r3, r1, r3
 262              	.LVL25:
 263 00da 9900     		lsls	r1, r3, #2
 264 00dc 0F4B     		ldr	r3, .L18+16
 265 00de 5918     		adds	r1, r3, r1
 266 00e0 8C68     		ldr	r4, [r1, #8]
 267              	.LVL26:
 213:Generated_Source\PSoC6/CapSense_Tuner.c ****             ptrSnsTmp += sensorId;
 268              		.loc 1 213 0
 269 00e2 9300     		lsls	r3, r2, #2
 270 00e4 9A18     		adds	r2, r3, r2
 271              	.LVL27:
 272 00e6 5300     		lsls	r3, r2, #1
 273 00e8 E418     		adds	r4, r4, r3
 274              	.LVL28:
 214:Generated_Source\PSoC6/CapSense_Tuner.c **** 
 215:Generated_Source\PSoC6/CapSense_Tuner.c ****             /* Update data in SNR Test Object */
 216:Generated_Source\PSoC6/CapSense_Tuner.c ****             interruptState = Cy_SysLib_EnterCriticalSection();
 275              		.loc 1 216 0
 276 00ea FFF7FEFF 		bl	Cy_SysLib_EnterCriticalSection
 277              	.LVL29:
 217:Generated_Source\PSoC6/CapSense_Tuner.c ****             ptrDsRam->snrTestScanCounter = ptrDsRam->scanCounter;
 278              		.loc 1 217 0
 279 00ee 084B     		ldr	r3, .L18+4
 280 00f0 1A89     		ldrh	r2, [r3, #8]
 281 00f2 92B2     		uxth	r2, r2
 282 00f4 8C21     		movs	r1, #140
 283 00f6 4900     		lsls	r1, r1, #1
 284 00f8 5A52     		strh	r2, [r3, r1]
 218:Generated_Source\PSoC6/CapSense_Tuner.c ****             ptrDsRam->snrTestRawCount[0u] = ptrSnsTmp->raw[0u];
 285              		.loc 1 218 0
 286 00fa 2288     		ldrh	r2, [r4]
 287 00fc 92B2     		uxth	r2, r2
 288 00fe 0231     		adds	r1, r1, #2
 289 0100 5A52     		strh	r2, [r3, r1]
 219:Generated_Source\PSoC6/CapSense_Tuner.c **** 
 220:Generated_Source\PSoC6/CapSense_Tuner.c ****             #if (0u != CapSense_MULTI_FREQ_SCAN_EN)
ARM GAS  C:\Users\User\AppData\Local\Temp\cch81JHP.s 			page 10


 221:Generated_Source\PSoC6/CapSense_Tuner.c ****                 ptrDsRam->snrTestRawCount[1u] = ptrSnsTmp->raw[1u];
 222:Generated_Source\PSoC6/CapSense_Tuner.c ****                 ptrDsRam->snrTestRawCount[2u] = ptrSnsTmp->raw[2u];
 223:Generated_Source\PSoC6/CapSense_Tuner.c ****             #endif
 224:Generated_Source\PSoC6/CapSense_Tuner.c **** 
 225:Generated_Source\PSoC6/CapSense_Tuner.c ****             Cy_SysLib_ExitCriticalSection(interruptState);
 290              		.loc 1 225 0
 291 0102 FFF7FEFF 		bl	Cy_SysLib_ExitCriticalSection
 292              	.LVL30:
 293              	.L17:
 226:Generated_Source\PSoC6/CapSense_Tuner.c ****         }
 227:Generated_Source\PSoC6/CapSense_Tuner.c ****     }
 228:Generated_Source\PSoC6/CapSense_Tuner.c ****     return tunerStatus;
 229:Generated_Source\PSoC6/CapSense_Tuner.c **** }
 294              		.loc 1 229 0
 295 0106 2800     		movs	r0, r5
 296              		@ sp needed
 297              	.LVL31:
 298              	.LVL32:
 299 0108 70BD     		pop	{r4, r5, r6, pc}
 300              	.L19:
 301 010a C046     		.align	2
 302              	.L18:
 303 010c 00000000 		.word	.LANCHOR0
 304 0110 00000000 		.word	CapSense_dsRam
 305 0114 00000000 		.word	.L8
 306 0118 0080FFFF 		.word	-32768
 307 011c 00000000 		.word	CapSense_dsFlash
 308              		.cfi_endproc
 309              	.LFE70:
 310              		.size	CapSense_RunTuner, .-CapSense_RunTuner
 311              		.bss
 312              		.align	2
 313              		.set	.LANCHOR0,. + 0
 314              		.type	tunerFsm, %object
 315              		.size	tunerFsm, 4
 316              	tunerFsm:
 317 0000 00000000 		.space	4
 318              		.text
 319              	.Letext0:
 320              		.file 2 "d:\\cypress creator\\psoc creator\\4.2\\psoc creator\\import\\gnu\\arm\\5.4.1\\arm-none-e
 321              		.file 3 "d:\\cypress creator\\psoc creator\\4.2\\psoc creator\\import\\gnu\\arm\\5.4.1\\arm-none-e
 322              		.file 4 "Generated_Source\\PSoC6\\pdl\\drivers/peripheral/syslib/cy_syslib.h"
 323              		.file 5 "Generated_Source\\PSoC6\\CapSense_Configuration.h"
 324              		.file 6 "Generated_Source\\PSoC6\\CapSense_Structure.h"
 325              		.file 7 "Generated_Source\\PSoC6\\CapSense_Tuner.h"
 326              		.file 8 "Generated_Source\\PSoC6\\CapSense_Control.h"
 327              		.section	.debug_info,"",%progbits
 328              	.Ldebug_info0:
 329 0000 F3060000 		.4byte	0x6f3
 330 0004 0400     		.2byte	0x4
 331 0006 00000000 		.4byte	.Ldebug_abbrev0
 332 000a 04       		.byte	0x4
 333 000b 01       		.uleb128 0x1
 334 000c 3E010000 		.4byte	.LASF106
 335 0010 0C       		.byte	0xc
 336 0011 00050000 		.4byte	.LASF107
 337 0015 5C060000 		.4byte	.LASF108
ARM GAS  C:\Users\User\AppData\Local\Temp\cch81JHP.s 			page 11


 338 0019 00000000 		.4byte	.Ldebug_ranges0+0
 339 001d 00000000 		.4byte	0
 340 0021 00000000 		.4byte	.Ldebug_line0
 341 0025 02       		.uleb128 0x2
 342 0026 01       		.byte	0x1
 343 0027 06       		.byte	0x6
 344 0028 78030000 		.4byte	.LASF0
 345 002c 03       		.uleb128 0x3
 346 002d FA020000 		.4byte	.LASF3
 347 0031 02       		.byte	0x2
 348 0032 1D       		.byte	0x1d
 349 0033 37000000 		.4byte	0x37
 350 0037 02       		.uleb128 0x2
 351 0038 01       		.byte	0x1
 352 0039 08       		.byte	0x8
 353 003a 59030000 		.4byte	.LASF1
 354 003e 02       		.uleb128 0x2
 355 003f 02       		.byte	0x2
 356 0040 05       		.byte	0x5
 357 0041 CF000000 		.4byte	.LASF2
 358 0045 03       		.uleb128 0x3
 359 0046 05020000 		.4byte	.LASF4
 360 004a 02       		.byte	0x2
 361 004b 2B       		.byte	0x2b
 362 004c 50000000 		.4byte	0x50
 363 0050 02       		.uleb128 0x2
 364 0051 02       		.byte	0x2
 365 0052 07       		.byte	0x7
 366 0053 1D040000 		.4byte	.LASF5
 367 0057 02       		.uleb128 0x2
 368 0058 04       		.byte	0x4
 369 0059 05       		.byte	0x5
 370 005a C2020000 		.4byte	.LASF6
 371 005e 03       		.uleb128 0x3
 372 005f ED010000 		.4byte	.LASF7
 373 0063 02       		.byte	0x2
 374 0064 41       		.byte	0x41
 375 0065 69000000 		.4byte	0x69
 376 0069 02       		.uleb128 0x2
 377 006a 04       		.byte	0x4
 378 006b 07       		.byte	0x7
 379 006c D4040000 		.4byte	.LASF8
 380 0070 02       		.uleb128 0x2
 381 0071 08       		.byte	0x8
 382 0072 05       		.byte	0x5
 383 0073 98020000 		.4byte	.LASF9
 384 0077 02       		.uleb128 0x2
 385 0078 08       		.byte	0x8
 386 0079 07       		.byte	0x7
 387 007a A1030000 		.4byte	.LASF10
 388 007e 04       		.uleb128 0x4
 389 007f 04       		.byte	0x4
 390 0080 05       		.byte	0x5
 391 0081 696E7400 		.ascii	"int\000"
 392 0085 02       		.uleb128 0x2
 393 0086 04       		.byte	0x4
 394 0087 07       		.byte	0x7
ARM GAS  C:\Users\User\AppData\Local\Temp\cch81JHP.s 			page 12


 395 0088 F5030000 		.4byte	.LASF11
 396 008c 03       		.uleb128 0x3
 397 008d 61020000 		.4byte	.LASF12
 398 0091 03       		.byte	0x3
 399 0092 18       		.byte	0x18
 400 0093 2C000000 		.4byte	0x2c
 401 0097 03       		.uleb128 0x3
 402 0098 02040000 		.4byte	.LASF13
 403 009c 03       		.byte	0x3
 404 009d 24       		.byte	0x24
 405 009e 45000000 		.4byte	0x45
 406 00a2 03       		.uleb128 0x3
 407 00a3 D0030000 		.4byte	.LASF14
 408 00a7 03       		.byte	0x3
 409 00a8 30       		.byte	0x30
 410 00a9 5E000000 		.4byte	0x5e
 411 00ad 02       		.uleb128 0x2
 412 00ae 04       		.byte	0x4
 413 00af 07       		.byte	0x7
 414 00b0 02010000 		.4byte	.LASF15
 415 00b4 02       		.uleb128 0x2
 416 00b5 01       		.byte	0x1
 417 00b6 08       		.byte	0x8
 418 00b7 BD020000 		.4byte	.LASF16
 419 00bb 02       		.uleb128 0x2
 420 00bc 04       		.byte	0x4
 421 00bd 04       		.byte	0x4
 422 00be 76020000 		.4byte	.LASF17
 423 00c2 02       		.uleb128 0x2
 424 00c3 08       		.byte	0x8
 425 00c4 04       		.byte	0x4
 426 00c5 E6040000 		.4byte	.LASF18
 427 00c9 05       		.uleb128 0x5
 428 00ca 69020000 		.4byte	.LASF19
 429 00ce 04       		.byte	0x4
 430 00cf 8503     		.2byte	0x385
 431 00d1 8C000000 		.4byte	0x8c
 432 00d5 05       		.uleb128 0x5
 433 00d6 38020000 		.4byte	.LASF20
 434 00da 04       		.byte	0x4
 435 00db 8603     		.2byte	0x386
 436 00dd 97000000 		.4byte	0x97
 437 00e1 05       		.uleb128 0x5
 438 00e2 CD040000 		.4byte	.LASF21
 439 00e6 04       		.byte	0x4
 440 00e7 8703     		.2byte	0x387
 441 00e9 A2000000 		.4byte	0xa2
 442 00ed 03       		.uleb128 0x3
 443 00ee D4020000 		.4byte	.LASF22
 444 00f2 05       		.byte	0x5
 445 00f3 FC       		.byte	0xfc
 446 00f4 D5000000 		.4byte	0xd5
 447 00f8 05       		.uleb128 0x5
 448 00f9 50050000 		.4byte	.LASF23
 449 00fd 05       		.byte	0x5
 450 00fe 0001     		.2byte	0x100
 451 0100 C9000000 		.4byte	0xc9
ARM GAS  C:\Users\User\AppData\Local\Temp\cch81JHP.s 			page 13


 452 0104 06       		.uleb128 0x6
 453 0105 C9000000 		.4byte	0xc9
 454 0109 14010000 		.4byte	0x114
 455 010d 07       		.uleb128 0x7
 456 010e AD000000 		.4byte	0xad
 457 0112 00       		.byte	0
 458 0113 00       		.byte	0
 459 0114 08       		.uleb128 0x8
 460 0115 0E       		.byte	0xe
 461 0116 06       		.byte	0x6
 462 0117 CE       		.byte	0xce
 463 0118 97010000 		.4byte	0x197
 464 011c 09       		.uleb128 0x9
 465 011d 65040000 		.4byte	.LASF24
 466 0121 06       		.byte	0x6
 467 0122 D4       		.byte	0xd4
 468 0123 D5000000 		.4byte	0xd5
 469 0127 00       		.byte	0
 470 0128 09       		.uleb128 0x9
 471 0129 13030000 		.4byte	.LASF25
 472 012d 06       		.byte	0x6
 473 012e D9       		.byte	0xd9
 474 012f ED000000 		.4byte	0xed
 475 0133 02       		.byte	0x2
 476 0134 09       		.uleb128 0x9
 477 0135 27020000 		.4byte	.LASF26
 478 0139 06       		.byte	0x6
 479 013a DE       		.byte	0xde
 480 013b C9000000 		.4byte	0xc9
 481 013f 04       		.byte	0x4
 482 0140 09       		.uleb128 0x9
 483 0141 D0010000 		.4byte	.LASF27
 484 0145 06       		.byte	0x6
 485 0146 E3       		.byte	0xe3
 486 0147 C9000000 		.4byte	0xc9
 487 014b 05       		.byte	0x5
 488 014c 09       		.uleb128 0x9
 489 014d 24030000 		.4byte	.LASF28
 490 0151 06       		.byte	0x6
 491 0152 E8       		.byte	0xe8
 492 0153 C9000000 		.4byte	0xc9
 493 0157 06       		.byte	0x6
 494 0158 09       		.uleb128 0x9
 495 0159 F7000000 		.4byte	.LASF29
 496 015d 06       		.byte	0x6
 497 015e ED       		.byte	0xed
 498 015f C9000000 		.4byte	0xc9
 499 0163 07       		.byte	0x7
 500 0164 09       		.uleb128 0x9
 501 0165 87000000 		.4byte	.LASF30
 502 0169 06       		.byte	0x6
 503 016a F4       		.byte	0xf4
 504 016b F8000000 		.4byte	0xf8
 505 016f 08       		.byte	0x8
 506 0170 09       		.uleb128 0x9
 507 0171 BE000000 		.4byte	.LASF31
 508 0175 06       		.byte	0x6
ARM GAS  C:\Users\User\AppData\Local\Temp\cch81JHP.s 			page 14


 509 0176 FC       		.byte	0xfc
 510 0177 04010000 		.4byte	0x104
 511 017b 09       		.byte	0x9
 512 017c 0A       		.uleb128 0xa
 513 017d 6F020000 		.4byte	.LASF32
 514 0181 06       		.byte	0x6
 515 0182 0501     		.2byte	0x105
 516 0184 D5000000 		.4byte	0xd5
 517 0188 0A       		.byte	0xa
 518 0189 0A       		.uleb128 0xa
 519 018a F8010000 		.4byte	.LASF33
 520 018e 06       		.byte	0x6
 521 018f 0A01     		.2byte	0x10a
 522 0191 C9000000 		.4byte	0xc9
 523 0195 0C       		.byte	0xc
 524 0196 00       		.byte	0
 525 0197 05       		.uleb128 0x5
 526 0198 D9000000 		.4byte	.LASF34
 527 019c 06       		.byte	0x6
 528 019d 0B01     		.2byte	0x10b
 529 019f 14010000 		.4byte	0x114
 530 01a3 0B       		.uleb128 0xb
 531 01a4 8C       		.byte	0x8c
 532 01a5 06       		.byte	0x6
 533 01a6 1101     		.2byte	0x111
 534 01a8 2F020000 		.4byte	0x22f
 535 01ac 0A       		.uleb128 0xa
 536 01ad 97050000 		.4byte	.LASF35
 537 01b1 06       		.byte	0x6
 538 01b2 1601     		.2byte	0x116
 539 01b4 97010000 		.4byte	0x197
 540 01b8 00       		.byte	0
 541 01b9 0A       		.uleb128 0xa
 542 01ba 9F050000 		.4byte	.LASF36
 543 01be 06       		.byte	0x6
 544 01bf 1B01     		.2byte	0x11b
 545 01c1 97010000 		.4byte	0x197
 546 01c5 0E       		.byte	0xe
 547 01c6 0A       		.uleb128 0xa
 548 01c7 A7050000 		.4byte	.LASF37
 549 01cb 06       		.byte	0x6
 550 01cc 2001     		.2byte	0x120
 551 01ce 97010000 		.4byte	0x197
 552 01d2 1C       		.byte	0x1c
 553 01d3 0A       		.uleb128 0xa
 554 01d4 AF050000 		.4byte	.LASF38
 555 01d8 06       		.byte	0x6
 556 01d9 2501     		.2byte	0x125
 557 01db 97010000 		.4byte	0x197
 558 01df 2A       		.byte	0x2a
 559 01e0 0A       		.uleb128 0xa
 560 01e1 B7050000 		.4byte	.LASF39
 561 01e5 06       		.byte	0x6
 562 01e6 2A01     		.2byte	0x12a
 563 01e8 97010000 		.4byte	0x197
 564 01ec 38       		.byte	0x38
 565 01ed 0A       		.uleb128 0xa
ARM GAS  C:\Users\User\AppData\Local\Temp\cch81JHP.s 			page 15


 566 01ee BF050000 		.4byte	.LASF40
 567 01f2 06       		.byte	0x6
 568 01f3 2F01     		.2byte	0x12f
 569 01f5 97010000 		.4byte	0x197
 570 01f9 46       		.byte	0x46
 571 01fa 0A       		.uleb128 0xa
 572 01fb C7050000 		.4byte	.LASF41
 573 01ff 06       		.byte	0x6
 574 0200 3401     		.2byte	0x134
 575 0202 97010000 		.4byte	0x197
 576 0206 54       		.byte	0x54
 577 0207 0A       		.uleb128 0xa
 578 0208 CF050000 		.4byte	.LASF42
 579 020c 06       		.byte	0x6
 580 020d 3901     		.2byte	0x139
 581 020f 97010000 		.4byte	0x197
 582 0213 62       		.byte	0x62
 583 0214 0A       		.uleb128 0xa
 584 0215 D7050000 		.4byte	.LASF43
 585 0219 06       		.byte	0x6
 586 021a 3E01     		.2byte	0x13e
 587 021c 97010000 		.4byte	0x197
 588 0220 70       		.byte	0x70
 589 0221 0A       		.uleb128 0xa
 590 0222 DF050000 		.4byte	.LASF44
 591 0226 06       		.byte	0x6
 592 0227 4301     		.2byte	0x143
 593 0229 97010000 		.4byte	0x197
 594 022d 7E       		.byte	0x7e
 595 022e 00       		.byte	0
 596 022f 05       		.uleb128 0x5
 597 0230 7C020000 		.4byte	.LASF45
 598 0234 06       		.byte	0x6
 599 0235 4401     		.2byte	0x144
 600 0237 A3010000 		.4byte	0x1a3
 601 023b 0B       		.uleb128 0xb
 602 023c 0A       		.byte	0xa
 603 023d 06       		.byte	0x6
 604 023e 4A01     		.2byte	0x14a
 605 0240 93020000 		.4byte	0x293
 606 0244 0C       		.uleb128 0xc
 607 0245 72617700 		.ascii	"raw\000"
 608 0249 06       		.byte	0x6
 609 024a 4F01     		.2byte	0x14f
 610 024c 93020000 		.4byte	0x293
 611 0250 00       		.byte	0
 612 0251 0A       		.uleb128 0xa
 613 0252 64000000 		.4byte	.LASF46
 614 0256 06       		.byte	0x6
 615 0257 5401     		.2byte	0x154
 616 0259 93020000 		.4byte	0x293
 617 025d 02       		.byte	0x2
 618 025e 0A       		.uleb128 0xa
 619 025f F8040000 		.4byte	.LASF47
 620 0263 06       		.byte	0x6
 621 0264 5A01     		.2byte	0x15a
 622 0266 04010000 		.4byte	0x104
ARM GAS  C:\Users\User\AppData\Local\Temp\cch81JHP.s 			page 16


 623 026a 04       		.byte	0x4
 624 026b 0A       		.uleb128 0xa
 625 026c 92000000 		.4byte	.LASF48
 626 0270 06       		.byte	0x6
 627 0271 5F01     		.2byte	0x15f
 628 0273 ED000000 		.4byte	0xed
 629 0277 06       		.byte	0x6
 630 0278 0A       		.uleb128 0xa
 631 0279 EC020000 		.4byte	.LASF49
 632 027d 06       		.byte	0x6
 633 027e 6401     		.2byte	0x164
 634 0280 A3020000 		.4byte	0x2a3
 635 0284 08       		.byte	0x8
 636 0285 0A       		.uleb128 0xa
 637 0286 D9010000 		.4byte	.LASF50
 638 028a 06       		.byte	0x6
 639 028b 6A01     		.2byte	0x16a
 640 028d 04010000 		.4byte	0x104
 641 0291 09       		.byte	0x9
 642 0292 00       		.byte	0
 643 0293 06       		.uleb128 0x6
 644 0294 D5000000 		.4byte	0xd5
 645 0298 A3020000 		.4byte	0x2a3
 646 029c 07       		.uleb128 0x7
 647 029d AD000000 		.4byte	0xad
 648 02a1 00       		.byte	0
 649 02a2 00       		.byte	0
 650 02a3 06       		.uleb128 0x6
 651 02a4 F8000000 		.4byte	0xf8
 652 02a8 B3020000 		.4byte	0x2b3
 653 02ac 07       		.uleb128 0x7
 654 02ad AD000000 		.4byte	0xad
 655 02b1 00       		.byte	0
 656 02b2 00       		.byte	0
 657 02b3 05       		.uleb128 0x5
 658 02b4 B8030000 		.4byte	.LASF51
 659 02b8 06       		.byte	0x6
 660 02b9 6B01     		.2byte	0x16b
 661 02bb 3B020000 		.4byte	0x23b
 662 02bf 0B       		.uleb128 0xb
 663 02c0 64       		.byte	0x64
 664 02c1 06       		.byte	0x6
 665 02c2 7101     		.2byte	0x171
 666 02c4 4B030000 		.4byte	0x34b
 667 02c8 0A       		.uleb128 0xa
 668 02c9 97050000 		.4byte	.LASF35
 669 02cd 06       		.byte	0x6
 670 02ce 7601     		.2byte	0x176
 671 02d0 4B030000 		.4byte	0x34b
 672 02d4 00       		.byte	0
 673 02d5 0A       		.uleb128 0xa
 674 02d6 9F050000 		.4byte	.LASF36
 675 02da 06       		.byte	0x6
 676 02db 7B01     		.2byte	0x17b
 677 02dd 4B030000 		.4byte	0x34b
 678 02e1 0A       		.byte	0xa
 679 02e2 0A       		.uleb128 0xa
ARM GAS  C:\Users\User\AppData\Local\Temp\cch81JHP.s 			page 17


 680 02e3 A7050000 		.4byte	.LASF37
 681 02e7 06       		.byte	0x6
 682 02e8 8001     		.2byte	0x180
 683 02ea 4B030000 		.4byte	0x34b
 684 02ee 14       		.byte	0x14
 685 02ef 0A       		.uleb128 0xa
 686 02f0 AF050000 		.4byte	.LASF38
 687 02f4 06       		.byte	0x6
 688 02f5 8501     		.2byte	0x185
 689 02f7 4B030000 		.4byte	0x34b
 690 02fb 1E       		.byte	0x1e
 691 02fc 0A       		.uleb128 0xa
 692 02fd B7050000 		.4byte	.LASF39
 693 0301 06       		.byte	0x6
 694 0302 8A01     		.2byte	0x18a
 695 0304 4B030000 		.4byte	0x34b
 696 0308 28       		.byte	0x28
 697 0309 0A       		.uleb128 0xa
 698 030a BF050000 		.4byte	.LASF40
 699 030e 06       		.byte	0x6
 700 030f 8F01     		.2byte	0x18f
 701 0311 4B030000 		.4byte	0x34b
 702 0315 32       		.byte	0x32
 703 0316 0A       		.uleb128 0xa
 704 0317 C7050000 		.4byte	.LASF41
 705 031b 06       		.byte	0x6
 706 031c 9401     		.2byte	0x194
 707 031e 4B030000 		.4byte	0x34b
 708 0322 3C       		.byte	0x3c
 709 0323 0A       		.uleb128 0xa
 710 0324 CF050000 		.4byte	.LASF42
 711 0328 06       		.byte	0x6
 712 0329 9901     		.2byte	0x199
 713 032b 4B030000 		.4byte	0x34b
 714 032f 46       		.byte	0x46
 715 0330 0A       		.uleb128 0xa
 716 0331 D7050000 		.4byte	.LASF43
 717 0335 06       		.byte	0x6
 718 0336 9E01     		.2byte	0x19e
 719 0338 4B030000 		.4byte	0x34b
 720 033c 50       		.byte	0x50
 721 033d 0A       		.uleb128 0xa
 722 033e DF050000 		.4byte	.LASF44
 723 0342 06       		.byte	0x6
 724 0343 A301     		.2byte	0x1a3
 725 0345 4B030000 		.4byte	0x34b
 726 0349 5A       		.byte	0x5a
 727 034a 00       		.byte	0
 728 034b 06       		.uleb128 0x6
 729 034c B3020000 		.4byte	0x2b3
 730 0350 5B030000 		.4byte	0x35b
 731 0354 07       		.uleb128 0x7
 732 0355 AD000000 		.4byte	0xad
 733 0359 00       		.byte	0
 734 035a 00       		.byte	0
 735 035b 05       		.uleb128 0x5
 736 035c 84030000 		.4byte	.LASF52
ARM GAS  C:\Users\User\AppData\Local\Temp\cch81JHP.s 			page 18


 737 0360 06       		.byte	0x6
 738 0361 A401     		.2byte	0x1a4
 739 0363 BF020000 		.4byte	0x2bf
 740 0367 0D       		.uleb128 0xd
 741 0368 1C01     		.2byte	0x11c
 742 036a 06       		.byte	0x6
 743 036b AA01     		.2byte	0x1aa
 744 036d 53040000 		.4byte	0x453
 745 0371 0A       		.uleb128 0xa
 746 0372 30040000 		.4byte	.LASF53
 747 0376 06       		.byte	0x6
 748 0377 B201     		.2byte	0x1b2
 749 0379 D5000000 		.4byte	0xd5
 750 037d 00       		.byte	0
 751 037e 0A       		.uleb128 0xa
 752 037f 2F020000 		.4byte	.LASF54
 753 0383 06       		.byte	0x6
 754 0384 B701     		.2byte	0x1b7
 755 0386 D5000000 		.4byte	0xd5
 756 038a 02       		.byte	0x2
 757 038b 0A       		.uleb128 0xa
 758 038c 6B050000 		.4byte	.LASF55
 759 0390 06       		.byte	0x6
 760 0391 BC01     		.2byte	0x1bc
 761 0393 D5000000 		.4byte	0xd5
 762 0397 04       		.byte	0x4
 763 0398 0A       		.uleb128 0xa
 764 0399 2F030000 		.4byte	.LASF56
 765 039d 06       		.byte	0x6
 766 039e C201     		.2byte	0x1c2
 767 03a0 D5000000 		.4byte	0xd5
 768 03a4 06       		.byte	0x6
 769 03a5 0A       		.uleb128 0xa
 770 03a6 92040000 		.4byte	.LASF57
 771 03aa 06       		.byte	0x6
 772 03ab C701     		.2byte	0x1c7
 773 03ad D5000000 		.4byte	0xd5
 774 03b1 08       		.byte	0x8
 775 03b2 0A       		.uleb128 0xa
 776 03b3 16040000 		.4byte	.LASF58
 777 03b7 06       		.byte	0x6
 778 03b8 CC01     		.2byte	0x1cc
 779 03ba 53040000 		.4byte	0x453
 780 03be 0C       		.byte	0xc
 781 03bf 0A       		.uleb128 0xa
 782 03c0 0B040000 		.4byte	.LASF59
 783 03c4 06       		.byte	0x6
 784 03c5 D201     		.2byte	0x1d2
 785 03c7 58040000 		.4byte	0x458
 786 03cb 10       		.byte	0x10
 787 03cc 0A       		.uleb128 0xa
 788 03cd 44030000 		.4byte	.LASF60
 789 03d1 06       		.byte	0x6
 790 03d2 D801     		.2byte	0x1d8
 791 03d4 58040000 		.4byte	0x458
 792 03d8 14       		.byte	0x14
 793 03d9 0A       		.uleb128 0xa
ARM GAS  C:\Users\User\AppData\Local\Temp\cch81JHP.s 			page 19


 794 03da 52060000 		.4byte	.LASF61
 795 03de 06       		.byte	0x6
 796 03df EA01     		.2byte	0x1ea
 797 03e1 68040000 		.4byte	0x468
 798 03e5 18       		.byte	0x18
 799 03e6 0A       		.uleb128 0xa
 800 03e7 E2010000 		.4byte	.LASF62
 801 03eb 06       		.byte	0x6
 802 03ec EF01     		.2byte	0x1ef
 803 03ee D5000000 		.4byte	0xd5
 804 03f2 22       		.byte	0x22
 805 03f3 0A       		.uleb128 0xa
 806 03f4 88040000 		.4byte	.LASF63
 807 03f8 06       		.byte	0x6
 808 03f9 F401     		.2byte	0x1f4
 809 03fb C9000000 		.4byte	0xc9
 810 03ff 24       		.byte	0x24
 811 0400 0A       		.uleb128 0xa
 812 0401 35000000 		.4byte	.LASF64
 813 0405 06       		.byte	0x6
 814 0406 F901     		.2byte	0x1f9
 815 0408 2F020000 		.4byte	0x22f
 816 040c 26       		.byte	0x26
 817 040d 0A       		.uleb128 0xa
 818 040e 80040000 		.4byte	.LASF65
 819 0412 06       		.byte	0x6
 820 0413 FE01     		.2byte	0x1fe
 821 0415 5B030000 		.4byte	0x35b
 822 0419 B2       		.byte	0xb2
 823 041a 0E       		.uleb128 0xe
 824 041b 01060000 		.4byte	.LASF66
 825 041f 06       		.byte	0x6
 826 0420 0302     		.2byte	0x203
 827 0422 C9000000 		.4byte	0xc9
 828 0426 1601     		.2byte	0x116
 829 0428 0E       		.uleb128 0xe
 830 0429 42040000 		.4byte	.LASF67
 831 042d 06       		.byte	0x6
 832 042e 0802     		.2byte	0x208
 833 0430 C9000000 		.4byte	0xc9
 834 0434 1701     		.2byte	0x117
 835 0436 0E       		.uleb128 0xe
 836 0437 52040000 		.4byte	.LASF68
 837 043b 06       		.byte	0x6
 838 043c 0D02     		.2byte	0x20d
 839 043e D5000000 		.4byte	0xd5
 840 0442 1801     		.2byte	0x118
 841 0444 0E       		.uleb128 0xe
 842 0445 3E000000 		.4byte	.LASF69
 843 0449 06       		.byte	0x6
 844 044a 1202     		.2byte	0x212
 845 044c 93020000 		.4byte	0x293
 846 0450 1A01     		.2byte	0x11a
 847 0452 00       		.byte	0
 848 0453 0F       		.uleb128 0xf
 849 0454 E1000000 		.4byte	0xe1
 850 0458 06       		.uleb128 0x6
ARM GAS  C:\Users\User\AppData\Local\Temp\cch81JHP.s 			page 20


 851 0459 E1000000 		.4byte	0xe1
 852 045d 68040000 		.4byte	0x468
 853 0461 07       		.uleb128 0x7
 854 0462 AD000000 		.4byte	0xad
 855 0466 00       		.byte	0
 856 0467 00       		.byte	0
 857 0468 06       		.uleb128 0x6
 858 0469 C9000000 		.4byte	0xc9
 859 046d 78040000 		.4byte	0x478
 860 0471 07       		.uleb128 0x7
 861 0472 AD000000 		.4byte	0xad
 862 0476 09       		.byte	0x9
 863 0477 00       		.byte	0
 864 0478 05       		.uleb128 0x5
 865 0479 B9040000 		.4byte	.LASF70
 866 047d 06       		.byte	0x6
 867 047e 1302     		.2byte	0x213
 868 0480 67030000 		.4byte	0x367
 869 0484 0B       		.uleb128 0xb
 870 0485 1C       		.byte	0x1c
 871 0486 06       		.byte	0x6
 872 0487 5102     		.2byte	0x251
 873 0489 03050000 		.4byte	0x503
 874 048d 0A       		.uleb128 0xa
 875 048e 45060000 		.4byte	.LASF71
 876 0492 06       		.byte	0x6
 877 0493 5A02     		.2byte	0x25a
 878 0495 03050000 		.4byte	0x503
 879 0499 00       		.byte	0
 880 049a 0A       		.uleb128 0xa
 881 049b 9E040000 		.4byte	.LASF72
 882 049f 06       		.byte	0x6
 883 04a0 6102     		.2byte	0x261
 884 04a2 0A050000 		.4byte	0x50a
 885 04a6 04       		.byte	0x4
 886 04a7 0A       		.uleb128 0xa
 887 04a8 ED040000 		.4byte	.LASF73
 888 04ac 06       		.byte	0x6
 889 04ad 6702     		.2byte	0x267
 890 04af 0C050000 		.4byte	0x50c
 891 04b3 08       		.byte	0x8
 892 04b4 0A       		.uleb128 0xa
 893 04b5 70040000 		.4byte	.LASF74
 894 04b9 06       		.byte	0x6
 895 04ba 6C02     		.2byte	0x26c
 896 04bc 0A050000 		.4byte	0x50a
 897 04c0 0C       		.byte	0xc
 898 04c1 0A       		.uleb128 0xa
 899 04c2 51020000 		.4byte	.LASF75
 900 04c6 06       		.byte	0x6
 901 04c7 7302     		.2byte	0x273
 902 04c9 12050000 		.4byte	0x512
 903 04cd 10       		.byte	0x10
 904 04ce 0A       		.uleb128 0xa
 905 04cf D9030000 		.4byte	.LASF76
 906 04d3 06       		.byte	0x6
 907 04d4 7802     		.2byte	0x278
ARM GAS  C:\Users\User\AppData\Local\Temp\cch81JHP.s 			page 21


 908 04d6 E1000000 		.4byte	0xe1
 909 04da 14       		.byte	0x14
 910 04db 0A       		.uleb128 0xa
 911 04dc 97000000 		.4byte	.LASF77
 912 04e0 06       		.byte	0x6
 913 04e1 7F02     		.2byte	0x27f
 914 04e3 D5000000 		.4byte	0xd5
 915 04e7 18       		.byte	0x18
 916 04e8 0A       		.uleb128 0xa
 917 04e9 CB020000 		.4byte	.LASF78
 918 04ed 06       		.byte	0x6
 919 04ee 8A02     		.2byte	0x28a
 920 04f0 C9000000 		.4byte	0xc9
 921 04f4 1A       		.byte	0x1a
 922 04f5 0A       		.uleb128 0xa
 923 04f6 1C030000 		.4byte	.LASF79
 924 04fa 06       		.byte	0x6
 925 04fb 9202     		.2byte	0x292
 926 04fd C9000000 		.4byte	0xc9
 927 0501 1B       		.byte	0x1b
 928 0502 00       		.byte	0
 929 0503 10       		.uleb128 0x10
 930 0504 04       		.byte	0x4
 931 0505 09050000 		.4byte	0x509
 932 0509 11       		.uleb128 0x11
 933 050a 12       		.uleb128 0x12
 934 050b 04       		.byte	0x4
 935 050c 10       		.uleb128 0x10
 936 050d 04       		.byte	0x4
 937 050e B3020000 		.4byte	0x2b3
 938 0512 10       		.uleb128 0x10
 939 0513 04       		.byte	0x4
 940 0514 C9000000 		.4byte	0xc9
 941 0518 05       		.uleb128 0x5
 942 0519 25010000 		.4byte	.LASF80
 943 051d 06       		.byte	0x6
 944 051e 9302     		.2byte	0x293
 945 0520 84040000 		.4byte	0x484
 946 0524 0D       		.uleb128 0xd
 947 0525 1801     		.2byte	0x118
 948 0527 06       		.byte	0x6
 949 0528 9902     		.2byte	0x299
 950 052a 3C050000 		.4byte	0x53c
 951 052e 0A       		.uleb128 0xa
 952 052f 2F060000 		.4byte	.LASF81
 953 0533 06       		.byte	0x6
 954 0534 9E02     		.2byte	0x29e
 955 0536 3C050000 		.4byte	0x53c
 956 053a 00       		.byte	0
 957 053b 00       		.byte	0
 958 053c 06       		.uleb128 0x6
 959 053d 18050000 		.4byte	0x518
 960 0541 4C050000 		.4byte	0x54c
 961 0545 07       		.uleb128 0x7
 962 0546 AD000000 		.4byte	0xad
 963 054a 09       		.byte	0x9
 964 054b 00       		.byte	0
ARM GAS  C:\Users\User\AppData\Local\Temp\cch81JHP.s 			page 22


 965 054c 05       		.uleb128 0x5
 966 054d 1F000000 		.4byte	.LASF82
 967 0551 06       		.byte	0x6
 968 0552 9F02     		.2byte	0x29f
 969 0554 24050000 		.4byte	0x524
 970 0558 13       		.uleb128 0x13
 971 0559 01       		.byte	0x1
 972 055a 37000000 		.4byte	0x37
 973 055e 07       		.byte	0x7
 974 055f 2E       		.byte	0x2e
 975 0560 8F050000 		.4byte	0x58f
 976 0564 14       		.uleb128 0x14
 977 0565 10020000 		.4byte	.LASF83
 978 0569 00       		.byte	0
 979 056a 14       		.uleb128 0x14
 980 056b E7050000 		.4byte	.LASF84
 981 056f 01       		.byte	0x1
 982 0570 14       		.uleb128 0x14
 983 0571 7E050000 		.4byte	.LASF85
 984 0575 02       		.byte	0x2
 985 0576 14       		.uleb128 0x14
 986 0577 0B010000 		.4byte	.LASF86
 987 057b 03       		.byte	0x3
 988 057c 14       		.uleb128 0x14
 989 057d 28050000 		.4byte	.LASF87
 990 0581 04       		.byte	0x4
 991 0582 14       		.uleb128 0x14
 992 0583 A6020000 		.4byte	.LASF88
 993 0587 05       		.byte	0x5
 994 0588 14       		.uleb128 0x14
 995 0589 A3000000 		.4byte	.LASF89
 996 058d 06       		.byte	0x6
 997 058e 00       		.byte	0
 998 058f 03       		.uleb128 0x3
 999 0590 72000000 		.4byte	.LASF90
 1000 0594 07       		.byte	0x7
 1001 0595 36       		.byte	0x36
 1002 0596 58050000 		.4byte	0x558
 1003 059a 02       		.uleb128 0x2
 1004 059b 08       		.byte	0x8
 1005 059c 04       		.byte	0x4
 1006 059d 38030000 		.4byte	.LASF91
 1007 05a1 15       		.uleb128 0x15
 1008 05a2 4E000000 		.4byte	.LASF109
 1009 05a6 01       		.byte	0x1
 1010 05a7 44       		.byte	0x44
 1011 05a8 00000000 		.4byte	.LFB69
 1012 05ac 14000000 		.4byte	.LFE69-.LFB69
 1013 05b0 01       		.uleb128 0x1
 1014 05b1 9C       		.byte	0x9c
 1015 05b2 C2050000 		.4byte	0x5c2
 1016 05b6 16       		.uleb128 0x16
 1017 05b7 47050000 		.4byte	.LASF98
 1018 05bb 01       		.byte	0x1
 1019 05bc 46       		.byte	0x46
 1020 05bd C2050000 		.4byte	0x5c2
 1021 05c1 00       		.byte	0
ARM GAS  C:\Users\User\AppData\Local\Temp\cch81JHP.s 			page 23


 1022 05c2 10       		.uleb128 0x10
 1023 05c3 04       		.byte	0x4
 1024 05c4 C8050000 		.4byte	0x5c8
 1025 05c8 0F       		.uleb128 0xf
 1026 05c9 78040000 		.4byte	0x478
 1027 05cd 17       		.uleb128 0x17
 1028 05ce 3F020000 		.4byte	.LASF110
 1029 05d2 01       		.byte	0x1
 1030 05d3 73       		.byte	0x73
 1031 05d4 E1000000 		.4byte	0xe1
 1032 05d8 00000000 		.4byte	.LFB70
 1033 05dc 20010000 		.4byte	.LFE70-.LFB70
 1034 05e0 01       		.uleb128 0x1
 1035 05e1 9C       		.byte	0x9c
 1036 05e2 9A060000 		.4byte	0x69a
 1037 05e6 18       		.uleb128 0x18
 1038 05e7 AA040000 		.4byte	.LASF92
 1039 05eb 01       		.byte	0x1
 1040 05ec 75       		.byte	0x75
 1041 05ed E1000000 		.4byte	0xe1
 1042 05f1 00000000 		.4byte	.LLST0
 1043 05f5 18       		.uleb128 0x18
 1044 05f6 39040000 		.4byte	.LASF93
 1045 05fa 01       		.byte	0x1
 1046 05fb 76       		.byte	0x76
 1047 05fc E1000000 		.4byte	0xe1
 1048 0600 29000000 		.4byte	.LLST1
 1049 0604 18       		.uleb128 0x18
 1050 0605 69000000 		.4byte	.LASF94
 1051 0609 01       		.byte	0x1
 1052 060a 77       		.byte	0x77
 1053 060b E1000000 		.4byte	0xe1
 1054 060f 3C000000 		.4byte	.LLST2
 1055 0613 18       		.uleb128 0x18
 1056 0614 73050000 		.4byte	.LASF95
 1057 0618 01       		.byte	0x1
 1058 0619 78       		.byte	0x78
 1059 061a E1000000 		.4byte	0xe1
 1060 061e 4F000000 		.4byte	.LLST3
 1061 0622 18       		.uleb128 0x18
 1062 0623 AA060000 		.4byte	.LASF96
 1063 0627 01       		.byte	0x1
 1064 0628 79       		.byte	0x79
 1065 0629 8F050000 		.4byte	0x58f
 1066 062d 0F010000 		.4byte	.LLST4
 1067 0631 18       		.uleb128 0x18
 1068 0632 39060000 		.4byte	.LASF97
 1069 0636 01       		.byte	0x1
 1070 0637 7A       		.byte	0x7a
 1071 0638 E1000000 		.4byte	0xe1
 1072 063c 22010000 		.4byte	.LLST5
 1073 0640 16       		.uleb128 0x16
 1074 0641 47050000 		.4byte	.LASF98
 1075 0645 01       		.byte	0x1
 1076 0646 7C       		.byte	0x7c
 1077 0647 C2050000 		.4byte	0x5c2
 1078 064b 18       		.uleb128 0x18
ARM GAS  C:\Users\User\AppData\Local\Temp\cch81JHP.s 			page 24


 1079 064c 4F030000 		.4byte	.LASF99
 1080 0650 01       		.byte	0x1
 1081 0651 7D       		.byte	0x7d
 1082 0652 9A060000 		.4byte	0x69a
 1083 0656 63010000 		.4byte	.LLST6
 1084 065a 19       		.uleb128 0x19
 1085 065b 12000000 		.4byte	.LVL3
 1086 065f D3060000 		.4byte	0x6d3
 1087 0663 19       		.uleb128 0x19
 1088 0664 1C000000 		.4byte	.LVL4
 1089 0668 DF060000 		.4byte	0x6df
 1090 066c 19       		.uleb128 0x19
 1091 066d 46000000 		.4byte	.LVL10
 1092 0671 EB060000 		.4byte	0x6eb
 1093 0675 19       		.uleb128 0x19
 1094 0676 76000000 		.4byte	.LVL19
 1095 067a D3060000 		.4byte	0x6d3
 1096 067e 19       		.uleb128 0x19
 1097 067f 90000000 		.4byte	.LVL20
 1098 0683 DF060000 		.4byte	0x6df
 1099 0687 19       		.uleb128 0x19
 1100 0688 EE000000 		.4byte	.LVL29
 1101 068c D3060000 		.4byte	0x6d3
 1102 0690 19       		.uleb128 0x19
 1103 0691 06010000 		.4byte	.LVL30
 1104 0695 DF060000 		.4byte	0x6df
 1105 0699 00       		.byte	0
 1106 069a 10       		.uleb128 0x10
 1107 069b 04       		.byte	0x4
 1108 069c A0060000 		.4byte	0x6a0
 1109 06a0 0F       		.uleb128 0xf
 1110 06a1 B3020000 		.4byte	0x2b3
 1111 06a5 1A       		.uleb128 0x1a
 1112 06a6 C6000000 		.4byte	.LASF100
 1113 06aa 01       		.byte	0x1
 1114 06ab 35       		.byte	0x35
 1115 06ac E1000000 		.4byte	0xe1
 1116 06b0 05       		.uleb128 0x5
 1117 06b1 03       		.byte	0x3
 1118 06b2 00000000 		.4byte	tunerFsm
 1119 06b6 1B       		.uleb128 0x1b
 1120 06b7 04030000 		.4byte	.LASF101
 1121 06bb 06       		.byte	0x6
 1122 06bc 2C04     		.2byte	0x42c
 1123 06be 78040000 		.4byte	0x478
 1124 06c2 1B       		.uleb128 0x1b
 1125 06c3 67030000 		.4byte	.LASF102
 1126 06c7 06       		.byte	0x6
 1127 06c8 2D04     		.2byte	0x42d
 1128 06ca CE060000 		.4byte	0x6ce
 1129 06ce 1C       		.uleb128 0x1c
 1130 06cf 4C050000 		.4byte	0x54c
 1131 06d3 1D       		.uleb128 0x1d
 1132 06d4 00000000 		.4byte	.LASF103
 1133 06d8 00000000 		.4byte	.LASF103
 1134 06dc 04       		.byte	0x4
 1135 06dd 4D03     		.2byte	0x34d
ARM GAS  C:\Users\User\AppData\Local\Temp\cch81JHP.s 			page 25


 1136 06df 1D       		.uleb128 0x1d
 1137 06e0 11060000 		.4byte	.LASF104
 1138 06e4 11060000 		.4byte	.LASF104
 1139 06e8 04       		.byte	0x4
 1140 06e9 5C03     		.2byte	0x35c
 1141 06eb 1E       		.uleb128 0x1e
 1142 06ec E6030000 		.4byte	.LASF105
 1143 06f0 E6030000 		.4byte	.LASF105
 1144 06f4 08       		.byte	0x8
 1145 06f5 3A       		.byte	0x3a
 1146 06f6 00       		.byte	0
 1147              		.section	.debug_abbrev,"",%progbits
 1148              	.Ldebug_abbrev0:
 1149 0000 01       		.uleb128 0x1
 1150 0001 11       		.uleb128 0x11
 1151 0002 01       		.byte	0x1
 1152 0003 25       		.uleb128 0x25
 1153 0004 0E       		.uleb128 0xe
 1154 0005 13       		.uleb128 0x13
 1155 0006 0B       		.uleb128 0xb
 1156 0007 03       		.uleb128 0x3
 1157 0008 0E       		.uleb128 0xe
 1158 0009 1B       		.uleb128 0x1b
 1159 000a 0E       		.uleb128 0xe
 1160 000b 55       		.uleb128 0x55
 1161 000c 17       		.uleb128 0x17
 1162 000d 11       		.uleb128 0x11
 1163 000e 01       		.uleb128 0x1
 1164 000f 10       		.uleb128 0x10
 1165 0010 17       		.uleb128 0x17
 1166 0011 00       		.byte	0
 1167 0012 00       		.byte	0
 1168 0013 02       		.uleb128 0x2
 1169 0014 24       		.uleb128 0x24
 1170 0015 00       		.byte	0
 1171 0016 0B       		.uleb128 0xb
 1172 0017 0B       		.uleb128 0xb
 1173 0018 3E       		.uleb128 0x3e
 1174 0019 0B       		.uleb128 0xb
 1175 001a 03       		.uleb128 0x3
 1176 001b 0E       		.uleb128 0xe
 1177 001c 00       		.byte	0
 1178 001d 00       		.byte	0
 1179 001e 03       		.uleb128 0x3
 1180 001f 16       		.uleb128 0x16
 1181 0020 00       		.byte	0
 1182 0021 03       		.uleb128 0x3
 1183 0022 0E       		.uleb128 0xe
 1184 0023 3A       		.uleb128 0x3a
 1185 0024 0B       		.uleb128 0xb
 1186 0025 3B       		.uleb128 0x3b
 1187 0026 0B       		.uleb128 0xb
 1188 0027 49       		.uleb128 0x49
 1189 0028 13       		.uleb128 0x13
 1190 0029 00       		.byte	0
 1191 002a 00       		.byte	0
 1192 002b 04       		.uleb128 0x4
ARM GAS  C:\Users\User\AppData\Local\Temp\cch81JHP.s 			page 26


 1193 002c 24       		.uleb128 0x24
 1194 002d 00       		.byte	0
 1195 002e 0B       		.uleb128 0xb
 1196 002f 0B       		.uleb128 0xb
 1197 0030 3E       		.uleb128 0x3e
 1198 0031 0B       		.uleb128 0xb
 1199 0032 03       		.uleb128 0x3
 1200 0033 08       		.uleb128 0x8
 1201 0034 00       		.byte	0
 1202 0035 00       		.byte	0
 1203 0036 05       		.uleb128 0x5
 1204 0037 16       		.uleb128 0x16
 1205 0038 00       		.byte	0
 1206 0039 03       		.uleb128 0x3
 1207 003a 0E       		.uleb128 0xe
 1208 003b 3A       		.uleb128 0x3a
 1209 003c 0B       		.uleb128 0xb
 1210 003d 3B       		.uleb128 0x3b
 1211 003e 05       		.uleb128 0x5
 1212 003f 49       		.uleb128 0x49
 1213 0040 13       		.uleb128 0x13
 1214 0041 00       		.byte	0
 1215 0042 00       		.byte	0
 1216 0043 06       		.uleb128 0x6
 1217 0044 01       		.uleb128 0x1
 1218 0045 01       		.byte	0x1
 1219 0046 49       		.uleb128 0x49
 1220 0047 13       		.uleb128 0x13
 1221 0048 01       		.uleb128 0x1
 1222 0049 13       		.uleb128 0x13
 1223 004a 00       		.byte	0
 1224 004b 00       		.byte	0
 1225 004c 07       		.uleb128 0x7
 1226 004d 21       		.uleb128 0x21
 1227 004e 00       		.byte	0
 1228 004f 49       		.uleb128 0x49
 1229 0050 13       		.uleb128 0x13
 1230 0051 2F       		.uleb128 0x2f
 1231 0052 0B       		.uleb128 0xb
 1232 0053 00       		.byte	0
 1233 0054 00       		.byte	0
 1234 0055 08       		.uleb128 0x8
 1235 0056 13       		.uleb128 0x13
 1236 0057 01       		.byte	0x1
 1237 0058 0B       		.uleb128 0xb
 1238 0059 0B       		.uleb128 0xb
 1239 005a 3A       		.uleb128 0x3a
 1240 005b 0B       		.uleb128 0xb
 1241 005c 3B       		.uleb128 0x3b
 1242 005d 0B       		.uleb128 0xb
 1243 005e 01       		.uleb128 0x1
 1244 005f 13       		.uleb128 0x13
 1245 0060 00       		.byte	0
 1246 0061 00       		.byte	0
 1247 0062 09       		.uleb128 0x9
 1248 0063 0D       		.uleb128 0xd
 1249 0064 00       		.byte	0
ARM GAS  C:\Users\User\AppData\Local\Temp\cch81JHP.s 			page 27


 1250 0065 03       		.uleb128 0x3
 1251 0066 0E       		.uleb128 0xe
 1252 0067 3A       		.uleb128 0x3a
 1253 0068 0B       		.uleb128 0xb
 1254 0069 3B       		.uleb128 0x3b
 1255 006a 0B       		.uleb128 0xb
 1256 006b 49       		.uleb128 0x49
 1257 006c 13       		.uleb128 0x13
 1258 006d 38       		.uleb128 0x38
 1259 006e 0B       		.uleb128 0xb
 1260 006f 00       		.byte	0
 1261 0070 00       		.byte	0
 1262 0071 0A       		.uleb128 0xa
 1263 0072 0D       		.uleb128 0xd
 1264 0073 00       		.byte	0
 1265 0074 03       		.uleb128 0x3
 1266 0075 0E       		.uleb128 0xe
 1267 0076 3A       		.uleb128 0x3a
 1268 0077 0B       		.uleb128 0xb
 1269 0078 3B       		.uleb128 0x3b
 1270 0079 05       		.uleb128 0x5
 1271 007a 49       		.uleb128 0x49
 1272 007b 13       		.uleb128 0x13
 1273 007c 38       		.uleb128 0x38
 1274 007d 0B       		.uleb128 0xb
 1275 007e 00       		.byte	0
 1276 007f 00       		.byte	0
 1277 0080 0B       		.uleb128 0xb
 1278 0081 13       		.uleb128 0x13
 1279 0082 01       		.byte	0x1
 1280 0083 0B       		.uleb128 0xb
 1281 0084 0B       		.uleb128 0xb
 1282 0085 3A       		.uleb128 0x3a
 1283 0086 0B       		.uleb128 0xb
 1284 0087 3B       		.uleb128 0x3b
 1285 0088 05       		.uleb128 0x5
 1286 0089 01       		.uleb128 0x1
 1287 008a 13       		.uleb128 0x13
 1288 008b 00       		.byte	0
 1289 008c 00       		.byte	0
 1290 008d 0C       		.uleb128 0xc
 1291 008e 0D       		.uleb128 0xd
 1292 008f 00       		.byte	0
 1293 0090 03       		.uleb128 0x3
 1294 0091 08       		.uleb128 0x8
 1295 0092 3A       		.uleb128 0x3a
 1296 0093 0B       		.uleb128 0xb
 1297 0094 3B       		.uleb128 0x3b
 1298 0095 05       		.uleb128 0x5
 1299 0096 49       		.uleb128 0x49
 1300 0097 13       		.uleb128 0x13
 1301 0098 38       		.uleb128 0x38
 1302 0099 0B       		.uleb128 0xb
 1303 009a 00       		.byte	0
 1304 009b 00       		.byte	0
 1305 009c 0D       		.uleb128 0xd
 1306 009d 13       		.uleb128 0x13
ARM GAS  C:\Users\User\AppData\Local\Temp\cch81JHP.s 			page 28


 1307 009e 01       		.byte	0x1
 1308 009f 0B       		.uleb128 0xb
 1309 00a0 05       		.uleb128 0x5
 1310 00a1 3A       		.uleb128 0x3a
 1311 00a2 0B       		.uleb128 0xb
 1312 00a3 3B       		.uleb128 0x3b
 1313 00a4 05       		.uleb128 0x5
 1314 00a5 01       		.uleb128 0x1
 1315 00a6 13       		.uleb128 0x13
 1316 00a7 00       		.byte	0
 1317 00a8 00       		.byte	0
 1318 00a9 0E       		.uleb128 0xe
 1319 00aa 0D       		.uleb128 0xd
 1320 00ab 00       		.byte	0
 1321 00ac 03       		.uleb128 0x3
 1322 00ad 0E       		.uleb128 0xe
 1323 00ae 3A       		.uleb128 0x3a
 1324 00af 0B       		.uleb128 0xb
 1325 00b0 3B       		.uleb128 0x3b
 1326 00b1 05       		.uleb128 0x5
 1327 00b2 49       		.uleb128 0x49
 1328 00b3 13       		.uleb128 0x13
 1329 00b4 38       		.uleb128 0x38
 1330 00b5 05       		.uleb128 0x5
 1331 00b6 00       		.byte	0
 1332 00b7 00       		.byte	0
 1333 00b8 0F       		.uleb128 0xf
 1334 00b9 35       		.uleb128 0x35
 1335 00ba 00       		.byte	0
 1336 00bb 49       		.uleb128 0x49
 1337 00bc 13       		.uleb128 0x13
 1338 00bd 00       		.byte	0
 1339 00be 00       		.byte	0
 1340 00bf 10       		.uleb128 0x10
 1341 00c0 0F       		.uleb128 0xf
 1342 00c1 00       		.byte	0
 1343 00c2 0B       		.uleb128 0xb
 1344 00c3 0B       		.uleb128 0xb
 1345 00c4 49       		.uleb128 0x49
 1346 00c5 13       		.uleb128 0x13
 1347 00c6 00       		.byte	0
 1348 00c7 00       		.byte	0
 1349 00c8 11       		.uleb128 0x11
 1350 00c9 26       		.uleb128 0x26
 1351 00ca 00       		.byte	0
 1352 00cb 00       		.byte	0
 1353 00cc 00       		.byte	0
 1354 00cd 12       		.uleb128 0x12
 1355 00ce 0F       		.uleb128 0xf
 1356 00cf 00       		.byte	0
 1357 00d0 0B       		.uleb128 0xb
 1358 00d1 0B       		.uleb128 0xb
 1359 00d2 00       		.byte	0
 1360 00d3 00       		.byte	0
 1361 00d4 13       		.uleb128 0x13
 1362 00d5 04       		.uleb128 0x4
 1363 00d6 01       		.byte	0x1
ARM GAS  C:\Users\User\AppData\Local\Temp\cch81JHP.s 			page 29


 1364 00d7 0B       		.uleb128 0xb
 1365 00d8 0B       		.uleb128 0xb
 1366 00d9 49       		.uleb128 0x49
 1367 00da 13       		.uleb128 0x13
 1368 00db 3A       		.uleb128 0x3a
 1369 00dc 0B       		.uleb128 0xb
 1370 00dd 3B       		.uleb128 0x3b
 1371 00de 0B       		.uleb128 0xb
 1372 00df 01       		.uleb128 0x1
 1373 00e0 13       		.uleb128 0x13
 1374 00e1 00       		.byte	0
 1375 00e2 00       		.byte	0
 1376 00e3 14       		.uleb128 0x14
 1377 00e4 28       		.uleb128 0x28
 1378 00e5 00       		.byte	0
 1379 00e6 03       		.uleb128 0x3
 1380 00e7 0E       		.uleb128 0xe
 1381 00e8 1C       		.uleb128 0x1c
 1382 00e9 0B       		.uleb128 0xb
 1383 00ea 00       		.byte	0
 1384 00eb 00       		.byte	0
 1385 00ec 15       		.uleb128 0x15
 1386 00ed 2E       		.uleb128 0x2e
 1387 00ee 01       		.byte	0x1
 1388 00ef 3F       		.uleb128 0x3f
 1389 00f0 19       		.uleb128 0x19
 1390 00f1 03       		.uleb128 0x3
 1391 00f2 0E       		.uleb128 0xe
 1392 00f3 3A       		.uleb128 0x3a
 1393 00f4 0B       		.uleb128 0xb
 1394 00f5 3B       		.uleb128 0x3b
 1395 00f6 0B       		.uleb128 0xb
 1396 00f7 27       		.uleb128 0x27
 1397 00f8 19       		.uleb128 0x19
 1398 00f9 11       		.uleb128 0x11
 1399 00fa 01       		.uleb128 0x1
 1400 00fb 12       		.uleb128 0x12
 1401 00fc 06       		.uleb128 0x6
 1402 00fd 40       		.uleb128 0x40
 1403 00fe 18       		.uleb128 0x18
 1404 00ff 9742     		.uleb128 0x2117
 1405 0101 19       		.uleb128 0x19
 1406 0102 01       		.uleb128 0x1
 1407 0103 13       		.uleb128 0x13
 1408 0104 00       		.byte	0
 1409 0105 00       		.byte	0
 1410 0106 16       		.uleb128 0x16
 1411 0107 34       		.uleb128 0x34
 1412 0108 00       		.byte	0
 1413 0109 03       		.uleb128 0x3
 1414 010a 0E       		.uleb128 0xe
 1415 010b 3A       		.uleb128 0x3a
 1416 010c 0B       		.uleb128 0xb
 1417 010d 3B       		.uleb128 0x3b
 1418 010e 0B       		.uleb128 0xb
 1419 010f 49       		.uleb128 0x49
 1420 0110 13       		.uleb128 0x13
ARM GAS  C:\Users\User\AppData\Local\Temp\cch81JHP.s 			page 30


 1421 0111 00       		.byte	0
 1422 0112 00       		.byte	0
 1423 0113 17       		.uleb128 0x17
 1424 0114 2E       		.uleb128 0x2e
 1425 0115 01       		.byte	0x1
 1426 0116 3F       		.uleb128 0x3f
 1427 0117 19       		.uleb128 0x19
 1428 0118 03       		.uleb128 0x3
 1429 0119 0E       		.uleb128 0xe
 1430 011a 3A       		.uleb128 0x3a
 1431 011b 0B       		.uleb128 0xb
 1432 011c 3B       		.uleb128 0x3b
 1433 011d 0B       		.uleb128 0xb
 1434 011e 27       		.uleb128 0x27
 1435 011f 19       		.uleb128 0x19
 1436 0120 49       		.uleb128 0x49
 1437 0121 13       		.uleb128 0x13
 1438 0122 11       		.uleb128 0x11
 1439 0123 01       		.uleb128 0x1
 1440 0124 12       		.uleb128 0x12
 1441 0125 06       		.uleb128 0x6
 1442 0126 40       		.uleb128 0x40
 1443 0127 18       		.uleb128 0x18
 1444 0128 9742     		.uleb128 0x2117
 1445 012a 19       		.uleb128 0x19
 1446 012b 01       		.uleb128 0x1
 1447 012c 13       		.uleb128 0x13
 1448 012d 00       		.byte	0
 1449 012e 00       		.byte	0
 1450 012f 18       		.uleb128 0x18
 1451 0130 34       		.uleb128 0x34
 1452 0131 00       		.byte	0
 1453 0132 03       		.uleb128 0x3
 1454 0133 0E       		.uleb128 0xe
 1455 0134 3A       		.uleb128 0x3a
 1456 0135 0B       		.uleb128 0xb
 1457 0136 3B       		.uleb128 0x3b
 1458 0137 0B       		.uleb128 0xb
 1459 0138 49       		.uleb128 0x49
 1460 0139 13       		.uleb128 0x13
 1461 013a 02       		.uleb128 0x2
 1462 013b 17       		.uleb128 0x17
 1463 013c 00       		.byte	0
 1464 013d 00       		.byte	0
 1465 013e 19       		.uleb128 0x19
 1466 013f 898201   		.uleb128 0x4109
 1467 0142 00       		.byte	0
 1468 0143 11       		.uleb128 0x11
 1469 0144 01       		.uleb128 0x1
 1470 0145 31       		.uleb128 0x31
 1471 0146 13       		.uleb128 0x13
 1472 0147 00       		.byte	0
 1473 0148 00       		.byte	0
 1474 0149 1A       		.uleb128 0x1a
 1475 014a 34       		.uleb128 0x34
 1476 014b 00       		.byte	0
 1477 014c 03       		.uleb128 0x3
ARM GAS  C:\Users\User\AppData\Local\Temp\cch81JHP.s 			page 31


 1478 014d 0E       		.uleb128 0xe
 1479 014e 3A       		.uleb128 0x3a
 1480 014f 0B       		.uleb128 0xb
 1481 0150 3B       		.uleb128 0x3b
 1482 0151 0B       		.uleb128 0xb
 1483 0152 49       		.uleb128 0x49
 1484 0153 13       		.uleb128 0x13
 1485 0154 02       		.uleb128 0x2
 1486 0155 18       		.uleb128 0x18
 1487 0156 00       		.byte	0
 1488 0157 00       		.byte	0
 1489 0158 1B       		.uleb128 0x1b
 1490 0159 34       		.uleb128 0x34
 1491 015a 00       		.byte	0
 1492 015b 03       		.uleb128 0x3
 1493 015c 0E       		.uleb128 0xe
 1494 015d 3A       		.uleb128 0x3a
 1495 015e 0B       		.uleb128 0xb
 1496 015f 3B       		.uleb128 0x3b
 1497 0160 05       		.uleb128 0x5
 1498 0161 49       		.uleb128 0x49
 1499 0162 13       		.uleb128 0x13
 1500 0163 3F       		.uleb128 0x3f
 1501 0164 19       		.uleb128 0x19
 1502 0165 3C       		.uleb128 0x3c
 1503 0166 19       		.uleb128 0x19
 1504 0167 00       		.byte	0
 1505 0168 00       		.byte	0
 1506 0169 1C       		.uleb128 0x1c
 1507 016a 26       		.uleb128 0x26
 1508 016b 00       		.byte	0
 1509 016c 49       		.uleb128 0x49
 1510 016d 13       		.uleb128 0x13
 1511 016e 00       		.byte	0
 1512 016f 00       		.byte	0
 1513 0170 1D       		.uleb128 0x1d
 1514 0171 2E       		.uleb128 0x2e
 1515 0172 00       		.byte	0
 1516 0173 3F       		.uleb128 0x3f
 1517 0174 19       		.uleb128 0x19
 1518 0175 3C       		.uleb128 0x3c
 1519 0176 19       		.uleb128 0x19
 1520 0177 6E       		.uleb128 0x6e
 1521 0178 0E       		.uleb128 0xe
 1522 0179 03       		.uleb128 0x3
 1523 017a 0E       		.uleb128 0xe
 1524 017b 3A       		.uleb128 0x3a
 1525 017c 0B       		.uleb128 0xb
 1526 017d 3B       		.uleb128 0x3b
 1527 017e 05       		.uleb128 0x5
 1528 017f 00       		.byte	0
 1529 0180 00       		.byte	0
 1530 0181 1E       		.uleb128 0x1e
 1531 0182 2E       		.uleb128 0x2e
 1532 0183 00       		.byte	0
 1533 0184 3F       		.uleb128 0x3f
 1534 0185 19       		.uleb128 0x19
ARM GAS  C:\Users\User\AppData\Local\Temp\cch81JHP.s 			page 32


 1535 0186 3C       		.uleb128 0x3c
 1536 0187 19       		.uleb128 0x19
 1537 0188 6E       		.uleb128 0x6e
 1538 0189 0E       		.uleb128 0xe
 1539 018a 03       		.uleb128 0x3
 1540 018b 0E       		.uleb128 0xe
 1541 018c 3A       		.uleb128 0x3a
 1542 018d 0B       		.uleb128 0xb
 1543 018e 3B       		.uleb128 0x3b
 1544 018f 0B       		.uleb128 0xb
 1545 0190 00       		.byte	0
 1546 0191 00       		.byte	0
 1547 0192 00       		.byte	0
 1548              		.section	.debug_loc,"",%progbits
 1549              	.Ldebug_loc0:
 1550              	.LLST0:
 1551 0000 12000000 		.4byte	.LVL3
 1552 0004 1B000000 		.4byte	.LVL4-1
 1553 0008 0100     		.2byte	0x1
 1554 000a 50       		.byte	0x50
 1555 000b 76000000 		.4byte	.LVL19
 1556 000f 8F000000 		.4byte	.LVL20-1
 1557 0013 0100     		.2byte	0x1
 1558 0015 50       		.byte	0x50
 1559 0016 EE000000 		.4byte	.LVL29
 1560 001a 05010000 		.4byte	.LVL30-1
 1561 001e 0100     		.2byte	0x1
 1562 0020 50       		.byte	0x50
 1563 0021 00000000 		.4byte	0
 1564 0025 00000000 		.4byte	0
 1565              	.LLST1:
 1566 0029 A8000000 		.4byte	.LVL22
 1567 002d DA000000 		.4byte	.LVL25
 1568 0031 0100     		.2byte	0x1
 1569 0033 53       		.byte	0x53
 1570 0034 00000000 		.4byte	0
 1571 0038 00000000 		.4byte	0
 1572              	.LLST2:
 1573 003c B0000000 		.4byte	.LVL23
 1574 0040 E6000000 		.4byte	.LVL27
 1575 0044 0100     		.2byte	0x1
 1576 0046 52       		.byte	0x52
 1577 0047 00000000 		.4byte	0
 1578 004b 00000000 		.4byte	0
 1579              	.LLST3:
 1580 004f 02000000 		.4byte	.LVL1
 1581 0053 06000000 		.4byte	.LVL2
 1582 0057 0200     		.2byte	0x2
 1583 0059 30       		.byte	0x30
 1584 005a 9F       		.byte	0x9f
 1585 005b 06000000 		.4byte	.LVL2
 1586 005f 34000000 		.4byte	.LVL6
 1587 0063 0100     		.2byte	0x1
 1588 0065 56       		.byte	0x56
 1589 0066 34000000 		.4byte	.LVL6
 1590 006a 38000000 		.4byte	.LVL7
 1591 006e 0200     		.2byte	0x2
ARM GAS  C:\Users\User\AppData\Local\Temp\cch81JHP.s 			page 33


 1592 0070 31       		.byte	0x31
 1593 0071 9F       		.byte	0x9f
 1594 0072 38000000 		.4byte	.LVL7
 1595 0076 3E000000 		.4byte	.LVL8
 1596 007a 0100     		.2byte	0x1
 1597 007c 56       		.byte	0x56
 1598 007d 3E000000 		.4byte	.LVL8
 1599 0081 42000000 		.4byte	.LVL9
 1600 0085 0200     		.2byte	0x2
 1601 0087 31       		.byte	0x31
 1602 0088 9F       		.byte	0x9f
 1603 0089 42000000 		.4byte	.LVL9
 1604 008d 4C000000 		.4byte	.LVL11
 1605 0091 0100     		.2byte	0x1
 1606 0093 56       		.byte	0x56
 1607 0094 4C000000 		.4byte	.LVL11
 1608 0098 52000000 		.4byte	.LVL12
 1609 009c 0200     		.2byte	0x2
 1610 009e 31       		.byte	0x31
 1611 009f 9F       		.byte	0x9f
 1612 00a0 52000000 		.4byte	.LVL12
 1613 00a4 58000000 		.4byte	.LVL13
 1614 00a8 0100     		.2byte	0x1
 1615 00aa 56       		.byte	0x56
 1616 00ab 58000000 		.4byte	.LVL13
 1617 00af 5C000000 		.4byte	.LVL14
 1618 00b3 0200     		.2byte	0x2
 1619 00b5 31       		.byte	0x31
 1620 00b6 9F       		.byte	0x9f
 1621 00b7 5C000000 		.4byte	.LVL14
 1622 00bb 62000000 		.4byte	.LVL15
 1623 00bf 0100     		.2byte	0x1
 1624 00c1 56       		.byte	0x56
 1625 00c2 62000000 		.4byte	.LVL15
 1626 00c6 66000000 		.4byte	.LVL16
 1627 00ca 0200     		.2byte	0x2
 1628 00cc 31       		.byte	0x31
 1629 00cd 9F       		.byte	0x9f
 1630 00ce 66000000 		.4byte	.LVL16
 1631 00d2 6C000000 		.4byte	.LVL17
 1632 00d6 0100     		.2byte	0x1
 1633 00d8 56       		.byte	0x56
 1634 00d9 6C000000 		.4byte	.LVL17
 1635 00dd 6E000000 		.4byte	.LVL18
 1636 00e1 0200     		.2byte	0x2
 1637 00e3 30       		.byte	0x30
 1638 00e4 9F       		.byte	0x9f
 1639 00e5 6E000000 		.4byte	.LVL18
 1640 00e9 90000000 		.4byte	.LVL20
 1641 00ed 0100     		.2byte	0x1
 1642 00ef 56       		.byte	0x56
 1643 00f0 90000000 		.4byte	.LVL20
 1644 00f4 92000000 		.4byte	.LVL21
 1645 00f8 0200     		.2byte	0x2
 1646 00fa 30       		.byte	0x30
 1647 00fb 9F       		.byte	0x9f
 1648 00fc 92000000 		.4byte	.LVL21
ARM GAS  C:\Users\User\AppData\Local\Temp\cch81JHP.s 			page 34


 1649 0100 08010000 		.4byte	.LVL32
 1650 0104 0100     		.2byte	0x1
 1651 0106 56       		.byte	0x56
 1652 0107 00000000 		.4byte	0
 1653 010b 00000000 		.4byte	0
 1654              	.LLST4:
 1655 010f 22000000 		.4byte	.LVL5
 1656 0113 CC000000 		.4byte	.LVL24
 1657 0117 0100     		.2byte	0x1
 1658 0119 54       		.byte	0x54
 1659 011a 00000000 		.4byte	0
 1660 011e 00000000 		.4byte	0
 1661              	.LLST5:
 1662 0122 02000000 		.4byte	.LVL1
 1663 0126 06000000 		.4byte	.LVL2
 1664 012a 0200     		.2byte	0x2
 1665 012c 30       		.byte	0x30
 1666 012d 9F       		.byte	0x9f
 1667 012e 06000000 		.4byte	.LVL2
 1668 0132 46000000 		.4byte	.LVL10
 1669 0136 0100     		.2byte	0x1
 1670 0138 55       		.byte	0x55
 1671 0139 46000000 		.4byte	.LVL10
 1672 013d 52000000 		.4byte	.LVL12
 1673 0141 0200     		.2byte	0x2
 1674 0143 31       		.byte	0x31
 1675 0144 9F       		.byte	0x9f
 1676 0145 52000000 		.4byte	.LVL12
 1677 0149 08010000 		.4byte	.LVL31
 1678 014d 0100     		.2byte	0x1
 1679 014f 55       		.byte	0x55
 1680 0150 08010000 		.4byte	.LVL31
 1681 0154 20010000 		.4byte	.LFE70
 1682 0158 0100     		.2byte	0x1
 1683 015a 50       		.byte	0x50
 1684 015b 00000000 		.4byte	0
 1685 015f 00000000 		.4byte	0
 1686              	.LLST6:
 1687 0163 E2000000 		.4byte	.LVL26
 1688 0167 06010000 		.4byte	.LVL30
 1689 016b 0100     		.2byte	0x1
 1690 016d 54       		.byte	0x54
 1691 016e 00000000 		.4byte	0
 1692 0172 00000000 		.4byte	0
 1693              		.section	.debug_aranges,"",%progbits
 1694 0000 24000000 		.4byte	0x24
 1695 0004 0200     		.2byte	0x2
 1696 0006 00000000 		.4byte	.Ldebug_info0
 1697 000a 04       		.byte	0x4
 1698 000b 00       		.byte	0
 1699 000c 0000     		.2byte	0
 1700 000e 0000     		.2byte	0
 1701 0010 00000000 		.4byte	.LFB69
 1702 0014 14000000 		.4byte	.LFE69-.LFB69
 1703 0018 00000000 		.4byte	.LFB70
 1704 001c 20010000 		.4byte	.LFE70-.LFB70
 1705 0020 00000000 		.4byte	0
ARM GAS  C:\Users\User\AppData\Local\Temp\cch81JHP.s 			page 35


 1706 0024 00000000 		.4byte	0
 1707              		.section	.debug_ranges,"",%progbits
 1708              	.Ldebug_ranges0:
 1709 0000 00000000 		.4byte	.LFB69
 1710 0004 14000000 		.4byte	.LFE69
 1711 0008 00000000 		.4byte	.LFB70
 1712 000c 20010000 		.4byte	.LFE70
 1713 0010 00000000 		.4byte	0
 1714 0014 00000000 		.4byte	0
 1715              		.section	.debug_line,"",%progbits
 1716              	.Ldebug_line0:
 1717 0000 29020000 		.section	.debug_str,"MS",%progbits,1
 1717      0200C501 
 1717      00000201 
 1717      FB0E0D00 
 1717      01010101 
 1718              	.LASF103:
 1719 0000 43795F53 		.ascii	"Cy_SysLib_EnterCriticalSection\000"
 1719      79734C69 
 1719      625F456E 
 1719      74657243 
 1719      72697469 
 1720              	.LASF82:
 1721 001f 43617053 		.ascii	"CapSense_FLASH_STRUCT\000"
 1721      656E7365 
 1721      5F464C41 
 1721      53485F53 
 1721      54525543 
 1722              	.LASF64:
 1723 0035 77646774 		.ascii	"wdgtList\000"
 1723      4C697374 
 1723      00
 1724              	.LASF69:
 1725 003e 736E7254 		.ascii	"snrTestRawCount\000"
 1725      65737452 
 1725      6177436F 
 1725      756E7400 
 1726              	.LASF109:
 1727 004e 43617053 		.ascii	"CapSense_TuInitialize\000"
 1727      656E7365 
 1727      5F547549 
 1727      6E697469 
 1727      616C697A 
 1728              	.LASF46:
 1729 0064 62736C6E 		.ascii	"bsln\000"
 1729      00
 1730              	.LASF94:
 1731 0069 73656E73 		.ascii	"sensorId\000"
 1731      6F724964 
 1731      00
 1732              	.LASF90:
 1733 0072 43617053 		.ascii	"CapSense_TU_CMD_ENUM\000"
 1733      656E7365 
 1733      5F54555F 
 1733      434D445F 
 1733      454E554D 
 1734              	.LASF30:
ARM GAS  C:\Users\User\AppData\Local\Temp\cch81JHP.s 			page 36


 1735 0087 6C6F7742 		.ascii	"lowBslnRst\000"
 1735      736C6E52 
 1735      737400
 1736              	.LASF48:
 1737 0092 64696666 		.ascii	"diff\000"
 1737      00
 1738              	.LASF77:
 1739 0097 746F7461 		.ascii	"totalNumSns\000"
 1739      6C4E756D 
 1739      536E7300 
 1740              	.LASF89:
 1741 00a3 43617053 		.ascii	"CapSense_TU_CMD_ONE_SCAN_E\000"
 1741      656E7365 
 1741      5F54555F 
 1741      434D445F 
 1741      4F4E455F 
 1742              	.LASF31:
 1743 00be 69646163 		.ascii	"idacMod\000"
 1743      4D6F6400 
 1744              	.LASF100:
 1745 00c6 74756E65 		.ascii	"tunerFsm\000"
 1745      7246736D 
 1745      00
 1746              	.LASF2:
 1747 00cf 73686F72 		.ascii	"short int\000"
 1747      7420696E 
 1747      7400
 1748              	.LASF34:
 1749 00d9 43617053 		.ascii	"CapSense_RAM_WD_BUTTON_STRUCT\000"
 1749      656E7365 
 1749      5F52414D 
 1749      5F57445F 
 1749      42555454 
 1750              	.LASF29:
 1751 00f7 6F6E4465 		.ascii	"onDebounce\000"
 1751      626F756E 
 1751      636500
 1752              	.LASF15:
 1753 0102 73697A65 		.ascii	"sizetype\000"
 1753      74797065 
 1753      00
 1754              	.LASF86:
 1755 010b 43617053 		.ascii	"CapSense_TU_CMD_RESTART_E\000"
 1755      656E7365 
 1755      5F54555F 
 1755      434D445F 
 1755      52455354 
 1756              	.LASF80:
 1757 0125 43617053 		.ascii	"CapSense_FLASH_WD_STRUCT\000"
 1757      656E7365 
 1757      5F464C41 
 1757      53485F57 
 1757      445F5354 
 1758              	.LASF106:
 1759 013e 474E5520 		.ascii	"GNU C11 5.4.1 20160609 (release) [ARM/embedded-5-br"
 1759      43313120 
 1759      352E342E 
ARM GAS  C:\Users\User\AppData\Local\Temp\cch81JHP.s 			page 37


 1759      31203230 
 1759      31363036 
 1760 0171 616E6368 		.ascii	"anch revision 237715] -mcpu=cortex-m0plus -mthumb -"
 1760      20726576 
 1760      6973696F 
 1760      6E203233 
 1760      37373135 
 1761 01a4 67202D4F 		.ascii	"g -Og -ffunction-sections -ffat-lto-objects\000"
 1761      67202D66 
 1761      66756E63 
 1761      74696F6E 
 1761      2D736563 
 1762              	.LASF27:
 1763 01d0 6E4E6F69 		.ascii	"nNoiseTh\000"
 1763      73655468 
 1763      00
 1764              	.LASF50:
 1765 01d9 69646163 		.ascii	"idacComp\000"
 1765      436F6D70 
 1765      00
 1766              	.LASF62:
 1767 01e2 63736430 		.ascii	"csd0Config\000"
 1767      436F6E66 
 1767      696700
 1768              	.LASF7:
 1769 01ed 5F5F7569 		.ascii	"__uint32_t\000"
 1769      6E743332 
 1769      5F7400
 1770              	.LASF33:
 1771 01f8 736E7343 		.ascii	"snsClkSource\000"
 1771      6C6B536F 
 1771      75726365 
 1771      00
 1772              	.LASF4:
 1773 0205 5F5F7569 		.ascii	"__uint16_t\000"
 1773      6E743136 
 1773      5F7400
 1774              	.LASF83:
 1775 0210 43617053 		.ascii	"CapSense_TU_CMD_NONE_E\000"
 1775      656E7365 
 1775      5F54555F 
 1775      434D445F 
 1775      4E4F4E45 
 1776              	.LASF26:
 1777 0227 6E6F6973 		.ascii	"noiseTh\000"
 1777      65546800 
 1778              	.LASF54:
 1779 022f 64657669 		.ascii	"deviceId\000"
 1779      63654964 
 1779      00
 1780              	.LASF20:
 1781 0238 75696E74 		.ascii	"uint16\000"
 1781      313600
 1782              	.LASF110:
 1783 023f 43617053 		.ascii	"CapSense_RunTuner\000"
 1783      656E7365 
 1783      5F52756E 
ARM GAS  C:\Users\User\AppData\Local\Temp\cch81JHP.s 			page 38


 1783      54756E65 
 1783      7200
 1784              	.LASF75:
 1785 0251 70747232 		.ascii	"ptr2DebounceArr\000"
 1785      4465626F 
 1785      756E6365 
 1785      41727200 
 1786              	.LASF12:
 1787 0261 75696E74 		.ascii	"uint8_t\000"
 1787      385F7400 
 1788              	.LASF19:
 1789 0269 75696E74 		.ascii	"uint8\000"
 1789      3800
 1790              	.LASF32:
 1791 026f 736E7343 		.ascii	"snsClk\000"
 1791      6C6B00
 1792              	.LASF17:
 1793 0276 666C6F61 		.ascii	"float\000"
 1793      7400
 1794              	.LASF45:
 1795 027c 43617053 		.ascii	"CapSense_RAM_WD_LIST_STRUCT\000"
 1795      656E7365 
 1795      5F52414D 
 1795      5F57445F 
 1795      4C495354 
 1796              	.LASF9:
 1797 0298 6C6F6E67 		.ascii	"long long int\000"
 1797      206C6F6E 
 1797      6720696E 
 1797      7400
 1798              	.LASF88:
 1799 02a6 43617053 		.ascii	"CapSense_TU_CMD_PING_E\000"
 1799      656E7365 
 1799      5F54555F 
 1799      434D445F 
 1799      50494E47 
 1800              	.LASF16:
 1801 02bd 63686172 		.ascii	"char\000"
 1801      00
 1802              	.LASF6:
 1803 02c2 6C6F6E67 		.ascii	"long int\000"
 1803      20696E74 
 1803      00
 1804              	.LASF78:
 1805 02cb 77646774 		.ascii	"wdgtType\000"
 1805      54797065 
 1805      00
 1806              	.LASF22:
 1807 02d4 43617053 		.ascii	"CapSense_THRESHOLD_TYPE\000"
 1807      656E7365 
 1807      5F544852 
 1807      4553484F 
 1807      4C445F54 
 1808              	.LASF49:
 1809 02ec 6E656742 		.ascii	"negBslnRstCnt\000"
 1809      736C6E52 
 1809      7374436E 
ARM GAS  C:\Users\User\AppData\Local\Temp\cch81JHP.s 			page 39


 1809      7400
 1810              	.LASF3:
 1811 02fa 5F5F7569 		.ascii	"__uint8_t\000"
 1811      6E74385F 
 1811      7400
 1812              	.LASF101:
 1813 0304 43617053 		.ascii	"CapSense_dsRam\000"
 1813      656E7365 
 1813      5F647352 
 1813      616D00
 1814              	.LASF25:
 1815 0313 66696E67 		.ascii	"fingerTh\000"
 1815      65725468 
 1815      00
 1816              	.LASF79:
 1817 031c 6E756D43 		.ascii	"numCols\000"
 1817      6F6C7300 
 1818              	.LASF28:
 1819 0324 68797374 		.ascii	"hysteresis\000"
 1819      65726573 
 1819      697300
 1820              	.LASF56:
 1821 032f 74756E65 		.ascii	"tunerCmd\000"
 1821      72436D64 
 1821      00
 1822              	.LASF91:
 1823 0338 6C6F6E67 		.ascii	"long double\000"
 1823      20646F75 
 1823      626C6500 
 1824              	.LASF60:
 1825 0344 77646774 		.ascii	"wdgtStatus\000"
 1825      53746174 
 1825      757300
 1826              	.LASF99:
 1827 034f 70747253 		.ascii	"ptrSnsTmp\000"
 1827      6E73546D 
 1827      7000
 1828              	.LASF1:
 1829 0359 756E7369 		.ascii	"unsigned char\000"
 1829      676E6564 
 1829      20636861 
 1829      7200
 1830              	.LASF102:
 1831 0367 43617053 		.ascii	"CapSense_dsFlash\000"
 1831      656E7365 
 1831      5F647346 
 1831      6C617368 
 1831      00
 1832              	.LASF0:
 1833 0378 7369676E 		.ascii	"signed char\000"
 1833      65642063 
 1833      68617200 
 1834              	.LASF52:
 1835 0384 43617053 		.ascii	"CapSense_RAM_SNS_LIST_STRUCT\000"
 1835      656E7365 
 1835      5F52414D 
 1835      5F534E53 
ARM GAS  C:\Users\User\AppData\Local\Temp\cch81JHP.s 			page 40


 1835      5F4C4953 
 1836              	.LASF10:
 1837 03a1 6C6F6E67 		.ascii	"long long unsigned int\000"
 1837      206C6F6E 
 1837      6720756E 
 1837      7369676E 
 1837      65642069 
 1838              	.LASF51:
 1839 03b8 43617053 		.ascii	"CapSense_RAM_SNS_STRUCT\000"
 1839      656E7365 
 1839      5F52414D 
 1839      5F534E53 
 1839      5F535452 
 1840              	.LASF14:
 1841 03d0 75696E74 		.ascii	"uint32_t\000"
 1841      33325F74 
 1841      00
 1842              	.LASF76:
 1843 03d9 73746174 		.ascii	"staticConfig\000"
 1843      6963436F 
 1843      6E666967 
 1843      00
 1844              	.LASF105:
 1845 03e6 43617053 		.ascii	"CapSense_Start\000"
 1845      656E7365 
 1845      5F537461 
 1845      727400
 1846              	.LASF11:
 1847 03f5 756E7369 		.ascii	"unsigned int\000"
 1847      676E6564 
 1847      20696E74 
 1847      00
 1848              	.LASF13:
 1849 0402 75696E74 		.ascii	"uint16_t\000"
 1849      31365F74 
 1849      00
 1850              	.LASF59:
 1851 040b 77646774 		.ascii	"wdgtEnable\000"
 1851      456E6162 
 1851      6C6500
 1852              	.LASF58:
 1853 0416 73746174 		.ascii	"status\000"
 1853      757300
 1854              	.LASF5:
 1855 041d 73686F72 		.ascii	"short unsigned int\000"
 1855      7420756E 
 1855      7369676E 
 1855      65642069 
 1855      6E7400
 1856              	.LASF53:
 1857 0430 636F6E66 		.ascii	"configId\000"
 1857      69674964 
 1857      00
 1858              	.LASF93:
 1859 0439 77696467 		.ascii	"widgetId\000"
 1859      65744964 
 1859      00
ARM GAS  C:\Users\User\AppData\Local\Temp\cch81JHP.s 			page 41


 1860              	.LASF67:
 1861 0442 736E7254 		.ascii	"snrTestSensorId\000"
 1861      65737453 
 1861      656E736F 
 1861      72496400 
 1862              	.LASF68:
 1863 0452 736E7254 		.ascii	"snrTestScanCounter\000"
 1863      65737453 
 1863      63616E43 
 1863      6F756E74 
 1863      657200
 1864              	.LASF24:
 1865 0465 7265736F 		.ascii	"resolution\000"
 1865      6C757469 
 1865      6F6E00
 1866              	.LASF74:
 1867 0470 70747232 		.ascii	"ptr2FltrHistory\000"
 1867      466C7472 
 1867      48697374 
 1867      6F727900 
 1868              	.LASF65:
 1869 0480 736E734C 		.ascii	"snsList\000"
 1869      69737400 
 1870              	.LASF63:
 1871 0488 6D6F6443 		.ascii	"modCsdClk\000"
 1871      7364436C 
 1871      6B00
 1872              	.LASF57:
 1873 0492 7363616E 		.ascii	"scanCounter\000"
 1873      436F756E 
 1873      74657200 
 1874              	.LASF72:
 1875 049e 70747232 		.ascii	"ptr2WdgtRam\000"
 1875      57646774 
 1875      52616D00 
 1876              	.LASF92:
 1877 04aa 696E7465 		.ascii	"interruptState\000"
 1877      72727570 
 1877      74537461 
 1877      746500
 1878              	.LASF70:
 1879 04b9 43617053 		.ascii	"CapSense_RAM_STRUCT\000"
 1879      656E7365 
 1879      5F52414D 
 1879      5F535452 
 1879      55435400 
 1880              	.LASF21:
 1881 04cd 75696E74 		.ascii	"uint32\000"
 1881      333200
 1882              	.LASF8:
 1883 04d4 6C6F6E67 		.ascii	"long unsigned int\000"
 1883      20756E73 
 1883      69676E65 
 1883      6420696E 
 1883      7400
 1884              	.LASF18:
 1885 04e6 646F7562 		.ascii	"double\000"
ARM GAS  C:\Users\User\AppData\Local\Temp\cch81JHP.s 			page 42


 1885      6C6500
 1886              	.LASF73:
 1887 04ed 70747232 		.ascii	"ptr2SnsRam\000"
 1887      536E7352 
 1887      616D00
 1888              	.LASF47:
 1889 04f8 62736C6E 		.ascii	"bslnExt\000"
 1889      45787400 
 1890              	.LASF107:
 1891 0500 47656E65 		.ascii	"Generated_Source\\PSoC6\\CapSense_Tuner.c\000"
 1891      72617465 
 1891      645F536F 
 1891      75726365 
 1891      5C50536F 
 1892              	.LASF87:
 1893 0528 43617053 		.ascii	"CapSense_TU_CMD_RUN_SNR_TEST_E\000"
 1893      656E7365 
 1893      5F54555F 
 1893      434D445F 
 1893      52554E5F 
 1894              	.LASF98:
 1895 0547 70747244 		.ascii	"ptrDsRam\000"
 1895      7352616D 
 1895      00
 1896              	.LASF23:
 1897 0550 43617053 		.ascii	"CapSense_LOW_BSLN_RST_TYPE\000"
 1897      656E7365 
 1897      5F4C4F57 
 1897      5F42534C 
 1897      4E5F5253 
 1898              	.LASF55:
 1899 056b 6877436C 		.ascii	"hwClock\000"
 1899      6F636B00 
 1900              	.LASF95:
 1901 0573 75706461 		.ascii	"updateFlag\000"
 1901      7465466C 
 1901      616700
 1902              	.LASF85:
 1903 057e 43617053 		.ascii	"CapSense_TU_CMD_RESUME_E\000"
 1903      656E7365 
 1903      5F54555F 
 1903      434D445F 
 1903      52455355 
 1904              	.LASF35:
 1905 0597 62757474 		.ascii	"button0\000"
 1905      6F6E3000 
 1906              	.LASF36:
 1907 059f 62757474 		.ascii	"button1\000"
 1907      6F6E3100 
 1908              	.LASF37:
 1909 05a7 62757474 		.ascii	"button2\000"
 1909      6F6E3200 
 1910              	.LASF38:
 1911 05af 62757474 		.ascii	"button3\000"
 1911      6F6E3300 
 1912              	.LASF39:
 1913 05b7 62757474 		.ascii	"button4\000"
ARM GAS  C:\Users\User\AppData\Local\Temp\cch81JHP.s 			page 43


 1913      6F6E3400 
 1914              	.LASF40:
 1915 05bf 62757474 		.ascii	"button5\000"
 1915      6F6E3500 
 1916              	.LASF41:
 1917 05c7 62757474 		.ascii	"button6\000"
 1917      6F6E3600 
 1918              	.LASF42:
 1919 05cf 62757474 		.ascii	"button7\000"
 1919      6F6E3700 
 1920              	.LASF43:
 1921 05d7 62757474 		.ascii	"button8\000"
 1921      6F6E3800 
 1922              	.LASF44:
 1923 05df 62757474 		.ascii	"button9\000"
 1923      6F6E3900 
 1924              	.LASF84:
 1925 05e7 43617053 		.ascii	"CapSense_TU_CMD_SUSPEND_E\000"
 1925      656E7365 
 1925      5F54555F 
 1925      434D445F 
 1925      53555350 
 1926              	.LASF66:
 1927 0601 736E7254 		.ascii	"snrTestWidgetId\000"
 1927      65737457 
 1927      69646765 
 1927      74496400 
 1928              	.LASF104:
 1929 0611 43795F53 		.ascii	"Cy_SysLib_ExitCriticalSection\000"
 1929      79734C69 
 1929      625F4578 
 1929      69744372 
 1929      69746963 
 1930              	.LASF81:
 1931 062f 77646774 		.ascii	"wdgtArray\000"
 1931      41727261 
 1931      7900
 1932              	.LASF97:
 1933 0639 74756E65 		.ascii	"tunerStatus\000"
 1933      72537461 
 1933      74757300 
 1934              	.LASF71:
 1935 0645 70747232 		.ascii	"ptr2SnsFlash\000"
 1935      536E7346 
 1935      6C617368 
 1935      00
 1936              	.LASF61:
 1937 0652 736E7353 		.ascii	"snsStatus\000"
 1937      74617475 
 1937      7300
 1938              	.LASF108:
 1939 065c 433A5C55 		.ascii	"C:\\Users\\User\\Desktop\\CE218135_BLE_Proximity02\\"
 1939      73657273 
 1939      5C557365 
 1939      725C4465 
 1939      736B746F 
 1940 068b 43453231 		.ascii	"CE218135_BLE_Proximity01.cydsn\000"
ARM GAS  C:\Users\User\AppData\Local\Temp\cch81JHP.s 			page 44


 1940      38313335 
 1940      5F424C45 
 1940      5F50726F 
 1940      78696D69 
 1941              	.LASF96:
 1942 06aa 636F6D6D 		.ascii	"command\000"
 1942      616E6400 
 1943              		.ident	"GCC: (GNU Tools for ARM Embedded Processors) 5.4.1 20160609 (release) [ARM/embedded-5-bran
