ARM GAS  C:\Users\Coal\AppData\Local\Temp\ccDneRus.s 			page 1


   1              		.syntax unified
   2              		.cpu cortex-m0plus
   3              		.fpu softvfp
   4              		.eabi_attribute 20, 1
   5              		.eabi_attribute 21, 1
   6              		.eabi_attribute 23, 3
   7              		.eabi_attribute 24, 1
   8              		.eabi_attribute 25, 1
   9              		.eabi_attribute 26, 1
  10              		.eabi_attribute 30, 1
  11              		.eabi_attribute 34, 0
  12              		.eabi_attribute 18, 4
  13              		.thumb
  14              		.syntax unified
  15              		.file	"main_cm0p.c"
  16              		.text
  17              	.Ltext0:
  18              		.cfi_sections	.debug_frame
  19              		.section	.text.main,"ax",%progbits
  20              		.align	2
  21              		.global	main
  22              		.code	16
  23              		.thumb_func
  24              		.type	main, %function
  25              	main:
  26              	.LFB519:
  27              		.file 1 "main_cm0p.c"
   1:main_cm0p.c   **** /******************************************************************************
   2:main_cm0p.c   **** * File Name: main_cm0p.c
   3:main_cm0p.c   **** *
   4:main_cm0p.c   **** * Version: 1.00
   5:main_cm0p.c   **** *
   6:main_cm0p.c   **** * Description: This file contains the Cortex-M0+ BLE controller code
   7:main_cm0p.c   **** *
   8:main_cm0p.c   **** * Related Document: CE218135_BLE_Proximity.pdf
   9:main_cm0p.c   **** *
  10:main_cm0p.c   **** * Hardware Dependency: CY8CKIT-062-BLE PSoC 6 BLE Pioneer Kit
  11:main_cm0p.c   **** *
  12:main_cm0p.c   **** ******************************************************************************
  13:main_cm0p.c   **** * Copyright (2017), Cypress Semiconductor Corporation.
  14:main_cm0p.c   **** ******************************************************************************
  15:main_cm0p.c   **** * This software, including source code, documentation and related materials
  16:main_cm0p.c   **** * ("Software") is owned by Cypress Semiconductor Corporation (Cypress) and is
  17:main_cm0p.c   **** * protected by and subject to worldwide patent protection (United States and 
  18:main_cm0p.c   **** * foreign), United States copyright laws and international treaty provisions. 
  19:main_cm0p.c   **** * Cypress hereby grants to licensee a personal, non-exclusive, non-transferable
  20:main_cm0p.c   **** * license to copy, use, modify, create derivative works of, and compile the 
  21:main_cm0p.c   **** * Cypress source code and derivative works for the sole purpose of creating 
  22:main_cm0p.c   **** * custom software in support of licensee product, such licensee product to be
  23:main_cm0p.c   **** * used only in conjunction with Cypress's integrated circuit as specified in the
  24:main_cm0p.c   **** * applicable agreement. Any reproduction, modification, translation, compilation,
  25:main_cm0p.c   **** * or representation of this Software except as specified above is prohibited 
  26:main_cm0p.c   **** * without the express written permission of Cypress.
  27:main_cm0p.c   **** * 
  28:main_cm0p.c   **** * Disclaimer: THIS SOFTWARE IS PROVIDED AS-IS, WITH NO WARRANTY OF ANY KIND, 
  29:main_cm0p.c   **** * EXPRESS OR IMPLIED, INCLUDING, BUT NOT LIMITED TO, NONINFRINGEMENT, IMPLIED 
  30:main_cm0p.c   **** * WARRANTIES OF MERCHANTABILITY AND FITNESS FOR A PARTICULAR PURPOSE.
ARM GAS  C:\Users\Coal\AppData\Local\Temp\ccDneRus.s 			page 2


  31:main_cm0p.c   **** * Cypress reserves the right to make changes to the Software without notice. 
  32:main_cm0p.c   **** * Cypress does not assume any liability arising out of the application or use
  33:main_cm0p.c   **** * of Software or any product or circuit described in the Software. Cypress does
  34:main_cm0p.c   **** * not authorize its products for use as critical components in any products 
  35:main_cm0p.c   **** * where a malfunction or failure may reasonably be expected to result in 
  36:main_cm0p.c   **** * significant injury or death ("ACTIVE Risk Product"). By including Cypress's 
  37:main_cm0p.c   **** * product in a ACTIVE Risk Product, the manufacturer of such system or application
  38:main_cm0p.c   **** * assumes all risk of such use and in doing so indemnifies Cypress against all
  39:main_cm0p.c   **** * liability. Use of this Software may be limited by and subject to the applicable
  40:main_cm0p.c   **** * Cypress software license agreement.
  41:main_cm0p.c   **** *****************************************************************************/
  42:main_cm0p.c   **** /******************************************************************************
  43:main_cm0p.c   **** * Cortex-M0+ handles the controller portion of BLE. For the host functions, 
  44:main_cm0p.c   **** * see main_cm4.c
  45:main_cm0p.c   **** *******************************************************************************/
  46:main_cm0p.c   **** 
  47:main_cm0p.c   **** /* Header file includes */
  48:main_cm0p.c   **** #include <project.h>
  49:main_cm0p.c   **** 
  50:main_cm0p.c   **** /*******************************************************************************
  51:main_cm0p.c   **** * Function Name: main
  52:main_cm0p.c   **** ********************************************************************************
  53:main_cm0p.c   **** * Summary:
  54:main_cm0p.c   **** *  System entrance point. This function enables the Cortex-M4 and continuously 
  55:main_cm0p.c   **** *  processes BLE controller events
  56:main_cm0p.c   **** *
  57:main_cm0p.c   **** * Parameters:
  58:main_cm0p.c   **** *  void
  59:main_cm0p.c   **** *
  60:main_cm0p.c   **** * Return:
  61:main_cm0p.c   **** *  int
  62:main_cm0p.c   **** *
  63:main_cm0p.c   **** *******************************************************************************/
  64:main_cm0p.c   **** int main(void)
  65:main_cm0p.c   **** {
  28              		.loc 1 65 0
  29              		.cfi_startproc
  30              		@ Volatile: function does not return.
  31              		@ args = 0, pretend = 0, frame = 0
  32              		@ frame_needed = 0, uses_anonymous_args = 0
  33 0000 10B5     		push	{r4, lr}
  34              		.cfi_def_cfa_offset 8
  35              		.cfi_offset 4, -8
  36              		.cfi_offset 14, -4
  37              	.LBB4:
  38              	.LBB5:
  39              		.file 2 "Generated_Source\\PSoC6\\pdl\\cmsis/include/cmsis_gcc.h"
   1:Generated_Source\PSoC6\pdl\cmsis/include/cmsis_gcc.h **** /**************************************************************************//**
   2:Generated_Source\PSoC6\pdl\cmsis/include/cmsis_gcc.h ****  * @file     cmsis_gcc.h
   3:Generated_Source\PSoC6\pdl\cmsis/include/cmsis_gcc.h ****  * @brief    CMSIS compiler GCC header file
   4:Generated_Source\PSoC6\pdl\cmsis/include/cmsis_gcc.h ****  * @version  V5.0.1
   5:Generated_Source\PSoC6\pdl\cmsis/include/cmsis_gcc.h ****  * @date     02. February 2017
   6:Generated_Source\PSoC6\pdl\cmsis/include/cmsis_gcc.h ****  ******************************************************************************/
   7:Generated_Source\PSoC6\pdl\cmsis/include/cmsis_gcc.h **** /*
   8:Generated_Source\PSoC6\pdl\cmsis/include/cmsis_gcc.h ****  * Copyright (c) 2009-2017 ARM Limited. All rights reserved.
   9:Generated_Source\PSoC6\pdl\cmsis/include/cmsis_gcc.h ****  *
  10:Generated_Source\PSoC6\pdl\cmsis/include/cmsis_gcc.h ****  * SPDX-License-Identifier: Apache-2.0
ARM GAS  C:\Users\Coal\AppData\Local\Temp\ccDneRus.s 			page 3


  11:Generated_Source\PSoC6\pdl\cmsis/include/cmsis_gcc.h ****  *
  12:Generated_Source\PSoC6\pdl\cmsis/include/cmsis_gcc.h ****  * Licensed under the Apache License, Version 2.0 (the License); you may
  13:Generated_Source\PSoC6\pdl\cmsis/include/cmsis_gcc.h ****  * not use this file except in compliance with the License.
  14:Generated_Source\PSoC6\pdl\cmsis/include/cmsis_gcc.h ****  * You may obtain a copy of the License at
  15:Generated_Source\PSoC6\pdl\cmsis/include/cmsis_gcc.h ****  *
  16:Generated_Source\PSoC6\pdl\cmsis/include/cmsis_gcc.h ****  * www.apache.org/licenses/LICENSE-2.0
  17:Generated_Source\PSoC6\pdl\cmsis/include/cmsis_gcc.h ****  *
  18:Generated_Source\PSoC6\pdl\cmsis/include/cmsis_gcc.h ****  * Unless required by applicable law or agreed to in writing, software
  19:Generated_Source\PSoC6\pdl\cmsis/include/cmsis_gcc.h ****  * distributed under the License is distributed on an AS IS BASIS, WITHOUT
  20:Generated_Source\PSoC6\pdl\cmsis/include/cmsis_gcc.h ****  * WARRANTIES OR CONDITIONS OF ANY KIND, either express or implied.
  21:Generated_Source\PSoC6\pdl\cmsis/include/cmsis_gcc.h ****  * See the License for the specific language governing permissions and
  22:Generated_Source\PSoC6\pdl\cmsis/include/cmsis_gcc.h ****  * limitations under the License.
  23:Generated_Source\PSoC6\pdl\cmsis/include/cmsis_gcc.h ****  */
  24:Generated_Source\PSoC6\pdl\cmsis/include/cmsis_gcc.h **** 
  25:Generated_Source\PSoC6\pdl\cmsis/include/cmsis_gcc.h **** #ifndef __CMSIS_GCC_H
  26:Generated_Source\PSoC6\pdl\cmsis/include/cmsis_gcc.h **** #define __CMSIS_GCC_H
  27:Generated_Source\PSoC6\pdl\cmsis/include/cmsis_gcc.h **** 
  28:Generated_Source\PSoC6\pdl\cmsis/include/cmsis_gcc.h **** /* ignore some GCC warnings */
  29:Generated_Source\PSoC6\pdl\cmsis/include/cmsis_gcc.h **** #pragma GCC diagnostic push
  30:Generated_Source\PSoC6\pdl\cmsis/include/cmsis_gcc.h **** #pragma GCC diagnostic ignored "-Wsign-conversion"
  31:Generated_Source\PSoC6\pdl\cmsis/include/cmsis_gcc.h **** #pragma GCC diagnostic ignored "-Wconversion"
  32:Generated_Source\PSoC6\pdl\cmsis/include/cmsis_gcc.h **** #pragma GCC diagnostic ignored "-Wunused-parameter"
  33:Generated_Source\PSoC6\pdl\cmsis/include/cmsis_gcc.h **** 
  34:Generated_Source\PSoC6\pdl\cmsis/include/cmsis_gcc.h **** /* CMSIS compiler specific defines */
  35:Generated_Source\PSoC6\pdl\cmsis/include/cmsis_gcc.h **** #ifndef   __ASM
  36:Generated_Source\PSoC6\pdl\cmsis/include/cmsis_gcc.h ****   #define __ASM                     __asm
  37:Generated_Source\PSoC6\pdl\cmsis/include/cmsis_gcc.h **** #endif
  38:Generated_Source\PSoC6\pdl\cmsis/include/cmsis_gcc.h **** #ifndef   __INLINE
  39:Generated_Source\PSoC6\pdl\cmsis/include/cmsis_gcc.h ****   #define __INLINE                  inline
  40:Generated_Source\PSoC6\pdl\cmsis/include/cmsis_gcc.h **** #endif
  41:Generated_Source\PSoC6\pdl\cmsis/include/cmsis_gcc.h **** #ifndef   __STATIC_INLINE
  42:Generated_Source\PSoC6\pdl\cmsis/include/cmsis_gcc.h ****   #define __STATIC_INLINE           static inline
  43:Generated_Source\PSoC6\pdl\cmsis/include/cmsis_gcc.h **** #endif
  44:Generated_Source\PSoC6\pdl\cmsis/include/cmsis_gcc.h **** #ifndef   __NO_RETURN
  45:Generated_Source\PSoC6\pdl\cmsis/include/cmsis_gcc.h ****   #define __NO_RETURN               __attribute__((noreturn))
  46:Generated_Source\PSoC6\pdl\cmsis/include/cmsis_gcc.h **** #endif
  47:Generated_Source\PSoC6\pdl\cmsis/include/cmsis_gcc.h **** #ifndef   __USED
  48:Generated_Source\PSoC6\pdl\cmsis/include/cmsis_gcc.h ****   #define __USED                    __attribute__((used))
  49:Generated_Source\PSoC6\pdl\cmsis/include/cmsis_gcc.h **** #endif
  50:Generated_Source\PSoC6\pdl\cmsis/include/cmsis_gcc.h **** #ifndef   __WEAK
  51:Generated_Source\PSoC6\pdl\cmsis/include/cmsis_gcc.h ****   #define __WEAK                    __attribute__((weak))
  52:Generated_Source\PSoC6\pdl\cmsis/include/cmsis_gcc.h **** #endif
  53:Generated_Source\PSoC6\pdl\cmsis/include/cmsis_gcc.h **** #ifndef   __UNALIGNED_UINT32
  54:Generated_Source\PSoC6\pdl\cmsis/include/cmsis_gcc.h **** #pragma GCC diagnostic push
  55:Generated_Source\PSoC6\pdl\cmsis/include/cmsis_gcc.h **** #pragma GCC diagnostic ignored "-Wpacked"
  56:Generated_Source\PSoC6\pdl\cmsis/include/cmsis_gcc.h **** #pragma GCC diagnostic ignored "-Wattributes"
  57:Generated_Source\PSoC6\pdl\cmsis/include/cmsis_gcc.h ****   struct __attribute__((packed)) T_UINT32 { uint32_t v; };
  58:Generated_Source\PSoC6\pdl\cmsis/include/cmsis_gcc.h **** #pragma GCC diagnostic pop
  59:Generated_Source\PSoC6\pdl\cmsis/include/cmsis_gcc.h ****   #define __UNALIGNED_UINT32(x)     (((struct T_UINT32 *)(x))->v)
  60:Generated_Source\PSoC6\pdl\cmsis/include/cmsis_gcc.h **** #endif
  61:Generated_Source\PSoC6\pdl\cmsis/include/cmsis_gcc.h **** #ifndef   __ALIGNED
  62:Generated_Source\PSoC6\pdl\cmsis/include/cmsis_gcc.h ****   #define __ALIGNED(x)              __attribute__((aligned(x)))
  63:Generated_Source\PSoC6\pdl\cmsis/include/cmsis_gcc.h **** #endif
  64:Generated_Source\PSoC6\pdl\cmsis/include/cmsis_gcc.h **** #ifndef   __PACKED
  65:Generated_Source\PSoC6\pdl\cmsis/include/cmsis_gcc.h ****   #define __PACKED                  __attribute__((packed, aligned(1)))
  66:Generated_Source\PSoC6\pdl\cmsis/include/cmsis_gcc.h **** #endif
  67:Generated_Source\PSoC6\pdl\cmsis/include/cmsis_gcc.h **** #ifndef   __PACKED_STRUCT
ARM GAS  C:\Users\Coal\AppData\Local\Temp\ccDneRus.s 			page 4


  68:Generated_Source\PSoC6\pdl\cmsis/include/cmsis_gcc.h ****   #define __PACKED_STRUCT           struct __attribute__((packed, aligned(1)))
  69:Generated_Source\PSoC6\pdl\cmsis/include/cmsis_gcc.h **** #endif
  70:Generated_Source\PSoC6\pdl\cmsis/include/cmsis_gcc.h **** 
  71:Generated_Source\PSoC6\pdl\cmsis/include/cmsis_gcc.h **** 
  72:Generated_Source\PSoC6\pdl\cmsis/include/cmsis_gcc.h **** /* ###########################  Core Function Access  ########################### */
  73:Generated_Source\PSoC6\pdl\cmsis/include/cmsis_gcc.h **** /** \ingroup  CMSIS_Core_FunctionInterface
  74:Generated_Source\PSoC6\pdl\cmsis/include/cmsis_gcc.h ****     \defgroup CMSIS_Core_RegAccFunctions CMSIS Core Register Access Functions
  75:Generated_Source\PSoC6\pdl\cmsis/include/cmsis_gcc.h ****   @{
  76:Generated_Source\PSoC6\pdl\cmsis/include/cmsis_gcc.h ****  */
  77:Generated_Source\PSoC6\pdl\cmsis/include/cmsis_gcc.h **** 
  78:Generated_Source\PSoC6\pdl\cmsis/include/cmsis_gcc.h **** /**
  79:Generated_Source\PSoC6\pdl\cmsis/include/cmsis_gcc.h ****   \brief   Enable IRQ Interrupts
  80:Generated_Source\PSoC6\pdl\cmsis/include/cmsis_gcc.h ****   \details Enables IRQ interrupts by clearing the I-bit in the CPSR.
  81:Generated_Source\PSoC6\pdl\cmsis/include/cmsis_gcc.h ****            Can only be executed in Privileged modes.
  82:Generated_Source\PSoC6\pdl\cmsis/include/cmsis_gcc.h ****  */
  83:Generated_Source\PSoC6\pdl\cmsis/include/cmsis_gcc.h **** __attribute__((always_inline)) __STATIC_INLINE void __enable_irq(void)
  84:Generated_Source\PSoC6\pdl\cmsis/include/cmsis_gcc.h **** {
  85:Generated_Source\PSoC6\pdl\cmsis/include/cmsis_gcc.h ****   __ASM volatile ("cpsie i" : : : "memory");
  40              		.loc 2 85 0
  41              		.syntax divided
  42              	@ 85 "Generated_Source\PSoC6\pdl\cmsis/include/cmsis_gcc.h" 1
  43 0002 62B6     		cpsie i
  44              	@ 0 "" 2
  45              		.thumb
  46              		.syntax unified
  47              	.LBE5:
  48              	.LBE4:
  66:main_cm0p.c   ****     /* Enable global interrupts */
  67:main_cm0p.c   ****     __enable_irq();
  68:main_cm0p.c   ****     
  69:main_cm0p.c   ****     /* Start the Controller portion of BLE. Host runs on the CM4 */
  70:main_cm0p.c   ****     if(Cy_BLE_Start(NULL) == CY_BLE_SUCCESS)
  49              		.loc 1 70 0
  50 0004 0020     		movs	r0, #0
  51 0006 FFF7FEFF 		bl	Cy_BLE_Start
  52              	.LVL0:
  53 000a 0028     		cmp	r0, #0
  54 000c 03D1     		bne	.L2
  71:main_cm0p.c   ****     {
  72:main_cm0p.c   ****         /* Enable CM4 only if BLE Controller started successfully. 
  73:main_cm0p.c   ****            CY_CORTEX_M4_APPL_ADDR must be updated if CM4 memory layout 
  74:main_cm0p.c   ****            is changed. */
  75:main_cm0p.c   ****         Cy_SysEnableCM4(CY_CORTEX_M4_APPL_ADDR); 
  55              		.loc 1 75 0
  56 000e 0748     		ldr	r0, .L5
  57 0010 FFF7FEFF 		bl	Cy_SysEnableCM4
  58              	.LVL1:
  59 0014 03E0     		b	.L4
  60              	.L2:
  76:main_cm0p.c   ****     }
  77:main_cm0p.c   ****     else
  78:main_cm0p.c   ****     {
  79:main_cm0p.c   ****         /* Halt the CPU if the BLE initialization failed */
  80:main_cm0p.c   ****         CY_ASSERT(0u != 0u);
  61              		.loc 1 80 0 discriminator 1
  62 0016 5021     		movs	r1, #80
  63 0018 0548     		ldr	r0, .L5+4
ARM GAS  C:\Users\Coal\AppData\Local\Temp\ccDneRus.s 			page 5


  64 001a FFF7FEFF 		bl	Cy_SysLib_AssertFailed
  65              	.LVL2:
  66              	.L4:
  81:main_cm0p.c   ****     }
  82:main_cm0p.c   ****     
  83:main_cm0p.c   ****     for (;;)
  84:main_cm0p.c   ****     {
  85:main_cm0p.c   ****         /* Cy_Ble_ProcessEvents() allows the BLE stack to process pending events */
  86:main_cm0p.c   ****         Cy_BLE_ProcessEvents();
  67              		.loc 1 86 0 discriminator 1
  68 001e FFF7FEFF 		bl	Cy_BLE_ProcessEvents
  69              	.LVL3:
  87:main_cm0p.c   ****         
  88:main_cm0p.c   ****         /* Put CM0p to Deep-Sleep mode. The BLE Controller automatically wakes up 
  89:main_cm0p.c   ****            the CPU if processing is required */
  90:main_cm0p.c   ****         Cy_SysPm_DeepSleep(CY_SYSPM_WAIT_FOR_INTERRUPT);
  70              		.loc 1 90 0 discriminator 1
  71 0022 0020     		movs	r0, #0
  72 0024 FFF7FEFF 		bl	Cy_SysPm_DeepSleep
  73              	.LVL4:
  74 0028 F9E7     		b	.L4
  75              	.L6:
  76 002a C046     		.align	2
  77              	.L5:
  78 002c 00000810 		.word	268959744
  79 0030 00000000 		.word	.LC0
  80              		.cfi_endproc
  81              	.LFE519:
  82              		.size	main, .-main
  83              		.section	.rodata.str1.4,"aMS",%progbits,1
  84              		.align	2
  85              	.LC0:
  86 0000 6D61696E 		.ascii	"main_cm0p.c\000"
  86      5F636D30 
  86      702E6300 
  87              		.text
  88              	.Letext0:
  89              		.file 3 "c:\\program files (x86)\\cypress\\psoc creator\\4.2\\psoc creator\\import\\gnu\\arm\\5.4.
  90              		.file 4 "c:\\program files (x86)\\cypress\\psoc creator\\4.2\\psoc creator\\import\\gnu\\arm\\5.4.
  91              		.file 5 "Generated_Source\\PSoC6\\pdl\\drivers/peripheral/syslib/cy_syslib.h"
  92              		.file 6 "Generated_Source\\PSoC6\\pdl\\drivers/peripheral/tcpwm/cy_tcpwm_counter.h"
  93              		.file 7 "Generated_Source\\PSoC6\\pdl\\drivers/peripheral/syspm/cy_syspm.h"
  94              		.file 8 "Generated_Source\\PSoC6\\pdl\\drivers/peripheral/scb/cy_scb_ezi2c.h"
  95              		.file 9 "Generated_Source\\PSoC6\\pdl\\drivers/peripheral/scb/cy_scb_spi.h"
  96              		.file 10 "Generated_Source\\PSoC6\\pdl\\middleware/ble/cy_ble_stack.h"
  97              		.file 11 "Generated_Source\\PSoC6/CY_EINK_SPIM.h"
  98              		.file 12 "Generated_Source\\PSoC6/CY_EINK_Timer.h"
  99              		.file 13 "Generated_Source\\PSoC6/EZI2C.h"
 100              		.file 14 "Generated_Source\\PSoC6/BLE.h"
 101              		.file 15 "./system_psoc63.h"
 102              		.section	.debug_info,"",%progbits
 103              	.Ldebug_info0:
 104 0000 09060000 		.4byte	0x609
 105 0004 0400     		.2byte	0x4
 106 0006 00000000 		.4byte	.Ldebug_abbrev0
 107 000a 04       		.byte	0x4
 108 000b 01       		.uleb128 0x1
ARM GAS  C:\Users\Coal\AppData\Local\Temp\ccDneRus.s 			page 6


 109 000c 04070000 		.4byte	.LASF121
 110 0010 0C       		.byte	0xc
 111 0011 60000000 		.4byte	.LASF122
 112 0015 EF070000 		.4byte	.LASF123
 113 0019 00000000 		.4byte	.Ldebug_ranges0+0
 114 001d 00000000 		.4byte	0
 115 0021 00000000 		.4byte	.Ldebug_line0
 116 0025 02       		.uleb128 0x2
 117 0026 02       		.byte	0x2
 118 0027 05       		.byte	0x5
 119 0028 D5020000 		.4byte	.LASF0
 120 002c 02       		.uleb128 0x2
 121 002d 01       		.byte	0x1
 122 002e 08       		.byte	0x8
 123 002f FE050000 		.4byte	.LASF1
 124 0033 02       		.uleb128 0x2
 125 0034 01       		.byte	0x1
 126 0035 06       		.byte	0x6
 127 0036 D4090000 		.4byte	.LASF2
 128 003a 03       		.uleb128 0x3
 129 003b 71000000 		.4byte	.LASF5
 130 003f 03       		.byte	0x3
 131 0040 1D       		.byte	0x1d
 132 0041 2C000000 		.4byte	0x2c
 133 0045 02       		.uleb128 0x2
 134 0046 02       		.byte	0x2
 135 0047 07       		.byte	0x7
 136 0048 D7030000 		.4byte	.LASF3
 137 004c 02       		.uleb128 0x2
 138 004d 04       		.byte	0x4
 139 004e 05       		.byte	0x5
 140 004f 6B020000 		.4byte	.LASF4
 141 0053 03       		.uleb128 0x3
 142 0054 18030000 		.4byte	.LASF6
 143 0058 03       		.byte	0x3
 144 0059 41       		.byte	0x41
 145 005a 5E000000 		.4byte	0x5e
 146 005e 02       		.uleb128 0x2
 147 005f 04       		.byte	0x4
 148 0060 07       		.byte	0x7
 149 0061 AD030000 		.4byte	.LASF7
 150 0065 02       		.uleb128 0x2
 151 0066 08       		.byte	0x8
 152 0067 05       		.byte	0x5
 153 0068 B7010000 		.4byte	.LASF8
 154 006c 02       		.uleb128 0x2
 155 006d 08       		.byte	0x8
 156 006e 07       		.byte	0x7
 157 006f 26010000 		.4byte	.LASF9
 158 0073 04       		.uleb128 0x4
 159 0074 04       		.byte	0x4
 160 0075 05       		.byte	0x5
 161 0076 696E7400 		.ascii	"int\000"
 162 007a 02       		.uleb128 0x2
 163 007b 04       		.byte	0x4
 164 007c 07       		.byte	0x7
 165 007d 99030000 		.4byte	.LASF10
ARM GAS  C:\Users\Coal\AppData\Local\Temp\ccDneRus.s 			page 7


 166 0081 03       		.uleb128 0x3
 167 0082 6A090000 		.4byte	.LASF11
 168 0086 04       		.byte	0x4
 169 0087 18       		.byte	0x18
 170 0088 3A000000 		.4byte	0x3a
 171 008c 03       		.uleb128 0x3
 172 008d 9E060000 		.4byte	.LASF12
 173 0091 04       		.byte	0x4
 174 0092 30       		.byte	0x30
 175 0093 53000000 		.4byte	0x53
 176 0097 02       		.uleb128 0x2
 177 0098 04       		.byte	0x4
 178 0099 07       		.byte	0x7
 179 009a EE040000 		.4byte	.LASF13
 180 009e 05       		.uleb128 0x5
 181 009f 8C000000 		.4byte	0x8c
 182 00a3 02       		.uleb128 0x2
 183 00a4 08       		.byte	0x8
 184 00a5 04       		.byte	0x4
 185 00a6 F7040000 		.4byte	.LASF14
 186 00aa 06       		.uleb128 0x6
 187 00ab A6030000 		.4byte	.LASF15
 188 00af 05       		.byte	0x5
 189 00b0 C401     		.2byte	0x1c4
 190 00b2 B6000000 		.4byte	0xb6
 191 00b6 02       		.uleb128 0x2
 192 00b7 01       		.byte	0x1
 193 00b8 08       		.byte	0x8
 194 00b9 B0070000 		.4byte	.LASF16
 195 00bd 02       		.uleb128 0x2
 196 00be 04       		.byte	0x4
 197 00bf 04       		.byte	0x4
 198 00c0 8F050000 		.4byte	.LASF17
 199 00c4 02       		.uleb128 0x2
 200 00c5 08       		.byte	0x8
 201 00c6 04       		.byte	0x4
 202 00c7 DF020000 		.4byte	.LASF18
 203 00cb 07       		.uleb128 0x7
 204 00cc 01       		.byte	0x1
 205 00cd 2C000000 		.4byte	0x2c
 206 00d1 07       		.byte	0x7
 207 00d2 CE03     		.2byte	0x3ce
 208 00d4 E5000000 		.4byte	0xe5
 209 00d8 08       		.uleb128 0x8
 210 00d9 E5080000 		.4byte	.LASF19
 211 00dd 00       		.byte	0
 212 00de 08       		.uleb128 0x8
 213 00df BF030000 		.4byte	.LASF20
 214 00e3 01       		.byte	0x1
 215 00e4 00       		.byte	0
 216 00e5 09       		.uleb128 0x9
 217 00e6 04       		.byte	0x4
 218 00e7 02       		.uleb128 0x2
 219 00e8 01       		.byte	0x1
 220 00e9 02       		.byte	0x2
 221 00ea 2B090000 		.4byte	.LASF21
 222 00ee 0A       		.uleb128 0xa
ARM GAS  C:\Users\Coal\AppData\Local\Temp\ccDneRus.s 			page 8


 223 00ef D2040000 		.4byte	.LASF53
 224 00f3 4C       		.byte	0x4c
 225 00f4 06       		.byte	0x6
 226 00f5 2B       		.byte	0x2b
 227 00f6 DF010000 		.4byte	0x1df
 228 00fa 0B       		.uleb128 0xb
 229 00fb 82080000 		.4byte	.LASF22
 230 00ff 06       		.byte	0x6
 231 0100 2D       		.byte	0x2d
 232 0101 8C000000 		.4byte	0x8c
 233 0105 00       		.byte	0
 234 0106 0B       		.uleb128 0xb
 235 0107 3D010000 		.4byte	.LASF23
 236 010b 06       		.byte	0x6
 237 010c 2F       		.byte	0x2f
 238 010d 8C000000 		.4byte	0x8c
 239 0111 04       		.byte	0x4
 240 0112 0B       		.uleb128 0xb
 241 0113 00000000 		.4byte	.LASF24
 242 0117 06       		.byte	0x6
 243 0118 30       		.byte	0x30
 244 0119 8C000000 		.4byte	0x8c
 245 011d 08       		.byte	0x8
 246 011e 0B       		.uleb128 0xb
 247 011f 9A000000 		.4byte	.LASF25
 248 0123 06       		.byte	0x6
 249 0124 31       		.byte	0x31
 250 0125 8C000000 		.4byte	0x8c
 251 0129 0C       		.byte	0xc
 252 012a 0B       		.uleb128 0xb
 253 012b 8D060000 		.4byte	.LASF26
 254 012f 06       		.byte	0x6
 255 0130 33       		.byte	0x33
 256 0131 8C000000 		.4byte	0x8c
 257 0135 10       		.byte	0x10
 258 0136 0B       		.uleb128 0xb
 259 0137 96070000 		.4byte	.LASF27
 260 013b 06       		.byte	0x6
 261 013c 34       		.byte	0x34
 262 013d 8C000000 		.4byte	0x8c
 263 0141 14       		.byte	0x14
 264 0142 0B       		.uleb128 0xb
 265 0143 9F070000 		.4byte	.LASF28
 266 0147 06       		.byte	0x6
 267 0148 35       		.byte	0x35
 268 0149 8C000000 		.4byte	0x8c
 269 014d 18       		.byte	0x18
 270 014e 0B       		.uleb128 0xb
 271 014f 48060000 		.4byte	.LASF29
 272 0153 06       		.byte	0x6
 273 0154 36       		.byte	0x36
 274 0155 E7000000 		.4byte	0xe7
 275 0159 1C       		.byte	0x1c
 276 015a 0B       		.uleb128 0xb
 277 015b 89080000 		.4byte	.LASF30
 278 015f 06       		.byte	0x6
 279 0160 38       		.byte	0x38
ARM GAS  C:\Users\Coal\AppData\Local\Temp\ccDneRus.s 			page 9


 280 0161 8C000000 		.4byte	0x8c
 281 0165 20       		.byte	0x20
 282 0166 0B       		.uleb128 0xb
 283 0167 E6020000 		.4byte	.LASF31
 284 016b 06       		.byte	0x6
 285 016c 39       		.byte	0x39
 286 016d 8C000000 		.4byte	0x8c
 287 0171 24       		.byte	0x24
 288 0172 0B       		.uleb128 0xb
 289 0173 19010000 		.4byte	.LASF32
 290 0177 06       		.byte	0x6
 291 0178 3B       		.byte	0x3b
 292 0179 8C000000 		.4byte	0x8c
 293 017d 28       		.byte	0x28
 294 017e 0B       		.uleb128 0xb
 295 017f B6090000 		.4byte	.LASF33
 296 0183 06       		.byte	0x6
 297 0184 3C       		.byte	0x3c
 298 0185 8C000000 		.4byte	0x8c
 299 0189 2C       		.byte	0x2c
 300 018a 0B       		.uleb128 0xb
 301 018b 9A080000 		.4byte	.LASF34
 302 018f 06       		.byte	0x6
 303 0190 3E       		.byte	0x3e
 304 0191 8C000000 		.4byte	0x8c
 305 0195 30       		.byte	0x30
 306 0196 0B       		.uleb128 0xb
 307 0197 EF050000 		.4byte	.LASF35
 308 019b 06       		.byte	0x6
 309 019c 3F       		.byte	0x3f
 310 019d 8C000000 		.4byte	0x8c
 311 01a1 34       		.byte	0x34
 312 01a2 0B       		.uleb128 0xb
 313 01a3 C7040000 		.4byte	.LASF36
 314 01a7 06       		.byte	0x6
 315 01a8 41       		.byte	0x41
 316 01a9 8C000000 		.4byte	0x8c
 317 01ad 38       		.byte	0x38
 318 01ae 0B       		.uleb128 0xb
 319 01af 040A0000 		.4byte	.LASF37
 320 01b3 06       		.byte	0x6
 321 01b4 42       		.byte	0x42
 322 01b5 8C000000 		.4byte	0x8c
 323 01b9 3C       		.byte	0x3c
 324 01ba 0B       		.uleb128 0xb
 325 01bb DB080000 		.4byte	.LASF38
 326 01bf 06       		.byte	0x6
 327 01c0 44       		.byte	0x44
 328 01c1 8C000000 		.4byte	0x8c
 329 01c5 40       		.byte	0x40
 330 01c6 0B       		.uleb128 0xb
 331 01c7 B8040000 		.4byte	.LASF39
 332 01cb 06       		.byte	0x6
 333 01cc 45       		.byte	0x45
 334 01cd 8C000000 		.4byte	0x8c
 335 01d1 44       		.byte	0x44
 336 01d2 0B       		.uleb128 0xb
ARM GAS  C:\Users\Coal\AppData\Local\Temp\ccDneRus.s 			page 10


 337 01d3 F9090000 		.4byte	.LASF40
 338 01d7 06       		.byte	0x6
 339 01d8 47       		.byte	0x47
 340 01d9 8C000000 		.4byte	0x8c
 341 01dd 48       		.byte	0x48
 342 01de 00       		.byte	0
 343 01df 03       		.uleb128 0x3
 344 01e0 C5010000 		.4byte	.LASF41
 345 01e4 06       		.byte	0x6
 346 01e5 48       		.byte	0x48
 347 01e6 EE000000 		.4byte	0xee
 348 01ea 0C       		.uleb128 0xc
 349 01eb 04       		.byte	0x4
 350 01ec F0010000 		.4byte	0x1f0
 351 01f0 0D       		.uleb128 0xd
 352 01f1 FB010000 		.4byte	0x1fb
 353 01f5 0E       		.uleb128 0xe
 354 01f6 8C000000 		.4byte	0x8c
 355 01fa 00       		.byte	0
 356 01fb 0C       		.uleb128 0xc
 357 01fc 04       		.byte	0x4
 358 01fd 81000000 		.4byte	0x81
 359 0201 07       		.uleb128 0x7
 360 0202 01       		.byte	0x1
 361 0203 2C000000 		.4byte	0x2c
 362 0207 08       		.byte	0x8
 363 0208 2A01     		.2byte	0x12a
 364 020a 1B020000 		.4byte	0x21b
 365 020e 08       		.uleb128 0x8
 366 020f 0F090000 		.4byte	.LASF42
 367 0213 00       		.byte	0
 368 0214 08       		.uleb128 0x8
 369 0215 34040000 		.4byte	.LASF43
 370 0219 01       		.byte	0x1
 371 021a 00       		.byte	0
 372 021b 06       		.uleb128 0x6
 373 021c 40000000 		.4byte	.LASF44
 374 0220 08       		.byte	0x8
 375 0221 2D01     		.2byte	0x12d
 376 0223 01020000 		.4byte	0x201
 377 0227 07       		.uleb128 0x7
 378 0228 01       		.byte	0x1
 379 0229 2C000000 		.4byte	0x2c
 380 022d 08       		.byte	0x8
 381 022e 3201     		.2byte	0x132
 382 0230 5F020000 		.4byte	0x25f
 383 0234 08       		.uleb128 0x8
 384 0235 18050000 		.4byte	.LASF45
 385 0239 00       		.byte	0
 386 023a 08       		.uleb128 0x8
 387 023b F9030000 		.4byte	.LASF46
 388 023f 01       		.byte	0x1
 389 0240 08       		.uleb128 0x8
 390 0241 F7020000 		.4byte	.LASF47
 391 0245 02       		.byte	0x2
 392 0246 08       		.uleb128 0x8
 393 0247 97040000 		.4byte	.LASF48
ARM GAS  C:\Users\Coal\AppData\Local\Temp\ccDneRus.s 			page 11


 394 024b 03       		.byte	0x3
 395 024c 08       		.uleb128 0x8
 396 024d 3D050000 		.4byte	.LASF49
 397 0251 04       		.byte	0x4
 398 0252 08       		.uleb128 0x8
 399 0253 59050000 		.4byte	.LASF50
 400 0257 05       		.byte	0x5
 401 0258 08       		.uleb128 0x8
 402 0259 B5070000 		.4byte	.LASF51
 403 025d 06       		.byte	0x6
 404 025e 00       		.byte	0
 405 025f 06       		.uleb128 0x6
 406 0260 C9050000 		.4byte	.LASF52
 407 0264 08       		.byte	0x8
 408 0265 3A01     		.2byte	0x13a
 409 0267 27020000 		.4byte	0x227
 410 026b 0F       		.uleb128 0xf
 411 026c 08000000 		.4byte	.LASF54
 412 0270 3C       		.byte	0x3c
 413 0271 08       		.byte	0x8
 414 0272 6601     		.2byte	0x166
 415 0274 56030000 		.4byte	0x356
 416 0278 10       		.uleb128 0x10
 417 0279 65020000 		.4byte	.LASF55
 418 027d 08       		.byte	0x8
 419 027e 6901     		.2byte	0x169
 420 0280 56030000 		.4byte	0x356
 421 0284 00       		.byte	0
 422 0285 10       		.uleb128 0x10
 423 0286 6D060000 		.4byte	.LASF56
 424 028a 08       		.byte	0x8
 425 028b 6A01     		.2byte	0x16a
 426 028d 9E000000 		.4byte	0x9e
 427 0291 04       		.byte	0x4
 428 0292 10       		.uleb128 0x10
 429 0293 34020000 		.4byte	.LASF57
 430 0297 08       		.byte	0x8
 431 0298 6C01     		.2byte	0x16c
 432 029a 81000000 		.4byte	0x81
 433 029e 08       		.byte	0x8
 434 029f 10       		.uleb128 0x10
 435 02a0 3D020000 		.4byte	.LASF58
 436 02a4 08       		.byte	0x8
 437 02a5 6D01     		.2byte	0x16d
 438 02a7 81000000 		.4byte	0x81
 439 02ab 09       		.byte	0x9
 440 02ac 10       		.uleb128 0x10
 441 02ad 85010000 		.4byte	.LASF59
 442 02b1 08       		.byte	0x8
 443 02b2 6E01     		.2byte	0x16e
 444 02b4 1B020000 		.4byte	0x21b
 445 02b8 0A       		.byte	0xa
 446 02b9 11       		.uleb128 0x11
 447 02ba 69647800 		.ascii	"idx\000"
 448 02be 08       		.byte	0x8
 449 02bf 7001     		.2byte	0x170
 450 02c1 8C000000 		.4byte	0x8c
ARM GAS  C:\Users\Coal\AppData\Local\Temp\ccDneRus.s 			page 12


 451 02c5 0C       		.byte	0xc
 452 02c6 10       		.uleb128 0x10
 453 02c7 E0090000 		.4byte	.LASF60
 454 02cb 08       		.byte	0x8
 455 02cc 7101     		.2byte	0x171
 456 02ce 8C000000 		.4byte	0x8c
 457 02d2 10       		.byte	0x10
 458 02d3 10       		.uleb128 0x10
 459 02d4 EA090000 		.4byte	.LASF61
 460 02d8 08       		.byte	0x8
 461 02d9 7201     		.2byte	0x172
 462 02db 8C000000 		.4byte	0x8c
 463 02df 14       		.byte	0x14
 464 02e0 10       		.uleb128 0x10
 465 02e1 A7060000 		.4byte	.LASF62
 466 02e5 08       		.byte	0x8
 467 02e6 7401     		.2byte	0x174
 468 02e8 E7000000 		.4byte	0xe7
 469 02ec 18       		.byte	0x18
 470 02ed 10       		.uleb128 0x10
 471 02ee 23030000 		.4byte	.LASF63
 472 02f2 08       		.byte	0x8
 473 02f3 7501     		.2byte	0x175
 474 02f5 FB010000 		.4byte	0x1fb
 475 02f9 1C       		.byte	0x1c
 476 02fa 10       		.uleb128 0x10
 477 02fb A8070000 		.4byte	.LASF64
 478 02ff 08       		.byte	0x8
 479 0300 7601     		.2byte	0x176
 480 0302 8C000000 		.4byte	0x8c
 481 0306 20       		.byte	0x20
 482 0307 10       		.uleb128 0x10
 483 0308 6C000000 		.4byte	.LASF65
 484 030c 08       		.byte	0x8
 485 030d 7801     		.2byte	0x178
 486 030f FB010000 		.4byte	0x1fb
 487 0313 24       		.byte	0x24
 488 0314 10       		.uleb128 0x10
 489 0315 4C010000 		.4byte	.LASF66
 490 0319 08       		.byte	0x8
 491 031a 7901     		.2byte	0x179
 492 031c 8C000000 		.4byte	0x8c
 493 0320 28       		.byte	0x28
 494 0321 10       		.uleb128 0x10
 495 0322 C6090000 		.4byte	.LASF67
 496 0326 08       		.byte	0x8
 497 0327 7A01     		.2byte	0x17a
 498 0329 8C000000 		.4byte	0x8c
 499 032d 2C       		.byte	0x2c
 500 032e 10       		.uleb128 0x10
 501 032f 57090000 		.4byte	.LASF68
 502 0333 08       		.byte	0x8
 503 0334 7C01     		.2byte	0x17c
 504 0336 FB010000 		.4byte	0x1fb
 505 033a 30       		.byte	0x30
 506 033b 10       		.uleb128 0x10
 507 033c B3060000 		.4byte	.LASF69
ARM GAS  C:\Users\Coal\AppData\Local\Temp\ccDneRus.s 			page 13


 508 0340 08       		.byte	0x8
 509 0341 7D01     		.2byte	0x17d
 510 0343 8C000000 		.4byte	0x8c
 511 0347 34       		.byte	0x34
 512 0348 10       		.uleb128 0x10
 513 0349 E1050000 		.4byte	.LASF70
 514 034d 08       		.byte	0x8
 515 034e 7E01     		.2byte	0x17e
 516 0350 8C000000 		.4byte	0x8c
 517 0354 38       		.byte	0x38
 518 0355 00       		.byte	0
 519 0356 05       		.uleb128 0x5
 520 0357 5F020000 		.4byte	0x25f
 521 035b 06       		.uleb128 0x6
 522 035c 7C040000 		.4byte	.LASF71
 523 0360 08       		.byte	0x8
 524 0361 8001     		.2byte	0x180
 525 0363 6B020000 		.4byte	0x26b
 526 0367 06       		.uleb128 0x6
 527 0368 16020000 		.4byte	.LASF72
 528 036c 09       		.byte	0x9
 529 036d BF01     		.2byte	0x1bf
 530 036f EA010000 		.4byte	0x1ea
 531 0373 0F       		.uleb128 0xf
 532 0374 BE020000 		.4byte	.LASF73
 533 0378 24       		.byte	0x24
 534 0379 09       		.byte	0x9
 535 037a 4102     		.2byte	0x241
 536 037c F6030000 		.4byte	0x3f6
 537 0380 10       		.uleb128 0x10
 538 0381 6D060000 		.4byte	.LASF56
 539 0385 09       		.byte	0x9
 540 0386 4402     		.2byte	0x244
 541 0388 9E000000 		.4byte	0x9e
 542 038c 00       		.byte	0
 543 038d 10       		.uleb128 0x10
 544 038e 09090000 		.4byte	.LASF74
 545 0392 09       		.byte	0x9
 546 0393 4602     		.2byte	0x246
 547 0395 E5000000 		.4byte	0xe5
 548 0399 04       		.byte	0x4
 549 039a 10       		.uleb128 0x10
 550 039b 36000000 		.4byte	.LASF75
 551 039f 09       		.byte	0x9
 552 03a0 4702     		.2byte	0x247
 553 03a2 8C000000 		.4byte	0x8c
 554 03a6 08       		.byte	0x8
 555 03a7 10       		.uleb128 0x10
 556 03a8 2A030000 		.4byte	.LASF76
 557 03ac 09       		.byte	0x9
 558 03ad 4802     		.2byte	0x248
 559 03af 9E000000 		.4byte	0x9e
 560 03b3 0C       		.byte	0xc
 561 03b4 10       		.uleb128 0x10
 562 03b5 55010000 		.4byte	.LASF77
 563 03b9 09       		.byte	0x9
 564 03ba 4A02     		.2byte	0x24a
ARM GAS  C:\Users\Coal\AppData\Local\Temp\ccDneRus.s 			page 14


 565 03bc E5000000 		.4byte	0xe5
 566 03c0 10       		.byte	0x10
 567 03c1 10       		.uleb128 0x10
 568 03c2 6B030000 		.4byte	.LASF78
 569 03c6 09       		.byte	0x9
 570 03c7 4B02     		.2byte	0x24b
 571 03c9 8C000000 		.4byte	0x8c
 572 03cd 14       		.byte	0x14
 573 03ce 10       		.uleb128 0x10
 574 03cf 120A0000 		.4byte	.LASF79
 575 03d3 09       		.byte	0x9
 576 03d4 4C02     		.2byte	0x24c
 577 03d6 9E000000 		.4byte	0x9e
 578 03da 18       		.byte	0x18
 579 03db 10       		.uleb128 0x10
 580 03dc 2B040000 		.4byte	.LASF80
 581 03e0 09       		.byte	0x9
 582 03e1 5202     		.2byte	0x252
 583 03e3 67030000 		.4byte	0x367
 584 03e7 1C       		.byte	0x1c
 585 03e8 10       		.uleb128 0x10
 586 03e9 01090000 		.4byte	.LASF81
 587 03ed 09       		.byte	0x9
 588 03ee 5502     		.2byte	0x255
 589 03f0 8C000000 		.4byte	0x8c
 590 03f4 20       		.byte	0x20
 591 03f5 00       		.byte	0
 592 03f6 06       		.uleb128 0x6
 593 03f7 EB060000 		.4byte	.LASF82
 594 03fb 09       		.byte	0x9
 595 03fc 5802     		.2byte	0x258
 596 03fe 73030000 		.4byte	0x373
 597 0402 07       		.uleb128 0x7
 598 0403 04       		.byte	0x4
 599 0404 7A000000 		.4byte	0x7a
 600 0408 0A       		.byte	0xa
 601 0409 BF04     		.2byte	0x4bf
 602 040b 1B050000 		.4byte	0x51b
 603 040f 08       		.uleb128 0x8
 604 0410 EA030000 		.4byte	.LASF83
 605 0414 00       		.byte	0
 606 0415 12       		.uleb128 0x12
 607 0416 A9000000 		.4byte	.LASF84
 608 041a 01001400 		.4byte	0x140001
 609 041e 12       		.uleb128 0x12
 610 041f D0070000 		.4byte	.LASF85
 611 0423 01001600 		.4byte	0x160001
 612 0427 12       		.uleb128 0x12
 613 0428 46020000 		.4byte	.LASF86
 614 042c 02001600 		.4byte	0x160002
 615 0430 12       		.uleb128 0x12
 616 0431 91010000 		.4byte	.LASF87
 617 0435 03001600 		.4byte	0x160003
 618 0439 12       		.uleb128 0x12
 619 043a 9A020000 		.4byte	.LASF88
 620 043e 04001600 		.4byte	0x160004
 621 0442 12       		.uleb128 0x12
ARM GAS  C:\Users\Coal\AppData\Local\Temp\ccDneRus.s 			page 15


 622 0443 29060000 		.4byte	.LASF89
 623 0447 05001600 		.4byte	0x160005
 624 044b 12       		.uleb128 0x12
 625 044c 50030000 		.4byte	.LASF90
 626 0450 06001600 		.4byte	0x160006
 627 0454 12       		.uleb128 0x12
 628 0455 98090000 		.4byte	.LASF91
 629 0459 07001600 		.4byte	0x160007
 630 045d 12       		.uleb128 0x12
 631 045e F6000000 		.4byte	.LASF92
 632 0462 08001600 		.4byte	0x160008
 633 0466 12       		.uleb128 0x12
 634 0467 7B000000 		.4byte	.LASF93
 635 046b 09001600 		.4byte	0x160009
 636 046f 12       		.uleb128 0x12
 637 0470 6C080000 		.4byte	.LASF94
 638 0474 0A001600 		.4byte	0x16000a
 639 0478 12       		.uleb128 0x12
 640 0479 54080000 		.4byte	.LASF95
 641 047d 0B001600 		.4byte	0x16000b
 642 0481 12       		.uleb128 0x12
 643 0482 74020000 		.4byte	.LASF96
 644 0486 0C001600 		.4byte	0x16000c
 645 048a 12       		.uleb128 0x12
 646 048b 5B010000 		.4byte	.LASF97
 647 048f 0D001600 		.4byte	0x16000d
 648 0493 12       		.uleb128 0x12
 649 0494 E3010000 		.4byte	.LASF98
 650 0498 0E001600 		.4byte	0x16000e
 651 049c 12       		.uleb128 0x12
 652 049d BC060000 		.4byte	.LASF99
 653 04a1 0F001600 		.4byte	0x16000f
 654 04a5 12       		.uleb128 0x12
 655 04a6 75030000 		.4byte	.LASF100
 656 04aa 10001600 		.4byte	0x160010
 657 04ae 12       		.uleb128 0x12
 658 04af 95050000 		.4byte	.LASF101
 659 04b3 11001600 		.4byte	0x160011
 660 04b7 12       		.uleb128 0x12
 661 04b8 72090000 		.4byte	.LASF102
 662 04bc 12001600 		.4byte	0x160012
 663 04c0 12       		.uleb128 0x12
 664 04c1 74060000 		.4byte	.LASF103
 665 04c5 13001600 		.4byte	0x160013
 666 04c9 12       		.uleb128 0x12
 667 04ca 33030000 		.4byte	.LASF104
 668 04ce 14001600 		.4byte	0x160014
 669 04d2 12       		.uleb128 0x12
 670 04d3 BD080000 		.4byte	.LASF105
 671 04d7 15001600 		.4byte	0x160015
 672 04db 12       		.uleb128 0x12
 673 04dc CD000000 		.4byte	.LASF106
 674 04e0 16001600 		.4byte	0x160016
 675 04e4 12       		.uleb128 0x12
 676 04e5 11040000 		.4byte	.LASF107
 677 04e9 17001600 		.4byte	0x160017
 678 04ed 12       		.uleb128 0x12
ARM GAS  C:\Users\Coal\AppData\Local\Temp\ccDneRus.s 			page 16


 679 04ee 75050000 		.4byte	.LASF108
 680 04f2 18001600 		.4byte	0x160018
 681 04f6 12       		.uleb128 0x12
 682 04f7 1B0A0000 		.4byte	.LASF109
 683 04fb 19001600 		.4byte	0x160019
 684 04ff 12       		.uleb128 0x12
 685 0500 0C060000 		.4byte	.LASF110
 686 0504 FE001600 		.4byte	0x1600fe
 687 0508 12       		.uleb128 0x12
 688 0509 61040000 		.4byte	.LASF111
 689 050d FF001600 		.4byte	0x1600ff
 690 0511 12       		.uleb128 0x12
 691 0512 46090000 		.4byte	.LASF112
 692 0516 FFFF1600 		.4byte	0x16ffff
 693 051a 00       		.byte	0
 694 051b 13       		.uleb128 0x13
 695 051c 30050000 		.4byte	.LASF124
 696 0520 02       		.byte	0x2
 697 0521 53       		.byte	0x53
 698 0522 03       		.byte	0x3
 699 0523 14       		.uleb128 0x14
 700 0524 F4090000 		.4byte	.LASF125
 701 0528 01       		.byte	0x1
 702 0529 40       		.byte	0x40
 703 052a 73000000 		.4byte	0x73
 704 052e 00000000 		.4byte	.LFB519
 705 0532 34000000 		.4byte	.LFE519-.LFB519
 706 0536 01       		.uleb128 0x1
 707 0537 9C       		.byte	0x9c
 708 0538 AB050000 		.4byte	0x5ab
 709 053c 15       		.uleb128 0x15
 710 053d 1B050000 		.4byte	0x51b
 711 0541 02000000 		.4byte	.LBB4
 712 0545 02000000 		.4byte	.LBE4-.LBB4
 713 0549 01       		.byte	0x1
 714 054a 43       		.byte	0x43
 715 054b 16       		.uleb128 0x16
 716 054c 0A000000 		.4byte	.LVL0
 717 0550 D1050000 		.4byte	0x5d1
 718 0554 5E050000 		.4byte	0x55e
 719 0558 17       		.uleb128 0x17
 720 0559 01       		.uleb128 0x1
 721 055a 50       		.byte	0x50
 722 055b 01       		.uleb128 0x1
 723 055c 30       		.byte	0x30
 724 055d 00       		.byte	0
 725 055e 16       		.uleb128 0x16
 726 055f 14000000 		.4byte	.LVL1
 727 0563 DC050000 		.4byte	0x5dc
 728 0567 75050000 		.4byte	0x575
 729 056b 17       		.uleb128 0x17
 730 056c 01       		.uleb128 0x1
 731 056d 50       		.byte	0x50
 732 056e 05       		.uleb128 0x5
 733 056f 0C       		.byte	0xc
 734 0570 00000810 		.4byte	0x10080000
 735 0574 00       		.byte	0
ARM GAS  C:\Users\Coal\AppData\Local\Temp\ccDneRus.s 			page 17


 736 0575 16       		.uleb128 0x16
 737 0576 1E000000 		.4byte	.LVL2
 738 057a E8050000 		.4byte	0x5e8
 739 057e 92050000 		.4byte	0x592
 740 0582 17       		.uleb128 0x17
 741 0583 01       		.uleb128 0x1
 742 0584 50       		.byte	0x50
 743 0585 05       		.uleb128 0x5
 744 0586 03       		.byte	0x3
 745 0587 00000000 		.4byte	.LC0
 746 058b 17       		.uleb128 0x17
 747 058c 01       		.uleb128 0x1
 748 058d 51       		.byte	0x51
 749 058e 02       		.uleb128 0x2
 750 058f 08       		.byte	0x8
 751 0590 50       		.byte	0x50
 752 0591 00       		.byte	0
 753 0592 18       		.uleb128 0x18
 754 0593 22000000 		.4byte	.LVL3
 755 0597 F4050000 		.4byte	0x5f4
 756 059b 19       		.uleb128 0x19
 757 059c 28000000 		.4byte	.LVL4
 758 05a0 00060000 		.4byte	0x600
 759 05a4 17       		.uleb128 0x17
 760 05a5 01       		.uleb128 0x1
 761 05a6 50       		.byte	0x50
 762 05a7 01       		.uleb128 0x1
 763 05a8 30       		.byte	0x30
 764 05a9 00       		.byte	0
 765 05aa 00       		.byte	0
 766 05ab 1A       		.uleb128 0x1a
 767 05ac 31090000 		.4byte	.LASF113
 768 05b0 0B       		.byte	0xb
 769 05b1 5E       		.byte	0x5e
 770 05b2 F6030000 		.4byte	0x3f6
 771 05b6 1A       		.uleb128 0x1a
 772 05b7 03050000 		.4byte	.LASF114
 773 05bb 0C       		.byte	0xc
 774 05bc 1F       		.byte	0x1f
 775 05bd C1050000 		.4byte	0x5c1
 776 05c1 1B       		.uleb128 0x1b
 777 05c2 DF010000 		.4byte	0x1df
 778 05c6 1A       		.uleb128 0x1a
 779 05c7 5C090000 		.4byte	.LASF115
 780 05cb 0D       		.byte	0xd
 781 05cc 4B       		.byte	0x4b
 782 05cd 5B030000 		.4byte	0x35b
 783 05d1 1C       		.uleb128 0x1c
 784 05d2 09020000 		.4byte	.LASF116
 785 05d6 09020000 		.4byte	.LASF116
 786 05da 0E       		.byte	0xe
 787 05db 24       		.byte	0x24
 788 05dc 1D       		.uleb128 0x1d
 789 05dd 51040000 		.4byte	.LASF117
 790 05e1 51040000 		.4byte	.LASF117
 791 05e5 0F       		.byte	0xf
 792 05e6 FE01     		.2byte	0x1fe
ARM GAS  C:\Users\Coal\AppData\Local\Temp\ccDneRus.s 			page 18


 793 05e8 1D       		.uleb128 0x1d
 794 05e9 A6080000 		.4byte	.LASF118
 795 05ed A6080000 		.4byte	.LASF118
 796 05f1 05       		.byte	0x5
 797 05f2 2A03     		.2byte	0x32a
 798 05f4 1D       		.uleb128 0x1d
 799 05f5 21000000 		.4byte	.LASF119
 800 05f9 21000000 		.4byte	.LASF119
 801 05fd 0A       		.byte	0xa
 802 05fe B107     		.2byte	0x7b1
 803 0600 1D       		.uleb128 0x1d
 804 0601 5A060000 		.4byte	.LASF120
 805 0605 5A060000 		.4byte	.LASF120
 806 0609 07       		.byte	0x7
 807 060a F004     		.2byte	0x4f0
 808 060c 00       		.byte	0
 809              		.section	.debug_abbrev,"",%progbits
 810              	.Ldebug_abbrev0:
 811 0000 01       		.uleb128 0x1
 812 0001 11       		.uleb128 0x11
 813 0002 01       		.byte	0x1
 814 0003 25       		.uleb128 0x25
 815 0004 0E       		.uleb128 0xe
 816 0005 13       		.uleb128 0x13
 817 0006 0B       		.uleb128 0xb
 818 0007 03       		.uleb128 0x3
 819 0008 0E       		.uleb128 0xe
 820 0009 1B       		.uleb128 0x1b
 821 000a 0E       		.uleb128 0xe
 822 000b 55       		.uleb128 0x55
 823 000c 17       		.uleb128 0x17
 824 000d 11       		.uleb128 0x11
 825 000e 01       		.uleb128 0x1
 826 000f 10       		.uleb128 0x10
 827 0010 17       		.uleb128 0x17
 828 0011 00       		.byte	0
 829 0012 00       		.byte	0
 830 0013 02       		.uleb128 0x2
 831 0014 24       		.uleb128 0x24
 832 0015 00       		.byte	0
 833 0016 0B       		.uleb128 0xb
 834 0017 0B       		.uleb128 0xb
 835 0018 3E       		.uleb128 0x3e
 836 0019 0B       		.uleb128 0xb
 837 001a 03       		.uleb128 0x3
 838 001b 0E       		.uleb128 0xe
 839 001c 00       		.byte	0
 840 001d 00       		.byte	0
 841 001e 03       		.uleb128 0x3
 842 001f 16       		.uleb128 0x16
 843 0020 00       		.byte	0
 844 0021 03       		.uleb128 0x3
 845 0022 0E       		.uleb128 0xe
 846 0023 3A       		.uleb128 0x3a
 847 0024 0B       		.uleb128 0xb
 848 0025 3B       		.uleb128 0x3b
 849 0026 0B       		.uleb128 0xb
ARM GAS  C:\Users\Coal\AppData\Local\Temp\ccDneRus.s 			page 19


 850 0027 49       		.uleb128 0x49
 851 0028 13       		.uleb128 0x13
 852 0029 00       		.byte	0
 853 002a 00       		.byte	0
 854 002b 04       		.uleb128 0x4
 855 002c 24       		.uleb128 0x24
 856 002d 00       		.byte	0
 857 002e 0B       		.uleb128 0xb
 858 002f 0B       		.uleb128 0xb
 859 0030 3E       		.uleb128 0x3e
 860 0031 0B       		.uleb128 0xb
 861 0032 03       		.uleb128 0x3
 862 0033 08       		.uleb128 0x8
 863 0034 00       		.byte	0
 864 0035 00       		.byte	0
 865 0036 05       		.uleb128 0x5
 866 0037 35       		.uleb128 0x35
 867 0038 00       		.byte	0
 868 0039 49       		.uleb128 0x49
 869 003a 13       		.uleb128 0x13
 870 003b 00       		.byte	0
 871 003c 00       		.byte	0
 872 003d 06       		.uleb128 0x6
 873 003e 16       		.uleb128 0x16
 874 003f 00       		.byte	0
 875 0040 03       		.uleb128 0x3
 876 0041 0E       		.uleb128 0xe
 877 0042 3A       		.uleb128 0x3a
 878 0043 0B       		.uleb128 0xb
 879 0044 3B       		.uleb128 0x3b
 880 0045 05       		.uleb128 0x5
 881 0046 49       		.uleb128 0x49
 882 0047 13       		.uleb128 0x13
 883 0048 00       		.byte	0
 884 0049 00       		.byte	0
 885 004a 07       		.uleb128 0x7
 886 004b 04       		.uleb128 0x4
 887 004c 01       		.byte	0x1
 888 004d 0B       		.uleb128 0xb
 889 004e 0B       		.uleb128 0xb
 890 004f 49       		.uleb128 0x49
 891 0050 13       		.uleb128 0x13
 892 0051 3A       		.uleb128 0x3a
 893 0052 0B       		.uleb128 0xb
 894 0053 3B       		.uleb128 0x3b
 895 0054 05       		.uleb128 0x5
 896 0055 01       		.uleb128 0x1
 897 0056 13       		.uleb128 0x13
 898 0057 00       		.byte	0
 899 0058 00       		.byte	0
 900 0059 08       		.uleb128 0x8
 901 005a 28       		.uleb128 0x28
 902 005b 00       		.byte	0
 903 005c 03       		.uleb128 0x3
 904 005d 0E       		.uleb128 0xe
 905 005e 1C       		.uleb128 0x1c
 906 005f 0B       		.uleb128 0xb
ARM GAS  C:\Users\Coal\AppData\Local\Temp\ccDneRus.s 			page 20


 907 0060 00       		.byte	0
 908 0061 00       		.byte	0
 909 0062 09       		.uleb128 0x9
 910 0063 0F       		.uleb128 0xf
 911 0064 00       		.byte	0
 912 0065 0B       		.uleb128 0xb
 913 0066 0B       		.uleb128 0xb
 914 0067 00       		.byte	0
 915 0068 00       		.byte	0
 916 0069 0A       		.uleb128 0xa
 917 006a 13       		.uleb128 0x13
 918 006b 01       		.byte	0x1
 919 006c 03       		.uleb128 0x3
 920 006d 0E       		.uleb128 0xe
 921 006e 0B       		.uleb128 0xb
 922 006f 0B       		.uleb128 0xb
 923 0070 3A       		.uleb128 0x3a
 924 0071 0B       		.uleb128 0xb
 925 0072 3B       		.uleb128 0x3b
 926 0073 0B       		.uleb128 0xb
 927 0074 01       		.uleb128 0x1
 928 0075 13       		.uleb128 0x13
 929 0076 00       		.byte	0
 930 0077 00       		.byte	0
 931 0078 0B       		.uleb128 0xb
 932 0079 0D       		.uleb128 0xd
 933 007a 00       		.byte	0
 934 007b 03       		.uleb128 0x3
 935 007c 0E       		.uleb128 0xe
 936 007d 3A       		.uleb128 0x3a
 937 007e 0B       		.uleb128 0xb
 938 007f 3B       		.uleb128 0x3b
 939 0080 0B       		.uleb128 0xb
 940 0081 49       		.uleb128 0x49
 941 0082 13       		.uleb128 0x13
 942 0083 38       		.uleb128 0x38
 943 0084 0B       		.uleb128 0xb
 944 0085 00       		.byte	0
 945 0086 00       		.byte	0
 946 0087 0C       		.uleb128 0xc
 947 0088 0F       		.uleb128 0xf
 948 0089 00       		.byte	0
 949 008a 0B       		.uleb128 0xb
 950 008b 0B       		.uleb128 0xb
 951 008c 49       		.uleb128 0x49
 952 008d 13       		.uleb128 0x13
 953 008e 00       		.byte	0
 954 008f 00       		.byte	0
 955 0090 0D       		.uleb128 0xd
 956 0091 15       		.uleb128 0x15
 957 0092 01       		.byte	0x1
 958 0093 27       		.uleb128 0x27
 959 0094 19       		.uleb128 0x19
 960 0095 01       		.uleb128 0x1
 961 0096 13       		.uleb128 0x13
 962 0097 00       		.byte	0
 963 0098 00       		.byte	0
ARM GAS  C:\Users\Coal\AppData\Local\Temp\ccDneRus.s 			page 21


 964 0099 0E       		.uleb128 0xe
 965 009a 05       		.uleb128 0x5
 966 009b 00       		.byte	0
 967 009c 49       		.uleb128 0x49
 968 009d 13       		.uleb128 0x13
 969 009e 00       		.byte	0
 970 009f 00       		.byte	0
 971 00a0 0F       		.uleb128 0xf
 972 00a1 13       		.uleb128 0x13
 973 00a2 01       		.byte	0x1
 974 00a3 03       		.uleb128 0x3
 975 00a4 0E       		.uleb128 0xe
 976 00a5 0B       		.uleb128 0xb
 977 00a6 0B       		.uleb128 0xb
 978 00a7 3A       		.uleb128 0x3a
 979 00a8 0B       		.uleb128 0xb
 980 00a9 3B       		.uleb128 0x3b
 981 00aa 05       		.uleb128 0x5
 982 00ab 01       		.uleb128 0x1
 983 00ac 13       		.uleb128 0x13
 984 00ad 00       		.byte	0
 985 00ae 00       		.byte	0
 986 00af 10       		.uleb128 0x10
 987 00b0 0D       		.uleb128 0xd
 988 00b1 00       		.byte	0
 989 00b2 03       		.uleb128 0x3
 990 00b3 0E       		.uleb128 0xe
 991 00b4 3A       		.uleb128 0x3a
 992 00b5 0B       		.uleb128 0xb
 993 00b6 3B       		.uleb128 0x3b
 994 00b7 05       		.uleb128 0x5
 995 00b8 49       		.uleb128 0x49
 996 00b9 13       		.uleb128 0x13
 997 00ba 38       		.uleb128 0x38
 998 00bb 0B       		.uleb128 0xb
 999 00bc 00       		.byte	0
 1000 00bd 00       		.byte	0
 1001 00be 11       		.uleb128 0x11
 1002 00bf 0D       		.uleb128 0xd
 1003 00c0 00       		.byte	0
 1004 00c1 03       		.uleb128 0x3
 1005 00c2 08       		.uleb128 0x8
 1006 00c3 3A       		.uleb128 0x3a
 1007 00c4 0B       		.uleb128 0xb
 1008 00c5 3B       		.uleb128 0x3b
 1009 00c6 05       		.uleb128 0x5
 1010 00c7 49       		.uleb128 0x49
 1011 00c8 13       		.uleb128 0x13
 1012 00c9 38       		.uleb128 0x38
 1013 00ca 0B       		.uleb128 0xb
 1014 00cb 00       		.byte	0
 1015 00cc 00       		.byte	0
 1016 00cd 12       		.uleb128 0x12
 1017 00ce 28       		.uleb128 0x28
 1018 00cf 00       		.byte	0
 1019 00d0 03       		.uleb128 0x3
 1020 00d1 0E       		.uleb128 0xe
ARM GAS  C:\Users\Coal\AppData\Local\Temp\ccDneRus.s 			page 22


 1021 00d2 1C       		.uleb128 0x1c
 1022 00d3 06       		.uleb128 0x6
 1023 00d4 00       		.byte	0
 1024 00d5 00       		.byte	0
 1025 00d6 13       		.uleb128 0x13
 1026 00d7 2E       		.uleb128 0x2e
 1027 00d8 00       		.byte	0
 1028 00d9 03       		.uleb128 0x3
 1029 00da 0E       		.uleb128 0xe
 1030 00db 3A       		.uleb128 0x3a
 1031 00dc 0B       		.uleb128 0xb
 1032 00dd 3B       		.uleb128 0x3b
 1033 00de 0B       		.uleb128 0xb
 1034 00df 27       		.uleb128 0x27
 1035 00e0 19       		.uleb128 0x19
 1036 00e1 20       		.uleb128 0x20
 1037 00e2 0B       		.uleb128 0xb
 1038 00e3 00       		.byte	0
 1039 00e4 00       		.byte	0
 1040 00e5 14       		.uleb128 0x14
 1041 00e6 2E       		.uleb128 0x2e
 1042 00e7 01       		.byte	0x1
 1043 00e8 3F       		.uleb128 0x3f
 1044 00e9 19       		.uleb128 0x19
 1045 00ea 03       		.uleb128 0x3
 1046 00eb 0E       		.uleb128 0xe
 1047 00ec 3A       		.uleb128 0x3a
 1048 00ed 0B       		.uleb128 0xb
 1049 00ee 3B       		.uleb128 0x3b
 1050 00ef 0B       		.uleb128 0xb
 1051 00f0 27       		.uleb128 0x27
 1052 00f1 19       		.uleb128 0x19
 1053 00f2 49       		.uleb128 0x49
 1054 00f3 13       		.uleb128 0x13
 1055 00f4 8701     		.uleb128 0x87
 1056 00f6 19       		.uleb128 0x19
 1057 00f7 11       		.uleb128 0x11
 1058 00f8 01       		.uleb128 0x1
 1059 00f9 12       		.uleb128 0x12
 1060 00fa 06       		.uleb128 0x6
 1061 00fb 40       		.uleb128 0x40
 1062 00fc 18       		.uleb128 0x18
 1063 00fd 9742     		.uleb128 0x2117
 1064 00ff 19       		.uleb128 0x19
 1065 0100 01       		.uleb128 0x1
 1066 0101 13       		.uleb128 0x13
 1067 0102 00       		.byte	0
 1068 0103 00       		.byte	0
 1069 0104 15       		.uleb128 0x15
 1070 0105 1D       		.uleb128 0x1d
 1071 0106 00       		.byte	0
 1072 0107 31       		.uleb128 0x31
 1073 0108 13       		.uleb128 0x13
 1074 0109 11       		.uleb128 0x11
 1075 010a 01       		.uleb128 0x1
 1076 010b 12       		.uleb128 0x12
 1077 010c 06       		.uleb128 0x6
ARM GAS  C:\Users\Coal\AppData\Local\Temp\ccDneRus.s 			page 23


 1078 010d 58       		.uleb128 0x58
 1079 010e 0B       		.uleb128 0xb
 1080 010f 59       		.uleb128 0x59
 1081 0110 0B       		.uleb128 0xb
 1082 0111 00       		.byte	0
 1083 0112 00       		.byte	0
 1084 0113 16       		.uleb128 0x16
 1085 0114 898201   		.uleb128 0x4109
 1086 0117 01       		.byte	0x1
 1087 0118 11       		.uleb128 0x11
 1088 0119 01       		.uleb128 0x1
 1089 011a 31       		.uleb128 0x31
 1090 011b 13       		.uleb128 0x13
 1091 011c 01       		.uleb128 0x1
 1092 011d 13       		.uleb128 0x13
 1093 011e 00       		.byte	0
 1094 011f 00       		.byte	0
 1095 0120 17       		.uleb128 0x17
 1096 0121 8A8201   		.uleb128 0x410a
 1097 0124 00       		.byte	0
 1098 0125 02       		.uleb128 0x2
 1099 0126 18       		.uleb128 0x18
 1100 0127 9142     		.uleb128 0x2111
 1101 0129 18       		.uleb128 0x18
 1102 012a 00       		.byte	0
 1103 012b 00       		.byte	0
 1104 012c 18       		.uleb128 0x18
 1105 012d 898201   		.uleb128 0x4109
 1106 0130 00       		.byte	0
 1107 0131 11       		.uleb128 0x11
 1108 0132 01       		.uleb128 0x1
 1109 0133 31       		.uleb128 0x31
 1110 0134 13       		.uleb128 0x13
 1111 0135 00       		.byte	0
 1112 0136 00       		.byte	0
 1113 0137 19       		.uleb128 0x19
 1114 0138 898201   		.uleb128 0x4109
 1115 013b 01       		.byte	0x1
 1116 013c 11       		.uleb128 0x11
 1117 013d 01       		.uleb128 0x1
 1118 013e 31       		.uleb128 0x31
 1119 013f 13       		.uleb128 0x13
 1120 0140 00       		.byte	0
 1121 0141 00       		.byte	0
 1122 0142 1A       		.uleb128 0x1a
 1123 0143 34       		.uleb128 0x34
 1124 0144 00       		.byte	0
 1125 0145 03       		.uleb128 0x3
 1126 0146 0E       		.uleb128 0xe
 1127 0147 3A       		.uleb128 0x3a
 1128 0148 0B       		.uleb128 0xb
 1129 0149 3B       		.uleb128 0x3b
 1130 014a 0B       		.uleb128 0xb
 1131 014b 49       		.uleb128 0x49
 1132 014c 13       		.uleb128 0x13
 1133 014d 3F       		.uleb128 0x3f
 1134 014e 19       		.uleb128 0x19
ARM GAS  C:\Users\Coal\AppData\Local\Temp\ccDneRus.s 			page 24


 1135 014f 3C       		.uleb128 0x3c
 1136 0150 19       		.uleb128 0x19
 1137 0151 00       		.byte	0
 1138 0152 00       		.byte	0
 1139 0153 1B       		.uleb128 0x1b
 1140 0154 26       		.uleb128 0x26
 1141 0155 00       		.byte	0
 1142 0156 49       		.uleb128 0x49
 1143 0157 13       		.uleb128 0x13
 1144 0158 00       		.byte	0
 1145 0159 00       		.byte	0
 1146 015a 1C       		.uleb128 0x1c
 1147 015b 2E       		.uleb128 0x2e
 1148 015c 00       		.byte	0
 1149 015d 3F       		.uleb128 0x3f
 1150 015e 19       		.uleb128 0x19
 1151 015f 3C       		.uleb128 0x3c
 1152 0160 19       		.uleb128 0x19
 1153 0161 6E       		.uleb128 0x6e
 1154 0162 0E       		.uleb128 0xe
 1155 0163 03       		.uleb128 0x3
 1156 0164 0E       		.uleb128 0xe
 1157 0165 3A       		.uleb128 0x3a
 1158 0166 0B       		.uleb128 0xb
 1159 0167 3B       		.uleb128 0x3b
 1160 0168 0B       		.uleb128 0xb
 1161 0169 00       		.byte	0
 1162 016a 00       		.byte	0
 1163 016b 1D       		.uleb128 0x1d
 1164 016c 2E       		.uleb128 0x2e
 1165 016d 00       		.byte	0
 1166 016e 3F       		.uleb128 0x3f
 1167 016f 19       		.uleb128 0x19
 1168 0170 3C       		.uleb128 0x3c
 1169 0171 19       		.uleb128 0x19
 1170 0172 6E       		.uleb128 0x6e
 1171 0173 0E       		.uleb128 0xe
 1172 0174 03       		.uleb128 0x3
 1173 0175 0E       		.uleb128 0xe
 1174 0176 3A       		.uleb128 0x3a
 1175 0177 0B       		.uleb128 0xb
 1176 0178 3B       		.uleb128 0x3b
 1177 0179 05       		.uleb128 0x5
 1178 017a 00       		.byte	0
 1179 017b 00       		.byte	0
 1180 017c 00       		.byte	0
 1181              		.section	.debug_aranges,"",%progbits
 1182 0000 1C000000 		.4byte	0x1c
 1183 0004 0200     		.2byte	0x2
 1184 0006 00000000 		.4byte	.Ldebug_info0
 1185 000a 04       		.byte	0x4
 1186 000b 00       		.byte	0
 1187 000c 0000     		.2byte	0
 1188 000e 0000     		.2byte	0
 1189 0010 00000000 		.4byte	.LFB519
 1190 0014 34000000 		.4byte	.LFE519-.LFB519
 1191 0018 00000000 		.4byte	0
ARM GAS  C:\Users\Coal\AppData\Local\Temp\ccDneRus.s 			page 25


 1192 001c 00000000 		.4byte	0
 1193              		.section	.debug_ranges,"",%progbits
 1194              	.Ldebug_ranges0:
 1195 0000 00000000 		.4byte	.LFB519
 1196 0004 34000000 		.4byte	.LFE519
 1197 0008 00000000 		.4byte	0
 1198 000c 00000000 		.4byte	0
 1199              		.section	.debug_line,"",%progbits
 1200              	.Ldebug_line0:
 1201 0000 4C030000 		.section	.debug_str,"MS",%progbits,1
 1201      02001C03 
 1201      00000201 
 1201      FB0E0D00 
 1201      01010101 
 1202              	.LASF24:
 1203 0000 72756E4D 		.ascii	"runMode\000"
 1203      6F646500 
 1204              	.LASF54:
 1205 0008 63795F73 		.ascii	"cy_stc_scb_ezi2c_context\000"
 1205      74635F73 
 1205      63625F65 
 1205      7A693263 
 1205      5F636F6E 
 1206              	.LASF119:
 1207 0021 43795F42 		.ascii	"Cy_BLE_ProcessEvents\000"
 1207      4C455F50 
 1207      726F6365 
 1207      73734576 
 1207      656E7473 
 1208              	.LASF75:
 1209 0036 72784275 		.ascii	"rxBufSize\000"
 1209      6653697A 
 1209      6500
 1210              	.LASF44:
 1211 0040 63795F65 		.ascii	"cy_en_scb_ezi2c_sub_addr_size_t\000"
 1211      6E5F7363 
 1211      625F657A 
 1211      6932635F 
 1211      7375625F 
 1212              	.LASF122:
 1213 0060 6D61696E 		.ascii	"main_cm0p.c\000"
 1213      5F636D30 
 1213      702E6300 
 1214              	.LASF65:
 1215 006c 62756631 		.ascii	"buf1\000"
 1215      00
 1216              	.LASF5:
 1217 0071 5F5F7569 		.ascii	"__uint8_t\000"
 1217      6E74385F 
 1217      7400
 1218              	.LASF93:
 1219 007b 43595F42 		.ascii	"CY_BLE_ERROR_REPEATED_ATTEMPTS\000"
 1219      4C455F45 
 1219      52524F52 
 1219      5F524550 
 1219      45415445 
 1220              	.LASF25:
ARM GAS  C:\Users\Coal\AppData\Local\Temp\ccDneRus.s 			page 26


 1221 009a 636F756E 		.ascii	"countDirection\000"
 1221      74446972 
 1221      65637469 
 1221      6F6E00
 1222              	.LASF84:
 1223 00a9 43595F42 		.ascii	"CY_BLE_INFO_FLASH_WRITE_IN_PROGRESS\000"
 1223      4C455F49 
 1223      4E464F5F 
 1223      464C4153 
 1223      485F5752 
 1224              	.LASF106:
 1225 00cd 43595F42 		.ascii	"CY_BLE_ERROR_GATT_DB_INVALID_ATTR_HANDLE\000"
 1225      4C455F45 
 1225      52524F52 
 1225      5F474154 
 1225      545F4442 
 1226              	.LASF92:
 1227 00f6 43595F42 		.ascii	"CY_BLE_ERROR_DEVICE_ALREADY_EXISTS\000"
 1227      4C455F45 
 1227      52524F52 
 1227      5F444556 
 1227      4943455F 
 1228              	.LASF32:
 1229 0119 63617074 		.ascii	"captureInput\000"
 1229      75726549 
 1229      6E707574 
 1229      00
 1230              	.LASF9:
 1231 0126 6C6F6E67 		.ascii	"long long unsigned int\000"
 1231      206C6F6E 
 1231      6720756E 
 1231      7369676E 
 1231      65642069 
 1232              	.LASF23:
 1233 013d 636C6F63 		.ascii	"clockPrescaler\000"
 1233      6B507265 
 1233      7363616C 
 1233      657200
 1234              	.LASF66:
 1235 014c 62756631 		.ascii	"buf1Size\000"
 1235      53697A65 
 1235      00
 1236              	.LASF77:
 1237 0155 74784275 		.ascii	"txBuf\000"
 1237      6600
 1238              	.LASF97:
 1239 015b 43595F42 		.ascii	"CY_BLE_ERROR_L2CAP_PSM_ALREADY_REGISTERED\000"
 1239      4C455F45 
 1239      52524F52 
 1239      5F4C3243 
 1239      41505F50 
 1240              	.LASF59:
 1241 0185 73756241 		.ascii	"subAddrSize\000"
 1241      64647253 
 1241      697A6500 
 1242              	.LASF87:
 1243 0191 43595F42 		.ascii	"CY_BLE_ERROR_MEMORY_ALLOCATION_FAILED\000"
ARM GAS  C:\Users\Coal\AppData\Local\Temp\ccDneRus.s 			page 27


 1243      4C455F45 
 1243      52524F52 
 1243      5F4D454D 
 1243      4F52595F 
 1244              	.LASF8:
 1245 01b7 6C6F6E67 		.ascii	"long long int\000"
 1245      206C6F6E 
 1245      6720696E 
 1245      7400
 1246              	.LASF41:
 1247 01c5 63795F73 		.ascii	"cy_stc_tcpwm_counter_config_t\000"
 1247      74635F74 
 1247      6370776D 
 1247      5F636F75 
 1247      6E746572 
 1248              	.LASF98:
 1249 01e3 43595F42 		.ascii	"CY_BLE_ERROR_L2CAP_PSM_NOT_REGISTERED\000"
 1249      4C455F45 
 1249      52524F52 
 1249      5F4C3243 
 1249      41505F50 
 1250              	.LASF116:
 1251 0209 43795F42 		.ascii	"Cy_BLE_Start\000"
 1251      4C455F53 
 1251      74617274 
 1251      00
 1252              	.LASF72:
 1253 0216 63795F63 		.ascii	"cy_cb_scb_spi_handle_events_t\000"
 1253      625F7363 
 1253      625F7370 
 1253      695F6861 
 1253      6E646C65 
 1254              	.LASF57:
 1255 0234 61646472 		.ascii	"address1\000"
 1255      65737331 
 1255      00
 1256              	.LASF58:
 1257 023d 61646472 		.ascii	"address2\000"
 1257      65737332 
 1257      00
 1258              	.LASF86:
 1259 0246 43595F42 		.ascii	"CY_BLE_ERROR_INVALID_OPERATION\000"
 1259      4C455F45 
 1259      52524F52 
 1259      5F494E56 
 1259      414C4944 
 1260              	.LASF55:
 1261 0265 73746174 		.ascii	"state\000"
 1261      6500
 1262              	.LASF4:
 1263 026b 6C6F6E67 		.ascii	"long int\000"
 1263      20696E74 
 1263      00
 1264              	.LASF96:
 1265 0274 43595F42 		.ascii	"CY_BLE_ERROR_L2CAP_PSM_WRONG_ENCODING\000"
 1265      4C455F45 
 1265      52524F52 
ARM GAS  C:\Users\Coal\AppData\Local\Temp\ccDneRus.s 			page 28


 1265      5F4C3243 
 1265      41505F50 
 1266              	.LASF88:
 1267 029a 43595F42 		.ascii	"CY_BLE_ERROR_INSUFFICIENT_RESOURCES\000"
 1267      4C455F45 
 1267      52524F52 
 1267      5F494E53 
 1267      55464649 
 1268              	.LASF73:
 1269 02be 63795F73 		.ascii	"cy_stc_scb_spi_context\000"
 1269      74635F73 
 1269      63625F73 
 1269      70695F63 
 1269      6F6E7465 
 1270              	.LASF0:
 1271 02d5 73686F72 		.ascii	"short int\000"
 1271      7420696E 
 1271      7400
 1272              	.LASF18:
 1273 02df 646F7562 		.ascii	"double\000"
 1273      6C6500
 1274              	.LASF31:
 1275 02e6 63617074 		.ascii	"captureInputMode\000"
 1275      75726549 
 1275      6E707574 
 1275      4D6F6465 
 1275      00
 1276              	.LASF47:
 1277 02f7 43595F53 		.ascii	"CY_SCB_EZI2C_STATE_RX_OFFSET_MSB\000"
 1277      43425F45 
 1277      5A493243 
 1277      5F535441 
 1277      54455F52 
 1278              	.LASF6:
 1279 0318 5F5F7569 		.ascii	"__uint32_t\000"
 1279      6E743332 
 1279      5F7400
 1280              	.LASF63:
 1281 0323 63757242 		.ascii	"curBuf\000"
 1281      756600
 1282              	.LASF76:
 1283 032a 72784275 		.ascii	"rxBufIdx\000"
 1283      66496478 
 1283      00
 1284              	.LASF104:
 1285 0333 43595F42 		.ascii	"CY_BLE_ERROR_MIC_AUTH_FAILED\000"
 1285      4C455F45 
 1285      52524F52 
 1285      5F4D4943 
 1285      5F415554 
 1286              	.LASF90:
 1287 0350 43595F42 		.ascii	"CY_BLE_ERROR_NO_CONNECTION\000"
 1287      4C455F45 
 1287      52524F52 
 1287      5F4E4F5F 
 1287      434F4E4E 
 1288              	.LASF78:
ARM GAS  C:\Users\Coal\AppData\Local\Temp\ccDneRus.s 			page 29


 1289 036b 74784275 		.ascii	"txBufSize\000"
 1289      6653697A 
 1289      6500
 1290              	.LASF100:
 1291 0375 43595F42 		.ascii	"CY_BLE_ERROR_L2CAP_PSM_NOT_IN_RANGE\000"
 1291      4C455F45 
 1291      52524F52 
 1291      5F4C3243 
 1291      41505F50 
 1292              	.LASF10:
 1293 0399 756E7369 		.ascii	"unsigned int\000"
 1293      676E6564 
 1293      20696E74 
 1293      00
 1294              	.LASF15:
 1295 03a6 63686172 		.ascii	"char_t\000"
 1295      5F7400
 1296              	.LASF7:
 1297 03ad 6C6F6E67 		.ascii	"long unsigned int\000"
 1297      20756E73 
 1297      69676E65 
 1297      6420696E 
 1297      7400
 1298              	.LASF20:
 1299 03bf 43595F53 		.ascii	"CY_SYSPM_WAIT_FOR_EVENT\000"
 1299      5953504D 
 1299      5F574149 
 1299      545F464F 
 1299      525F4556 
 1300              	.LASF3:
 1301 03d7 73686F72 		.ascii	"short unsigned int\000"
 1301      7420756E 
 1301      7369676E 
 1301      65642069 
 1301      6E7400
 1302              	.LASF83:
 1303 03ea 43595F42 		.ascii	"CY_BLE_SUCCESS\000"
 1303      4C455F53 
 1303      55434345 
 1303      535300
 1304              	.LASF46:
 1305 03f9 43595F53 		.ascii	"CY_SCB_EZI2C_STATE_ADDR\000"
 1305      43425F45 
 1305      5A493243 
 1305      5F535441 
 1305      54455F41 
 1306              	.LASF107:
 1307 0411 43595F42 		.ascii	"CY_BLE_ERROR_NTF_DISABLED\000"
 1307      4C455F45 
 1307      52524F52 
 1307      5F4E5446 
 1307      5F444953 
 1308              	.LASF80:
 1309 042b 63624576 		.ascii	"cbEvents\000"
 1309      656E7473 
 1309      00
 1310              	.LASF43:
ARM GAS  C:\Users\Coal\AppData\Local\Temp\ccDneRus.s 			page 30


 1311 0434 43595F53 		.ascii	"CY_SCB_EZI2C_SUB_ADDR16_BITS\000"
 1311      43425F45 
 1311      5A493243 
 1311      5F535542 
 1311      5F414444 
 1312              	.LASF117:
 1313 0451 43795F53 		.ascii	"Cy_SysEnableCM4\000"
 1313      7973456E 
 1313      61626C65 
 1313      434D3400 
 1314              	.LASF111:
 1315 0461 43595F42 		.ascii	"CY_BLE_ERROR_INVALID_STATE\000"
 1315      4C455F45 
 1315      52524F52 
 1315      5F494E56 
 1315      414C4944 
 1316              	.LASF71:
 1317 047c 63795F73 		.ascii	"cy_stc_scb_ezi2c_context_t\000"
 1317      74635F73 
 1317      63625F65 
 1317      7A693263 
 1317      5F636F6E 
 1318              	.LASF48:
 1319 0497 43595F53 		.ascii	"CY_SCB_EZI2C_STATE_RX_OFFSET_LSB\000"
 1319      43425F45 
 1319      5A493243 
 1319      5F535441 
 1319      54455F52 
 1320              	.LASF39:
 1321 04b8 636F756E 		.ascii	"countInputMode\000"
 1321      74496E70 
 1321      75744D6F 
 1321      646500
 1322              	.LASF36:
 1323 04c7 73746172 		.ascii	"startInput\000"
 1323      74496E70 
 1323      757400
 1324              	.LASF53:
 1325 04d2 63795F73 		.ascii	"cy_stc_tcpwm_counter_config\000"
 1325      74635F74 
 1325      6370776D 
 1325      5F636F75 
 1325      6E746572 
 1326              	.LASF13:
 1327 04ee 73697A65 		.ascii	"sizetype\000"
 1327      74797065 
 1327      00
 1328              	.LASF14:
 1329 04f7 6C6F6E67 		.ascii	"long double\000"
 1329      20646F75 
 1329      626C6500 
 1330              	.LASF114:
 1331 0503 43595F45 		.ascii	"CY_EINK_Timer_config\000"
 1331      494E4B5F 
 1331      54696D65 
 1331      725F636F 
 1331      6E666967 
ARM GAS  C:\Users\Coal\AppData\Local\Temp\ccDneRus.s 			page 31


 1332              	.LASF45:
 1333 0518 43595F53 		.ascii	"CY_SCB_EZI2C_STATE_IDLE\000"
 1333      43425F45 
 1333      5A493243 
 1333      5F535441 
 1333      54455F49 
 1334              	.LASF124:
 1335 0530 5F5F656E 		.ascii	"__enable_irq\000"
 1335      61626C65 
 1335      5F697271 
 1335      00
 1336              	.LASF49:
 1337 053d 43595F53 		.ascii	"CY_SCB_EZI2C_STATE_RX_DATA0\000"
 1337      43425F45 
 1337      5A493243 
 1337      5F535441 
 1337      54455F52 
 1338              	.LASF50:
 1339 0559 43595F53 		.ascii	"CY_SCB_EZI2C_STATE_RX_DATA1\000"
 1339      43425F45 
 1339      5A493243 
 1339      5F535441 
 1339      54455F52 
 1340              	.LASF108:
 1341 0575 43595F42 		.ascii	"CY_BLE_ERROR_IND_DISABLED\000"
 1341      4C455F45 
 1341      52524F52 
 1341      5F494E44 
 1341      5F444953 
 1342              	.LASF17:
 1343 058f 666C6F61 		.ascii	"float\000"
 1343      7400
 1344              	.LASF101:
 1345 0595 43595F42 		.ascii	"CY_BLE_ERROR_UNSUPPORTED_FEATURE_OR_PARAMETER_VALUE"
 1345      4C455F45 
 1345      52524F52 
 1345      5F554E53 
 1345      5550504F 
 1346 05c8 00       		.ascii	"\000"
 1347              	.LASF52:
 1348 05c9 63795F65 		.ascii	"cy_en_scb_ezi2c_state_t\000"
 1348      6E5F7363 
 1348      625F657A 
 1348      6932635F 
 1348      73746174 
 1349              	.LASF70:
 1350 05e1 62756632 		.ascii	"buf2rwBondary\000"
 1350      7277426F 
 1350      6E646172 
 1350      7900
 1351              	.LASF35:
 1352 05ef 73746172 		.ascii	"startInputMode\000"
 1352      74496E70 
 1352      75744D6F 
 1352      646500
 1353              	.LASF1:
 1354 05fe 756E7369 		.ascii	"unsigned char\000"
ARM GAS  C:\Users\Coal\AppData\Local\Temp\ccDneRus.s 			page 32


 1354      676E6564 
 1354      20636861 
 1354      7200
 1355              	.LASF110:
 1356 060c 43595F42 		.ascii	"CY_BLE_ERROR_CONTROLLER_BUSY\000"
 1356      4C455F45 
 1356      52524F52 
 1356      5F434F4E 
 1356      54524F4C 
 1357              	.LASF89:
 1358 0629 43595F42 		.ascii	"CY_BLE_ERROR_OOB_NOT_AVAILABLE\000"
 1358      4C455F45 
 1358      52524F52 
 1358      5F4F4F42 
 1358      5F4E4F54 
 1359              	.LASF29:
 1360 0648 656E6162 		.ascii	"enableCompareSwap\000"
 1360      6C65436F 
 1360      6D706172 
 1360      65537761 
 1360      7000
 1361              	.LASF120:
 1362 065a 43795F53 		.ascii	"Cy_SysPm_DeepSleep\000"
 1362      7973506D 
 1362      5F446565 
 1362      70536C65 
 1362      657000
 1363              	.LASF56:
 1364 066d 73746174 		.ascii	"status\000"
 1364      757300
 1365              	.LASF103:
 1366 0674 43595F42 		.ascii	"CY_BLE_ERROR_FLASH_WRITE\000"
 1366      4C455F45 
 1366      52524F52 
 1366      5F464C41 
 1366      53485F57 
 1367              	.LASF26:
 1368 068d 636F6D70 		.ascii	"compareOrCapture\000"
 1368      6172654F 
 1368      72436170 
 1368      74757265 
 1368      00
 1369              	.LASF12:
 1370 069e 75696E74 		.ascii	"uint32_t\000"
 1370      33325F74 
 1370      00
 1371              	.LASF62:
 1372 06a7 61646472 		.ascii	"addr1Active\000"
 1372      31416374 
 1372      69766500 
 1373              	.LASF69:
 1374 06b3 62756632 		.ascii	"buf2Size\000"
 1374      53697A65 
 1374      00
 1375              	.LASF99:
 1376 06bc 43595F42 		.ascii	"CY_BLE_ERROR_L2CAP_CONNECTION_ENTITY_NOT_FOUND\000"
 1376      4C455F45 
ARM GAS  C:\Users\Coal\AppData\Local\Temp\ccDneRus.s 			page 33


 1376      52524F52 
 1376      5F4C3243 
 1376      41505F43 
 1377              	.LASF82:
 1378 06eb 63795F73 		.ascii	"cy_stc_scb_spi_context_t\000"
 1378      74635F73 
 1378      63625F73 
 1378      70695F63 
 1378      6F6E7465 
 1379              	.LASF121:
 1380 0704 474E5520 		.ascii	"GNU C11 5.4.1 20160609 (release) [ARM/embedded-5-br"
 1380      43313120 
 1380      352E342E 
 1380      31203230 
 1380      31363036 
 1381 0737 616E6368 		.ascii	"anch revision 237715] -mcpu=cortex-m0plus -mthumb -"
 1381      20726576 
 1381      6973696F 
 1381      6E203233 
 1381      37373135 
 1382 076a 67202D4F 		.ascii	"g -Og -ffunction-sections -ffat-lto-objects\000"
 1382      67202D66 
 1382      66756E63 
 1382      74696F6E 
 1382      2D736563 
 1383              	.LASF27:
 1384 0796 636F6D70 		.ascii	"compare0\000"
 1384      61726530 
 1384      00
 1385              	.LASF28:
 1386 079f 636F6D70 		.ascii	"compare1\000"
 1386      61726531 
 1386      00
 1387              	.LASF64:
 1388 07a8 62756653 		.ascii	"bufSize\000"
 1388      697A6500 
 1389              	.LASF16:
 1390 07b0 63686172 		.ascii	"char\000"
 1390      00
 1391              	.LASF51:
 1392 07b5 43595F53 		.ascii	"CY_SCB_EZI2C_STATE_TX_DATA\000"
 1392      43425F45 
 1392      5A493243 
 1392      5F535441 
 1392      54455F54 
 1393              	.LASF85:
 1394 07d0 43595F42 		.ascii	"CY_BLE_ERROR_INVALID_PARAMETER\000"
 1394      4C455F45 
 1394      52524F52 
 1394      5F494E56 
 1394      414C4944 
 1395              	.LASF123:
 1396 07ef 433A5C55 		.ascii	"C:\\Users\\Coal\\Downloads\\Telegram Desktop\\CAP\\"
 1396      73657273 
 1396      5C436F61 
 1396      6C5C446F 
 1396      776E6C6F 
ARM GAS  C:\Users\Coal\AppData\Local\Temp\ccDneRus.s 			page 34


 1397 081c 43453231 		.ascii	"CE218135_BLE_Proximity02\\CE218135_BLE_Proximity01."
 1397      38313335 
 1397      5F424C45 
 1397      5F50726F 
 1397      78696D69 
 1398 084e 63796473 		.ascii	"cydsn\000"
 1398      6E00
 1399              	.LASF95:
 1400 0854 43595F42 		.ascii	"CY_BLE_ERROR_SEC_FAILED\000"
 1400      4C455F45 
 1400      52524F52 
 1400      5F534543 
 1400      5F464149 
 1401              	.LASF94:
 1402 086c 43595F42 		.ascii	"CY_BLE_ERROR_GAP_ROLE\000"
 1402      4C455F45 
 1402      52524F52 
 1402      5F474150 
 1402      5F524F4C 
 1403              	.LASF22:
 1404 0882 70657269 		.ascii	"period\000"
 1404      6F6400
 1405              	.LASF30:
 1406 0889 696E7465 		.ascii	"interruptSources\000"
 1406      72727570 
 1406      74536F75 
 1406      72636573 
 1406      00
 1407              	.LASF34:
 1408 089a 72656C6F 		.ascii	"reloadInput\000"
 1408      6164496E 
 1408      70757400 
 1409              	.LASF118:
 1410 08a6 43795F53 		.ascii	"Cy_SysLib_AssertFailed\000"
 1410      79734C69 
 1410      625F4173 
 1410      73657274 
 1410      4661696C 
 1411              	.LASF105:
 1412 08bd 43595F42 		.ascii	"CY_BLE_ERROR_HARDWARE_FAILURE\000"
 1412      4C455F45 
 1412      52524F52 
 1412      5F484152 
 1412      44574152 
 1413              	.LASF38:
 1414 08db 73746F70 		.ascii	"stopInput\000"
 1414      496E7075 
 1414      7400
 1415              	.LASF19:
 1416 08e5 43595F53 		.ascii	"CY_SYSPM_WAIT_FOR_INTERRUPT\000"
 1416      5953504D 
 1416      5F574149 
 1416      545F464F 
 1416      525F494E 
 1417              	.LASF81:
 1418 0901 696E6974 		.ascii	"initKey\000"
 1418      4B657900 
ARM GAS  C:\Users\Coal\AppData\Local\Temp\ccDneRus.s 			page 35


 1419              	.LASF74:
 1420 0909 72784275 		.ascii	"rxBuf\000"
 1420      6600
 1421              	.LASF42:
 1422 090f 43595F53 		.ascii	"CY_SCB_EZI2C_SUB_ADDR8_BITS\000"
 1422      43425F45 
 1422      5A493243 
 1422      5F535542 
 1422      5F414444 
 1423              	.LASF21:
 1424 092b 5F426F6F 		.ascii	"_Bool\000"
 1424      6C00
 1425              	.LASF113:
 1426 0931 43595F45 		.ascii	"CY_EINK_SPIM_context\000"
 1426      494E4B5F 
 1426      5350494D 
 1426      5F636F6E 
 1426      74657874 
 1427              	.LASF112:
 1428 0946 43595F42 		.ascii	"CY_BLE_ERROR_MAX\000"
 1428      4C455F45 
 1428      52524F52 
 1428      5F4D4158 
 1428      00
 1429              	.LASF68:
 1430 0957 62756632 		.ascii	"buf2\000"
 1430      00
 1431              	.LASF115:
 1432 095c 455A4932 		.ascii	"EZI2C_context\000"
 1432      435F636F 
 1432      6E746578 
 1432      7400
 1433              	.LASF11:
 1434 096a 75696E74 		.ascii	"uint8_t\000"
 1434      385F7400 
 1435              	.LASF102:
 1436 0972 43595F42 		.ascii	"CY_BLE_ERROR_FLASH_WRITE_NOT_PERMITED\000"
 1436      4C455F45 
 1436      52524F52 
 1436      5F464C41 
 1436      53485F57 
 1437              	.LASF91:
 1438 0998 43595F42 		.ascii	"CY_BLE_ERROR_NO_DEVICE_ENTITY\000"
 1438      4C455F45 
 1438      52524F52 
 1438      5F4E4F5F 
 1438      44455649 
 1439              	.LASF33:
 1440 09b6 72656C6F 		.ascii	"reloadInputMode\000"
 1440      6164496E 
 1440      7075744D 
 1440      6F646500 
 1441              	.LASF67:
 1442 09c6 62756631 		.ascii	"buf1rwBondary\000"
 1442      7277426F 
 1442      6E646172 
 1442      7900
ARM GAS  C:\Users\Coal\AppData\Local\Temp\ccDneRus.s 			page 36


 1443              	.LASF2:
 1444 09d4 7369676E 		.ascii	"signed char\000"
 1444      65642063 
 1444      68617200 
 1445              	.LASF60:
 1446 09e0 62617365 		.ascii	"baseAddr1\000"
 1446      41646472 
 1446      3100
 1447              	.LASF61:
 1448 09ea 62617365 		.ascii	"baseAddr2\000"
 1448      41646472 
 1448      3200
 1449              	.LASF125:
 1450 09f4 6D61696E 		.ascii	"main\000"
 1450      00
 1451              	.LASF40:
 1452 09f9 636F756E 		.ascii	"countInput\000"
 1452      74496E70 
 1452      757400
 1453              	.LASF37:
 1454 0a04 73746F70 		.ascii	"stopInputMode\000"
 1454      496E7075 
 1454      744D6F64 
 1454      6500
 1455              	.LASF79:
 1456 0a12 74784275 		.ascii	"txBufIdx\000"
 1456      66496478 
 1456      00
 1457              	.LASF109:
 1458 0a1b 43595F42 		.ascii	"CY_BLE_ERROR_CHAR_IS_NOT_DISCOVERED\000"
 1458      4C455F45 
 1458      52524F52 
 1458      5F434841 
 1458      525F4953 
 1459              		.ident	"GCC: (GNU Tools for ARM Embedded Processors) 5.4.1 20160609 (release) [ARM/embedded-5-bran
