ARM GAS  C:\Users\Coal\AppData\Local\Temp\ccl5xWJN.s 			page 1


   1              		.syntax unified
   2              		.cpu cortex-m4
   3              		.eabi_attribute 27, 1
   4              		.fpu fpv4-sp-d16
   5              		.eabi_attribute 20, 1
   6              		.eabi_attribute 21, 1
   7              		.eabi_attribute 23, 3
   8              		.eabi_attribute 24, 1
   9              		.eabi_attribute 25, 1
  10              		.eabi_attribute 26, 1
  11              		.eabi_attribute 30, 1
  12              		.eabi_attribute 34, 1
  13              		.eabi_attribute 18, 4
  14              		.thumb
  15              		.syntax unified
  16              		.file	"cyfitter_sysint_cfg.c"
  17              		.text
  18              	.Ltext0:
  19              		.cfi_sections	.debug_frame
  20              		.global	CapSense_ISR_cfg
  21              		.global	CY_EINK_SPIM_SCB_IRQ_cfg
  22              		.global	EZI2C_SCB_IRQ_cfg
  23              		.global	isr_MCWDT_cfg
  24              		.global	isr_gpio_cfg
  25              		.section	.rodata
  26              		.align	2
  27              		.type	CapSense_ISR_cfg, %object
  28              		.size	CapSense_ISR_cfg, 8
  29              	CapSense_ISR_cfg:
  30 0000 3100     		.short	49
  31 0002 0000     		.space	2
  32 0004 07000000 		.word	7
  33              		.type	CY_EINK_SPIM_SCB_IRQ_cfg, %object
  34              		.size	CY_EINK_SPIM_SCB_IRQ_cfg, 8
  35              	CY_EINK_SPIM_SCB_IRQ_cfg:
  36 0008 2F00     		.short	47
  37 000a 0000     		.space	2
  38 000c 07000000 		.word	7
  39              		.type	EZI2C_SCB_IRQ_cfg, %object
  40              		.size	EZI2C_SCB_IRQ_cfg, 8
  41              	EZI2C_SCB_IRQ_cfg:
  42 0010 2C00     		.short	44
  43 0012 0000     		.space	2
  44 0014 07000000 		.word	7
  45              		.type	isr_MCWDT_cfg, %object
  46              		.size	isr_MCWDT_cfg, 8
  47              	isr_MCWDT_cfg:
  48 0018 1300     		.short	19
  49 001a 0000     		.space	2
  50 001c 05000000 		.word	5
  51              		.type	isr_gpio_cfg, %object
  52              		.size	isr_gpio_cfg, 8
  53              	isr_gpio_cfg:
  54 0020 0000     		.short	0
  55 0022 0000     		.space	2
  56 0024 04000000 		.word	4
  57              		.text
ARM GAS  C:\Users\Coal\AppData\Local\Temp\ccl5xWJN.s 			page 2


  58              	.Letext0:
  59              		.file 1 "Generated_Source\\PSoC6\\pdl\\devices/psoc6/psoc63/include/cy8c6347bzi_bld53.h"
  60              		.file 2 "c:\\program files (x86)\\cypress\\psoc creator\\4.2\\psoc creator\\import\\gnu\\arm\\5.4.
  61              		.file 3 "c:\\program files (x86)\\cypress\\psoc creator\\4.2\\psoc creator\\import\\gnu\\arm\\5.4.
  62              		.file 4 "Generated_Source\\PSoC6\\pdl\\drivers/peripheral/sysint/cy_sysint.h"
  63              		.file 5 "Generated_Source\\PSoC6\\pdl\\cmsis/include/core_cm4.h"
  64              		.file 6 "Generated_Source\\PSoC6\\cyfitter_sysint_cfg.c"
  65              		.section	.debug_info,"",%progbits
  66              	.Ldebug_info0:
  67 0000 12050000 		.4byte	0x512
  68 0004 0400     		.2byte	0x4
  69 0006 00000000 		.4byte	.Ldebug_abbrev0
  70 000a 04       		.byte	0x4
  71 000b 01       		.uleb128 0x1
  72 000c F9090000 		.4byte	.LASF186
  73 0010 0C       		.byte	0xc
  74 0011 220E0000 		.4byte	.LASF187
  75 0015 DA070000 		.4byte	.LASF188
  76 0019 00000000 		.4byte	.Ldebug_line0
  77 001d 02       		.uleb128 0x2
  78 001e 02       		.byte	0x2
  79 001f DE030000 		.4byte	0x3de
  80 0023 01       		.byte	0x1
  81 0024 24       		.byte	0x24
  82 0025 DE030000 		.4byte	0x3de
  83 0029 03       		.uleb128 0x3
  84 002a 54020000 		.4byte	.LASF0
  85 002e 71       		.sleb128 -15
  86 002f 03       		.uleb128 0x3
  87 0030 D70E0000 		.4byte	.LASF1
  88 0034 72       		.sleb128 -14
  89 0035 03       		.uleb128 0x3
  90 0036 410F0000 		.4byte	.LASF2
  91 003a 73       		.sleb128 -13
  92 003b 03       		.uleb128 0x3
  93 003c 1E0B0000 		.4byte	.LASF3
  94 0040 74       		.sleb128 -12
  95 0041 03       		.uleb128 0x3
  96 0042 02050000 		.4byte	.LASF4
  97 0046 75       		.sleb128 -11
  98 0047 03       		.uleb128 0x3
  99 0048 910D0000 		.4byte	.LASF5
 100 004c 76       		.sleb128 -10
 101 004d 03       		.uleb128 0x3
 102 004e A7060000 		.4byte	.LASF6
 103 0052 7B       		.sleb128 -5
 104 0053 03       		.uleb128 0x3
 105 0054 6C0F0000 		.4byte	.LASF7
 106 0058 7C       		.sleb128 -4
 107 0059 03       		.uleb128 0x3
 108 005a A00E0000 		.4byte	.LASF8
 109 005e 7E       		.sleb128 -2
 110 005f 03       		.uleb128 0x3
 111 0060 B0070000 		.4byte	.LASF9
 112 0064 7F       		.sleb128 -1
 113 0065 04       		.uleb128 0x4
 114 0066 CD010000 		.4byte	.LASF10
ARM GAS  C:\Users\Coal\AppData\Local\Temp\ccl5xWJN.s 			page 3


 115 006a 00       		.byte	0
 116 006b 04       		.uleb128 0x4
 117 006c 250F0000 		.4byte	.LASF11
 118 0070 01       		.byte	0x1
 119 0071 04       		.uleb128 0x4
 120 0072 28000000 		.4byte	.LASF12
 121 0076 02       		.byte	0x2
 122 0077 04       		.uleb128 0x4
 123 0078 6C0E0000 		.4byte	.LASF13
 124 007c 03       		.byte	0x3
 125 007d 04       		.uleb128 0x4
 126 007e 68100000 		.4byte	.LASF14
 127 0082 04       		.byte	0x4
 128 0083 04       		.uleb128 0x4
 129 0084 87050000 		.4byte	.LASF15
 130 0088 05       		.byte	0x5
 131 0089 04       		.uleb128 0x4
 132 008a 4D070000 		.4byte	.LASF16
 133 008e 06       		.byte	0x6
 134 008f 04       		.uleb128 0x4
 135 0090 C0090000 		.4byte	.LASF17
 136 0094 07       		.byte	0x7
 137 0095 04       		.uleb128 0x4
 138 0096 08120000 		.4byte	.LASF18
 139 009a 08       		.byte	0x8
 140 009b 04       		.uleb128 0x4
 141 009c 09020000 		.4byte	.LASF19
 142 00a0 09       		.byte	0x9
 143 00a1 04       		.uleb128 0x4
 144 00a2 560C0000 		.4byte	.LASF20
 145 00a6 0A       		.byte	0xa
 146 00a7 04       		.uleb128 0x4
 147 00a8 010B0000 		.4byte	.LASF21
 148 00ac 0B       		.byte	0xb
 149 00ad 04       		.uleb128 0x4
 150 00ae 95100000 		.4byte	.LASF22
 151 00b2 0C       		.byte	0xc
 152 00b3 04       		.uleb128 0x4
 153 00b4 D5050000 		.4byte	.LASF23
 154 00b8 0D       		.byte	0xd
 155 00b9 04       		.uleb128 0x4
 156 00ba 93070000 		.4byte	.LASF24
 157 00be 0E       		.byte	0xe
 158 00bf 04       		.uleb128 0x4
 159 00c0 35040000 		.4byte	.LASF25
 160 00c4 0F       		.byte	0xf
 161 00c5 04       		.uleb128 0x4
 162 00c6 02110000 		.4byte	.LASF26
 163 00ca 10       		.byte	0x10
 164 00cb 04       		.uleb128 0x4
 165 00cc 32030000 		.4byte	.LASF27
 166 00d0 11       		.byte	0x11
 167 00d1 04       		.uleb128 0x4
 168 00d2 87000000 		.4byte	.LASF28
 169 00d6 12       		.byte	0x12
 170 00d7 04       		.uleb128 0x4
 171 00d8 4E040000 		.4byte	.LASF29
ARM GAS  C:\Users\Coal\AppData\Local\Temp\ccl5xWJN.s 			page 4


 172 00dc 13       		.byte	0x13
 173 00dd 04       		.uleb128 0x4
 174 00de 3C060000 		.4byte	.LASF30
 175 00e2 14       		.byte	0x14
 176 00e3 04       		.uleb128 0x4
 177 00e4 51110000 		.4byte	.LASF31
 178 00e8 15       		.byte	0x15
 179 00e9 04       		.uleb128 0x4
 180 00ea 73000000 		.4byte	.LASF32
 181 00ee 16       		.byte	0x16
 182 00ef 04       		.uleb128 0x4
 183 00f0 3C050000 		.4byte	.LASF33
 184 00f4 17       		.byte	0x17
 185 00f5 04       		.uleb128 0x4
 186 00f6 CF000000 		.4byte	.LASF34
 187 00fa 18       		.byte	0x18
 188 00fb 04       		.uleb128 0x4
 189 00fc 910F0000 		.4byte	.LASF35
 190 0100 19       		.byte	0x19
 191 0101 04       		.uleb128 0x4
 192 0102 E0060000 		.4byte	.LASF36
 193 0106 1A       		.byte	0x1a
 194 0107 04       		.uleb128 0x4
 195 0108 30090000 		.4byte	.LASF37
 196 010c 1B       		.byte	0x1b
 197 010d 04       		.uleb128 0x4
 198 010e 1F0C0000 		.4byte	.LASF38
 199 0112 1C       		.byte	0x1c
 200 0113 04       		.uleb128 0x4
 201 0114 29010000 		.4byte	.LASF39
 202 0118 1D       		.byte	0x1d
 203 0119 04       		.uleb128 0x4
 204 011a 85030000 		.4byte	.LASF40
 205 011e 1E       		.byte	0x1e
 206 011f 04       		.uleb128 0x4
 207 0120 A3050000 		.4byte	.LASF41
 208 0124 1F       		.byte	0x1f
 209 0125 04       		.uleb128 0x4
 210 0126 A10D0000 		.4byte	.LASF42
 211 012a 20       		.byte	0x20
 212 012b 04       		.uleb128 0x4
 213 012c E20F0000 		.4byte	.LASF43
 214 0130 21       		.byte	0x21
 215 0131 04       		.uleb128 0x4
 216 0132 24120000 		.4byte	.LASF44
 217 0136 22       		.byte	0x22
 218 0137 04       		.uleb128 0x4
 219 0138 6C110000 		.4byte	.LASF45
 220 013c 23       		.byte	0x23
 221 013d 04       		.uleb128 0x4
 222 013e 45010000 		.4byte	.LASF46
 223 0142 24       		.byte	0x24
 224 0143 04       		.uleb128 0x4
 225 0144 BD030000 		.4byte	.LASF47
 226 0148 25       		.byte	0x25
 227 0149 04       		.uleb128 0x4
 228 014a 56120000 		.4byte	.LASF48
ARM GAS  C:\Users\Coal\AppData\Local\Temp\ccl5xWJN.s 			page 5


 229 014e 26       		.byte	0x26
 230 014f 04       		.uleb128 0x4
 231 0150 D90D0000 		.4byte	.LASF49
 232 0154 27       		.byte	0x27
 233 0155 04       		.uleb128 0x4
 234 0156 1A100000 		.4byte	.LASF50
 235 015a 28       		.byte	0x28
 236 015b 04       		.uleb128 0x4
 237 015c FA000000 		.4byte	.LASF51
 238 0160 29       		.byte	0x29
 239 0161 04       		.uleb128 0x4
 240 0162 10050000 		.4byte	.LASF52
 241 0166 2A       		.byte	0x2a
 242 0167 04       		.uleb128 0x4
 243 0168 55050000 		.4byte	.LASF53
 244 016c 2B       		.byte	0x2b
 245 016d 04       		.uleb128 0x4
 246 016e AC0E0000 		.4byte	.LASF54
 247 0172 2C       		.byte	0x2c
 248 0173 04       		.uleb128 0x4
 249 0174 AB090000 		.4byte	.LASF55
 250 0178 2D       		.byte	0x2d
 251 0179 04       		.uleb128 0x4
 252 017a 44000000 		.4byte	.LASF56
 253 017e 2E       		.byte	0x2e
 254 017f 04       		.uleb128 0x4
 255 0180 100F0000 		.4byte	.LASF57
 256 0184 2F       		.byte	0x2f
 257 0185 04       		.uleb128 0x4
 258 0186 C8040000 		.4byte	.LASF58
 259 018a 30       		.byte	0x30
 260 018b 04       		.uleb128 0x4
 261 018c 7E0F0000 		.4byte	.LASF59
 262 0190 31       		.byte	0x31
 263 0191 04       		.uleb128 0x4
 264 0192 E6100000 		.4byte	.LASF60
 265 0196 32       		.byte	0x32
 266 0197 04       		.uleb128 0x4
 267 0198 9C000000 		.4byte	.LASF61
 268 019c 33       		.byte	0x33
 269 019d 04       		.uleb128 0x4
 270 019e FF020000 		.4byte	.LASF62
 271 01a2 34       		.byte	0x34
 272 01a3 04       		.uleb128 0x4
 273 01a4 E50A0000 		.4byte	.LASF63
 274 01a8 35       		.byte	0x35
 275 01a9 04       		.uleb128 0x4
 276 01aa 19040000 		.4byte	.LASF64
 277 01ae 36       		.byte	0x36
 278 01af 04       		.uleb128 0x4
 279 01b0 500F0000 		.4byte	.LASF65
 280 01b4 37       		.byte	0x37
 281 01b5 04       		.uleb128 0x4
 282 01b6 8C040000 		.4byte	.LASF66
 283 01ba 38       		.byte	0x38
 284 01bb 04       		.uleb128 0x4
 285 01bc A5110000 		.4byte	.LASF67
ARM GAS  C:\Users\Coal\AppData\Local\Temp\ccl5xWJN.s 			page 6


 286 01c0 39       		.byte	0x39
 287 01c1 04       		.uleb128 0x4
 288 01c2 CD080000 		.4byte	.LASF68
 289 01c6 3A       		.byte	0x3a
 290 01c7 04       		.uleb128 0x4
 291 01c8 B60B0000 		.4byte	.LASF69
 292 01cc 3B       		.byte	0x3b
 293 01cd 04       		.uleb128 0x4
 294 01ce F9080000 		.4byte	.LASF70
 295 01d2 3C       		.byte	0x3c
 296 01d3 04       		.uleb128 0x4
 297 01d4 E80B0000 		.4byte	.LASF71
 298 01d8 3D       		.byte	0x3d
 299 01d9 04       		.uleb128 0x4
 300 01da 4F0E0000 		.4byte	.LASF72
 301 01de 3E       		.byte	0x3e
 302 01df 04       		.uleb128 0x4
 303 01e0 DC090000 		.4byte	.LASF73
 304 01e4 3F       		.byte	0x3f
 305 01e5 04       		.uleb128 0x4
 306 01e6 6A050000 		.4byte	.LASF74
 307 01ea 40       		.byte	0x40
 308 01eb 04       		.uleb128 0x4
 309 01ec 30070000 		.4byte	.LASF75
 310 01f0 41       		.byte	0x41
 311 01f1 04       		.uleb128 0x4
 312 01f2 830B0000 		.4byte	.LASF76
 313 01f6 42       		.byte	0x42
 314 01f7 04       		.uleb128 0x4
 315 01f8 BD0D0000 		.4byte	.LASF77
 316 01fc 43       		.byte	0x43
 317 01fd 04       		.uleb128 0x4
 318 01fe FE0F0000 		.4byte	.LASF78
 319 0202 44       		.byte	0x44
 320 0203 04       		.uleb128 0x4
 321 0204 DF0C0000 		.4byte	.LASF79
 322 0208 45       		.byte	0x45
 323 0209 04       		.uleb128 0x4
 324 020a FC060000 		.4byte	.LASF80
 325 020e 46       		.byte	0x46
 326 020f 04       		.uleb128 0x4
 327 0210 4C090000 		.4byte	.LASF81
 328 0214 47       		.byte	0x47
 329 0215 04       		.uleb128 0x4
 330 0216 89110000 		.4byte	.LASF82
 331 021a 48       		.byte	0x48
 332 021b 04       		.uleb128 0x4
 333 021c A1030000 		.4byte	.LASF83
 334 0220 49       		.byte	0x49
 335 0221 04       		.uleb128 0x4
 336 0222 DA030000 		.4byte	.LASF84
 337 0226 4A       		.byte	0x4a
 338 0227 04       		.uleb128 0x4
 339 0228 E3020000 		.4byte	.LASF85
 340 022c 4B       		.byte	0x4b
 341 022d 04       		.uleb128 0x4
 342 022e 34110000 		.4byte	.LASF86
ARM GAS  C:\Users\Coal\AppData\Local\Temp\ccl5xWJN.s 			page 7


 343 0232 4C       		.byte	0x4c
 344 0233 04       		.uleb128 0x4
 345 0234 150D0000 		.4byte	.LASF87
 346 0238 4D       		.byte	0x4d
 347 0239 04       		.uleb128 0x4
 348 023a C9100000 		.4byte	.LASF88
 349 023e 4E       		.byte	0x4e
 350 023f 04       		.uleb128 0x4
 351 0240 0D060000 		.4byte	.LASF89
 352 0244 4F       		.byte	0x4f
 353 0245 04       		.uleb128 0x4
 354 0246 BD070000 		.4byte	.LASF90
 355 024a 50       		.byte	0x50
 356 024b 04       		.uleb128 0x4
 357 024c AC0A0000 		.4byte	.LASF91
 358 0250 51       		.byte	0x51
 359 0251 04       		.uleb128 0x4
 360 0252 89060000 		.4byte	.LASF92
 361 0256 52       		.byte	0x52
 362 0257 04       		.uleb128 0x4
 363 0258 8F080000 		.4byte	.LASF93
 364 025c 53       		.byte	0x53
 365 025d 04       		.uleb128 0x4
 366 025e 93020000 		.4byte	.LASF94
 367 0262 54       		.byte	0x54
 368 0263 04       		.uleb128 0x4
 369 0264 18070000 		.4byte	.LASF95
 370 0268 55       		.byte	0x55
 371 0269 04       		.uleb128 0x4
 372 026a E8110000 		.4byte	.LASF96
 373 026e 56       		.byte	0x56
 374 026f 04       		.uleb128 0x4
 375 0270 E9010000 		.4byte	.LASF97
 376 0274 57       		.byte	0x57
 377 0275 04       		.uleb128 0x4
 378 0276 A40C0000 		.4byte	.LASF98
 379 027a 58       		.byte	0x58
 380 027b 04       		.uleb128 0x4
 381 027c A8040000 		.4byte	.LASF99
 382 0280 59       		.byte	0x59
 383 0281 04       		.uleb128 0x4
 384 0282 1A110000 		.4byte	.LASF100
 385 0286 5A       		.byte	0x5a
 386 0287 04       		.uleb128 0x4
 387 0288 58060000 		.4byte	.LASF101
 388 028c 5B       		.byte	0x5b
 389 028d 04       		.uleb128 0x4
 390 028e 5A080000 		.4byte	.LASF102
 391 0292 5C       		.byte	0x5c
 392 0293 04       		.uleb128 0x4
 393 0294 340B0000 		.4byte	.LASF103
 394 0298 5D       		.byte	0x5d
 395 0299 04       		.uleb128 0x4
 396 029a 59000000 		.4byte	.LASF104
 397 029e 5E       		.byte	0x5e
 398 029f 04       		.uleb128 0x4
 399 02a0 C9020000 		.4byte	.LASF105
ARM GAS  C:\Users\Coal\AppData\Local\Temp\ccl5xWJN.s 			page 8


 400 02a4 5F       		.byte	0x5f
 401 02a5 04       		.uleb128 0x4
 402 02a6 DD040000 		.4byte	.LASF106
 403 02aa 60       		.byte	0x60
 404 02ab 04       		.uleb128 0x4
 405 02ac FB0C0000 		.4byte	.LASF107
 406 02b0 61       		.byte	0x61
 407 02b1 04       		.uleb128 0x4
 408 02b2 48030000 		.4byte	.LASF108
 409 02b6 62       		.byte	0x62
 410 02b7 04       		.uleb128 0x4
 411 02b8 690B0000 		.4byte	.LASF109
 412 02bc 63       		.byte	0x63
 413 02bd 04       		.uleb128 0x4
 414 02be 770D0000 		.4byte	.LASF110
 415 02c2 64       		.byte	0x64
 416 02c3 04       		.uleb128 0x4
 417 02c4 C80F0000 		.4byte	.LASF111
 418 02c8 65       		.byte	0x65
 419 02c9 04       		.uleb128 0x4
 420 02ca CE110000 		.4byte	.LASF112
 421 02ce 66       		.byte	0x66
 422 02cf 04       		.uleb128 0x4
 423 02d0 C6060000 		.4byte	.LASF113
 424 02d4 67       		.byte	0x67
 425 02d5 04       		.uleb128 0x4
 426 02d6 16090000 		.4byte	.LASF114
 427 02da 68       		.byte	0x68
 428 02db 04       		.uleb128 0x4
 429 02dc 050C0000 		.4byte	.LASF115
 430 02e0 69       		.byte	0x69
 431 02e1 04       		.uleb128 0x4
 432 02e2 0F010000 		.4byte	.LASF116
 433 02e6 6A       		.byte	0x6a
 434 02e7 04       		.uleb128 0x4
 435 02e8 6B030000 		.4byte	.LASF117
 436 02ec 6B       		.byte	0x6b
 437 02ed 04       		.uleb128 0x4
 438 02ee A5010000 		.4byte	.LASF118
 439 02f2 6C       		.byte	0x6c
 440 02f3 04       		.uleb128 0x4
 441 02f4 FE030000 		.4byte	.LASF119
 442 02f8 6D       		.byte	0x6d
 443 02f9 04       		.uleb128 0x4
 444 02fa F2050000 		.4byte	.LASF120
 445 02fe 6E       		.byte	0x6e
 446 02ff 04       		.uleb128 0x4
 447 0300 74080000 		.4byte	.LASF121
 448 0304 6F       		.byte	0x6f
 449 0305 04       		.uleb128 0x4
 450 0306 4D100000 		.4byte	.LASF122
 451 030a 70       		.byte	0x70
 452 030b 04       		.uleb128 0x4
 453 030c 0D000000 		.4byte	.LASF123
 454 0310 71       		.byte	0x71
 455 0311 04       		.uleb128 0x4
 456 0312 5F020000 		.4byte	.LASF124
ARM GAS  C:\Users\Coal\AppData\Local\Temp\ccl5xWJN.s 			page 9


 457 0316 72       		.byte	0x72
 458 0317 04       		.uleb128 0x4
 459 0318 90090000 		.4byte	.LASF125
 460 031c 73       		.byte	0x73
 461 031d 04       		.uleb128 0x4
 462 031e C40C0000 		.4byte	.LASF126
 463 0322 74       		.byte	0x74
 464 0323 04       		.uleb128 0x4
 465 0324 F50E0000 		.4byte	.LASF127
 466 0328 75       		.byte	0x75
 467 0329 04       		.uleb128 0x4
 468 032a 4E0B0000 		.4byte	.LASF128
 469 032e 76       		.byte	0x76
 470 032f 04       		.uleb128 0x4
 471 0330 530D0000 		.4byte	.LASF129
 472 0334 77       		.byte	0x77
 473 0335 04       		.uleb128 0x4
 474 0336 AD0F0000 		.4byte	.LASF130
 475 033a 78       		.byte	0x78
 476 033b 04       		.uleb128 0x4
 477 033c 3F080000 		.4byte	.LASF131
 478 0340 79       		.byte	0x79
 479 0341 04       		.uleb128 0x4
 480 0342 62010000 		.4byte	.LASF132
 481 0346 7A       		.byte	0x7a
 482 0347 04       		.uleb128 0x4
 483 0348 E4000000 		.4byte	.LASF133
 484 034c 7B       		.byte	0x7b
 485 034d 04       		.uleb128 0x4
 486 034e BF050000 		.4byte	.LASF134
 487 0352 7C       		.byte	0x7c
 488 0353 04       		.uleb128 0x4
 489 0354 7D070000 		.4byte	.LASF135
 490 0358 7D       		.byte	0x7d
 491 0359 04       		.uleb128 0x4
 492 035a 37100000 		.4byte	.LASF136
 493 035e 7E       		.byte	0x7e
 494 035f 04       		.uleb128 0x4
 495 0360 40120000 		.4byte	.LASF137
 496 0364 7F       		.byte	0x7f
 497 0365 04       		.uleb128 0x4
 498 0366 3E020000 		.4byte	.LASF138
 499 036a 80       		.byte	0x80
 500 036b 04       		.uleb128 0x4
 501 036c 68090000 		.4byte	.LASF139
 502 0370 81       		.byte	0x81
 503 0371 04       		.uleb128 0x4
 504 0372 730C0000 		.4byte	.LASF140
 505 0376 82       		.byte	0x82
 506 0377 04       		.uleb128 0x4
 507 0378 C10E0000 		.4byte	.LASF141
 508 037c 83       		.byte	0x83
 509 037d 04       		.uleb128 0x4
 510 037e B6080000 		.4byte	.LASF142
 511 0382 84       		.byte	0x84
 512 0383 04       		.uleb128 0x4
 513 0384 9F0B0000 		.4byte	.LASF143
ARM GAS  C:\Users\Coal\AppData\Local\Temp\ccl5xWJN.s 			page 10


 514 0388 85       		.byte	0x85
 515 0389 04       		.uleb128 0x4
 516 038a B8000000 		.4byte	.LASF144
 517 038e 86       		.byte	0x86
 518 038f 04       		.uleb128 0x4
 519 0390 1B030000 		.4byte	.LASF145
 520 0394 87       		.byte	0x87
 521 0395 04       		.uleb128 0x4
 522 0396 25050000 		.4byte	.LASF146
 523 039a 88       		.byte	0x88
 524 039b 04       		.uleb128 0x4
 525 039c 320D0000 		.4byte	.LASF147
 526 03a0 89       		.byte	0x89
 527 03a1 04       		.uleb128 0x4
 528 03a2 880E0000 		.4byte	.LASF148
 529 03a6 8A       		.byte	0x8a
 530 03a7 04       		.uleb128 0x4
 531 03a8 71040000 		.4byte	.LASF149
 532 03ac 8B       		.byte	0x8b
 533 03ad 04       		.uleb128 0x4
 534 03ae F60D0000 		.4byte	.LASF150
 535 03b2 8C       		.byte	0x8c
 536 03b3 04       		.uleb128 0x4
 537 03b4 B2100000 		.4byte	.LASF151
 538 03b8 8D       		.byte	0x8d
 539 03b9 04       		.uleb128 0x4
 540 03ba 69070000 		.4byte	.LASF152
 541 03be 8E       		.byte	0x8e
 542 03bf 04       		.uleb128 0x4
 543 03c0 C90A0000 		.4byte	.LASF153
 544 03c4 8F       		.byte	0x8f
 545 03c5 04       		.uleb128 0x4
 546 03c6 72060000 		.4byte	.LASF154
 547 03ca 90       		.byte	0x90
 548 03cb 04       		.uleb128 0x4
 549 03cc 8F010000 		.4byte	.LASF155
 550 03d0 91       		.byte	0x91
 551 03d1 04       		.uleb128 0x4
 552 03d2 25020000 		.4byte	.LASF156
 553 03d6 92       		.byte	0x92
 554 03d7 04       		.uleb128 0x4
 555 03d8 890C0000 		.4byte	.LASF157
 556 03dc F0       		.byte	0xf0
 557 03dd 00       		.byte	0
 558 03de 05       		.uleb128 0x5
 559 03df 02       		.byte	0x2
 560 03e0 05       		.byte	0x5
 561 03e1 9A0C0000 		.4byte	.LASF158
 562 03e5 06       		.uleb128 0x6
 563 03e6 490D0000 		.4byte	.LASF162
 564 03ea 01       		.byte	0x1
 565 03eb F4       		.byte	0xf4
 566 03ec 1D000000 		.4byte	0x1d
 567 03f0 05       		.uleb128 0x5
 568 03f1 01       		.byte	0x1
 569 03f2 06       		.byte	0x6
 570 03f3 BD020000 		.4byte	.LASF159
ARM GAS  C:\Users\Coal\AppData\Local\Temp\ccl5xWJN.s 			page 11


 571 03f7 05       		.uleb128 0x5
 572 03f8 01       		.byte	0x1
 573 03f9 08       		.byte	0x8
 574 03fa DA0B0000 		.4byte	.LASF160
 575 03fe 05       		.uleb128 0x5
 576 03ff 02       		.byte	0x2
 577 0400 07       		.byte	0x7
 578 0401 B3060000 		.4byte	.LASF161
 579 0405 06       		.uleb128 0x6
 580 0406 EB0E0000 		.4byte	.LASF163
 581 040a 02       		.byte	0x2
 582 040b 3F       		.byte	0x3f
 583 040c 10040000 		.4byte	0x410
 584 0410 05       		.uleb128 0x5
 585 0411 04       		.byte	0x4
 586 0412 05       		.byte	0x5
 587 0413 62030000 		.4byte	.LASF164
 588 0417 06       		.uleb128 0x6
 589 0418 F7040000 		.4byte	.LASF165
 590 041c 02       		.byte	0x2
 591 041d 41       		.byte	0x41
 592 041e 22040000 		.4byte	0x422
 593 0422 05       		.uleb128 0x5
 594 0423 04       		.byte	0x4
 595 0424 07       		.byte	0x7
 596 0425 2A060000 		.4byte	.LASF166
 597 0429 05       		.uleb128 0x5
 598 042a 08       		.byte	0x8
 599 042b 05       		.byte	0x5
 600 042c AF020000 		.4byte	.LASF167
 601 0430 05       		.uleb128 0x5
 602 0431 08       		.byte	0x8
 603 0432 07       		.byte	0x7
 604 0433 78010000 		.4byte	.LASF168
 605 0437 07       		.uleb128 0x7
 606 0438 04       		.byte	0x4
 607 0439 05       		.byte	0x5
 608 043a 696E7400 		.ascii	"int\000"
 609 043e 05       		.uleb128 0x5
 610 043f 04       		.byte	0x4
 611 0440 07       		.byte	0x7
 612 0441 C0010000 		.4byte	.LASF169
 613 0445 06       		.uleb128 0x6
 614 0446 D20B0000 		.4byte	.LASF170
 615 044a 03       		.byte	0x3
 616 044b 2C       		.byte	0x2c
 617 044c 05040000 		.4byte	0x405
 618 0450 06       		.uleb128 0x6
 619 0451 6E0D0000 		.4byte	.LASF171
 620 0455 03       		.byte	0x3
 621 0456 30       		.byte	0x30
 622 0457 17040000 		.4byte	0x417
 623 045b 05       		.uleb128 0x5
 624 045c 04       		.byte	0x4
 625 045d 07       		.byte	0x7
 626 045e AD080000 		.4byte	.LASF172
 627 0462 05       		.uleb128 0x5
ARM GAS  C:\Users\Coal\AppData\Local\Temp\ccl5xWJN.s 			page 12


 628 0463 08       		.byte	0x8
 629 0464 04       		.byte	0x4
 630 0465 110E0000 		.4byte	.LASF173
 631 0469 05       		.uleb128 0x5
 632 046a 01       		.byte	0x1
 633 046b 08       		.byte	0x8
 634 046c 1D0E0000 		.4byte	.LASF174
 635 0470 05       		.uleb128 0x5
 636 0471 04       		.byte	0x4
 637 0472 04       		.byte	0x4
 638 0473 DF0A0000 		.4byte	.LASF175
 639 0477 05       		.uleb128 0x5
 640 0478 08       		.byte	0x8
 641 0479 04       		.byte	0x4
 642 047a 6A040000 		.4byte	.LASF176
 643 047e 08       		.uleb128 0x8
 644 047f 08       		.byte	0x8
 645 0480 04       		.byte	0x4
 646 0481 EB       		.byte	0xeb
 647 0482 9F040000 		.4byte	0x49f
 648 0486 09       		.uleb128 0x9
 649 0487 F6030000 		.4byte	.LASF177
 650 048b 04       		.byte	0x4
 651 048c EC       		.byte	0xec
 652 048d E5030000 		.4byte	0x3e5
 653 0491 00       		.byte	0
 654 0492 09       		.uleb128 0x9
 655 0493 C1110000 		.4byte	.LASF178
 656 0497 04       		.byte	0x4
 657 0498 F0       		.byte	0xf0
 658 0499 50040000 		.4byte	0x450
 659 049d 04       		.byte	0x4
 660 049e 00       		.byte	0
 661 049f 06       		.uleb128 0x6
 662 04a0 E9080000 		.4byte	.LASF179
 663 04a4 04       		.byte	0x4
 664 04a5 F1       		.byte	0xf1
 665 04a6 7E040000 		.4byte	0x47e
 666 04aa 0A       		.uleb128 0xa
 667 04ab 3B0C0000 		.4byte	.LASF180
 668 04af 05       		.byte	0x5
 669 04b0 EA07     		.2byte	0x7ea
 670 04b2 B6040000 		.4byte	0x4b6
 671 04b6 0B       		.uleb128 0xb
 672 04b7 45040000 		.4byte	0x445
 673 04bb 0C       		.uleb128 0xc
 674 04bc 00000000 		.4byte	.LASF181
 675 04c0 06       		.byte	0x6
 676 04c1 18       		.byte	0x18
 677 04c2 CC040000 		.4byte	0x4cc
 678 04c6 05       		.uleb128 0x5
 679 04c7 03       		.byte	0x3
 680 04c8 00000000 		.4byte	isr_gpio_cfg
 681 04cc 0D       		.uleb128 0xd
 682 04cd 9F040000 		.4byte	0x49f
 683 04d1 0C       		.uleb128 0xc
 684 04d2 480C0000 		.4byte	.LASF182
ARM GAS  C:\Users\Coal\AppData\Local\Temp\ccl5xWJN.s 			page 13


 685 04d6 06       		.byte	0x6
 686 04d7 1E       		.byte	0x1e
 687 04d8 CC040000 		.4byte	0x4cc
 688 04dc 05       		.uleb128 0x5
 689 04dd 03       		.byte	0x3
 690 04de 00000000 		.4byte	isr_MCWDT_cfg
 691 04e2 0C       		.uleb128 0xc
 692 04e3 7E090000 		.4byte	.LASF183
 693 04e7 06       		.byte	0x6
 694 04e8 24       		.byte	0x24
 695 04e9 CC040000 		.4byte	0x4cc
 696 04ed 05       		.uleb128 0x5
 697 04ee 03       		.byte	0x3
 698 04ef 00000000 		.4byte	EZI2C_SCB_IRQ_cfg
 699 04f3 0C       		.uleb128 0xc
 700 04f4 7A020000 		.4byte	.LASF184
 701 04f8 06       		.byte	0x6
 702 04f9 2A       		.byte	0x2a
 703 04fa CC040000 		.4byte	0x4cc
 704 04fe 05       		.uleb128 0x5
 705 04ff 03       		.byte	0x3
 706 0500 00000000 		.4byte	CY_EINK_SPIM_SCB_IRQ_cfg
 707 0504 0C       		.uleb128 0xc
 708 0505 84100000 		.4byte	.LASF185
 709 0509 06       		.byte	0x6
 710 050a 30       		.byte	0x30
 711 050b CC040000 		.4byte	0x4cc
 712 050f 05       		.uleb128 0x5
 713 0510 03       		.byte	0x3
 714 0511 00000000 		.4byte	CapSense_ISR_cfg
 715 0515 00       		.byte	0
 716              		.section	.debug_abbrev,"",%progbits
 717              	.Ldebug_abbrev0:
 718 0000 01       		.uleb128 0x1
 719 0001 11       		.uleb128 0x11
 720 0002 01       		.byte	0x1
 721 0003 25       		.uleb128 0x25
 722 0004 0E       		.uleb128 0xe
 723 0005 13       		.uleb128 0x13
 724 0006 0B       		.uleb128 0xb
 725 0007 03       		.uleb128 0x3
 726 0008 0E       		.uleb128 0xe
 727 0009 1B       		.uleb128 0x1b
 728 000a 0E       		.uleb128 0xe
 729 000b 10       		.uleb128 0x10
 730 000c 17       		.uleb128 0x17
 731 000d 00       		.byte	0
 732 000e 00       		.byte	0
 733 000f 02       		.uleb128 0x2
 734 0010 04       		.uleb128 0x4
 735 0011 01       		.byte	0x1
 736 0012 0B       		.uleb128 0xb
 737 0013 0B       		.uleb128 0xb
 738 0014 49       		.uleb128 0x49
 739 0015 13       		.uleb128 0x13
 740 0016 3A       		.uleb128 0x3a
 741 0017 0B       		.uleb128 0xb
ARM GAS  C:\Users\Coal\AppData\Local\Temp\ccl5xWJN.s 			page 14


 742 0018 3B       		.uleb128 0x3b
 743 0019 0B       		.uleb128 0xb
 744 001a 01       		.uleb128 0x1
 745 001b 13       		.uleb128 0x13
 746 001c 00       		.byte	0
 747 001d 00       		.byte	0
 748 001e 03       		.uleb128 0x3
 749 001f 28       		.uleb128 0x28
 750 0020 00       		.byte	0
 751 0021 03       		.uleb128 0x3
 752 0022 0E       		.uleb128 0xe
 753 0023 1C       		.uleb128 0x1c
 754 0024 0D       		.uleb128 0xd
 755 0025 00       		.byte	0
 756 0026 00       		.byte	0
 757 0027 04       		.uleb128 0x4
 758 0028 28       		.uleb128 0x28
 759 0029 00       		.byte	0
 760 002a 03       		.uleb128 0x3
 761 002b 0E       		.uleb128 0xe
 762 002c 1C       		.uleb128 0x1c
 763 002d 0B       		.uleb128 0xb
 764 002e 00       		.byte	0
 765 002f 00       		.byte	0
 766 0030 05       		.uleb128 0x5
 767 0031 24       		.uleb128 0x24
 768 0032 00       		.byte	0
 769 0033 0B       		.uleb128 0xb
 770 0034 0B       		.uleb128 0xb
 771 0035 3E       		.uleb128 0x3e
 772 0036 0B       		.uleb128 0xb
 773 0037 03       		.uleb128 0x3
 774 0038 0E       		.uleb128 0xe
 775 0039 00       		.byte	0
 776 003a 00       		.byte	0
 777 003b 06       		.uleb128 0x6
 778 003c 16       		.uleb128 0x16
 779 003d 00       		.byte	0
 780 003e 03       		.uleb128 0x3
 781 003f 0E       		.uleb128 0xe
 782 0040 3A       		.uleb128 0x3a
 783 0041 0B       		.uleb128 0xb
 784 0042 3B       		.uleb128 0x3b
 785 0043 0B       		.uleb128 0xb
 786 0044 49       		.uleb128 0x49
 787 0045 13       		.uleb128 0x13
 788 0046 00       		.byte	0
 789 0047 00       		.byte	0
 790 0048 07       		.uleb128 0x7
 791 0049 24       		.uleb128 0x24
 792 004a 00       		.byte	0
 793 004b 0B       		.uleb128 0xb
 794 004c 0B       		.uleb128 0xb
 795 004d 3E       		.uleb128 0x3e
 796 004e 0B       		.uleb128 0xb
 797 004f 03       		.uleb128 0x3
 798 0050 08       		.uleb128 0x8
ARM GAS  C:\Users\Coal\AppData\Local\Temp\ccl5xWJN.s 			page 15


 799 0051 00       		.byte	0
 800 0052 00       		.byte	0
 801 0053 08       		.uleb128 0x8
 802 0054 13       		.uleb128 0x13
 803 0055 01       		.byte	0x1
 804 0056 0B       		.uleb128 0xb
 805 0057 0B       		.uleb128 0xb
 806 0058 3A       		.uleb128 0x3a
 807 0059 0B       		.uleb128 0xb
 808 005a 3B       		.uleb128 0x3b
 809 005b 0B       		.uleb128 0xb
 810 005c 01       		.uleb128 0x1
 811 005d 13       		.uleb128 0x13
 812 005e 00       		.byte	0
 813 005f 00       		.byte	0
 814 0060 09       		.uleb128 0x9
 815 0061 0D       		.uleb128 0xd
 816 0062 00       		.byte	0
 817 0063 03       		.uleb128 0x3
 818 0064 0E       		.uleb128 0xe
 819 0065 3A       		.uleb128 0x3a
 820 0066 0B       		.uleb128 0xb
 821 0067 3B       		.uleb128 0x3b
 822 0068 0B       		.uleb128 0xb
 823 0069 49       		.uleb128 0x49
 824 006a 13       		.uleb128 0x13
 825 006b 38       		.uleb128 0x38
 826 006c 0B       		.uleb128 0xb
 827 006d 00       		.byte	0
 828 006e 00       		.byte	0
 829 006f 0A       		.uleb128 0xa
 830 0070 34       		.uleb128 0x34
 831 0071 00       		.byte	0
 832 0072 03       		.uleb128 0x3
 833 0073 0E       		.uleb128 0xe
 834 0074 3A       		.uleb128 0x3a
 835 0075 0B       		.uleb128 0xb
 836 0076 3B       		.uleb128 0x3b
 837 0077 05       		.uleb128 0x5
 838 0078 49       		.uleb128 0x49
 839 0079 13       		.uleb128 0x13
 840 007a 3F       		.uleb128 0x3f
 841 007b 19       		.uleb128 0x19
 842 007c 3C       		.uleb128 0x3c
 843 007d 19       		.uleb128 0x19
 844 007e 00       		.byte	0
 845 007f 00       		.byte	0
 846 0080 0B       		.uleb128 0xb
 847 0081 35       		.uleb128 0x35
 848 0082 00       		.byte	0
 849 0083 49       		.uleb128 0x49
 850 0084 13       		.uleb128 0x13
 851 0085 00       		.byte	0
 852 0086 00       		.byte	0
 853 0087 0C       		.uleb128 0xc
 854 0088 34       		.uleb128 0x34
 855 0089 00       		.byte	0
ARM GAS  C:\Users\Coal\AppData\Local\Temp\ccl5xWJN.s 			page 16


 856 008a 03       		.uleb128 0x3
 857 008b 0E       		.uleb128 0xe
 858 008c 3A       		.uleb128 0x3a
 859 008d 0B       		.uleb128 0xb
 860 008e 3B       		.uleb128 0x3b
 861 008f 0B       		.uleb128 0xb
 862 0090 49       		.uleb128 0x49
 863 0091 13       		.uleb128 0x13
 864 0092 3F       		.uleb128 0x3f
 865 0093 19       		.uleb128 0x19
 866 0094 02       		.uleb128 0x2
 867 0095 18       		.uleb128 0x18
 868 0096 00       		.byte	0
 869 0097 00       		.byte	0
 870 0098 0D       		.uleb128 0xd
 871 0099 26       		.uleb128 0x26
 872 009a 00       		.byte	0
 873 009b 49       		.uleb128 0x49
 874 009c 13       		.uleb128 0x13
 875 009d 00       		.byte	0
 876 009e 00       		.byte	0
 877 009f 00       		.byte	0
 878              		.section	.debug_aranges,"",%progbits
 879 0000 14000000 		.4byte	0x14
 880 0004 0200     		.2byte	0x2
 881 0006 00000000 		.4byte	.Ldebug_info0
 882 000a 04       		.byte	0x4
 883 000b 00       		.byte	0
 884 000c 0000     		.2byte	0
 885 000e 0000     		.2byte	0
 886 0010 00000000 		.4byte	0
 887 0014 00000000 		.4byte	0
 888              		.section	.debug_line,"",%progbits
 889              	.Ldebug_line0:
 890 0000 10020000 		.section	.debug_str,"MS",%progbits,1
 890      02000A02 
 890      00000201 
 890      FB0E0D00 
 890      01010101 
 891              	.LASF181:
 892 0000 6973725F 		.ascii	"isr_gpio_cfg\000"
 892      6770696F 
 892      5F636667 
 892      00
 893              	.LASF123:
 894 000d 74637077 		.ascii	"tcpwm_1_interrupts_15_IRQn\000"
 894      6D5F315F 
 894      696E7465 
 894      72727570 
 894      74735F31 
 895              	.LASF12:
 896 0028 696F7373 		.ascii	"ioss_interrupts_gpio_2_IRQn\000"
 896      5F696E74 
 896      65727275 
 896      7074735F 
 896      6770696F 
 897              	.LASF56:
ARM GAS  C:\Users\Coal\AppData\Local\Temp\ccl5xWJN.s 			page 17


 898 0044 7363625F 		.ascii	"scb_5_interrupt_IRQn\000"
 898      355F696E 
 898      74657272 
 898      7570745F 
 898      4952516E 
 899              	.LASF104:
 900 0059 74637077 		.ascii	"tcpwm_0_interrupts_4_IRQn\000"
 900      6D5F305F 
 900      696E7465 
 900      72727570 
 900      74735F34 
 901              	.LASF32:
 902 0073 73727373 		.ascii	"srss_interrupt_IRQn\000"
 902      5F696E74 
 902      65727275 
 902      70745F49 
 902      52516E00 
 903              	.LASF28:
 904 0087 7363625F 		.ascii	"scb_8_interrupt_IRQn\000"
 904      385F696E 
 904      74657272 
 904      7570745F 
 904      4952516E 
 905              	.LASF61:
 906 009c 63707573 		.ascii	"cpuss_interrupts_dw0_1_IRQn\000"
 906      735F696E 
 906      74657272 
 906      75707473 
 906      5F647730 
 907              	.LASF144:
 908 00b8 7564625F 		.ascii	"udb_interrupts_12_IRQn\000"
 908      696E7465 
 908      72727570 
 908      74735F31 
 908      325F4952 
 909              	.LASF34:
 910 00cf 626C6573 		.ascii	"bless_interrupt_IRQn\000"
 910      735F696E 
 910      74657272 
 910      7570745F 
 910      4952516E 
 911              	.LASF133:
 912 00e4 7564625F 		.ascii	"udb_interrupts_1_IRQn\000"
 912      696E7465 
 912      72727570 
 912      74735F31 
 912      5F495251 
 913              	.LASF51:
 914 00fa 7363625F 		.ascii	"scb_0_interrupt_IRQn\000"
 914      305F696E 
 914      74657272 
 914      7570745F 
 914      4952516E 
 915              	.LASF116:
 916 010f 74637077 		.ascii	"tcpwm_1_interrupts_8_IRQn\000"
 916      6D5F315F 
 916      696E7465 
ARM GAS  C:\Users\Coal\AppData\Local\Temp\ccl5xWJN.s 			page 18


 916      72727570 
 916      74735F38 
 917              	.LASF39:
 918 0129 63707573 		.ascii	"cpuss_interrupts_ipc_4_IRQn\000"
 918      735F696E 
 918      74657272 
 918      75707473 
 918      5F697063 
 919              	.LASF46:
 920 0145 63707573 		.ascii	"cpuss_interrupts_ipc_11_IRQn\000"
 920      735F696E 
 920      74657272 
 920      75707473 
 920      5F697063 
 921              	.LASF132:
 922 0162 7564625F 		.ascii	"udb_interrupts_0_IRQn\000"
 922      696E7465 
 922      72727570 
 922      74735F30 
 922      5F495251 
 923              	.LASF168:
 924 0178 6C6F6E67 		.ascii	"long long unsigned int\000"
 924      206C6F6E 
 924      6720756E 
 924      7369676E 
 924      65642069 
 925              	.LASF155:
 926 018f 7573625F 		.ascii	"usb_interrupt_lo_IRQn\000"
 926      696E7465 
 926      72727570 
 926      745F6C6F 
 926      5F495251 
 927              	.LASF118:
 928 01a5 74637077 		.ascii	"tcpwm_1_interrupts_10_IRQn\000"
 928      6D5F315F 
 928      696E7465 
 928      72727570 
 928      74735F31 
 929              	.LASF169:
 930 01c0 756E7369 		.ascii	"unsigned int\000"
 930      676E6564 
 930      20696E74 
 930      00
 931              	.LASF10:
 932 01cd 696F7373 		.ascii	"ioss_interrupts_gpio_0_IRQn\000"
 932      5F696E74 
 932      65727275 
 932      7074735F 
 932      6770696F 
 933              	.LASF97:
 934 01e9 63707573 		.ascii	"cpuss_interrupts_cm0_cti_1_IRQn\000"
 934      735F696E 
 934      74657272 
 934      75707473 
 934      5F636D30 
 935              	.LASF19:
 936 0209 696F7373 		.ascii	"ioss_interrupts_gpio_9_IRQn\000"
ARM GAS  C:\Users\Coal\AppData\Local\Temp\ccl5xWJN.s 			page 19


 936      5F696E74 
 936      65727275 
 936      7074735F 
 936      6770696F 
 937              	.LASF156:
 938 0225 70617373 		.ascii	"pass_interrupt_dacs_IRQn\000"
 938      5F696E74 
 938      65727275 
 938      70745F64 
 938      6163735F 
 939              	.LASF138:
 940 023e 7564625F 		.ascii	"udb_interrupts_6_IRQn\000"
 940      696E7465 
 940      72727570 
 940      74735F36 
 940      5F495251 
 941              	.LASF0:
 942 0254 52657365 		.ascii	"Reset_IRQn\000"
 942      745F4952 
 942      516E00
 943              	.LASF124:
 944 025f 74637077 		.ascii	"tcpwm_1_interrupts_16_IRQn\000"
 944      6D5F315F 
 944      696E7465 
 944      72727570 
 944      74735F31 
 945              	.LASF184:
 946 027a 43595F45 		.ascii	"CY_EINK_SPIM_SCB_IRQ_cfg\000"
 946      494E4B5F 
 946      5350494D 
 946      5F534342 
 946      5F495251 
 947              	.LASF94:
 948 0293 63707573 		.ascii	"cpuss_interrupt_crypto_IRQn\000"
 948      735F696E 
 948      74657272 
 948      7570745F 
 948      63727970 
 949              	.LASF167:
 950 02af 6C6F6E67 		.ascii	"long long int\000"
 950      206C6F6E 
 950      6720696E 
 950      7400
 951              	.LASF159:
 952 02bd 7369676E 		.ascii	"signed char\000"
 952      65642063 
 952      68617200 
 953              	.LASF105:
 954 02c9 74637077 		.ascii	"tcpwm_0_interrupts_5_IRQn\000"
 954      6D5F305F 
 954      696E7465 
 954      72727570 
 954      74735F35 
 955              	.LASF85:
 956 02e3 63707573 		.ascii	"cpuss_interrupts_dw1_9_IRQn\000"
 956      735F696E 
 956      74657272 
ARM GAS  C:\Users\Coal\AppData\Local\Temp\ccl5xWJN.s 			page 20


 956      75707473 
 956      5F647731 
 957              	.LASF62:
 958 02ff 63707573 		.ascii	"cpuss_interrupts_dw0_2_IRQn\000"
 958      735F696E 
 958      74657272 
 958      75707473 
 958      5F647730 
 959              	.LASF145:
 960 031b 7564625F 		.ascii	"udb_interrupts_13_IRQn\000"
 960      696E7465 
 960      72727570 
 960      74735F31 
 960      335F4952 
 961              	.LASF27:
 962 0332 6C70636F 		.ascii	"lpcomp_interrupt_IRQn\000"
 962      6D705F69 
 962      6E746572 
 962      72757074 
 962      5F495251 
 963              	.LASF108:
 964 0348 74637077 		.ascii	"tcpwm_1_interrupts_0_IRQn\000"
 964      6D5F315F 
 964      696E7465 
 964      72727570 
 964      74735F30 
 965              	.LASF164:
 966 0362 6C6F6E67 		.ascii	"long int\000"
 966      20696E74 
 966      00
 967              	.LASF117:
 968 036b 74637077 		.ascii	"tcpwm_1_interrupts_9_IRQn\000"
 968      6D5F315F 
 968      696E7465 
 968      72727570 
 968      74735F39 
 969              	.LASF40:
 970 0385 63707573 		.ascii	"cpuss_interrupts_ipc_5_IRQn\000"
 970      735F696E 
 970      74657272 
 970      75707473 
 970      5F697063 
 971              	.LASF83:
 972 03a1 63707573 		.ascii	"cpuss_interrupts_dw1_7_IRQn\000"
 972      735F696E 
 972      74657272 
 972      75707473 
 972      5F647731 
 973              	.LASF47:
 974 03bd 63707573 		.ascii	"cpuss_interrupts_ipc_12_IRQn\000"
 974      735F696E 
 974      74657272 
 974      75707473 
 974      5F697063 
 975              	.LASF84:
 976 03da 63707573 		.ascii	"cpuss_interrupts_dw1_8_IRQn\000"
 976      735F696E 
ARM GAS  C:\Users\Coal\AppData\Local\Temp\ccl5xWJN.s 			page 21


 976      74657272 
 976      75707473 
 976      5F647731 
 977              	.LASF177:
 978 03f6 696E7472 		.ascii	"intrSrc\000"
 978      53726300 
 979              	.LASF119:
 980 03fe 74637077 		.ascii	"tcpwm_1_interrupts_11_IRQn\000"
 980      6D5F315F 
 980      696E7465 
 980      72727570 
 980      74735F31 
 981              	.LASF64:
 982 0419 63707573 		.ascii	"cpuss_interrupts_dw0_4_IRQn\000"
 982      735F696E 
 982      74657272 
 982      75707473 
 982      5F647730 
 983              	.LASF25:
 984 0435 696F7373 		.ascii	"ioss_interrupt_gpio_IRQn\000"
 984      5F696E74 
 984      65727275 
 984      70745F67 
 984      70696F5F 
 985              	.LASF29:
 986 044e 73727373 		.ascii	"srss_interrupt_mcwdt_0_IRQn\000"
 986      5F696E74 
 986      65727275 
 986      70745F6D 
 986      63776474 
 987              	.LASF176:
 988 046a 646F7562 		.ascii	"double\000"
 988      6C6500
 989              	.LASF149:
 990 0471 61756469 		.ascii	"audioss_interrupt_i2s_IRQn\000"
 990      6F73735F 
 990      696E7465 
 990      72727570 
 990      745F6932 
 991              	.LASF66:
 992 048c 63707573 		.ascii	"cpuss_interrupts_dw0_6_IRQn\000"
 992      735F696E 
 992      74657272 
 992      75707473 
 992      5F647730 
 993              	.LASF99:
 994 04a8 63707573 		.ascii	"cpuss_interrupts_cm4_cti_1_IRQn\000"
 994      735F696E 
 994      74657272 
 994      75707473 
 994      5F636D34 
 995              	.LASF58:
 996 04c8 7363625F 		.ascii	"scb_7_interrupt_IRQn\000"
 996      375F696E 
 996      74657272 
 996      7570745F 
 996      4952516E 
ARM GAS  C:\Users\Coal\AppData\Local\Temp\ccl5xWJN.s 			page 22


 997              	.LASF106:
 998 04dd 74637077 		.ascii	"tcpwm_0_interrupts_6_IRQn\000"
 998      6D5F305F 
 998      696E7465 
 998      72727570 
 998      74735F36 
 999              	.LASF165:
 1000 04f7 5F5F7569 		.ascii	"__uint32_t\000"
 1000      6E743332 
 1000      5F7400
 1001              	.LASF4:
 1002 0502 42757346 		.ascii	"BusFault_IRQn\000"
 1002      61756C74 
 1002      5F495251 
 1002      6E00
 1003              	.LASF52:
 1004 0510 7363625F 		.ascii	"scb_1_interrupt_IRQn\000"
 1004      315F696E 
 1004      74657272 
 1004      7570745F 
 1004      4952516E 
 1005              	.LASF146:
 1006 0525 7564625F 		.ascii	"udb_interrupts_14_IRQn\000"
 1006      696E7465 
 1006      72727570 
 1006      74735F31 
 1006      345F4952 
 1007              	.LASF33:
 1008 053c 70617373 		.ascii	"pass_interrupt_ctbs_IRQn\000"
 1008      5F696E74 
 1008      65727275 
 1008      70745F63 
 1008      7462735F 
 1009              	.LASF53:
 1010 0555 7363625F 		.ascii	"scb_2_interrupt_IRQn\000"
 1010      325F696E 
 1010      74657272 
 1010      7570745F 
 1010      4952516E 
 1011              	.LASF74:
 1012 056a 63707573 		.ascii	"cpuss_interrupts_dw0_14_IRQn\000"
 1012      735F696E 
 1012      74657272 
 1012      75707473 
 1012      5F647730 
 1013              	.LASF15:
 1014 0587 696F7373 		.ascii	"ioss_interrupts_gpio_5_IRQn\000"
 1014      5F696E74 
 1014      65727275 
 1014      7074735F 
 1014      6770696F 
 1015              	.LASF41:
 1016 05a3 63707573 		.ascii	"cpuss_interrupts_ipc_6_IRQn\000"
 1016      735F696E 
 1016      74657272 
 1016      75707473 
 1016      5F697063 
ARM GAS  C:\Users\Coal\AppData\Local\Temp\ccl5xWJN.s 			page 23


 1017              	.LASF134:
 1018 05bf 7564625F 		.ascii	"udb_interrupts_2_IRQn\000"
 1018      696E7465 
 1018      72727570 
 1018      74735F32 
 1018      5F495251 
 1019              	.LASF23:
 1020 05d5 696F7373 		.ascii	"ioss_interrupts_gpio_13_IRQn\000"
 1020      5F696E74 
 1020      65727275 
 1020      7074735F 
 1020      6770696F 
 1021              	.LASF120:
 1022 05f2 74637077 		.ascii	"tcpwm_1_interrupts_12_IRQn\000"
 1022      6D5F315F 
 1022      696E7465 
 1022      72727570 
 1022      74735F31 
 1023              	.LASF89:
 1024 060d 63707573 		.ascii	"cpuss_interrupts_dw1_13_IRQn\000"
 1024      735F696E 
 1024      74657272 
 1024      75707473 
 1024      5F647731 
 1025              	.LASF166:
 1026 062a 6C6F6E67 		.ascii	"long unsigned int\000"
 1026      20756E73 
 1026      69676E65 
 1026      6420696E 
 1026      7400
 1027              	.LASF30:
 1028 063c 73727373 		.ascii	"srss_interrupt_mcwdt_1_IRQn\000"
 1028      5F696E74 
 1028      65727275 
 1028      70745F6D 
 1028      63776474 
 1029              	.LASF101:
 1030 0658 74637077 		.ascii	"tcpwm_0_interrupts_1_IRQn\000"
 1030      6D5F305F 
 1030      696E7465 
 1030      72727570 
 1030      74735F31 
 1031              	.LASF154:
 1032 0672 7573625F 		.ascii	"usb_interrupt_med_IRQn\000"
 1032      696E7465 
 1032      72727570 
 1032      745F6D65 
 1032      645F4952 
 1033              	.LASF92:
 1034 0689 63707573 		.ascii	"cpuss_interrupts_fault_0_IRQn\000"
 1034      735F696E 
 1034      74657272 
 1034      75707473 
 1034      5F666175 
 1035              	.LASF6:
 1036 06a7 53564361 		.ascii	"SVCall_IRQn\000"
 1036      6C6C5F49 
ARM GAS  C:\Users\Coal\AppData\Local\Temp\ccl5xWJN.s 			page 24


 1036      52516E00 
 1037              	.LASF161:
 1038 06b3 73686F72 		.ascii	"short unsigned int\000"
 1038      7420756E 
 1038      7369676E 
 1038      65642069 
 1038      6E7400
 1039              	.LASF113:
 1040 06c6 74637077 		.ascii	"tcpwm_1_interrupts_5_IRQn\000"
 1040      6D5F315F 
 1040      696E7465 
 1040      72727570 
 1040      74735F35 
 1041              	.LASF36:
 1042 06e0 63707573 		.ascii	"cpuss_interrupts_ipc_1_IRQn\000"
 1042      735F696E 
 1042      74657272 
 1042      75707473 
 1042      5F697063 
 1043              	.LASF80:
 1044 06fc 63707573 		.ascii	"cpuss_interrupts_dw1_4_IRQn\000"
 1044      735F696E 
 1044      74657272 
 1044      75707473 
 1044      5F647731 
 1045              	.LASF95:
 1046 0718 63707573 		.ascii	"cpuss_interrupt_fm_IRQn\000"
 1046      735F696E 
 1046      74657272 
 1046      7570745F 
 1046      666D5F49 
 1047              	.LASF75:
 1048 0730 63707573 		.ascii	"cpuss_interrupts_dw0_15_IRQn\000"
 1048      735F696E 
 1048      74657272 
 1048      75707473 
 1048      5F647730 
 1049              	.LASF16:
 1050 074d 696F7373 		.ascii	"ioss_interrupts_gpio_6_IRQn\000"
 1050      5F696E74 
 1050      65727275 
 1050      7074735F 
 1050      6770696F 
 1051              	.LASF152:
 1052 0769 736D6966 		.ascii	"smif_interrupt_IRQn\000"
 1052      5F696E74 
 1052      65727275 
 1052      70745F49 
 1052      52516E00 
 1053              	.LASF135:
 1054 077d 7564625F 		.ascii	"udb_interrupts_3_IRQn\000"
 1054      696E7465 
 1054      72727570 
 1054      74735F33 
 1054      5F495251 
 1055              	.LASF24:
 1056 0793 696F7373 		.ascii	"ioss_interrupts_gpio_14_IRQn\000"
ARM GAS  C:\Users\Coal\AppData\Local\Temp\ccl5xWJN.s 			page 25


 1056      5F696E74 
 1056      65727275 
 1056      7074735F 
 1056      6770696F 
 1057              	.LASF9:
 1058 07b0 53797354 		.ascii	"SysTick_IRQn\000"
 1058      69636B5F 
 1058      4952516E 
 1058      00
 1059              	.LASF90:
 1060 07bd 63707573 		.ascii	"cpuss_interrupts_dw1_14_IRQn\000"
 1060      735F696E 
 1060      74657272 
 1060      75707473 
 1060      5F647731 
 1061              	.LASF188:
 1062 07da 433A5C55 		.ascii	"C:\\Users\\Coal\\Downloads\\Telegram Desktop\\CAP\\"
 1062      73657273 
 1062      5C436F61 
 1062      6C5C446F 
 1062      776E6C6F 
 1063 0807 43453231 		.ascii	"CE218135_BLE_Proximity02\\CE218135_BLE_Proximity01."
 1063      38313335 
 1063      5F424C45 
 1063      5F50726F 
 1063      78696D69 
 1064 0839 63796473 		.ascii	"cydsn\000"
 1064      6E00
 1065              	.LASF131:
 1066 083f 74637077 		.ascii	"tcpwm_1_interrupts_23_IRQn\000"
 1066      6D5F315F 
 1066      696E7465 
 1066      72727570 
 1066      74735F32 
 1067              	.LASF102:
 1068 085a 74637077 		.ascii	"tcpwm_0_interrupts_2_IRQn\000"
 1068      6D5F305F 
 1068      696E7465 
 1068      72727570 
 1068      74735F32 
 1069              	.LASF121:
 1070 0874 74637077 		.ascii	"tcpwm_1_interrupts_13_IRQn\000"
 1070      6D5F315F 
 1070      696E7465 
 1070      72727570 
 1070      74735F31 
 1071              	.LASF93:
 1072 088f 63707573 		.ascii	"cpuss_interrupts_fault_1_IRQn\000"
 1072      735F696E 
 1072      74657272 
 1072      75707473 
 1072      5F666175 
 1073              	.LASF172:
 1074 08ad 73697A65 		.ascii	"sizetype\000"
 1074      74797065 
 1074      00
 1075              	.LASF142:
ARM GAS  C:\Users\Coal\AppData\Local\Temp\ccl5xWJN.s 			page 26


 1076 08b6 7564625F 		.ascii	"udb_interrupts_10_IRQn\000"
 1076      696E7465 
 1076      72727570 
 1076      74735F31 
 1076      305F4952 
 1077              	.LASF68:
 1078 08cd 63707573 		.ascii	"cpuss_interrupts_dw0_8_IRQn\000"
 1078      735F696E 
 1078      74657272 
 1078      75707473 
 1078      5F647730 
 1079              	.LASF179:
 1080 08e9 63795F73 		.ascii	"cy_stc_sysint_t\000"
 1080      74635F73 
 1080      7973696E 
 1080      745F7400 
 1081              	.LASF70:
 1082 08f9 63707573 		.ascii	"cpuss_interrupts_dw0_10_IRQn\000"
 1082      735F696E 
 1082      74657272 
 1082      75707473 
 1082      5F647730 
 1083              	.LASF114:
 1084 0916 74637077 		.ascii	"tcpwm_1_interrupts_6_IRQn\000"
 1084      6D5F315F 
 1084      696E7465 
 1084      72727570 
 1084      74735F36 
 1085              	.LASF37:
 1086 0930 63707573 		.ascii	"cpuss_interrupts_ipc_2_IRQn\000"
 1086      735F696E 
 1086      74657272 
 1086      75707473 
 1086      5F697063 
 1087              	.LASF81:
 1088 094c 63707573 		.ascii	"cpuss_interrupts_dw1_5_IRQn\000"
 1088      735F696E 
 1088      74657272 
 1088      75707473 
 1088      5F647731 
 1089              	.LASF139:
 1090 0968 7564625F 		.ascii	"udb_interrupts_7_IRQn\000"
 1090      696E7465 
 1090      72727570 
 1090      74735F37 
 1090      5F495251 
 1091              	.LASF183:
 1092 097e 455A4932 		.ascii	"EZI2C_SCB_IRQ_cfg\000"
 1092      435F5343 
 1092      425F4952 
 1092      515F6366 
 1092      6700
 1093              	.LASF125:
 1094 0990 74637077 		.ascii	"tcpwm_1_interrupts_17_IRQn\000"
 1094      6D5F315F 
 1094      696E7465 
 1094      72727570 
ARM GAS  C:\Users\Coal\AppData\Local\Temp\ccl5xWJN.s 			page 27


 1094      74735F31 
 1095              	.LASF55:
 1096 09ab 7363625F 		.ascii	"scb_4_interrupt_IRQn\000"
 1096      345F696E 
 1096      74657272 
 1096      7570745F 
 1096      4952516E 
 1097              	.LASF17:
 1098 09c0 696F7373 		.ascii	"ioss_interrupts_gpio_7_IRQn\000"
 1098      5F696E74 
 1098      65727275 
 1098      7074735F 
 1098      6770696F 
 1099              	.LASF73:
 1100 09dc 63707573 		.ascii	"cpuss_interrupts_dw0_13_IRQn\000"
 1100      735F696E 
 1100      74657272 
 1100      75707473 
 1100      5F647730 
 1101              	.LASF186:
 1102 09f9 474E5520 		.ascii	"GNU C11 5.4.1 20160609 (release) [ARM/embedded-5-br"
 1102      43313120 
 1102      352E342E 
 1102      31203230 
 1102      31363036 
 1103 0a2c 616E6368 		.ascii	"anch revision 237715] -mcpu=cortex-m4 -mfloat-abi=s"
 1103      20726576 
 1103      6973696F 
 1103      6E203233 
 1103      37373135 
 1104 0a5f 6F667466 		.ascii	"oftfp -mfpu=fpv4-sp-d16 -mthumb -g -Og -ffunction-s"
 1104      70202D6D 
 1104      6670753D 
 1104      66707634 
 1104      2D73702D 
 1105 0a92 65637469 		.ascii	"ections -ffat-lto-objects\000"
 1105      6F6E7320 
 1105      2D666661 
 1105      742D6C74 
 1105      6F2D6F62 
 1106              	.LASF91:
 1107 0aac 63707573 		.ascii	"cpuss_interrupts_dw1_15_IRQn\000"
 1107      735F696E 
 1107      74657272 
 1107      75707473 
 1107      5F647731 
 1108              	.LASF153:
 1109 0ac9 7573625F 		.ascii	"usb_interrupt_hi_IRQn\000"
 1109      696E7465 
 1109      72727570 
 1109      745F6869 
 1109      5F495251 
 1110              	.LASF175:
 1111 0adf 666C6F61 		.ascii	"float\000"
 1111      7400
 1112              	.LASF63:
 1113 0ae5 63707573 		.ascii	"cpuss_interrupts_dw0_3_IRQn\000"
ARM GAS  C:\Users\Coal\AppData\Local\Temp\ccl5xWJN.s 			page 28


 1113      735F696E 
 1113      74657272 
 1113      75707473 
 1113      5F647730 
 1114              	.LASF21:
 1115 0b01 696F7373 		.ascii	"ioss_interrupts_gpio_11_IRQn\000"
 1115      5F696E74 
 1115      65727275 
 1115      7074735F 
 1115      6770696F 
 1116              	.LASF3:
 1117 0b1e 4D656D6F 		.ascii	"MemoryManagement_IRQn\000"
 1117      72794D61 
 1117      6E616765 
 1117      6D656E74 
 1117      5F495251 
 1118              	.LASF103:
 1119 0b34 74637077 		.ascii	"tcpwm_0_interrupts_3_IRQn\000"
 1119      6D5F305F 
 1119      696E7465 
 1119      72727570 
 1119      74735F33 
 1120              	.LASF128:
 1121 0b4e 74637077 		.ascii	"tcpwm_1_interrupts_20_IRQn\000"
 1121      6D5F315F 
 1121      696E7465 
 1121      72727570 
 1121      74735F32 
 1122              	.LASF109:
 1123 0b69 74637077 		.ascii	"tcpwm_1_interrupts_1_IRQn\000"
 1123      6D5F315F 
 1123      696E7465 
 1123      72727570 
 1123      74735F31 
 1124              	.LASF76:
 1125 0b83 63707573 		.ascii	"cpuss_interrupts_dw1_0_IRQn\000"
 1125      735F696E 
 1125      74657272 
 1125      75707473 
 1125      5F647731 
 1126              	.LASF143:
 1127 0b9f 7564625F 		.ascii	"udb_interrupts_11_IRQn\000"
 1127      696E7465 
 1127      72727570 
 1127      74735F31 
 1127      315F4952 
 1128              	.LASF69:
 1129 0bb6 63707573 		.ascii	"cpuss_interrupts_dw0_9_IRQn\000"
 1129      735F696E 
 1129      74657272 
 1129      75707473 
 1129      5F647730 
 1130              	.LASF170:
 1131 0bd2 696E7433 		.ascii	"int32_t\000"
 1131      325F7400 
 1132              	.LASF160:
 1133 0bda 756E7369 		.ascii	"unsigned char\000"
ARM GAS  C:\Users\Coal\AppData\Local\Temp\ccl5xWJN.s 			page 29


 1133      676E6564 
 1133      20636861 
 1133      7200
 1134              	.LASF71:
 1135 0be8 63707573 		.ascii	"cpuss_interrupts_dw0_11_IRQn\000"
 1135      735F696E 
 1135      74657272 
 1135      75707473 
 1135      5F647730 
 1136              	.LASF115:
 1137 0c05 74637077 		.ascii	"tcpwm_1_interrupts_7_IRQn\000"
 1137      6D5F315F 
 1137      696E7465 
 1137      72727570 
 1137      74735F37 
 1138              	.LASF38:
 1139 0c1f 63707573 		.ascii	"cpuss_interrupts_ipc_3_IRQn\000"
 1139      735F696E 
 1139      74657272 
 1139      75707473 
 1139      5F697063 
 1140              	.LASF180:
 1141 0c3b 49544D5F 		.ascii	"ITM_RxBuffer\000"
 1141      52784275 
 1141      66666572 
 1141      00
 1142              	.LASF182:
 1143 0c48 6973725F 		.ascii	"isr_MCWDT_cfg\000"
 1143      4D435744 
 1143      545F6366 
 1143      6700
 1144              	.LASF20:
 1145 0c56 696F7373 		.ascii	"ioss_interrupts_gpio_10_IRQn\000"
 1145      5F696E74 
 1145      65727275 
 1145      7074735F 
 1145      6770696F 
 1146              	.LASF140:
 1147 0c73 7564625F 		.ascii	"udb_interrupts_8_IRQn\000"
 1147      696E7465 
 1147      72727570 
 1147      74735F38 
 1147      5F495251 
 1148              	.LASF157:
 1149 0c89 756E636F 		.ascii	"unconnected_IRQn\000"
 1149      6E6E6563 
 1149      7465645F 
 1149      4952516E 
 1149      00
 1150              	.LASF158:
 1151 0c9a 73686F72 		.ascii	"short int\000"
 1151      7420696E 
 1151      7400
 1152              	.LASF98:
 1153 0ca4 63707573 		.ascii	"cpuss_interrupts_cm4_cti_0_IRQn\000"
 1153      735F696E 
 1153      74657272 
ARM GAS  C:\Users\Coal\AppData\Local\Temp\ccl5xWJN.s 			page 30


 1153      75707473 
 1153      5F636D34 
 1154              	.LASF126:
 1155 0cc4 74637077 		.ascii	"tcpwm_1_interrupts_18_IRQn\000"
 1155      6D5F315F 
 1155      696E7465 
 1155      72727570 
 1155      74735F31 
 1156              	.LASF79:
 1157 0cdf 63707573 		.ascii	"cpuss_interrupts_dw1_3_IRQn\000"
 1157      735F696E 
 1157      74657272 
 1157      75707473 
 1157      5F647731 
 1158              	.LASF107:
 1159 0cfb 74637077 		.ascii	"tcpwm_0_interrupts_7_IRQn\000"
 1159      6D5F305F 
 1159      696E7465 
 1159      72727570 
 1159      74735F37 
 1160              	.LASF87:
 1161 0d15 63707573 		.ascii	"cpuss_interrupts_dw1_11_IRQn\000"
 1161      735F696E 
 1161      74657272 
 1161      75707473 
 1161      5F647731 
 1162              	.LASF147:
 1163 0d32 7564625F 		.ascii	"udb_interrupts_15_IRQn\000"
 1163      696E7465 
 1163      72727570 
 1163      74735F31 
 1163      355F4952 
 1164              	.LASF162:
 1165 0d49 4952516E 		.ascii	"IRQn_Type\000"
 1165      5F547970 
 1165      6500
 1166              	.LASF129:
 1167 0d53 74637077 		.ascii	"tcpwm_1_interrupts_21_IRQn\000"
 1167      6D5F315F 
 1167      696E7465 
 1167      72727570 
 1167      74735F32 
 1168              	.LASF171:
 1169 0d6e 75696E74 		.ascii	"uint32_t\000"
 1169      33325F74 
 1169      00
 1170              	.LASF110:
 1171 0d77 74637077 		.ascii	"tcpwm_1_interrupts_2_IRQn\000"
 1171      6D5F315F 
 1171      696E7465 
 1171      72727570 
 1171      74735F32 
 1172              	.LASF5:
 1173 0d91 55736167 		.ascii	"UsageFault_IRQn\000"
 1173      65466175 
 1173      6C745F49 
 1173      52516E00 
ARM GAS  C:\Users\Coal\AppData\Local\Temp\ccl5xWJN.s 			page 31


 1174              	.LASF42:
 1175 0da1 63707573 		.ascii	"cpuss_interrupts_ipc_7_IRQn\000"
 1175      735F696E 
 1175      74657272 
 1175      75707473 
 1175      5F697063 
 1176              	.LASF77:
 1177 0dbd 63707573 		.ascii	"cpuss_interrupts_dw1_1_IRQn\000"
 1177      735F696E 
 1177      74657272 
 1177      75707473 
 1177      5F647731 
 1178              	.LASF49:
 1179 0dd9 63707573 		.ascii	"cpuss_interrupts_ipc_14_IRQn\000"
 1179      735F696E 
 1179      74657272 
 1179      75707473 
 1179      5F697063 
 1180              	.LASF150:
 1181 0df6 61756469 		.ascii	"audioss_interrupt_pdm_IRQn\000"
 1181      6F73735F 
 1181      696E7465 
 1181      72727570 
 1181      745F7064 
 1182              	.LASF173:
 1183 0e11 6C6F6E67 		.ascii	"long double\000"
 1183      20646F75 
 1183      626C6500 
 1184              	.LASF174:
 1185 0e1d 63686172 		.ascii	"char\000"
 1185      00
 1186              	.LASF187:
 1187 0e22 47656E65 		.ascii	"Generated_Source\\PSoC6\\cyfitter_sysint_cfg.c\000"
 1187      72617465 
 1187      645F536F 
 1187      75726365 
 1187      5C50536F 
 1188              	.LASF72:
 1189 0e4f 63707573 		.ascii	"cpuss_interrupts_dw0_12_IRQn\000"
 1189      735F696E 
 1189      74657272 
 1189      75707473 
 1189      5F647730 
 1190              	.LASF13:
 1191 0e6c 696F7373 		.ascii	"ioss_interrupts_gpio_3_IRQn\000"
 1191      5F696E74 
 1191      65727275 
 1191      7074735F 
 1191      6770696F 
 1192              	.LASF148:
 1193 0e88 70617373 		.ascii	"pass_interrupt_sar_IRQn\000"
 1193      5F696E74 
 1193      65727275 
 1193      70745F73 
 1193      61725F49 
 1194              	.LASF8:
 1195 0ea0 50656E64 		.ascii	"PendSV_IRQn\000"
ARM GAS  C:\Users\Coal\AppData\Local\Temp\ccl5xWJN.s 			page 32


 1195      53565F49 
 1195      52516E00 
 1196              	.LASF54:
 1197 0eac 7363625F 		.ascii	"scb_3_interrupt_IRQn\000"
 1197      335F696E 
 1197      74657272 
 1197      7570745F 
 1197      4952516E 
 1198              	.LASF141:
 1199 0ec1 7564625F 		.ascii	"udb_interrupts_9_IRQn\000"
 1199      696E7465 
 1199      72727570 
 1199      74735F39 
 1199      5F495251 
 1200              	.LASF1:
 1201 0ed7 4E6F6E4D 		.ascii	"NonMaskableInt_IRQn\000"
 1201      61736B61 
 1201      626C6549 
 1201      6E745F49 
 1201      52516E00 
 1202              	.LASF163:
 1203 0eeb 5F5F696E 		.ascii	"__int32_t\000"
 1203      7433325F 
 1203      7400
 1204              	.LASF127:
 1205 0ef5 74637077 		.ascii	"tcpwm_1_interrupts_19_IRQn\000"
 1205      6D5F315F 
 1205      696E7465 
 1205      72727570 
 1205      74735F31 
 1206              	.LASF57:
 1207 0f10 7363625F 		.ascii	"scb_6_interrupt_IRQn\000"
 1207      365F696E 
 1207      74657272 
 1207      7570745F 
 1207      4952516E 
 1208              	.LASF11:
 1209 0f25 696F7373 		.ascii	"ioss_interrupts_gpio_1_IRQn\000"
 1209      5F696E74 
 1209      65727275 
 1209      7074735F 
 1209      6770696F 
 1210              	.LASF2:
 1211 0f41 48617264 		.ascii	"HardFault_IRQn\000"
 1211      4661756C 
 1211      745F4952 
 1211      516E00
 1212              	.LASF65:
 1213 0f50 63707573 		.ascii	"cpuss_interrupts_dw0_5_IRQn\000"
 1213      735F696E 
 1213      74657272 
 1213      75707473 
 1213      5F647730 
 1214              	.LASF7:
 1215 0f6c 44656275 		.ascii	"DebugMonitor_IRQn\000"
 1215      674D6F6E 
 1215      69746F72 
ARM GAS  C:\Users\Coal\AppData\Local\Temp\ccl5xWJN.s 			page 33


 1215      5F495251 
 1215      6E00
 1216              	.LASF59:
 1217 0f7e 6373645F 		.ascii	"csd_interrupt_IRQn\000"
 1217      696E7465 
 1217      72727570 
 1217      745F4952 
 1217      516E00
 1218              	.LASF35:
 1219 0f91 63707573 		.ascii	"cpuss_interrupts_ipc_0_IRQn\000"
 1219      735F696E 
 1219      74657272 
 1219      75707473 
 1219      5F697063 
 1220              	.LASF130:
 1221 0fad 74637077 		.ascii	"tcpwm_1_interrupts_22_IRQn\000"
 1221      6D5F315F 
 1221      696E7465 
 1221      72727570 
 1221      74735F32 
 1222              	.LASF111:
 1223 0fc8 74637077 		.ascii	"tcpwm_1_interrupts_3_IRQn\000"
 1223      6D5F315F 
 1223      696E7465 
 1223      72727570 
 1223      74735F33 
 1224              	.LASF43:
 1225 0fe2 63707573 		.ascii	"cpuss_interrupts_ipc_8_IRQn\000"
 1225      735F696E 
 1225      74657272 
 1225      75707473 
 1225      5F697063 
 1226              	.LASF78:
 1227 0ffe 63707573 		.ascii	"cpuss_interrupts_dw1_2_IRQn\000"
 1227      735F696E 
 1227      74657272 
 1227      75707473 
 1227      5F647731 
 1228              	.LASF50:
 1229 101a 63707573 		.ascii	"cpuss_interrupts_ipc_15_IRQn\000"
 1229      735F696E 
 1229      74657272 
 1229      75707473 
 1229      5F697063 
 1230              	.LASF136:
 1231 1037 7564625F 		.ascii	"udb_interrupts_4_IRQn\000"
 1231      696E7465 
 1231      72727570 
 1231      74735F34 
 1231      5F495251 
 1232              	.LASF122:
 1233 104d 74637077 		.ascii	"tcpwm_1_interrupts_14_IRQn\000"
 1233      6D5F315F 
 1233      696E7465 
 1233      72727570 
 1233      74735F31 
 1234              	.LASF14:
ARM GAS  C:\Users\Coal\AppData\Local\Temp\ccl5xWJN.s 			page 34


 1235 1068 696F7373 		.ascii	"ioss_interrupts_gpio_4_IRQn\000"
 1235      5F696E74 
 1235      65727275 
 1235      7074735F 
 1235      6770696F 
 1236              	.LASF185:
 1237 1084 43617053 		.ascii	"CapSense_ISR_cfg\000"
 1237      656E7365 
 1237      5F495352 
 1237      5F636667 
 1237      00
 1238              	.LASF22:
 1239 1095 696F7373 		.ascii	"ioss_interrupts_gpio_12_IRQn\000"
 1239      5F696E74 
 1239      65727275 
 1239      7074735F 
 1239      6770696F 
 1240              	.LASF151:
 1241 10b2 70726F66 		.ascii	"profile_interrupt_IRQn\000"
 1241      696C655F 
 1241      696E7465 
 1241      72727570 
 1241      745F4952 
 1242              	.LASF88:
 1243 10c9 63707573 		.ascii	"cpuss_interrupts_dw1_12_IRQn\000"
 1243      735F696E 
 1243      74657272 
 1243      75707473 
 1243      5F647731 
 1244              	.LASF60:
 1245 10e6 63707573 		.ascii	"cpuss_interrupts_dw0_0_IRQn\000"
 1245      735F696E 
 1245      74657272 
 1245      75707473 
 1245      5F647730 
 1246              	.LASF26:
 1247 1102 696F7373 		.ascii	"ioss_interrupt_vdd_IRQn\000"
 1247      5F696E74 
 1247      65727275 
 1247      70745F76 
 1247      64645F49 
 1248              	.LASF100:
 1249 111a 74637077 		.ascii	"tcpwm_0_interrupts_0_IRQn\000"
 1249      6D5F305F 
 1249      696E7465 
 1249      72727570 
 1249      74735F30 
 1250              	.LASF86:
 1251 1134 63707573 		.ascii	"cpuss_interrupts_dw1_10_IRQn\000"
 1251      735F696E 
 1251      74657272 
 1251      75707473 
 1251      5F647731 
 1252              	.LASF31:
 1253 1151 73727373 		.ascii	"srss_interrupt_backup_IRQn\000"
 1253      5F696E74 
 1253      65727275 
ARM GAS  C:\Users\Coal\AppData\Local\Temp\ccl5xWJN.s 			page 35


 1253      70745F62 
 1253      61636B75 
 1254              	.LASF45:
 1255 116c 63707573 		.ascii	"cpuss_interrupts_ipc_10_IRQn\000"
 1255      735F696E 
 1255      74657272 
 1255      75707473 
 1255      5F697063 
 1256              	.LASF82:
 1257 1189 63707573 		.ascii	"cpuss_interrupts_dw1_6_IRQn\000"
 1257      735F696E 
 1257      74657272 
 1257      75707473 
 1257      5F647731 
 1258              	.LASF67:
 1259 11a5 63707573 		.ascii	"cpuss_interrupts_dw0_7_IRQn\000"
 1259      735F696E 
 1259      74657272 
 1259      75707473 
 1259      5F647730 
 1260              	.LASF178:
 1261 11c1 696E7472 		.ascii	"intrPriority\000"
 1261      5072696F 
 1261      72697479 
 1261      00
 1262              	.LASF112:
 1263 11ce 74637077 		.ascii	"tcpwm_1_interrupts_4_IRQn\000"
 1263      6D5F315F 
 1263      696E7465 
 1263      72727570 
 1263      74735F34 
 1264              	.LASF96:
 1265 11e8 63707573 		.ascii	"cpuss_interrupts_cm0_cti_0_IRQn\000"
 1265      735F696E 
 1265      74657272 
 1265      75707473 
 1265      5F636D30 
 1266              	.LASF18:
 1267 1208 696F7373 		.ascii	"ioss_interrupts_gpio_8_IRQn\000"
 1267      5F696E74 
 1267      65727275 
 1267      7074735F 
 1267      6770696F 
 1268              	.LASF44:
 1269 1224 63707573 		.ascii	"cpuss_interrupts_ipc_9_IRQn\000"
 1269      735F696E 
 1269      74657272 
 1269      75707473 
 1269      5F697063 
 1270              	.LASF137:
 1271 1240 7564625F 		.ascii	"udb_interrupts_5_IRQn\000"
 1271      696E7465 
 1271      72727570 
 1271      74735F35 
 1271      5F495251 
 1272              	.LASF48:
 1273 1256 63707573 		.ascii	"cpuss_interrupts_ipc_13_IRQn\000"
ARM GAS  C:\Users\Coal\AppData\Local\Temp\ccl5xWJN.s 			page 36


 1273      735F696E 
 1273      74657272 
 1273      75707473 
 1273      5F697063 
 1274              		.ident	"GCC: (GNU Tools for ARM Embedded Processors) 5.4.1 20160609 (release) [ARM/embedded-5-bran
